INFO	[2015-10-04 01:14:27:870] <2582> START INIPHP chkfake (V5036-141209)(OS:Linux3.14.44-32.39.amzn1.x86_64,PHP:5.3.29)
DEBUG	[2015-10-04 01:14:27:870] <2582> inipayhome:/var/www/html/nsale/shop/inicis
DEBUG	[2015-10-04 01:14:27:870] <2582> debug:false
DEBUG	[2015-10-04 01:14:27:870] <2582> type:chkfake
DEBUG	[2015-10-04 01:14:27:870] <2582> enctype:asym
DEBUG	[2015-10-04 01:14:27:870] <2582> admin:1111
DEBUG	[2015-10-04 01:14:27:870] <2582> checkopt:false
DEBUG	[2015-10-04 01:14:27:870] <2582> mid:nsalecokr0
DEBUG	[2015-10-04 01:14:27:870] <2582> price:25800
DEBUG	[2015-10-04 01:14:27:870] <2582> nointerest:no
DEBUG	[2015-10-04 01:14:27:870] <2582> quotabase:선택:일시불:2개월:3개월:4개월:5개월:6개월:7개월:8개월:9개월:10개월:11개월:12개월
INFO	[2015-10-04 01:14:27:870] <2582> Check Field OK
INFO	[2015-10-04 01:14:27:871] <2582> MERCHANT PRIV KEY LOAD OK
INFO	[2015-10-04 01:14:27:871] <2582> MERCHANT PUB KEY LOAD OK []
INFO	[2015-10-04 01:14:27:871] <2582> CHKFAKE KEY MAKE OK:MjAxNTEwMDQwMTE0Mjc4NzEyODYzNw==

INFO	[2015-10-04 01:14:27:871] <2582> END chkfake  Laptime:[0.001sec]
INFO	[2015-10-04 01:14:27:871] <2582> ===============================================================
INFO	[2015-10-04 01:17:08:308] <4829> START INIPHP securepay (V5036-141209)(OS:Linux3.14.44-32.39.amzn1.x86_64,PHP:5.3.29)
DEBUG	[2015-10-04 01:17:08:308] <4829> inipayhome:/var/www/html/nsale/shop/inicis
DEBUG	[2015-10-04 01:17:08:308] <4829> debug:false
DEBUG	[2015-10-04 01:17:08:308] <4829> type:securepay
DEBUG	[2015-10-04 01:17:08:308] <4829> pgid:INIphpCARD
DEBUG	[2015-10-04 01:17:08:308] <4829> subpgip:203.238.3.10
DEBUG	[2015-10-04 01:17:08:308] <4829> admin:1111
DEBUG	[2015-10-04 01:17:08:308] <4829> uid:
DEBUG	[2015-10-04 01:17:08:308] <4829> goodname:닥터훅 밀대 청소기
DEBUG	[2015-10-04 01:17:08:308] <4829> currency:WON
DEBUG	[2015-10-04 01:17:08:308] <4829> mid:nsalecokr0
DEBUG	[2015-10-04 01:17:08:308] <4829> rn:MjAxNTEwMDQwMTE0Mjc4NzEyODYzNw==

DEBUG	[2015-10-04 01:17:08:308] <4829> price:25800
DEBUG	[2015-10-04 01:17:08:308] <4829> enctype:
DEBUG	[2015-10-04 01:17:08:308] <4829> buyername:허선영
DEBUG	[2015-10-04 01:17:08:308] <4829> buyertel:01071579843
DEBUG	[2015-10-04 01:17:08:308] <4829> buyeremail:hsy0927@daum.net
DEBUG	[2015-10-04 01:17:08:308] <4829> paymethod:Card
DEBUG	[2015-10-04 01:17:08:308] <4829> encrypted:Version=4.1&PayMethod=Card&RsaKeyNum=1&EncryptionAlgorithm=SEED-CBC&SignAlgorithm=RSAwithSHA1&CertVer=39&moid=2015100401133774&ver_trace=main(6097,6059)card(6141,6123)n(6009)Cs(6025)Dt(6002)Pa(6002)Cf(6024)Fv(0000)La(6156)Re(6106)Vr(6007)P(6034)en(6054)nP(6006)&pg1=211.219.96.180&pg2=203.238.37.3&pg1ip=211.219.96.180&pg2ip=203.238.37.3&agreeflag=1111&Data=Y/0on4kIJnvUbdAe2O1BT6CZq4VPxe9gK5lBcdzqR/n+aDk8U8Pa1Pg0oGsaplpu
35Ei193G66820RQxSkcj6MfmMx9+kR6v+aYSc4Dxyq9K1FQ2uZ+PVAfWywcmExfN
h/MA/MXBvwFBtx4Xv0ccy+QplTWFuCtjFesKHwO5+5yQEaNB7UDqdCmNTPyTidC1
6J26j16q/lqu9s5HCOmJLuO+NaLD9J/cMIZSwbVBfRTMayrOBff495R99cYYYkKQ
WwP8kooScJGqvRoOzy1wcWhkBqO2ptYp03agBFn1nOrDUDmG/hcTUkYKbczS5i9E
NuB94gMKKwelhsd+9x2yosLDUpMrtAwCiTv6KvolrwIJK6vMUny4Cca7tVTWvOTS
N7KM0bg7ecrKfxH4EwEuxDLnWNs+V2mpEp//gwWJeVwWOsnLIijg4Uwk2BJHGQ5o
hxHQCZ9b1AwIlZzSs92ZKTJuAa6FYheEkehnIbK/R4P2i7MSC4VtGGGdQ2OBX1hk
hbsvYSnCuZRSi0HfLKLwARmc7vGXn8PExNkykvPQ94588aLy0DjRnH+D/c3OzQLv
s4GSAOzaSCjbvFwTZhz/ndLb45Fl5j0R6K0l5lwCueatWr/SrCxZNtoFnULm6hvN
FBERm/0pvCGa4iqk4tjs0YtsU8p/OMfFQA9I4pZ6tTdw7peO+SCBuwNo
DEBUG	[2015-10-04 01:17:08:308] <4829> sessionkey:b7QRaQ3zBv7YQ/7m7sBYcNFfXNclxAa94NOcBeTIv57w5YYJhz+gT56qVzkdUSUY
IofiYcIPSVBNJTMmkG0BN5PgX+PVZEwIuroFc6xZM718yvu2EdpQF3slwQTaB0yO
ISlyYXpMQc51uFJa3bGPPss6gYNWpWJbvtP2dpPqjaU=
DEBUG	[2015-10-04 01:17:08:308] <4829> url:http://www.nsale.co.kr
DEBUG	[2015-10-04 01:17:08:308] <4829> cardcode:11
DEBUG	[2015-10-04 01:17:08:308] <4829> parentemail:
DEBUG	[2015-10-04 01:17:08:308] <4829> recvname:허선영
DEBUG	[2015-10-04 01:17:08:308] <4829> recvtel:01071579843
DEBUG	[2015-10-04 01:17:08:308] <4829> recvaddr:경기 김포시 김포한강11로 227 519동 1003호
DEBUG	[2015-10-04 01:17:08:308] <4829> recvpostnum:10073
DEBUG	[2015-10-04 01:17:08:308] <4829> recvmsg:
DEBUG	[2015-10-04 01:17:08:308] <4829> joincard:
DEBUG	[2015-10-04 01:17:08:308] <4829> joinexpire:
DEBUG	[2015-10-04 01:17:08:308] <4829> id_customer:
INFO	[2015-10-04 01:17:08:309] <4829> Check Field OK
INFO	[2015-10-04 01:17:08:309] <4829> Make TID OK INIphpCARDnsalecokr020151004011708097092
INFO	[2015-10-04 01:17:08:309] <4829> PI PUB KEY LOAD OK [39]
INFO	[2015-10-04 01:17:08:309] <4829> PG PUB KEY LOAD OK [30]
INFO	[2015-10-04 01:17:08:309] <4829> MERCHANT PRIV KEY LOAD OK
INFO	[2015-10-04 01:17:08:309] <4829> MERCHANT PUB KEY LOAD OK [0]
INFO	[2015-10-04 01:17:08:310] <4829> MAKE BODY OK
INFO	[2015-10-04 01:17:08:311] <4829> SIGN OK
INFO	[2015-10-04 01:17:08:311] <4829> MAKE HEAD OK
INFO	[2015-10-04 01:17:08:311] <4829> MSG_TO_PG:[0296500175R SHA1                   0                  39                  300200nsalecokr0               25800INIphpCARDnsalecokr020151004011708097092<?xml version="1.0" encoding="UTF-8"?>
<INIpay>
	  <GoodsInfo>
	    <GoodsCnt>1</GoodsCnt>
	    <MOID/>
	    <Currency>WON</Currency>
	    <Tax/>
	    <TaxFree/>
	    <Goods>
	      <SMID>nsalecokr0</SMID>
	      <GoodsName urlencode="1">%B4%DA%C5%CD%C8%C5+%B9%D0%B4%EB+%C3%BB%BC%D2%B1%E2</GoodsName>
	      <GoodsPrice>25800</GoodsPrice></Goods></GoodsInfo>
	  <BuyerInfo>
	    <BuyerName urlencode="1">%C7%E3%BC%B1%BF%B5</BuyerName>
	    <BuyerTel>01071579843</BuyerTel>
	    <BuyerEmail urlencode="1">hsy0927%40daum.net</BuyerEmail>
	    <ParentEmail/>
	    <RecvName urlencode="1">%C7%E3%BC%B1%BF%B5</RecvName>
	    <RecvTel urlencode="1">01071579843</RecvTel>
	    <RecvMsg/>
	    <RecvAddr urlencode="1">%B0%E6%B1%E2+%B1%E8%C6%F7%BD%C3+%B1%E8%C6%F7%C7%D1%B0%AD11%B7%CE+227+519%B5%BF+1003%C8%A3</RecvAddr>
	    <RecvPostNum urlencode="1">10073</RecvPostNum></BuyerInfo>
	  <PaymentInfo>
	    <Payment>
	      <PayMethod>Card</PayMethod>
	      <JoinCard/>
	      <JoinExpire/>
	      <MailOrder/>
	      <SessionKey>b7QRaQ3zBv7YQ/7m7sBYcNFfXNclxAa94NOcBeTIv57w5YYJhz+gT56qVzkdUSUY
IofiYcIPSVBNJTMmkG0BN5PgX+PVZEwIuroFc6xZM718yvu2EdpQF3slwQTaB0yO
ISlyYXpMQc51uFJa3bGPPss6gYNWpWJbvtP2dpPqjaU=</SessionKey>
	      <Encrypted urlencode="1">Version%3D4.1%26PayMethod%3DCard%26RsaKeyNum%3D1%26EncryptionAlgorithm%3DSEED-CBC%26SignAlgorithm%3DRSAwithSHA1%26CertVer%3D39%26moid%3D2015100401133774%26ver_trace%3Dmain%286097%2C6059%29card%286141%2C6123%29n%286009%29Cs%286025%29Dt%286002%29Pa%286002%29Cf%286024%29Fv%280000%29La%286156%29Re%286106%29Vr%286007%29P%286034%29en%286054%29nP%286006%29%26pg1%3D211.219.96.180%26pg2%3D203.238.37.3%26pg1ip%3D211.219.96.180%26pg2ip%3D203.238.37.3%26agreeflag%3D1111%26Data%3DY%2F0on4kIJnvUbdAe2O1BT6CZq4VPxe9gK5lBcdzqR%2Fn%2BaDk8U8Pa1Pg0oGsaplpu%0D%0A35Ei193G66820RQxSkcj6MfmMx9%2BkR6v%2BaYSc4Dxyq9K1FQ2uZ%2BPVAfWywcmExfN%0D%0Ah%2FMA%2FMXBvwFBtx4Xv0ccy%2BQplTWFuCtjFesKHwO5%2B5yQEaNB7UDqdCmNTPyTidC1%0D%0A6J26j16q%2Flqu9s5HCOmJLuO%2BNaLD9J%2FcMIZSwbVBfRTMayrOBff495R99cYYYkKQ%0D%0AWwP8kooScJGqvRoOzy1wcWhkBqO2ptYp03agBFn1nOrDUDmG%2FhcTUkYKbczS5i9E%0D%0ANuB94gMKKwelhsd%2B9x2yosLDUpMrtAwCiTv6KvolrwIJK6vMUny4Cca7tVTWvOTS%0D%0AN7KM0bg7ecrKfxH4EwEuxDLnWNs%2BV2mpEp%2F%2FgwWJeVwWOsnLIijg4Uwk2BJHGQ5o%0D%0AhxHQCZ9b1AwIlZzSs92ZKTJuAa6FYheEkehnIbK%2FR4P2i7MSC4VtGGGdQ2OBX1hk%0D%0AhbsvYSnCuZRSi0HfLKLwARmc7vGXn8PExNkykvPQ94588aLy0DjRnH%2BD%2Fc3OzQLv%0D%0As4GSAOzaSCjbvFwTZhz%2FndLb45Fl5j0R6K0l5lwCueatWr%2FSrCxZNtoFnULm6hvN%0D%0AFBERm%2F0pvCGa4iqk4tjs0YtsU8p%2FOMfFQA9I4pZ6tTdw7peO%2BSCBuwNo</Encrypted></Payment></PaymentInfo>
	  <ReservedInfo>
	    <MReserved1/>
	    <MReserved2/>
	    <MReserved3/></ReservedInfo>
	  <ManageInfo>
	    <Language/>
	    <URL urlencode="1">http%3A%2F%2Fwww.nsale.co.kr</URL>
	    <TXVersion>5036B141209securLinux     PHPchkfake   3.14.44-32.39.amzn1.x86_64PHP:</TXVersion>
	    <TXUserID/>
	    <TXRegNum/>
	    <Ack>1</Ack>
	    <TXRN>MjAxNTEwMDQwMTE0Mjc4NzEyODYzNw==
</TXRN></ManageInfo></INIpay>AKBbGTMrwNP5Ew+FXAznzTlt2UnIXaGOtiYyMXzVi1GM8oX6Anm0ZYwhNzceFCE5
HJLOeGJdPTroqAxHvyTflU70rdI2m76J4vh0umgqw2oSJgWQjTwQGZ++ZAoHlI9M
s/elK0Abve0cbrRPVUUBuceAT5D0g1M2b13+Ecl+uaBn
]
INFO	[2015-10-04 01:17:08:311] <4829> DNS LOOKUP OK(211.219.96.180:211.219.96.180:34049) laptime:0
INFO	[2015-10-04 01:17:08:346] <4829> SOCKET CONNECT OK
INFO	[2015-10-04 01:17:08:346] <4829> SEND OK
INFO	[2015-10-04 01:17:09:262] <4829> RECV OK
INFO	[2015-10-04 01:17:09:262] <4829> MSG_FROM_PG:[0314100175D SHA1                   0                  39                  300210nsalecokr0               25800INIphpCARDnsalecokr020151004011708097092<?xml version="1.0" encoding="UTF-8"?>
<INIpay>
  <GoodsInfo>
    <GoodsCnt>1</GoodsCnt>
    <MOID urlencode="1">2015100401133774</MOID>
    <Currency>WON</Currency>
    <Goods no="1">
      <SMID>nsalecokr0</SMID>
      <GoodsName urlencode="1">%B4%DA%C5%CD%C8%C5+%B9%D0%B4%EB+%C3%BB%BC%D2%B1%E2</GoodsName>
      <GoodsCntS>1</GoodsCntS>
      <GoodsPrice>25800</GoodsPrice>
    </Goods>
  </GoodsInfo>
  <PaymentInfo>
    <Payment>
      <SessionKey>ALFnNfARCkSItTC02GKNSD+ZceYPs3gM3zosZLc38ul2Lq1JXVQ2/6Ficj+voaJK
r9YW/n/zj6ikg/G2f0hbNnMGFWhWdv0pBhzHZ0Qc9A+GdV6u8mYdI8jwjLI1pqyo
dyeWJF3ZuIGKqtNeGbtOARE3PtvF57pL5m8gztU/BR/1AeAfjK88tCw=
</SessionKey>
      <Encrypted>6lgqFCdZDHMQHfa2tQcRHOfsNl9aM3qSBBwL1jMPIIHK5BRBOImKK3JgAX/QLUWs
Xe9wJ6xA7DTbffda+5GVsQzFfgFDZkpUhRbin0tbNjd5BPSib6+X7DxnyKsNTLia
WAi2PLKQc0n3FGs930qV6aqJVf1EHAsTYHA7E9FimtjxUB8gG0BlcZM8ieITMLde
ABhpVKx3arvrcmPLKCbJAiLXTxk9FcCS7cJIcycO5Ir3gMIy4aUXirU99HO+14vy
x4CvuCDOPwQquqQMcz1au5wsGcJFP8hYKqlqhc9BSqxkd+m1fmP2rgHJ0uWkYIh0
ZLopiXxHmiJY/USdImJ5Th/PoRsXEgnL0ltslsS2yH0nJAf8kY35ySC26eoWg3uf
4G0dCg/E43aqrv7eZceBFjvRiALHLE+kRLt9gk+ghNhqTj3nD7Vx7CVgl/3A13E5
BQNHJnaEFSt5zjhFS/Tt1i0NHMNrvAXY0S9Y+zDsAnWYSrUURq/hc7TdW0guzXeG
eqMhLhPjrQZHKaTbwONE6apV2gdgx5Dun6ddZ/kbwEyEDv0+Rg3JRj+ocsb/EiBk
UmHe/t4072QkqnAkqakbMfLdB+6KJTwH9Xh5TYr3g2irXnrjgaiEAxPwWHE3UnNv
To/7DP+YHmYsIYET5xHYQTsqDO9Ik0iTnpMbc6/YwKiB+71Uh4Gn0FUZ4OaXhVwN
Ndq9qGsOj0X7UGCsiqEFTar2jst1myX4s9aO7SLT0H7WaffTj9qnfD1AjcDHg0Qj
9ShaEzb9GxGvTEJnUvM0p6EgSIv017Ee128vIHFaNjud7FehgzFwkeUKzd7aG00o
c95uzSaeHEZ0z339x3DAZ0Ez1jaGsbVwfDBdFogtBrXSGhjr/0rFEcFu6OOLyitd
1U6MboyYyt5/azaezvYnM29NINoQ+V8a4Ex3MygF7mI3zntp4ky+YJ/PvaR0htmR
5m8Z5oH7VaMqncHaqpkZuuEu8Tge7KJ0XVR6HrlfGWWXydO/RBINOKrI1ZBLlnEl
VsHrUCM0Z78353hQd9hOWgRnQk1f5KrRjrHaTkAsRzjt89i/GKNXqnPyiI4lM2tt
QFYY054Q7ozDOvQ0ktZc8cN+WUtDU8DD7bkORHPvMimUOTqIquN3KEUl7I5GZuld
tHPwO+1P09ZCALcEoXu62VVzeFuvutFxoH9uFKVxI3GRHW4qufMNFQkrT5BU1bVW
+xaG//l/mDmgfDlPIXahgtNaGaxTjZRUTbboCVq+OD+CWkKX6ZsvFz0dWE8AC8TR
LyY5K60xAag1h4aQgX2zgJhy7Yb/ysIQcgBoBdRpHwb9j3VIUSbbmm8YO415rpmg
BCBvOxVpStuvpLyfhkJki1bMMm0Mi95v8WoCjsuNNB7qZnQxMZO+drMjAcRZ6y1O
KSqpR3fhKfY4ByunwIEpFahqdoH81k98CDd9ynHvrhoevqBVZa6WIjLTFNaPgQcb
BUe3I/iUYABhApEcMM3ZeeTsu63ahEBJkqQUg2KpeIrbcgnkuAcpHoZqEWVc02qH
yRbiUtTw+ODkr4JEgHhLcz3jS25h4rMFe8VNB8zNTJRz8NHqHvNLF0sLNjx+d1sX
AHQyBlH1Ib2LOqKKFZe8bNsHIot9fi8gID5NBIWEdpG8bZlL9mv62W6fAXX2XYMA
Jy9C8wLj+popjRrCl93fh9k3rlyaRywqgsl0PcyyuZ07aEGpE99RBXfm8Mmr2O65
6qB2UYLCeHgMGxXcf7LMDHLGxRVFEhxX
</Encrypted>
      <PayMethod>Card</PayMethod>
      <ResultCode>120000</ResultCode>
      <ResultMsg urlencode="1">%C1%A4%BB%F3%C3%B3%B8%AE%B5%C7%BE%FA%BD%C0%B4%CF%B4%D9.</ResultMsg>
    </Payment>
  </PaymentInfo>
  <ManageInfo>
    <EventCode></EventCode>
    <OrgCurrency></OrgCurrency>
    <ExchangeRate></ExchangeRate>
    <OrgPrice></OrgPrice>
  </ManageInfo>
  <ReservedInfo>
    <MReserved1 urlencode="1"></MReserved1>
    <MReserved2 urlencode="1"></MReserved2>
    <MReserved3 urlencode="1"></MReserved3>
    <PGReserved1 urlencode="1"></PGReserved1>
    <PGReserved2 urlencode="1"></PGReserved2>
    <PGReserved3 urlencode="1"></PGReserved3>
  </ReservedInfo>
</INIpay>
GaItr6lW7oXfvb3aOeZBurYMfWIPmTn9Nj1nBJSQGyr5dMd4kRDnM0WE0yTdeIrt
9r/jqPJirMS2XPwqJxuT4x68WIK8WFWoAEEvDIzevJy9gxHbvtKjBe19AjYfYMdK
WWZcGLQFDeq04v64P9qNuAxFr0HuLSiqBvY/n3FUY08=
]
INFO	[2015-10-04 01:17:09:262] <4829> VERIFY OK
INFO	[2015-10-04 01:17:09:262] <4829> PARSE HEAD OK
INFO	[2015-10-04 01:17:09:263] <4829> PARSE BODY OK
INFO	[2015-10-04 01:17:09:265] <4829> DECRYPT OK
DEBUG	[2015-10-04 01:17:09:265] <4829> DECRYPT MSG:[<?xml version="1.0" encoding="UTF-8"?>
<PaymentInfo>
  <Payment>
    <EASYPAY/>
    <Card>
      <CARD_ApplPrice>25800</CARD_ApplPrice>
      <CARD_Num>524144001085</CARD_Num>
      <CARD_Expire></CARD_Expire>
      <CARD_Code>11</CARD_Code>
      <CARD_BankCode>27</CARD_BankCode>
      <CARD_Quota>00</CARD_Quota>
      <CARD_Interest>0</CARD_Interest>
      <CARD_Point></CARD_Point>
      <CARD_AuthType>99</CARD_AuthType>
      <CARD_RegNum></CARD_RegNum>
      <CARD_ApplDate>20151004</CARD_ApplDate>
      <CARD_ApplTime>011708</CARD_ApplTime>
      <CARD_ApplNum>31010893</CARD_ApplNum>
      <CARD_TerminalNum>0198732000</CARD_TerminalNum>
      <CARD_MemberNum></CARD_MemberNum>
      <CARD_PurchaseCode></CARD_PurchaseCode>
      <CARD_ResultCode>120000</CARD_ResultCode>
      <CARD_ResultMsg urlencode="1">%C1%A4%BB%F3%C3%B3%B8%AE%B5%C7%BE%FA%BD%C0%B4%CF%B4%D9.</CARD_ResultMsg>
      <CARD_PrtcCode>1</CARD_PrtcCode>
      <CARD_Quota_Point>00</CARD_Quota_Point>
      <CARD_CheckFlag>0</CARD_CheckFlag>
      <CARD_PurchaseName urlencode="1"></CARD_PurchaseName>
      <CARD_IssuerName urlencode="1"></CARD_IssuerName>
      <CARD_JoinUsePoint></CARD_JoinUsePoint>
      <CARD_UsePoint>000000000000</CARD_UsePoint>
      <CARD_CouponOnlyMer></CARD_CouponOnlyMer>
    </Card>
  </Payment>
</PaymentInfo>]
INFO	[2015-10-04 01:17:09:266] <4829> DECRYPT PARSE OK
INFO	[2015-10-04 01:17:09:266] <4829> WAIT ACK INVOKING
DEBUG	[2015-10-04 01:17:09:266] <4829> MAKE HEAD OK
INFO	[2015-10-04 01:17:09:301] <4829> SUCCESS ACK INVOKING
INFO	[2015-10-04 01:17:09:301] <4829> END securepay 정상처리되었습니다. Laptime:[0.993sec]
INFO	[2015-10-04 01:17:09:301] <4829> ===============================================================
INFO	[2015-10-04 10:18:35:233] <8387> START INIPHP chkfake (V5036-141209)(OS:Linux3.14.44-32.39.amzn1.x86_64,PHP:5.3.29)
DEBUG	[2015-10-04 10:18:35:233] <8387> inipayhome:/var/www/html/nsale/shop/inicis
DEBUG	[2015-10-04 10:18:35:233] <8387> debug:false
DEBUG	[2015-10-04 10:18:35:233] <8387> type:chkfake
DEBUG	[2015-10-04 10:18:35:233] <8387> enctype:asym
DEBUG	[2015-10-04 10:18:35:233] <8387> admin:1111
DEBUG	[2015-10-04 10:18:35:233] <8387> checkopt:false
DEBUG	[2015-10-04 10:18:35:233] <8387> mid:nsalecokr0
DEBUG	[2015-10-04 10:18:35:233] <8387> price:19500
DEBUG	[2015-10-04 10:18:35:233] <8387> nointerest:no
DEBUG	[2015-10-04 10:18:35:233] <8387> quotabase:선택:일시불:2개월:3개월:4개월:5개월:6개월:7개월:8개월:9개월:10개월:11개월:12개월
INFO	[2015-10-04 10:18:35:233] <8387> Check Field OK
INFO	[2015-10-04 10:18:35:234] <8387> MERCHANT PRIV KEY LOAD OK
INFO	[2015-10-04 10:18:35:234] <8387> MERCHANT PUB KEY LOAD OK []
INFO	[2015-10-04 10:18:35:234] <8387> CHKFAKE KEY MAKE OK:MjAxNTEwMDQxMDE4MzUyMzQ0NzMzMg==

INFO	[2015-10-04 10:18:35:234] <8387> END chkfake  Laptime:[0.001sec]
INFO	[2015-10-04 10:18:35:234] <8387> ===============================================================
INFO	[2015-10-04 10:25:43:749] <9584> START INIPHP securepay (V5036-141209)(OS:Linux3.14.44-32.39.amzn1.x86_64,PHP:5.3.29)
DEBUG	[2015-10-04 10:25:43:749] <9584> inipayhome:/var/www/html/nsale/shop/inicis
DEBUG	[2015-10-04 10:25:43:749] <9584> debug:false
DEBUG	[2015-10-04 10:25:43:749] <9584> type:securepay
DEBUG	[2015-10-04 10:25:43:749] <9584> pgid:INIphpCARD
DEBUG	[2015-10-04 10:25:43:749] <9584> subpgip:203.238.3.10
DEBUG	[2015-10-04 10:25:43:749] <9584> admin:1111
DEBUG	[2015-10-04 10:25:43:749] <9584> uid:
DEBUG	[2015-10-04 10:25:43:749] <9584> goodname:스마트케어 칫솔살균기
DEBUG	[2015-10-04 10:25:43:749] <9584> currency:WON
DEBUG	[2015-10-04 10:25:43:749] <9584> mid:nsalecokr0
DEBUG	[2015-10-04 10:25:43:749] <9584> rn:MjAxNTEwMDQxMDE4MzUyMzQ0NzMzMg==

DEBUG	[2015-10-04 10:25:43:749] <9584> price:19500
DEBUG	[2015-10-04 10:25:43:749] <9584> enctype:
DEBUG	[2015-10-04 10:25:43:749] <9584> buyername:서용찬
DEBUG	[2015-10-04 10:25:43:749] <9584> buyertel:01098932010
DEBUG	[2015-10-04 10:25:43:749] <9584> buyeremail:lice88@nate.com
DEBUG	[2015-10-04 10:25:43:749] <9584> paymethod:Card
DEBUG	[2015-10-04 10:25:43:749] <9584> encrypted:Version=4.1&PayMethod=Card&RsaKeyNum=1&EncryptionAlgorithm=SEED-CBC&SignAlgorithm=RSAwithSHA1&CertVer=39&moid=2015100410172424&ver_trace=main(6097,6059)card(6141,6123)n(6009)Cs(6025)Dt(6002)Pa(6002)Cf(6024)Fv(0000)La(6156)Re(6106)Vr(6007)P(6034)en(6054)nP(6006)&pg1=203.238.37.3&pg2=211.219.96.180&pg1ip=203.238.37.3&pg2ip=211.219.96.180&agreeflag=1111&Data=OpKEAT17P5/cSgT7KutTjdtlDRFPwEvS4XE1WWquKkAuwwoRpkQMFKqVNM17rZ8Y
UCDzonzHVtSg9jLDyztdNmZYLGELGXrE5Sc2m/f18QkCoHzZp+0i0RvMWrOI9aI8
Oal+TBOf8C5olVRJL1h9XuJdw3Y+jXyEJgsC/P4VZ9Mj3UNziC8uwO6mPmDhDYXt
mGYhUp8li6y9CJsTyOQA4EntQ7Ugxw8vQLZd9Bu+0FKR7JZ70fPETH6PMkMkJ5dr
DXFMh84KH9Yt/Lf/ew7DoEpxyUzbUOJ5+sHVKz6sWSwt6nYJ7fRpB3sDnyycxHlk
2Mc7hpttZC6xN7aIBRKDJz8UeAGbJ0YzQgG6MnCd2YGeOIttT7orGLZXeCreNRSP
rdUv2cdN3JW7MEkqvnyS20gsPSnQMlUTTyPIhdAGhpuX3CroTn0MvWvI5otVD6WQ
/Brq0iLLUeojHVRIrHIBlKo9JARq1A/hMK3DSChjA/hjFBDV+zfyG8SmBO1WDb9X
6C3nBQ+3DhoQjwTaTzBvZIgEHPwFgnvXkN4/0znZ9cJqgy6TwMeAcG5ld0lpi8Yw
Zh8dLQmStjlQqO8y7HZkMyhbwTj3nr4ut6H/WAHBJkwrik8H588G3s1pf6Kj5eYu
PrcpPa1FookjQ1W0QAi2q9Xc53uVYMxqCxN8zlJ5avknxQV1J7L3Ss4=
DEBUG	[2015-10-04 10:25:43:749] <9584> sessionkey:le9LezirpZLshxOf9v/oM4Z4TJ8XAUnyF3vQv0QprOaChJHuFUoFt74j9AnJnUPY
zNMsvAtIbd2NAPwQKEF+TIkd7TEoFeM1bLUv7Yx1etqPu+uIUA9/HWvnSXMqgFKs
lxaihkvPg6hUrjrGM/VygW/r0i7x6FiQKBY7uX05GYs=
DEBUG	[2015-10-04 10:25:43:749] <9584> url:http://nsale.co.kr
DEBUG	[2015-10-04 10:25:43:749] <9584> cardcode:14
DEBUG	[2015-10-04 10:25:43:749] <9584> parentemail:
DEBUG	[2015-10-04 10:25:43:749] <9584> recvname:서용찬
DEBUG	[2015-10-04 10:25:43:749] <9584> recvtel:01098932010
DEBUG	[2015-10-04 10:25:43:749] <9584> recvaddr:광주 광산구 풍영로329번길 51 602동503호
DEBUG	[2015-10-04 10:25:43:749] <9584> recvpostnum:62220
DEBUG	[2015-10-04 10:25:43:749] <9584> recvmsg:
DEBUG	[2015-10-04 10:25:43:749] <9584> joincard:
DEBUG	[2015-10-04 10:25:43:749] <9584> joinexpire:
DEBUG	[2015-10-04 10:25:43:749] <9584> id_customer:
INFO	[2015-10-04 10:25:43:749] <9584> Check Field OK
INFO	[2015-10-04 10:25:43:750] <9584> Make TID OK INIphpCARDnsalecokr020151004102543496129
INFO	[2015-10-04 10:25:43:750] <9584> PI PUB KEY LOAD OK [39]
INFO	[2015-10-04 10:25:43:750] <9584> PG PUB KEY LOAD OK [30]
INFO	[2015-10-04 10:25:43:750] <9584> MERCHANT PRIV KEY LOAD OK
INFO	[2015-10-04 10:25:43:750] <9584> MERCHANT PUB KEY LOAD OK [0]
INFO	[2015-10-04 10:25:43:751] <9584> MAKE BODY OK
INFO	[2015-10-04 10:25:43:752] <9584> SIGN OK
INFO	[2015-10-04 10:25:43:752] <9584> MAKE HEAD OK
INFO	[2015-10-04 10:25:43:752] <9584> MSG_TO_PG:[0295300175R SHA1                   0                  39                  300200nsalecokr0               19500INIphpCARDnsalecokr020151004102543496129<?xml version="1.0" encoding="UTF-8"?>
<INIpay>
	  <GoodsInfo>
	    <GoodsCnt>1</GoodsCnt>
	    <MOID/>
	    <Currency>WON</Currency>
	    <Tax/>
	    <TaxFree/>
	    <Goods>
	      <SMID>nsalecokr0</SMID>
	      <GoodsName urlencode="1">%BD%BA%B8%B6%C6%AE%C4%C9%BE%EE+%C4%A9%BC%D6%BB%EC%B1%D5%B1%E2</GoodsName>
	      <GoodsPrice>19500</GoodsPrice></Goods></GoodsInfo>
	  <BuyerInfo>
	    <BuyerName urlencode="1">%BC%AD%BF%EB%C2%F9</BuyerName>
	    <BuyerTel>01098932010</BuyerTel>
	    <BuyerEmail urlencode="1">lice88%40nate.com</BuyerEmail>
	    <ParentEmail/>
	    <RecvName urlencode="1">%BC%AD%BF%EB%C2%F9</RecvName>
	    <RecvTel urlencode="1">01098932010</RecvTel>
	    <RecvMsg/>
	    <RecvAddr urlencode="1">%B1%A4%C1%D6+%B1%A4%BB%EA%B1%B8+%C7%B3%BF%B5%B7%CE329%B9%F8%B1%E6+51+602%B5%BF503%C8%A3</RecvAddr>
	    <RecvPostNum urlencode="1">62220</RecvPostNum></BuyerInfo>
	  <PaymentInfo>
	    <Payment>
	      <PayMethod>Card</PayMethod>
	      <JoinCard/>
	      <JoinExpire/>
	      <MailOrder/>
	      <SessionKey>le9LezirpZLshxOf9v/oM4Z4TJ8XAUnyF3vQv0QprOaChJHuFUoFt74j9AnJnUPY
zNMsvAtIbd2NAPwQKEF+TIkd7TEoFeM1bLUv7Yx1etqPu+uIUA9/HWvnSXMqgFKs
lxaihkvPg6hUrjrGM/VygW/r0i7x6FiQKBY7uX05GYs=</SessionKey>
	      <Encrypted urlencode="1">Version%3D4.1%26PayMethod%3DCard%26RsaKeyNum%3D1%26EncryptionAlgorithm%3DSEED-CBC%26SignAlgorithm%3DRSAwithSHA1%26CertVer%3D39%26moid%3D2015100410172424%26ver_trace%3Dmain%286097%2C6059%29card%286141%2C6123%29n%286009%29Cs%286025%29Dt%286002%29Pa%286002%29Cf%286024%29Fv%280000%29La%286156%29Re%286106%29Vr%286007%29P%286034%29en%286054%29nP%286006%29%26pg1%3D203.238.37.3%26pg2%3D211.219.96.180%26pg1ip%3D203.238.37.3%26pg2ip%3D211.219.96.180%26agreeflag%3D1111%26Data%3DOpKEAT17P5%2FcSgT7KutTjdtlDRFPwEvS4XE1WWquKkAuwwoRpkQMFKqVNM17rZ8Y%0D%0AUCDzonzHVtSg9jLDyztdNmZYLGELGXrE5Sc2m%2Ff18QkCoHzZp%2B0i0RvMWrOI9aI8%0D%0AOal%2BTBOf8C5olVRJL1h9XuJdw3Y%2BjXyEJgsC%2FP4VZ9Mj3UNziC8uwO6mPmDhDYXt%0D%0AmGYhUp8li6y9CJsTyOQA4EntQ7Ugxw8vQLZd9Bu%2B0FKR7JZ70fPETH6PMkMkJ5dr%0D%0ADXFMh84KH9Yt%2FLf%2Few7DoEpxyUzbUOJ5%2BsHVKz6sWSwt6nYJ7fRpB3sDnyycxHlk%0D%0A2Mc7hpttZC6xN7aIBRKDJz8UeAGbJ0YzQgG6MnCd2YGeOIttT7orGLZXeCreNRSP%0D%0ArdUv2cdN3JW7MEkqvnyS20gsPSnQMlUTTyPIhdAGhpuX3CroTn0MvWvI5otVD6WQ%0D%0A%2FBrq0iLLUeojHVRIrHIBlKo9JARq1A%2FhMK3DSChjA%2FhjFBDV%2BzfyG8SmBO1WDb9X%0D%0A6C3nBQ%2B3DhoQjwTaTzBvZIgEHPwFgnvXkN4%2F0znZ9cJqgy6TwMeAcG5ld0lpi8Yw%0D%0AZh8dLQmStjlQqO8y7HZkMyhbwTj3nr4ut6H%2FWAHBJkwrik8H588G3s1pf6Kj5eYu%0D%0APrcpPa1FookjQ1W0QAi2q9Xc53uVYMxqCxN8zlJ5avknxQV1J7L3Ss4%3D</Encrypted></Payment></PaymentInfo>
	  <ReservedInfo>
	    <MReserved1/>
	    <MReserved2/>
	    <MReserved3/></ReservedInfo>
	  <ManageInfo>
	    <Language/>
	    <URL urlencode="1">http%3A%2F%2Fnsale.co.kr</URL>
	    <TXVersion>5036B141209securLinux     PHPchkfake   3.14.44-32.39.amzn1.x86_64PHP:</TXVersion>
	    <TXUserID/>
	    <TXRegNum/>
	    <Ack>1</Ack>
	    <TXRN>MjAxNTEwMDQxMDE4MzUyMzQ0NzMzMg==
</TXRN></ManageInfo></INIpay>AFzIEgz4TVp4rs3d0fU1paF1gX3eDpnaAI579OyWBDuL/+7dwCA77YpcldnEIoI1
iR7k56M2i49dVy9nZSuowgSTjPHfW2yAB3jFVRRIpZuQ3fjjB88hvuww8nWsSPaC
Mj2HiIPzJu+oiwFOh9Ki8rcPqz6yThQTAOTWuS9816bn
]
INFO	[2015-10-04 10:25:43:752] <9584> DNS LOOKUP OK(203.238.37.3:203.238.37.3:34049) laptime:0
INFO	[2015-10-04 10:25:43:789] <9584> SOCKET CONNECT OK
INFO	[2015-10-04 10:25:43:789] <9584> SEND OK
INFO	[2015-10-04 10:25:44:501] <9584> RECV OK
INFO	[2015-10-04 10:25:44:502] <9584> MSG_FROM_PG:[0315200175D SHA1                   0                  39                  300210nsalecokr0               19500INIphpCARDnsalecokr020151004102543496129<?xml version="1.0" encoding="UTF-8"?>
<INIpay>
  <GoodsInfo>
    <GoodsCnt>1</GoodsCnt>
    <MOID urlencode="1">2015100410172424</MOID>
    <Currency>WON</Currency>
    <Goods no="1">
      <SMID>nsalecokr0</SMID>
      <GoodsName urlencode="1">%BD%BA%B8%B6%C6%AE%C4%C9%BE%EE+%C4%A9%BC%D6%BB%EC%B1%D5%B1%E2</GoodsName>
      <GoodsCntS>1</GoodsCntS>
      <GoodsPrice>19500</GoodsPrice>
    </Goods>
  </GoodsInfo>
  <PaymentInfo>
    <Payment>
      <SessionKey>AIE6vkosLszsaA6AqzRTM26l7yiAKhPaVnm10BLfBIg9ivkuiJM8y3+yG921qoRr
6ADbeMrD7/pZITSsjH7nD7YNh/r3BeEnv7OF8Sm/8Ly405uNGz43r8+hgOFE9KiY
pReI46laCyPgwODp56+JYKWUCrcglPO5Vps47Ni0AZ79bLNYvBn7paI=
</SessionKey>
      <Encrypted>zn6LPgqHCiF4qJ29mi8w8b4OsyWlip2KrY3yEufBp9T6AwvxBbT0V75j+3OQCXQN
IYg5aBOf/+/QBpR/HGF5cKIsQItsJ0j1FXv1H53nzK1E6mX7VxjHhSTXKHV6KjNk
xv1Tr9slwWkRcnDwDYcwDq6mG3wN9kUE2vM8zvMVr+AB4rmacAqX1g1BQUQFxD8/
kJATvZOhSHwWczcN9WGttAi2er2tIxjROjXWMP/G5voT+ZaWuAaIfa0XUSYkhciL
0IpJsrRF48cSsnOPxdCLzo0Jhc/mKCZhvOuOvw7faM6JkIyrO/ejhnUYrNqf9nca
p5jjL4Qc+rgaGX6IpMik7o6yRJ4NR15I14YSxxJFbNIFYAJUeZzpSr7gNxaNUJdg
1M9NJPXe0cke/ecwCbbyF6iPOD90hSKlE/6uUK71Z7NT5Sio4FbHxu2Gjb3jD9u8
eEzLTU4T7YMBIZNRTjrvNcrcqMSAHdNo9vjGFoIijy+o2QekoOECJZWiUHuG5nmi
bjGFB02Wflu9S11JQ5cV5VIhD8mLXWed9fNGztoV2M3l4lrm9+me4TwDmVqMv+2m
HSKdLTZ2YhhUmde7GxX2TYzhsGxiGWL+3qLZnFZYeUjkprl5sj0Z/v2vvgeEaifI
fwM+Y+Expoi4znxBYwVebolh852GlLje6XxzlNOLQVBfvVP7G7ErAoW8ozX8oZHj
VUIn0IcSf5uMVPgl9E8RpicX+fT3y4cXl61Sko/dIH6ls8vd0OVbzp+QGUDJ11YQ
GHpNDemdJHVkVh0/HN3DLddsRin4WCNBvlUJKaoezcyHQg/NCTiPt+FmUqLGBhHz
VIC+nYsyuAT7PWy6JU+Y92BTFj8uhK3V99ot9ApDQj5RbMntvS71LHZ8n7O+A8eB
wslMEvoQAwmzooURuKMAN8zXZVU+O8h+gbpYkmu1VDAwKtVU9Wg33FIGdLIr9xiR
5uS+AE0XbeBC06J1Zmdhcskq4eGf1kKvmWOshsLoZsiVRnjw5sN3V9iI0UDPazQh
cu7oHR5Uc6kGO2k8Szxtb7NBk931cEaJjwlZvUmzAu5S8+/JL+lXlYACYcLbB5qB
QeGYXVdi6L5yoZpPc2HfdVlNNbUWp3Hw80EDBIu0wGM8FQBCF+psRcn+be/986Ca
NIjB6ej4uMSBJVp+oAmeypBcNmXah2x25UV8dSowO+qiFUT6Zpi/LkQ3H+tXJ1zI
ADAemsaLI0/7SE8e8xZ63UL3WxlCb7zUtNNpIwGipGyzOgB2UuDgQ/U/iIaDZZPC
J1xmczv1qYqbNKQwRkDTa5HJoXl+1Ch1eKMKN60Yz+hftM4eOnc/PVyiZD++Q66H
5dU7DAa4itxSgm6Dhryt9gHK/gsjhiS4yH+ncrqBmeyL3n7LWsTIuy5eYFdQ7RfD
Z8zZsdQ9iM4LsCnqj0xKvurYpogT3bTd4dUOoGLgyXeNP18b2FBV8gOhKc164qTY
LrfkyBtkv6KOrJGGb/h2LRXgwkxk+fdUST9YTJwckuM4UX48DLOqgC1/Gp8WOjdt
iKroOJSRoGHvQM0t4SNKMGHvnKxvtNLmivRodTR5Dyr7dhPGJ6qRx75YT9NT/0WY
VfnA6dfRxvoR78zH97MmXQEYA6qYbQxpdzuoQl8g177RpSTP3F4RG5Gnzrpf3Hf4
p9wyLer6UZKfXeReeV+DVCX/TYRl5y0PkUaSO8uydaJhafHVfeVBvKFJ/Rq6Taz5
ww0WH4APbcPl9askP4oiaNuQDrPqqk6f
</Encrypted>
      <PayMethod>Card</PayMethod>
      <ResultCode>120000</ResultCode>
      <ResultMsg urlencode="1">%C1%A4%BB%F3%C3%B3%B8%AE%B5%C7%BE%FA%BD%C0%B4%CF%B4%D9.</ResultMsg>
    </Payment>
  </PaymentInfo>
  <ManageInfo>
    <EventCode></EventCode>
    <OrgCurrency></OrgCurrency>
    <ExchangeRate></ExchangeRate>
    <OrgPrice></OrgPrice>
  </ManageInfo>
  <ReservedInfo>
    <MReserved1 urlencode="1"></MReserved1>
    <MReserved2 urlencode="1"></MReserved2>
    <MReserved3 urlencode="1"></MReserved3>
    <PGReserved1 urlencode="1"></PGReserved1>
    <PGReserved2 urlencode="1"></PGReserved2>
    <PGReserved3 urlencode="1"></PGReserved3>
  </ReservedInfo>
</INIpay>
zuLvEs4tiqYVTO/DkENNhJ2Js+jAbcDVd/HOgIuG2CetlR9W28YrSHhTjtW4oRmR
txLTbd2DJtT8bKSeF8idBJS+IqQiS5F167V3w7ob2OliCLNeb09ly2IHC07xwxne
e0WDBJ/PqQprpamXTAvDPGUf0X6Hhr4labyw2EES1wk=
]
INFO	[2015-10-04 10:25:44:502] <9584> VERIFY OK
INFO	[2015-10-04 10:25:44:502] <9584> PARSE HEAD OK
INFO	[2015-10-04 10:25:44:503] <9584> PARSE BODY OK
INFO	[2015-10-04 10:25:44:504] <9584> DECRYPT OK
DEBUG	[2015-10-04 10:25:44:504] <9584> DECRYPT MSG:[<?xml version="1.0" encoding="UTF-8"?>
<PaymentInfo>
  <Payment>
    <EASYPAY/>
    <Card>
      <CARD_ApplPrice>19500</CARD_ApplPrice>
      <CARD_Num>941061858871</CARD_Num>
      <CARD_Expire></CARD_Expire>
      <CARD_Code>14</CARD_Code>
      <CARD_BankCode>26</CARD_BankCode>
      <CARD_Quota>00</CARD_Quota>
      <CARD_Interest>0</CARD_Interest>
      <CARD_Point></CARD_Point>
      <CARD_AuthType>99</CARD_AuthType>
      <CARD_RegNum></CARD_RegNum>
      <CARD_ApplDate>20151004</CARD_ApplDate>
      <CARD_ApplTime>102544</CARD_ApplTime>
      <CARD_ApplNum>37125307</CARD_ApplNum>
      <CARD_TerminalNum>0198732000</CARD_TerminalNum>
      <CARD_MemberNum></CARD_MemberNum>
      <CARD_PurchaseCode></CARD_PurchaseCode>
      <CARD_ResultCode>120000</CARD_ResultCode>
      <CARD_ResultMsg urlencode="1">%C1%A4%BB%F3%C3%B3%B8%AE%B5%C7%BE%FA%BD%C0%B4%CF%B4%D9.</CARD_ResultMsg>
      <CARD_PrtcCode>1</CARD_PrtcCode>
      <CARD_Quota_Point>00</CARD_Quota_Point>
      <CARD_CheckFlag>0</CARD_CheckFlag>
      <CARD_PurchaseName urlencode="1"></CARD_PurchaseName>
      <CARD_IssuerName urlencode="1"></CARD_IssuerName>
      <CARD_JoinUsePoint></CARD_JoinUsePoint>
      <CARD_UsePoint>000000000000</CARD_UsePoint>
      <CARD_CouponOnlyMer></CARD_CouponOnlyMer>
    </Card>
  </Payment>
</PaymentInfo>]
INFO	[2015-10-04 10:25:44:505] <9584> DECRYPT PARSE OK
INFO	[2015-10-04 10:25:44:505] <9584> WAIT ACK INVOKING
DEBUG	[2015-10-04 10:25:44:505] <9584> MAKE HEAD OK
INFO	[2015-10-04 10:25:44:542] <9584> SUCCESS ACK INVOKING
INFO	[2015-10-04 10:25:44:542] <9584> END securepay 정상처리되었습니다. Laptime:[0.793sec]
INFO	[2015-10-04 10:25:44:542] <9584> ===============================================================
INFO	[2015-10-04 13:04:42:105] <12035> START INIPHP chkfake (V5036-141209)(OS:Linux3.14.44-32.39.amzn1.x86_64,PHP:5.3.29)
DEBUG	[2015-10-04 13:04:42:105] <12035> inipayhome:/var/www/html/nsale/shop/inicis
DEBUG	[2015-10-04 13:04:42:105] <12035> debug:false
DEBUG	[2015-10-04 13:04:42:105] <12035> type:chkfake
DEBUG	[2015-10-04 13:04:42:105] <12035> enctype:asym
DEBUG	[2015-10-04 13:04:42:105] <12035> admin:1111
DEBUG	[2015-10-04 13:04:42:105] <12035> checkopt:false
DEBUG	[2015-10-04 13:04:42:105] <12035> mid:nsalecokr0
DEBUG	[2015-10-04 13:04:42:105] <12035> price:34000
DEBUG	[2015-10-04 13:04:42:105] <12035> nointerest:no
DEBUG	[2015-10-04 13:04:42:105] <12035> quotabase:선택:일시불:2개월:3개월:4개월:5개월:6개월:7개월:8개월:9개월:10개월:11개월:12개월
INFO	[2015-10-04 13:04:42:105] <12035> Check Field OK
INFO	[2015-10-04 13:04:42:105] <12035> MERCHANT PRIV KEY LOAD OK
INFO	[2015-10-04 13:04:42:105] <12035> MERCHANT PUB KEY LOAD OK []
INFO	[2015-10-04 13:04:42:106] <12035> CHKFAKE KEY MAKE OK:MjAxNTEwMDQxMzA0NDIxMDUzNjgxMg==

INFO	[2015-10-04 13:04:42:106] <12035> END chkfake  Laptime:[0.001sec]
INFO	[2015-10-04 13:04:42:106] <12035> ===============================================================
INFO	[2015-10-04 13:05:44:419] <9584> START INIPHP securepay (V5036-141209)(OS:Linux3.14.44-32.39.amzn1.x86_64,PHP:5.3.29)
DEBUG	[2015-10-04 13:05:44:419] <9584> inipayhome:/var/www/html/nsale/shop/inicis
DEBUG	[2015-10-04 13:05:44:419] <9584> debug:false
DEBUG	[2015-10-04 13:05:44:419] <9584> type:securepay
DEBUG	[2015-10-04 13:05:44:419] <9584> pgid:INIphpVBNK
DEBUG	[2015-10-04 13:05:44:419] <9584> subpgip:203.238.3.10
DEBUG	[2015-10-04 13:05:44:419] <9584> admin:1111
DEBUG	[2015-10-04 13:05:44:419] <9584> uid:
DEBUG	[2015-10-04 13:05:44:419] <9584> goodname:스마트케어 칫솔살균기
DEBUG	[2015-10-04 13:05:44:419] <9584> currency:WON
DEBUG	[2015-10-04 13:05:44:419] <9584> mid:nsalecokr0
DEBUG	[2015-10-04 13:05:44:419] <9584> rn:MjAxNTEwMDQxMzA0NDIxMDUzNjgxMg==

DEBUG	[2015-10-04 13:05:44:419] <9584> price:34000
DEBUG	[2015-10-04 13:05:44:419] <9584> enctype:
DEBUG	[2015-10-04 13:05:44:419] <9584> buyername:최정여
DEBUG	[2015-10-04 13:05:44:419] <9584> buyertel:01092852878
DEBUG	[2015-10-04 13:05:44:419] <9584> buyeremail:puhihi393@nate.com
DEBUG	[2015-10-04 13:05:44:419] <9584> paymethod:VBank
DEBUG	[2015-10-04 13:05:44:419] <9584> encrypted:Version=4.1&PayMethod=VBank&RsaKeyNum=1&EncryptionAlgorithm=SEED-CBC&SignAlgorithm=RSAwithSHA1&CertVer=39&moid=2015100413033413&ver_trace=main(6097,6059)vbank(6031,6033)n(6009)Cs(6025)Dt(6002)Pa(6002)Cf(6024)Fv(0000)La(6156)Re(6106)Vr(6007)P(6034)en(6054)nP(6006)&pg1=203.238.37.3&pg2=211.219.96.180&pg1ip=203.238.37.3&pg2ip=211.219.96.180&agreeflag=1111&Data=kiywptrmKDkKW6gTwe5X+pWfIJAp+13HtP6vy/lYx1Tjcvx/rEIIxsvN9ECsja28
TKaKO57dkXH5o8hd7Qpwj0vCCl7xLU4qm4Q4xT/FS9nZ5H3kZcSuRzygyGl/e74p
7DidgxhQ9HwaV3x90WS2Ibk1sEfHJOqX//iJr7bjp7iP/lobSeEVtoikAu6gYoFx
J5Md1B/X07uHR6ZFpxihy6m3ytq1IVL1yje6st/mJDFcyJRPmgdPE4ZKlssux+z0
0tu9ibbMWnVOVhwHhCYuA+7DnXNSBMF+CpUIbuXCOPTQISFRYgLjHgnT9m2zgOan
tHZD1wdmQjcwv2Eh3l283Ia2O/KUZ43LhM0dn+67Yg+BQLqtIioI/kOJl+8kYTZV
a6rMmklRY5ru4cVG9r38VC3jGjHjUuv7K1328gpteNFLvDWi4cxTO0DVB8D29Ap0
J7KLCwuYLHtJimgORg+ZZ2euFIcVw+vY7/bKEayYSVl/pODcnud286uOKFBHlQhh
mkDCLGSWnCeF0NMGgBFy5gg3QUntfB3Q9xXQq6gsVIiNJw==
DEBUG	[2015-10-04 13:05:44:419] <9584> sessionkey:YftanOSajf8VMwBbtdwJ50dSm9SgHvQ2n1GLvSkip5OJdUdcY90e9k+ajCK7g4V1
wbC2cEkXGntzKXz926byxXhVSXLszuJnXCCJOJ/yiTRJoRAznaiWelfB9G0Cup3D
q5tQwURa8pdzdDwCRB9nURhGEVkG4x61mvc30r3U/1w=
DEBUG	[2015-10-04 13:05:44:419] <9584> url:http://www.nsale.co.kr
DEBUG	[2015-10-04 13:05:44:419] <9584> cardcode:
DEBUG	[2015-10-04 13:05:44:419] <9584> parentemail:
DEBUG	[2015-10-04 13:05:44:419] <9584> recvname:최정여
DEBUG	[2015-10-04 13:05:44:419] <9584> recvtel:01092852878
DEBUG	[2015-10-04 13:05:44:419] <9584> recvaddr:경기 군포시 당동 907 두산아파트 103동 404호
DEBUG	[2015-10-04 13:05:44:419] <9584> recvpostnum:15856
DEBUG	[2015-10-04 13:05:44:419] <9584> recvmsg:
DEBUG	[2015-10-04 13:05:44:419] <9584> joincard:
DEBUG	[2015-10-04 13:05:44:419] <9584> joinexpire:
DEBUG	[2015-10-04 13:05:44:419] <9584> id_customer:
INFO	[2015-10-04 13:05:44:419] <9584> Check Field OK
INFO	[2015-10-04 13:05:44:419] <9584> Make TID OK INIphpVBNKnsalecokr020151004130544198329
INFO	[2015-10-04 13:05:44:419] <9584> PI PUB KEY LOAD OK [39]
INFO	[2015-10-04 13:05:44:419] <9584> PG PUB KEY LOAD OK [30]
INFO	[2015-10-04 13:05:44:419] <9584> MERCHANT PRIV KEY LOAD OK
INFO	[2015-10-04 13:05:44:420] <9584> MERCHANT PUB KEY LOAD OK [0]
INFO	[2015-10-04 13:05:44:420] <9584> MAKE BODY OK
INFO	[2015-10-04 13:05:44:421] <9584> SIGN OK
INFO	[2015-10-04 13:05:44:421] <9584> MAKE HEAD OK
INFO	[2015-10-04 13:05:44:421] <9584> MSG_TO_PG:[0284100175R SHA1                   0                  39                  300200nsalecokr0               34000INIphpVBNKnsalecokr020151004130544198329<?xml version="1.0" encoding="UTF-8"?>
<INIpay>
	  <GoodsInfo>
	    <GoodsCnt>1</GoodsCnt>
	    <MOID/>
	    <Currency>WON</Currency>
	    <Tax/>
	    <TaxFree/>
	    <Goods>
	      <SMID>nsalecokr0</SMID>
	      <GoodsName urlencode="1">%BD%BA%B8%B6%C6%AE%C4%C9%BE%EE+%C4%A9%BC%D6%BB%EC%B1%D5%B1%E2</GoodsName>
	      <GoodsPrice>34000</GoodsPrice></Goods></GoodsInfo>
	  <BuyerInfo>
	    <BuyerName urlencode="1">%C3%D6%C1%A4%BF%A9</BuyerName>
	    <BuyerTel>01092852878</BuyerTel>
	    <BuyerEmail urlencode="1">puhihi393%40nate.com</BuyerEmail>
	    <ParentEmail/>
	    <RecvName urlencode="1">%C3%D6%C1%A4%BF%A9</RecvName>
	    <RecvTel urlencode="1">01092852878</RecvTel>
	    <RecvMsg/>
	    <RecvAddr urlencode="1">%B0%E6%B1%E2+%B1%BA%C6%F7%BD%C3+%B4%E7%B5%BF+907+%B5%CE%BB%EA%BE%C6%C6%C4%C6%AE+103%B5%BF+404%C8%A3</RecvAddr>
	    <RecvPostNum urlencode="1">15856</RecvPostNum></BuyerInfo>
	  <PaymentInfo>
	    <Payment>
	      <PayMethod>VBank</PayMethod>
	      <JoinCard/>
	      <JoinExpire/>
	      <MailOrder/>
	      <SessionKey>YftanOSajf8VMwBbtdwJ50dSm9SgHvQ2n1GLvSkip5OJdUdcY90e9k+ajCK7g4V1
wbC2cEkXGntzKXz926byxXhVSXLszuJnXCCJOJ/yiTRJoRAznaiWelfB9G0Cup3D
q5tQwURa8pdzdDwCRB9nURhGEVkG4x61mvc30r3U/1w=</SessionKey>
	      <Encrypted urlencode="1">Version%3D4.1%26PayMethod%3DVBank%26RsaKeyNum%3D1%26EncryptionAlgorithm%3DSEED-CBC%26SignAlgorithm%3DRSAwithSHA1%26CertVer%3D39%26moid%3D2015100413033413%26ver_trace%3Dmain%286097%2C6059%29vbank%286031%2C6033%29n%286009%29Cs%286025%29Dt%286002%29Pa%286002%29Cf%286024%29Fv%280000%29La%286156%29Re%286106%29Vr%286007%29P%286034%29en%286054%29nP%286006%29%26pg1%3D203.238.37.3%26pg2%3D211.219.96.180%26pg1ip%3D203.238.37.3%26pg2ip%3D211.219.96.180%26agreeflag%3D1111%26Data%3DkiywptrmKDkKW6gTwe5X%2BpWfIJAp%2B13HtP6vy%2FlYx1Tjcvx%2FrEIIxsvN9ECsja28%0D%0ATKaKO57dkXH5o8hd7Qpwj0vCCl7xLU4qm4Q4xT%2FFS9nZ5H3kZcSuRzygyGl%2Fe74p%0D%0A7DidgxhQ9HwaV3x90WS2Ibk1sEfHJOqX%2F%2FiJr7bjp7iP%2FlobSeEVtoikAu6gYoFx%0D%0AJ5Md1B%2FX07uHR6ZFpxihy6m3ytq1IVL1yje6st%2FmJDFcyJRPmgdPE4ZKlssux%2Bz0%0D%0A0tu9ibbMWnVOVhwHhCYuA%2B7DnXNSBMF%2BCpUIbuXCOPTQISFRYgLjHgnT9m2zgOan%0D%0AtHZD1wdmQjcwv2Eh3l283Ia2O%2FKUZ43LhM0dn%2B67Yg%2BBQLqtIioI%2FkOJl%2B8kYTZV%0D%0Aa6rMmklRY5ru4cVG9r38VC3jGjHjUuv7K1328gpteNFLvDWi4cxTO0DVB8D29Ap0%0D%0AJ7KLCwuYLHtJimgORg%2BZZ2euFIcVw%2BvY7%2FbKEayYSVl%2FpODcnud286uOKFBHlQhh%0D%0AmkDCLGSWnCeF0NMGgBFy5gg3QUntfB3Q9xXQq6gsVIiNJw%3D%3D</Encrypted></Payment></PaymentInfo>
	  <ReservedInfo>
	    <MReserved1/>
	    <MReserved2/>
	    <MReserved3/></ReservedInfo>
	  <ManageInfo>
	    <Language/>
	    <URL urlencode="1">http%3A%2F%2Fwww.nsale.co.kr</URL>
	    <TXVersion>5036B141209securLinux     PHPchkfake   3.14.44-32.39.amzn1.x86_64PHP:</TXVersion>
	    <TXUserID/>
	    <TXRegNum/>
	    <Ack>1</Ack>
	    <TXRN>MjAxNTEwMDQxMzA0NDIxMDUzNjgxMg==
</TXRN></ManageInfo></INIpay>ARuNeqpjIZ/OcIKjdLPg/l47Pbn1Po08wdjBlrUYC+c5mgFTaVf2HPtOSDojQEkU
lmg/E40WnDfBMecZGJpSUCdbXDTsfc+5k/h5ZW9AXG70avBV1XWaGV8jguKr+q2B
g48frFJ37yqEJ3FXVCbBw3iyFtTaqoeZOQOYXe49Pe2/
]
INFO	[2015-10-04 13:05:44:421] <9584> DNS LOOKUP OK(203.238.37.3:203.238.37.3:34049) laptime:0
INFO	[2015-10-04 13:05:44:457] <9584> SOCKET CONNECT OK
INFO	[2015-10-04 13:05:44:457] <9584> SEND OK
INFO	[2015-10-04 13:05:44:718] <9584> RECV OK
INFO	[2015-10-04 13:05:44:718] <9584> MSG_FROM_PG:[0324200175D SHA1                   0                  39                  300210nsalecokr0               34000INIphpVBNKnsalecokr020151004130544198329<?xml version="1.0" encoding="UTF-8"?>
<INIpay>
  <GoodsInfo>
    <GoodsCnt>1</GoodsCnt>
    <MOID urlencode="1">2015100413033413</MOID>
    <Currency>WON</Currency>
    <Goods no="1">
      <SMID>nsalecokr0</SMID>
      <GoodsName urlencode="1">%BD%BA%B8%B6%C6%AE%C4%C9%BE%EE+%C4%A9%BC%D6%BB%EC%B1%D5%B1%E2</GoodsName>
      <GoodsCntS>1</GoodsCntS>
      <GoodsPrice>34000</GoodsPrice>
    </Goods>
  </GoodsInfo>
  <PaymentInfo>
    <Payment>
      <SessionKey>APLgIPMG46UMGL5P7mARBkIq/wU430RFox99kxYXzuzehsO4Yrx9fZEeG4NR6xAL
kBOypQToBf0s26+aY3mMSOXi/PmN4DmlDpNozrTU5VsJSsGgKpwzZPG7gcYwFZir
QYcORdSd5WLiy+wEufJvZtaP8/IVd8Z1vHXlkH0owdVr/bbFSEn/Ubs=
</SessionKey>
      <Encrypted>IJG78Bi+GP1KL6RCG4ceiKIh2qLsRswo4Hks+fE/mYZZOUcXOGtkHQ3ODn/dwa05
h/HM6lmqxwH0ySb3bsv+MSeB62gRYBf+be7pu8xQtHI0db3frx5PJOlqrq5EZ0a/
GR87oJSBUth1j2FigAj+GJqLzw97HrPX0pYPkPcRi0PPDTqPDSyWrtJCMQoFEDBj
kDAbVXLzXz9uS51y9HhTAf9z4DW/A/08P0pYzlcT1VK21e3uRK3UCIK5seN1sT1E
C4AwKACDbNFRxYCE33+EaNW5fQfGKyE68UeMhQa7pux6EHqbgQJR2IAl8cLexIMh
0ChzB6f7wNHgYfDDNFSo+uI0piE3QDKpV9AcVCU7YqWvsgSSrVuZabFR8fPMJ+E9
4iwayr9mNw54/iXFLDe8BLr2i0AjhpbsZ79ZvXsp8U1AFLnFvl9B3LyP9kYQPxF2
kHWfSxXHGHE5JgDYk756L71P6F/KoC1cG95hYSqlzDMUZlv+JqgIpgwMWdbf+PKQ
7E0cUj7hfFzaDdGU1wL2vA1/argtxcwJoMCMlso4nelDXq2Opy4BcedCarZORDKX
dnbJbcWA/9Mc4wXzbmEs0h0PdQZEP27i9zyr8PuNdrGi1Anu4BnrGwpYzIRmMPwj
hCQ1Y7Bzof1Rx13K7i1o6b3I9kwFTLszklWjnFrs6YC7dB0oEsULc3Oivyo21AOH
TsN8eV5no4MnPpODhVpRdMnNH0DvmJ9UXRM/f21VEH9YFjaYtJW8axcUg1voZdSV
s1wWVbxCLEhANpTh/EcQB7IpbEMcXAF84KZ4YSKfqAY5KeTlV1Zf+VaO2Tf49VFZ
PPvLFiOHKBa38fjdwgmvkHDXvDg3Z1DSk9/b8btm1zyDoSDY2lXPznuehsEBcSWb
Ryvg2yIGKnK1FqyYHjbYVFLpBaijSO5yPjIXNreKHaHT/wDaP7h6R/fInK5/p+Sf
1ed/9+pCwySUDUPeKfax5CK5797yvm8+4tXC0Do99wZ93mKj5iUXGRw2tgsYYcb3
/TKjMP0Ce1K3dhq30iCUONTSLQsQV3K4ATwNhH+dJCqS+PCBNsiUlGmMOVp3F92+
FossRNlfBbUteKbg8uvynStBMZcLAGr1yd9OQaKKAxYnwXh6GlA1K9ZJaYuwLBkm
kTy5GvnH1nYctF6+DKApGajydeLMS6CBJUODNlAe47eRcYCzAmDfjk5xH5atAdMj
pQX0T9FKaV/KWh+24Rav+2aoIH/tja8Z+LCXR38bpWzfE+3QU7hPf7Yj2nlGwmFl
XSy1WkcXcBwkiot2Ratowpz7w1fERalFFpG9GnbSkpftNAG6cvPyKLj35dVOKyQB
qvLZfij6EGNS5LKyJyUlGAWjQ/qMjFjqj01wyyBM3CkOWcd8q1H4686LE8yog0MI
huezNLHJJyRqW1+9Q9NykWtagIoiPWbjvLCkYcJ60sShzVHaeeIHjYI/lsRcZfkl
MnHZVVnNfWGz1ZRFzoRfe9tg/la6V6JIDoQLwx8ndb88gKniqjUUUATGNnTEdCb2
PduULI7QaoEEcoMhVRblbNb7kEdi+AG+e+qGe/6pVDtjnYCQW4yRkiqYftmJM997
VEQifmawUYZlA5mFMD9jrZ7EadTaeKRrH3t4Y7WeQpMNH/a48zL4kTkZfsRT5Ffk
41NI71gBP/ceKj2WH0z4+tAjct74dw6Tf8T8foKvuqXAn27HSXKz9ik54mruiru2
HLfZXmLwS9yEn1wh45rQmllhzzKjgAhey86jdFmuFLYw+VFJwKVsCxOvauiIZsTt
rQ3S3rhbJdsgtTDsmZwPP2lAj4rinfyEB/hYGBAV7puIbNKYHQIzcQ==
</Encrypted>
      <PayMethod>VBank</PayMethod>
      <ResultCode>170000</ResultCode>
      <ResultMsg urlencode="1">%C1%A4%BB%F3%C3%B3%B8%AE%B5%C7%BE%FA%BD%C0%B4%CF%B4%D9.</ResultMsg>
    </Payment>
  </PaymentInfo>
  <ManageInfo>
    <EventCode></EventCode>
    <OrgCurrency></OrgCurrency>
    <ExchangeRate></ExchangeRate>
    <OrgPrice></OrgPrice>
  </ManageInfo>
  <ReservedInfo>
    <MReserved1 urlencode="1"></MReserved1>
    <MReserved2 urlencode="1"></MReserved2>
    <MReserved3 urlencode="1"></MReserved3>
    <PGReserved1 urlencode="1"></PGReserved1>
    <PGReserved2 urlencode="1"></PGReserved2>
    <PGReserved3 urlencode="1"></PGReserved3>
  </ReservedInfo>
</INIpay>
nYpPBVePfksHNZzbIBe1N8eFwdp4uAmdgiQH1UDnrpV2j7DNKxPq131I6rPNPu+B
0SO2vWNT4OAthNnk9hZrcpa8lIRsLHUEujrC+ph9VRZsqnPLLVGQe9q/xXVteBY8
yj3MqH4LDGW2wiQOzS9eDjsth6PLHASaY9s3Lf3NXbE=
]
INFO	[2015-10-04 13:05:44:718] <9584> VERIFY OK
INFO	[2015-10-04 13:05:44:718] <9584> PARSE HEAD OK
INFO	[2015-10-04 13:05:44:719] <9584> PARSE BODY OK
INFO	[2015-10-04 13:05:44:720] <9584> DECRYPT OK
DEBUG	[2015-10-04 13:05:44:720] <9584> DECRYPT MSG:[<?xml version="1.0" encoding="UTF-8"?>
<PaymentInfo>
  <Payment>
    <EASYPAY/>
    <VBank>
      <VACT_Num>56206424763452</VACT_Num>
      <VACT_BankCode>88</VACT_BankCode>
      <VACT_Date>20151011</VACT_Date>
      <VACT_Time></VACT_Time>
      <VACT_InputName urlencode="1">%C3%D6%C1%A4%BF%A9</VACT_InputName>
      <VACT_Name urlencode="1">%BF%CD%BF%EC%BA%A5%C3%B3%BD%BA</VACT_Name>
      <VACT_RefundName urlencode="1"></VACT_RefundName>
      <VACT_RefundBankCode></VACT_RefundBankCode>
      <VACT_RefundNum></VACT_RefundNum>
      <VACT_ApplPrice>34000</VACT_ApplPrice>
      <VACT_ApplDate>20151004</VACT_ApplDate>
      <VACT_ApplTime>130544</VACT_ApplTime>
      <VACT_ResultCode>170000</VACT_ResultCode>
      <VACT_ResultMsg urlencode="1">%C1%A4%BB%F3%C3%B3%B8%AE%B5%C7%BE%FA%BD%C0%B4%CF%B4%D9.</VACT_ResultMsg>
    </VBank>
    <CASH>
      <CSHR_ApplPrice>34000</CSHR_ApplPrice>
      <CSHR_SupplyPrice>30909</CSHR_SupplyPrice>
      <CSHR_Tax>3091</CSHR_Tax>
      <CSHR_ServicePrice>0</CSHR_ServicePrice>
      <CSHR_Type>0</CSHR_Type>
      <CSHR_ApplDate>20151004</CSHR_ApplDate>
      <CSHR_ApplTime>130544</CSHR_ApplTime>
      <CSHR_ApplNum></CSHR_ApplNum>
      <CSHR_ResultCode>220000</CSHR_ResultCode>
      <CSHR_ResultMsg urlencode="1">%C1%A4%BB%F3%C3%B3%B8%AE%B5%C7%BE%FA%BD%C0%B4%CF%B4%D9.</CSHR_ResultMsg>
    </CASH>
  </Payment>
</PaymentInfo>]
INFO	[2015-10-04 13:05:44:721] <9584> DECRYPT PARSE OK
INFO	[2015-10-04 13:05:44:721] <9584> WAIT ACK INVOKING
DEBUG	[2015-10-04 13:05:44:721] <9584> MAKE HEAD OK
INFO	[2015-10-04 13:05:44:758] <9584> SUCCESS ACK INVOKING
INFO	[2015-10-04 13:05:44:758] <9584> END securepay 정상처리되었습니다. Laptime:[0.339sec]
INFO	[2015-10-04 13:05:44:758] <9584> ===============================================================
INFO	[2015-10-04 14:51:54:973] <8393> START INIPHP chkfake (V5036-141209)(OS:Linux3.14.44-32.39.amzn1.x86_64,PHP:5.3.29)
DEBUG	[2015-10-04 14:51:54:973] <8393> inipayhome:/var/www/html/nsale/shop/inicis
DEBUG	[2015-10-04 14:51:54:973] <8393> debug:false
DEBUG	[2015-10-04 14:51:54:973] <8393> type:chkfake
DEBUG	[2015-10-04 14:51:54:973] <8393> enctype:asym
DEBUG	[2015-10-04 14:51:54:973] <8393> admin:1111
DEBUG	[2015-10-04 14:51:54:973] <8393> checkopt:false
DEBUG	[2015-10-04 14:51:54:973] <8393> mid:nsalecokr0
DEBUG	[2015-10-04 14:51:54:973] <8393> price:38900
DEBUG	[2015-10-04 14:51:54:973] <8393> nointerest:no
DEBUG	[2015-10-04 14:51:54:973] <8393> quotabase:선택:일시불:2개월:3개월:4개월:5개월:6개월:7개월:8개월:9개월:10개월:11개월:12개월
INFO	[2015-10-04 14:51:54:973] <8393> Check Field OK
INFO	[2015-10-04 14:51:54:973] <8393> MERCHANT PRIV KEY LOAD OK
INFO	[2015-10-04 14:51:54:974] <8393> MERCHANT PUB KEY LOAD OK []
INFO	[2015-10-04 14:51:54:974] <8393> CHKFAKE KEY MAKE OK:MjAxNTEwMDQxNDUxNTQ5NzQ1MTU5NA==

INFO	[2015-10-04 14:51:54:974] <8393> END chkfake  Laptime:[0.001sec]
INFO	[2015-10-04 14:51:54:974] <8393> ===============================================================
INFO	[2015-10-04 14:56:44:809] <8393> START INIPHP securepay (V5036-141209)(OS:Linux3.14.44-32.39.amzn1.x86_64,PHP:5.3.29)
DEBUG	[2015-10-04 14:56:44:809] <8393> inipayhome:/var/www/html/nsale/shop/inicis
DEBUG	[2015-10-04 14:56:44:809] <8393> debug:false
DEBUG	[2015-10-04 14:56:44:809] <8393> type:securepay
DEBUG	[2015-10-04 14:56:44:809] <8393> pgid:INIphpHPP_
DEBUG	[2015-10-04 14:56:44:809] <8393> subpgip:203.238.3.10
DEBUG	[2015-10-04 14:56:44:809] <8393> admin:1111
DEBUG	[2015-10-04 14:56:44:809] <8393> uid:
DEBUG	[2015-10-04 14:56:44:809] <8393> goodname:한경희 스팀다리미
DEBUG	[2015-10-04 14:56:44:809] <8393> currency:WON
DEBUG	[2015-10-04 14:56:44:809] <8393> mid:nsalecokr0
DEBUG	[2015-10-04 14:56:44:809] <8393> rn:MjAxNTEwMDQxNDUxNTQ5NzQ1MTU5NA==

DEBUG	[2015-10-04 14:56:44:809] <8393> price:38900
DEBUG	[2015-10-04 14:56:44:809] <8393> enctype:
DEBUG	[2015-10-04 14:56:44:809] <8393> buyername:박혜정
DEBUG	[2015-10-04 14:56:44:809] <8393> buyertel:01039778956
DEBUG	[2015-10-04 14:56:44:809] <8393> buyeremail:hjsmlove1004@naver.com
DEBUG	[2015-10-04 14:56:44:809] <8393> paymethod:HPP
DEBUG	[2015-10-04 14:56:44:809] <8393> encrypted:Version=4.1&PayMethod=HPP&RsaKeyNum=1&EncryptionAlgorithm=SEED-CBC&SignAlgorithm=RSAwithSHA1&CertVer=39&moid=2015100414510301&ver_trace=main(6097,6059)hpp(6038,6032)n(6009)Cs(6025)Dt(6002)Pa(6002)Cf(6024)Fv(0000)La(6156)Re(6106)Vr(6007)P(6034)en(6054)nP(6006)&pg1=203.238.37.3&pg2=211.219.96.180&pg1ip=203.238.37.3&pg2ip=211.219.96.180&Data=92QEIopMdG13HtXUrsJCez2ibzta/AiOs0RvQOqlfcH6srKrgRAALdKl4jvF1ohK
WlTgm3cm5DXMT/OoCIytfzPB5JJC9MPl7TFVXKCy8aoOEdlGPuTN2nZHOahOJiK0
qZlQz+u8lsMfo8UmmSm0n6bT10OwSl7b9pGj6PA8MK5jNTOJI9VhEcMn3v5I4Wyv
j1Z73XQ9dWEj+YS+T+0/0CaWnaKuQZmQu2OPANJw82Q+ckZtwiZ3ktqguPHpjsgP
qqj84Ie2LSPVUHziczmSgSUgNXNo7HThEChv74+d53OH9ZP2/FYL/Lvv98IvHvuu
zZPk+fEskCkRkq+r7BvRVkQuZlH5Pc/Kl3KKVb8s/MtyU0IbTxZHttYuW/4Hg1CS
N6YPAcsK01UY/8pnppdfFHALM3isFydy5xmNfGSdCkgajKdVLLOwC9OQnKNUPt0M
5pC6cQfQr9r2Cvwg/qUfW5RDyxsgS0Mg50JVc1kQnBuB1dErQbnkooxBvi9kiKZ/
UcmaF/GTkNCiFf/fq+MTM1fpfcxrS0FCGoCfjwT86PXwwJ8T3D9SDpWbnq16jRKR
91tkzzXBjDkSG9fcpTxQEdgQe0ubbVKt7qHJ7dq45wgDOP0RVJBWCz7mtrorGbnZ
y/29UkgwiQktuH67WN1gVYVhxk2F4vMaRkmvx2kbDrnfvG6muZ/kWX0CegVMXetZ
7srRl6Uz6njhiPsFihVVAg2cY3hcuAJ6mw==
DEBUG	[2015-10-04 14:56:44:809] <8393> sessionkey:Lv7lzg2LbTAM5kiEBbUQIaJf9cCWPPxQqVrbJNWQLrOe3qG1lmgCMcGALgbZn4pq
BtulBX9cMdHR5p2P6mGlDME50aUdLCwvM4kMqEYkMBRLyUh8Kkup6usIYRcFOlVc
vrXjk66RSkpPJtkSeucUjg1ZP6p/kePNIzk8dRgxoCU=
DEBUG	[2015-10-04 14:56:44:809] <8393> url:http://www.nsale.co.kr
DEBUG	[2015-10-04 14:56:44:809] <8393> cardcode:
DEBUG	[2015-10-04 14:56:44:809] <8393> parentemail:
DEBUG	[2015-10-04 14:56:44:809] <8393> recvname:박혜정
DEBUG	[2015-10-04 14:56:44:809] <8393> recvtel:01039778956
DEBUG	[2015-10-04 14:56:44:809] <8393> recvaddr:서울 노원구 노원로26가길 7 102동 1804호
DEBUG	[2015-10-04 14:56:44:809] <8393> recvpostnum:01705
DEBUG	[2015-10-04 14:56:44:809] <8393> recvmsg:
DEBUG	[2015-10-04 14:56:44:809] <8393> joincard:
DEBUG	[2015-10-04 14:56:44:809] <8393> joinexpire:
DEBUG	[2015-10-04 14:56:44:809] <8393> id_customer:
INFO	[2015-10-04 14:56:44:809] <8393> Check Field OK
INFO	[2015-10-04 14:56:44:809] <8393> Make TID OK INIphpHPP_nsalecokr020151004145644098895
INFO	[2015-10-04 14:56:44:809] <8393> PI PUB KEY LOAD OK [39]
INFO	[2015-10-04 14:56:44:809] <8393> PG PUB KEY LOAD OK [30]
INFO	[2015-10-04 14:56:44:809] <8393> MERCHANT PRIV KEY LOAD OK
INFO	[2015-10-04 14:56:44:810] <8393> MERCHANT PUB KEY LOAD OK [0]
INFO	[2015-10-04 14:56:44:810] <8393> MAKE BODY OK
INFO	[2015-10-04 14:56:44:811] <8393> SIGN OK
INFO	[2015-10-04 14:56:44:811] <8393> MAKE HEAD OK
INFO	[2015-10-04 14:56:44:811] <8393> MSG_TO_PG:[0299600175R SHA1                   0                  39                  300200nsalecokr0               38900INIphpHPP_nsalecokr020151004145644098895<?xml version="1.0" encoding="UTF-8"?>
<INIpay>
	  <GoodsInfo>
	    <GoodsCnt>1</GoodsCnt>
	    <MOID/>
	    <Currency>WON</Currency>
	    <Tax/>
	    <TaxFree/>
	    <Goods>
	      <SMID>nsalecokr0</SMID>
	      <GoodsName urlencode="1">%C7%D1%B0%E6%C8%F1+%BD%BA%C6%C0%B4%D9%B8%AE%B9%CC</GoodsName>
	      <GoodsPrice>38900</GoodsPrice></Goods></GoodsInfo>
	  <BuyerInfo>
	    <BuyerName urlencode="1">%B9%DA%C7%FD%C1%A4</BuyerName>
	    <BuyerTel>01039778956</BuyerTel>
	    <BuyerEmail urlencode="1">hjsmlove1004%40naver.com</BuyerEmail>
	    <ParentEmail/>
	    <RecvName urlencode="1">%B9%DA%C7%FD%C1%A4</RecvName>
	    <RecvTel urlencode="1">01039778956</RecvTel>
	    <RecvMsg/>
	    <RecvAddr urlencode="1">%BC%AD%BF%EF+%B3%EB%BF%F8%B1%B8+%B3%EB%BF%F8%B7%CE26%B0%A1%B1%E6+7+102%B5%BF+1804%C8%A3</RecvAddr>
	    <RecvPostNum urlencode="1">01705</RecvPostNum></BuyerInfo>
	  <PaymentInfo>
	    <Payment>
	      <PayMethod>HPP</PayMethod>
	      <JoinCard/>
	      <JoinExpire/>
	      <MailOrder/>
	      <SessionKey>Lv7lzg2LbTAM5kiEBbUQIaJf9cCWPPxQqVrbJNWQLrOe3qG1lmgCMcGALgbZn4pq
BtulBX9cMdHR5p2P6mGlDME50aUdLCwvM4kMqEYkMBRLyUh8Kkup6usIYRcFOlVc
vrXjk66RSkpPJtkSeucUjg1ZP6p/kePNIzk8dRgxoCU=</SessionKey>
	      <Encrypted urlencode="1">Version%3D4.1%26PayMethod%3DHPP%26RsaKeyNum%3D1%26EncryptionAlgorithm%3DSEED-CBC%26SignAlgorithm%3DRSAwithSHA1%26CertVer%3D39%26moid%3D2015100414510301%26ver_trace%3Dmain%286097%2C6059%29hpp%286038%2C6032%29n%286009%29Cs%286025%29Dt%286002%29Pa%286002%29Cf%286024%29Fv%280000%29La%286156%29Re%286106%29Vr%286007%29P%286034%29en%286054%29nP%286006%29%26pg1%3D203.238.37.3%26pg2%3D211.219.96.180%26pg1ip%3D203.238.37.3%26pg2ip%3D211.219.96.180%26Data%3D92QEIopMdG13HtXUrsJCez2ibzta%2FAiOs0RvQOqlfcH6srKrgRAALdKl4jvF1ohK%0D%0AWlTgm3cm5DXMT%2FOoCIytfzPB5JJC9MPl7TFVXKCy8aoOEdlGPuTN2nZHOahOJiK0%0D%0AqZlQz%2Bu8lsMfo8UmmSm0n6bT10OwSl7b9pGj6PA8MK5jNTOJI9VhEcMn3v5I4Wyv%0D%0Aj1Z73XQ9dWEj%2BYS%2BT%2B0%2F0CaWnaKuQZmQu2OPANJw82Q%2BckZtwiZ3ktqguPHpjsgP%0D%0Aqqj84Ie2LSPVUHziczmSgSUgNXNo7HThEChv74%2Bd53OH9ZP2%2FFYL%2FLvv98IvHvuu%0D%0AzZPk%2BfEskCkRkq%2Br7BvRVkQuZlH5Pc%2FKl3KKVb8s%2FMtyU0IbTxZHttYuW%2F4Hg1CS%0D%0AN6YPAcsK01UY%2F8pnppdfFHALM3isFydy5xmNfGSdCkgajKdVLLOwC9OQnKNUPt0M%0D%0A5pC6cQfQr9r2Cvwg%2FqUfW5RDyxsgS0Mg50JVc1kQnBuB1dErQbnkooxBvi9kiKZ%2F%0D%0AUcmaF%2FGTkNCiFf%2Ffq%2BMTM1fpfcxrS0FCGoCfjwT86PXwwJ8T3D9SDpWbnq16jRKR%0D%0A91tkzzXBjDkSG9fcpTxQEdgQe0ubbVKt7qHJ7dq45wgDOP0RVJBWCz7mtrorGbnZ%0D%0Ay%2F29UkgwiQktuH67WN1gVYVhxk2F4vMaRkmvx2kbDrnfvG6muZ%2FkWX0CegVMXetZ%0D%0A7srRl6Uz6njhiPsFihVVAg2cY3hcuAJ6mw%3D%3D</Encrypted></Payment></PaymentInfo>
	  <ReservedInfo>
	    <MReserved1/>
	    <MReserved2/>
	    <MReserved3/></ReservedInfo>
	  <ManageInfo>
	    <Language/>
	    <URL urlencode="1">http%3A%2F%2Fwww.nsale.co.kr</URL>
	    <TXVersion>5036B141209securLinux     PHPchkfake   3.14.44-32.39.amzn1.x86_64PHP:</TXVersion>
	    <TXUserID/>
	    <TXRegNum/>
	    <Ack>1</Ack>
	    <TXRN>MjAxNTEwMDQxNDUxNTQ5NzQ1MTU5NA==
</TXRN></ManageInfo></INIpay>AG4ktelFNHBUKHQxIyk5Bvd/EhgcUFKQbWF4uMH5UhWfzT+0CBYIFiPBiCEgnx9L
2DEnXY5kNKq3/gFqkUJ1SeVeN7mlHvx7lKuDhzAd9FDueoTmDC0pcYhfypNFGXUC
Xj3jxBc5ydtPbMmXH7NvQx/psfmlFltJRO1LlWnkv5Rt
]
INFO	[2015-10-04 14:56:44:811] <8393> DNS LOOKUP OK(203.238.37.3:203.238.37.3:34049) laptime:0
INFO	[2015-10-04 14:56:44:848] <8393> SOCKET CONNECT OK
INFO	[2015-10-04 14:56:44:848] <8393> SEND OK
INFO	[2015-10-04 14:56:45:275] <8393> RECV OK
INFO	[2015-10-04 14:56:45:275] <8393> MSG_FROM_PG:[0205800175D SHA1                   0                  39                  300210nsalecokr0               38900INIphpHPP_nsalecokr020151004145644098895<?xml version="1.0" encoding="UTF-8"?>
<INIpay>
  <GoodsInfo>
    <GoodsCnt>1</GoodsCnt>
    <MOID urlencode="1">2015100414510301</MOID>
    <Currency>WON</Currency>
    <Goods no="1">
      <SMID>nsalecokr0</SMID>
      <GoodsName urlencode="1">%C7%D1%B0%E6%C8%F1+%BD%BA%C6%C0%B4%D9%B8%AE%B9%CC</GoodsName>
      <GoodsCntS>1</GoodsCntS>
      <GoodsPrice>38900</GoodsPrice>
    </Goods>
  </GoodsInfo>
  <PaymentInfo>
    <Payment>
      <SessionKey>APA0x3N4X45ivRiOHJ0Ju74GINDs8TIug3No7L6GaHvdzk3LN6B8FVimG9I7tMfy
OQhjmRVtduEqOM44U4BTSzbdAyjhOpyT2Md8rU6MXkhFlKZ3UN5tk73GJqWmCIao
jZfaLmZuju1iD/xIDJzICVvFERpJdFcwyMw2E2PzXIDBtNKTiYKV3s8=
</SessionKey>
      <Encrypted>nGG2LbP5cqN0kknt9L9UEcBNlNpLJojnUvq6cgHeIWAXgBsnAcg3CLqTMv4u3rpy
yPrGfYGbZNNJWjhyHe9Dxo1pSd+9yNFvhgSzToYW+IU+rUdH7lGETEgdgPNnWkm8
8AKictJVVml6mGlTpqVA+pcFwQ0dJKRKZA3KmfsiJCaw6LlNY37DRHrGJu++OtO5
s86fo4epyRirvaRAh0aR38cAqweHPIemiJlT3fqlat7JkgX+zO1SkCoFF5ocnh09
q62Ifs/bwUJj2dmaIibzxLK9qa9XOQlYBQTeOg9sZ6u+qJxSFsLOYZhCU8KLfbDB
FFBYjTAqgHl+UYUX/hagiF3DM31/wWuxSzAyajZRSYa4DYJW45Uo6YOLcgmTl7Mx
pTys1Dmc1VdA1/uF2nwyAVxRfX5U8VB1OyafT/iuHTVFiRcHVB0QQSu44l5d/I/g
XdFgbT/MRMPU+OyIuNQoXawPGQE3sUWGNgMCknqsqwYhSDaJ2n1GnZqvXQL4g7PJ
5jNZ9OqSXAnXtldGJFjP+tKugEd7ahBZwlQqtOARAeHcoDaF4/UrUrPcNWAj5k01
kvo8viXgt0ypAUcy8fiJ5WomHlhCvP+F0CGGeMfgPuoDyuu5E8SvLWjKol8aQZQq
nIro0QJkpzZfV2YQH44tr+jkFwUd3gkKNbajy16t2m02i5y49QmBdw==
</Encrypted>
      <PayMethod>HPP</PayMethod>
      <ResultCode>110000</ResultCode>
      <ResultMsg urlencode="1">%C1%A4%BB%F3%C3%B3%B8%AE%B5%C7%BE%FA%BD%C0%B4%CF%B4%D9.</ResultMsg>
    </Payment>
  </PaymentInfo>
  <ManageInfo>
    <EventCode></EventCode>
    <OrgCurrency></OrgCurrency>
    <ExchangeRate></ExchangeRate>
    <OrgPrice></OrgPrice>
  </ManageInfo>
  <ReservedInfo>
    <MReserved1 urlencode="1"></MReserved1>
    <MReserved2 urlencode="1"></MReserved2>
    <MReserved3 urlencode="1"></MReserved3>
    <PGReserved1 urlencode="1"></PGReserved1>
    <PGReserved2 urlencode="1"></PGReserved2>
    <PGReserved3 urlencode="1"></PGReserved3>
  </ReservedInfo>
</INIpay>
I+UptSUHZMxvp28VptGQWU3SGVzp1tEGB9w+vvqerLFoNRvB3s8cqWvPO7A3jM4y
/+gGmXZRJvjl2Nsw/7y2VQFqphALvhQPqt17oz2KSbAeOCWCM+Lc0I5aG8Oq7qhD
m4kdsApuwdMs5HFPeVIAWsmo+2D4I9j0tnYZIR5BMuM=
]
INFO	[2015-10-04 14:56:45:275] <8393> VERIFY OK
INFO	[2015-10-04 14:56:45:275] <8393> PARSE HEAD OK
INFO	[2015-10-04 14:56:45:276] <8393> PARSE BODY OK
INFO	[2015-10-04 14:56:45:277] <8393> DECRYPT OK
DEBUG	[2015-10-04 14:56:45:277] <8393> DECRYPT MSG:[<?xml version="1.0" encoding="UTF-8"?>
<PaymentInfo>
  <Payment>
    <EASYPAY/>
    <HPP>
      <HPP_Num>01039778956</HPP_Num>
      <HPP_Corp>SKT</HPP_Corp>
      <HPP_ApplPrice>38900</HPP_ApplPrice>
      <HPP_ApplDate>20151004</HPP_ApplDate>
      <HPP_ApplTime>145645</HPP_ApplTime>
      <HPP_ApplNum></HPP_ApplNum>
      <HPP_ResultCode>110000</HPP_ResultCode>
      <HPP_ResultMsg urlencode="1">%C1%A4%BB%F3%C3%B3%B8%AE%B5%C7%BE%FA%BD%C0%B4%CF%B4%D9.</HPP_ResultMsg>
    </HPP>
  </Payment>
</PaymentInfo>]
INFO	[2015-10-04 14:56:45:278] <8393> DECRYPT PARSE OK
INFO	[2015-10-04 14:56:45:278] <8393> WAIT ACK INVOKING
DEBUG	[2015-10-04 14:56:45:278] <8393> MAKE HEAD OK
INFO	[2015-10-04 14:56:45:315] <8393> SUCCESS ACK INVOKING
INFO	[2015-10-04 14:56:45:315] <8393> END securepay 정상처리되었습니다. Laptime:[0.507sec]
INFO	[2015-10-04 14:56:45:315] <8393> ===============================================================
INFO	[2015-10-04 22:54:47:719] <14013> START INIPHP chkfake (V5036-141209)(OS:Linux3.14.44-32.39.amzn1.x86_64,PHP:5.3.29)
DEBUG	[2015-10-04 22:54:47:719] <14013> inipayhome:/var/www/html/nsale/shop/inicis
DEBUG	[2015-10-04 22:54:47:719] <14013> debug:false
DEBUG	[2015-10-04 22:54:47:719] <14013> type:chkfake
DEBUG	[2015-10-04 22:54:47:719] <14013> enctype:asym
DEBUG	[2015-10-04 22:54:47:719] <14013> admin:1111
DEBUG	[2015-10-04 22:54:47:719] <14013> checkopt:false
DEBUG	[2015-10-04 22:54:47:719] <14013> mid:nsalecokr0
DEBUG	[2015-10-04 22:54:47:719] <14013> price:25800
DEBUG	[2015-10-04 22:54:47:719] <14013> nointerest:no
DEBUG	[2015-10-04 22:54:47:719] <14013> quotabase:선택:일시불:2개월:3개월:4개월:5개월:6개월:7개월:8개월:9개월:10개월:11개월:12개월
INFO	[2015-10-04 22:54:47:719] <14013> Check Field OK
INFO	[2015-10-04 22:54:47:719] <14013> MERCHANT PRIV KEY LOAD OK
INFO	[2015-10-04 22:54:47:719] <14013> MERCHANT PUB KEY LOAD OK []
INFO	[2015-10-04 22:54:47:720] <14013> CHKFAKE KEY MAKE OK:MjAxNTEwMDQyMjU0NDc3MTk0Nzg2MA==

INFO	[2015-10-04 22:54:47:720] <14013> END chkfake  Laptime:[0.001sec]
INFO	[2015-10-04 22:54:47:720] <14013> ===============================================================
INFO	[2015-10-04 22:55:24:100] <8460> START INIPHP securepay (V5036-141209)(OS:Linux3.14.44-32.39.amzn1.x86_64,PHP:5.3.29)
DEBUG	[2015-10-04 22:55:24:100] <8460> inipayhome:/var/www/html/nsale/shop/inicis
DEBUG	[2015-10-04 22:55:24:100] <8460> debug:false
DEBUG	[2015-10-04 22:55:24:100] <8460> type:securepay
DEBUG	[2015-10-04 22:55:24:100] <8460> pgid:INIphpISP_
DEBUG	[2015-10-04 22:55:24:100] <8460> subpgip:203.238.3.10
DEBUG	[2015-10-04 22:55:24:100] <8460> admin:1111
DEBUG	[2015-10-04 22:55:24:100] <8460> uid:
DEBUG	[2015-10-04 22:55:24:100] <8460> goodname:닥터훅 밀대 청소기
DEBUG	[2015-10-04 22:55:24:100] <8460> currency:WON
DEBUG	[2015-10-04 22:55:24:100] <8460> mid:nsalecokr0
DEBUG	[2015-10-04 22:55:24:100] <8460> rn:MjAxNTEwMDQyMjU0NDc3MTk0Nzg2MA==

DEBUG	[2015-10-04 22:55:24:100] <8460> price:25800
DEBUG	[2015-10-04 22:55:24:100] <8460> enctype:
DEBUG	[2015-10-04 22:55:24:100] <8460> buyername:지귀숙
DEBUG	[2015-10-04 22:55:24:100] <8460> buyertel:01092298678
DEBUG	[2015-10-04 22:55:24:100] <8460> buyeremail:ssonjiz00@hanmail.net
DEBUG	[2015-10-04 22:55:24:100] <8460> paymethod:VCard
DEBUG	[2015-10-04 22:55:24:100] <8460> encrypted:Version=4.1&PayMethod=VCard&RsaKeyNum=1&EncryptionAlgorithm=NONE&SignAlgorithm=SHA1WithRSAEncryption&CertVer=39&moid=2015100422540100&ver_trace=main(6097,6059)vcard(6093)card(6141,6123)n(6009)Cs(6025)Dt(6002)Pa(6002)Cf(6024)Fv(0000)La(6156)Re(6106)Vr(6007)P(6034)en(6054)&pg1=203.238.37.3&pg2=211.219.96.180&pg1ip=203.238.37.3&pg2ip=211.219.96.180&agreeflag=1111&rn=3/jEtW4vBAld+gyB2M0LR5KrmOlzjDze6HQEMraCizo=
&VCode=050204040090881&VQuota=00&VNoint=0&ip=210.90.156.113&mac=002421E1E870&cardpoint=9&custemail=ssonjiz00@hanmail.net&price=4uDsrkVGc0sojm3e9sgrB7OBpLxSv2re
&below1000=0&encisp=0&pgnoint=0&VKBPoint=&VSessionKey=A6qRcgeGqmzxWxwg6MfhEcDWg4gyW8lmZycdaDIJDtNM2ssoprWsvw46NIkKL3Ck%0d%0ayRHUBTf2pAO7jjtGjQtL76Z02qzyDmwrle80OXTz3JLkbcs0REcnAm4DSTiUpRWY%0d%0aw3UfwDCH%2f2dkzNiHk0qhxQLv4EUEB%2f89v1iufcc7sQY%3d%0d%0a&Data=Version%3d1.0%26KeyFlag%3d1%26KeyNum%3d1%26EncryptAlgorithm%3dSEED%2dCBC%26SignAlgorithm%3d%26Data%3dSVHjizGe1HEb9KVW2E5qR%252bg0itdhOScg7ELJ5BrHBAdWqEizhYmtd%2fUAW0I%252bKMAA%250a7rA500mhPPhkFK9cixbccEQr8fP2UFpY1F9U5pDEV11nBFVzI4tyRgvh7xBQMwCd%250avPkml0%252bkqyzuVw3kPHDbnKDtFassx9P9zhJSgUJBoCfPrWsuNie8ExSYOHHHXg17%250aZMYCaDElcFYuwoN%2fHkhgi7%2fn1%252bqkbdCWS4S1BytnheTf5ZNSKAOZFwyc%2fwZzkf21%250aeosfDs52pcmHGD6CXLWLbdinOUertfEZ37oiTUlqUFQFbDAxypFD1biXua9c5AAl%250ajkBjQJCm3vR%252bYtzgjIBgn11RJQOVrf%2fjRbmMxGjpdaNbRr4lvuayRtfRoyszM1Sp%250aev7Y3TBUgj8D6222FWQzAyr94143TCD1phTPd78FYfWRPq%252b%252beh3eK51%2fwbvdTnDg%250aDFxudaeljOJ22oOpxSHi6aTGofBRXzsWAiQs9e1e3JrDCjAKUGTRpsXctO3%2fehrU%250aWztvQr89cXxrZbYtQIXVEDwbWyOSebOkmQMRNE7JLyI4JkN7%252boUsVeQKcG6%252bOAX7%250aslItx%252bqGzcQSeacMdEl1Sf9Fi8vuwoT8x6%252bczHl0sDKW61lWDCPc1afZC1wuZwed%250aUEuqIonFmx4mIlpTcggkcnXtcMo%252bkvdm5kn9ub7%2fqF22zhibye%252bOrAlftw2HnBQv%250an0wEXzLUSgOil4H%2fWXyY4UhxS9%252bCCSBGafZVDWxKg%252b7%252bcV22vF9BCV1RZ93%252bn0oN%250aQmTCUb2a7dL5ZZWGDb6xV%2f79aWKOxFtioZ7o85mvq2ux0Kk3tCbaLIASr7OC3p6l%250aQNAOcK8O2hzJOeu3KnJbyvVKivJD6rzDTgA13fz%252b8k%2fB5UJp5Djiwl1T8A%252bY7ctw%250a%26PubCert%3d&ts=151004225537MxgKwnSrd2yahn6DAq3T1Q007995&src_flg=0&OSv=IE9_Win7 6.01.7601 SP1 Professional_64B (CDN) (notray:J) [nsalecokr0] (61_secuni_npapi)&ip2=210.90.156.113
DEBUG	[2015-10-04 22:55:24:100] <8460> sessionkey:VCard
DEBUG	[2015-10-04 22:55:24:100] <8460> url:http://www.nsale.co.kr
DEBUG	[2015-10-04 22:55:24:100] <8460> cardcode:06
DEBUG	[2015-10-04 22:55:24:100] <8460> parentemail:
DEBUG	[2015-10-04 22:55:24:100] <8460> recvname:지귀숙
DEBUG	[2015-10-04 22:55:24:100] <8460> recvtel:01092298678
DEBUG	[2015-10-04 22:55:24:100] <8460> recvaddr:경기 성남시 중원구 여수동 600 309-809
DEBUG	[2015-10-04 22:55:24:100] <8460> recvpostnum:13436
DEBUG	[2015-10-04 22:55:24:100] <8460> recvmsg:
DEBUG	[2015-10-04 22:55:24:100] <8460> joincard:
DEBUG	[2015-10-04 22:55:24:100] <8460> joinexpire:
DEBUG	[2015-10-04 22:55:24:100] <8460> id_customer:
INFO	[2015-10-04 22:55:24:100] <8460> Check Field OK
INFO	[2015-10-04 22:55:24:100] <8460> Make TID OK INIphpISP_nsalecokr020151004225524009736
INFO	[2015-10-04 22:55:24:100] <8460> PI PUB KEY LOAD OK [39]
INFO	[2015-10-04 22:55:24:101] <8460> PG PUB KEY LOAD OK [30]
INFO	[2015-10-04 22:55:24:101] <8460> MERCHANT PRIV KEY LOAD OK
INFO	[2015-10-04 22:55:24:101] <8460> MERCHANT PUB KEY LOAD OK [0]
INFO	[2015-10-04 22:55:24:102] <8460> MAKE BODY OK
INFO	[2015-10-04 22:55:24:102] <8460> SIGN OK
INFO	[2015-10-04 22:55:24:102] <8460> MAKE HEAD OK
INFO	[2015-10-04 22:55:24:102] <8460> MSG_TO_PG:[0403800175R SHA1                   0                  39                  300200nsalecokr0               25800INIphpISP_nsalecokr020151004225524009736<?xml version="1.0" encoding="UTF-8"?>
<INIpay>
	  <GoodsInfo>
	    <GoodsCnt>1</GoodsCnt>
	    <MOID/>
	    <Currency>WON</Currency>
	    <Tax/>
	    <TaxFree/>
	    <Goods>
	      <SMID>nsalecokr0</SMID>
	      <GoodsName urlencode="1">%B4%DA%C5%CD%C8%C5+%B9%D0%B4%EB+%C3%BB%BC%D2%B1%E2</GoodsName>
	      <GoodsPrice>25800</GoodsPrice></Goods></GoodsInfo>
	  <BuyerInfo>
	    <BuyerName urlencode="1">%C1%F6%B1%CD%BC%F7</BuyerName>
	    <BuyerTel>01092298678</BuyerTel>
	    <BuyerEmail urlencode="1">ssonjiz00%40hanmail.net</BuyerEmail>
	    <ParentEmail/>
	    <RecvName urlencode="1">%C1%F6%B1%CD%BC%F7</RecvName>
	    <RecvTel urlencode="1">01092298678</RecvTel>
	    <RecvMsg/>
	    <RecvAddr urlencode="1">%B0%E6%B1%E2+%BC%BA%B3%B2%BD%C3+%C1%DF%BF%F8%B1%B8+%BF%A9%BC%F6%B5%BF+600+309-809</RecvAddr>
	    <RecvPostNum urlencode="1">13436</RecvPostNum></BuyerInfo>
	  <PaymentInfo>
	    <Payment>
	      <PayMethod>VCard</PayMethod>
	      <JoinCard/>
	      <JoinExpire/>
	      <MailOrder/>
	      <SessionKey>VCard</SessionKey>
	      <Encrypted urlencode="1">Version%3D4.1%26PayMethod%3DVCard%26RsaKeyNum%3D1%26EncryptionAlgorithm%3DNONE%26SignAlgorithm%3DSHA1WithRSAEncryption%26CertVer%3D39%26moid%3D2015100422540100%26ver_trace%3Dmain%286097%2C6059%29vcard%286093%29card%286141%2C6123%29n%286009%29Cs%286025%29Dt%286002%29Pa%286002%29Cf%286024%29Fv%280000%29La%286156%29Re%286106%29Vr%286007%29P%286034%29en%286054%29%26pg1%3D203.238.37.3%26pg2%3D211.219.96.180%26pg1ip%3D203.238.37.3%26pg2ip%3D211.219.96.180%26agreeflag%3D1111%26rn%3D3%2FjEtW4vBAld%2BgyB2M0LR5KrmOlzjDze6HQEMraCizo%3D%0D%0A%26VCode%3D050204040090881%26VQuota%3D00%26VNoint%3D0%26ip%3D210.90.156.113%26mac%3D002421E1E870%26cardpoint%3D9%26custemail%3Dssonjiz00%40hanmail.net%26price%3D4uDsrkVGc0sojm3e9sgrB7OBpLxSv2re%0D%0A%26below1000%3D0%26encisp%3D0%26pgnoint%3D0%26VKBPoint%3D%26VSessionKey%3DA6qRcgeGqmzxWxwg6MfhEcDWg4gyW8lmZycdaDIJDtNM2ssoprWsvw46NIkKL3Ck%250d%250ayRHUBTf2pAO7jjtGjQtL76Z02qzyDmwrle80OXTz3JLkbcs0REcnAm4DSTiUpRWY%250d%250aw3UfwDCH%252f2dkzNiHk0qhxQLv4EUEB%252f89v1iufcc7sQY%253d%250d%250a%26Data%3DVersion%253d1.0%2526KeyFlag%253d1%2526KeyNum%253d1%2526EncryptAlgorithm%253dSEED%252dCBC%2526SignAlgorithm%253d%2526Data%253dSVHjizGe1HEb9KVW2E5qR%25252bg0itdhOScg7ELJ5BrHBAdWqEizhYmtd%252fUAW0I%25252bKMAA%25250a7rA500mhPPhkFK9cixbccEQr8fP2UFpY1F9U5pDEV11nBFVzI4tyRgvh7xBQMwCd%25250avPkml0%25252bkqyzuVw3kPHDbnKDtFassx9P9zhJSgUJBoCfPrWsuNie8ExSYOHHHXg17%25250aZMYCaDElcFYuwoN%252fHkhgi7%252fn1%25252bqkbdCWS4S1BytnheTf5ZNSKAOZFwyc%252fwZzkf21%25250aeosfDs52pcmHGD6CXLWLbdinOUertfEZ37oiTUlqUFQFbDAxypFD1biXua9c5AAl%25250ajkBjQJCm3vR%25252bYtzgjIBgn11RJQOVrf%252fjRbmMxGjpdaNbRr4lvuayRtfRoyszM1Sp%25250aev7Y3TBUgj8D6222FWQzAyr94143TCD1phTPd78FYfWRPq%25252b%25252beh3eK51%252fwbvdTnDg%25250aDFxudaeljOJ22oOpxSHi6aTGofBRXzsWAiQs9e1e3JrDCjAKUGTRpsXctO3%252fehrU%25250aWztvQr89cXxrZbYtQIXVEDwbWyOSebOkmQMRNE7JLyI4JkN7%25252boUsVeQKcG6%25252bOAX7%25250aslItx%25252bqGzcQSeacMdEl1Sf9Fi8vuwoT8x6%25252bczHl0sDKW61lWDCPc1afZC1wuZwed%25250aUEuqIonFmx4mIlpTcggkcnXtcMo%25252bkvdm5kn9ub7%252fqF22zhibye%25252bOrAlftw2HnBQv%25250an0wEXzLUSgOil4H%252fWXyY4UhxS9%25252bCCSBGafZVDWxKg%25252b7%25252bcV22vF9BCV1RZ93%25252bn0oN%25250aQmTCUb2a7dL5ZZWGDb6xV%252f79aWKOxFtioZ7o85mvq2ux0Kk3tCbaLIASr7OC3p6l%25250aQNAOcK8O2hzJOeu3KnJbyvVKivJD6rzDTgA13fz%25252b8k%252fB5UJp5Djiwl1T8A%25252bY7ctw%25250a%2526PubCert%253d%26ts%3D151004225537MxgKwnSrd2yahn6DAq3T1Q007995%26src_flg%3D0%26OSv%3DIE9_Win7+6.01.7601+SP1+Professional_64B+%28CDN%29+%28notray%3AJ%29+%5Bnsalecokr0%5D+%2861_secuni_npapi%29%26ip2%3D210.90.156.113</Encrypted></Payment></PaymentInfo>
	  <ReservedInfo>
	    <MReserved1/>
	    <MReserved2/>
	    <MReserved3/></ReservedInfo>
	  <ManageInfo>
	    <Language/>
	    <URL urlencode="1">http%3A%2F%2Fwww.nsale.co.kr</URL>
	    <TXVersion>5036B141209securLinux     PHPchkfake   3.14.44-32.39.amzn1.x86_64PHP:</TXVersion>
	    <TXUserID/>
	    <TXRegNum/>
	    <Ack>1</Ack>
	    <TXRN>MjAxNTEwMDQyMjU0NDc3MTk0Nzg2MA==
</TXRN></ManageInfo></INIpay>ARUvetrCp4BN3AJmFCtdtKnCA6o+1ZGX8aX4Z1dQe+rxHew+sFxLL6BAJYU390qt
36UCxac7TEZxtv/EgEddcvhUo9WD98KdhAk4twQC8XH68kQeGPekzZGQky0bp6aI
PM6mpIYIQ8FDSqHoB+0osTmMsUKnDzwfBaIEB/cH7CdJ
]
INFO	[2015-10-04 22:55:24:102] <8460> DNS LOOKUP OK(203.238.37.3:203.238.37.3:34049) laptime:0
INFO	[2015-10-04 22:55:24:140] <8460> SOCKET CONNECT OK
INFO	[2015-10-04 22:55:24:141] <8460> SEND OK
INFO	[2015-10-04 22:55:25:93] <8460> RECV OK
INFO	[2015-10-04 22:55:25:93] <8460> MSG_FROM_PG:[0281000175D SHA1                   0                  39                  300210nsalecokr0               25800INIphpISP_nsalecokr020151004225524009736<?xml version="1.0" encoding="UTF-8"?>
<INIpay>
  <GoodsInfo>
    <GoodsCnt>1</GoodsCnt>
    <MOID urlencode="1">2015100422540100</MOID>
    <Currency>WON</Currency>
    <Goods no="1">
      <SMID>nsalecokr0</SMID>
      <GoodsName urlencode="1">%B4%DA%C5%CD%C8%C5+%B9%D0%B4%EB+%C3%BB%BC%D2%B1%E2</GoodsName>
      <GoodsCntS>1</GoodsCntS>
      <GoodsPrice>25800</GoodsPrice>
    </Goods>
  </GoodsInfo>
  <PaymentInfo>
    <Payment>
      <SessionKey>AK4MV/hO+QgePzz6d6pLrAQVTAl6K0vKo0/Z8+n9gNCApu9VSyYIUcIm3YRKa1mJ
xmuffDbguD3MluI5n2UgEEPtlHaDoFcW6LTi3KK/by5mpDabrG/ri6IyeIboFgYt
+AqQGNQP2anqRJcsu1HzatJ2r8S9Zj8+DfMCWeMvVVIedTggxfP0TxQ=
</SessionKey>
      <Encrypted>IiWaAPzkVpDLmpbtOOkAx7qG5ZkvguLz6aIhWUgVpMTZGo2XS93y80PCcSfDe/CM
DH5460UF1/ORYkOQbmu8bQSqwhu8fUlAJaIzpbrdN1plX1n9+z0rj7xQ822a+3Gf
ujutgR5PaWwk99vXvef9w+GtvwmrXqXm5s65FbNUKBsONNmjP/GLfiYPshfIRccw
fesDriQcUhISlOBb8EMjMHiGfyQojoHZfDJs74QiwXAFpBWyqeoA1xW+W83wCu6Z
+ExZueHsWDas+6Lz+Z9Hx4vVIi9wKCURG4kMIoZ1Q1xlgQH6JNahCXiTw4Co1MwO
ZrvZxfdcwU9sgRMT8UNEWRCgPwt/5VNSWZHiTKezYk+kpGbXSmWN9Av9L4/SgYzJ
jkN43eiUr82WtmERZcIKJQdNsuGkd5W8yNA3okqH5y1s7pjBTdRLG+3qZTjp9F9P
/2CCtwaJonC5H3uxU6+j7qwPRktyGnMpzQCR6yUFh4ZBxx+yZDe2F8a7+sXa61dp
MFiD0MhboJjBtNQmeyziqWa5eT39VPhG7Su4qwLPMh8zz+MtQRx2DDfIfcUjrhlH
qaXkAmJUVdFeXkzw0VkyXuXESR0UtlHe0Ihku8+DGRv0BENzz2B1zWrZklTatJJo
ydA/u5ZqhEs7BBHf4E1W+VqQ9lxVY7yuJrRx+kZk00ifv7QqZlGTbnPbsFHqWfWg
wQoBx4Q7+wpZOcER7D4/rFZPfOrC8NjO9kKJIzjM98dvsX//Z8PcCpgPv390yqSL
iqVXfg1KZK4W66+F3jDPDT+cuAeD3zSofrSawPSMtsy5zQfXWBy2k+LBSxcxzzPd
7S1hpGsFCzll58tMPKT5vDjTk4vcUVVXKrn7BxpeFQaiDaBspW688j9T0t/bKnCV
RcT7wz812U1jaLzBi4RhokkUwdkv5O7Q6Gr5WcAp93r7vZYmPMfzaWQ9x1kcu8x/
F8q1+/qW21CXO+Xdgb4OHWUNqMTHRMH24cQaoLf9Aw1yt7u27GigR+TEKi6Jc38X
iWehCrdb/sf8QAzxTojl6jBdIKTrXJ8iWqlKFD7YmIegB65aV1evpeKK7yHLgK3E
1ymci07Es+wtD57g7Dv10Kz3c4jdeJtLTU2fZPzEbKvKphdanMJK1e+98ATXbbVN
Zxe1gx7decEpGwoK5ZBkNVDdtmc3lMfTX0aKm+4+KiOJvq5u30yi4Vu4r/pqemZ/
WoSZzTwFXBCmV46XjoVVQEfQvsxJUuwwbTUu+/jujnAneYXc5aaXfxXOZ0EFrdxV
bkUCamzfn7+Qs7CeOXmqOyr7qEpLltN39XDkK4w9cpSKwFhMC54JQcs9hCmh6Vfv
hl5LxJbLKZHCLVhgRWDAgA9fdmA4SMEFRpXJfB39VRBAixO6raU5NYRp6lMSTRE/
uL4hpLEsCrgNDghYBbIw8XmTgyaMDNLoDDBBLlhCLgyM+xszASKLGg==
</Encrypted>
      <PayMethod>VCard</PayMethod>
      <ResultCode>170000</ResultCode>
      <ResultMsg urlencode="1">%C1%A4%BB%F3%BF%CF%B7%E1</ResultMsg>
    </Payment>
  </PaymentInfo>
  <ManageInfo>
    <EventCode></EventCode>
    <OrgCurrency></OrgCurrency>
    <ExchangeRate></ExchangeRate>
    <OrgPrice></OrgPrice>
  </ManageInfo>
  <ReservedInfo>
    <MReserved1 urlencode="1"></MReserved1>
    <MReserved2 urlencode="1"></MReserved2>
    <MReserved3 urlencode="1"></MReserved3>
    <PGReserved1 urlencode="1"></PGReserved1>
    <PGReserved2 urlencode="1"></PGReserved2>
    <PGReserved3 urlencode="1"></PGReserved3>
  </ReservedInfo>
</INIpay>
EvpsbjNqIGDQTuxpvBI2OhzHBCoPdKf6cZblz2YnNYIUiEWJutxvtrxPy+qA52H9
xolJDPMQDcPfOMoAJpZFH9KLFMsgW3Z25/J0kptGCjqtolY6p/73LOubkVYZW/Ck
U9I8tf3smTpBKPJjA4bfReE9or3N54uz+aECopSDBLs=
]
INFO	[2015-10-04 22:55:25:93] <8460> VERIFY OK
INFO	[2015-10-04 22:55:25:93] <8460> PARSE HEAD OK
INFO	[2015-10-04 22:55:25:94] <8460> PARSE BODY OK
INFO	[2015-10-04 22:55:25:96] <8460> DECRYPT OK
DEBUG	[2015-10-04 22:55:25:96] <8460> DECRYPT MSG:[<?xml version="1.0" encoding="UTF-8"?>
<PaymentInfo>
  <Payment>
    <EASYPAY/>
    <VCard>
      <ISP_ApplPrice>25800</ISP_ApplPrice>
      <ISP_BankCode>04</ISP_BankCode>
      <ISP_Quota>00</ISP_Quota>
      <ISP_Interest>0</ISP_Interest>
      <ISP_CardCode>06</ISP_CardCode>
      <ISP_CardNum>54092602****</ISP_CardNum>
      <ISP_Point></ISP_Point>
      <ISP_ApplDate>20151004</ISP_ApplDate>
      <ISP_ApplTime>225524</ISP_ApplTime>
      <ISP_ApplNum>30064529</ISP_ApplNum>
      <ISP_TerminalNum>0198732000</ISP_TerminalNum>
      <ISP_MemberNum></ISP_MemberNum>
      <ISP_PurchaseCode></ISP_PurchaseCode>
      <ISP_ResultCode>170000</ISP_ResultCode>
      <ISP_ResultMsg urlencode="1">%C1%A4%BB%F3%BF%CF%B7%E1</ISP_ResultMsg>
      <ISP_PrtcCode>1</ISP_PrtcCode>
      <ISP_Quota_Point>00</ISP_Quota_Point>
      <ISP_CheckFlag>0</ISP_CheckFlag>
      <ISP_PurchaseName urlencode="1"></ISP_PurchaseName>
      <ISP_IssuerName urlencode="1"></ISP_IssuerName>
      <ISP_UsePoint></ISP_UsePoint>
      <ISP_CouponOnlyMer></ISP_CouponOnlyMer>
    </VCard>
  </Payment>
</PaymentInfo>]
INFO	[2015-10-04 22:55:25:97] <8460> DECRYPT PARSE OK
INFO	[2015-10-04 22:55:25:98] <8460> WAIT ACK INVOKING
DEBUG	[2015-10-04 22:55:25:98] <8460> MAKE HEAD OK
INFO	[2015-10-04 22:55:25:136] <8460> SUCCESS ACK INVOKING
INFO	[2015-10-04 22:55:25:136] <8460> END securepay 정상완료 Laptime:[1.036sec]
INFO	[2015-10-04 22:55:25:136] <8460> ===============================================================
