INFO	[2015-09-28 11:21:32:129] <2460> START INIPHP chkfake (V5036-141209)(OS:Linux3.14.44-32.39.amzn1.x86_64,PHP:5.3.29)
DEBUG	[2015-09-28 11:21:32:129] <2460> inipayhome:/var/www/html/nsale/shop/inicis
DEBUG	[2015-09-28 11:21:32:129] <2460> debug:false
DEBUG	[2015-09-28 11:21:32:129] <2460> type:chkfake
DEBUG	[2015-09-28 11:21:32:129] <2460> enctype:asym
DEBUG	[2015-09-28 11:21:32:129] <2460> admin:1111
DEBUG	[2015-09-28 11:21:32:129] <2460> checkopt:false
DEBUG	[2015-09-28 11:21:32:129] <2460> mid:nsalecokr0
DEBUG	[2015-09-28 11:21:32:129] <2460> price:19800
DEBUG	[2015-09-28 11:21:32:129] <2460> nointerest:no
DEBUG	[2015-09-28 11:21:32:129] <2460> quotabase:선택:일시불:2개월:3개월:4개월:5개월:6개월:7개월:8개월:9개월:10개월:11개월:12개월
INFO	[2015-09-28 11:21:32:129] <2460> Check Field OK
INFO	[2015-09-28 11:21:32:129] <2460> MERCHANT PRIV KEY LOAD OK
INFO	[2015-09-28 11:21:32:129] <2460> MERCHANT PUB KEY LOAD OK []
INFO	[2015-09-28 11:21:32:130] <2460> CHKFAKE KEY MAKE OK:MjAxNTA5MjgxMTIxMzIxMjkzMjQzNw==

INFO	[2015-09-28 11:21:32:130] <2460> END chkfake  Laptime:[0.001sec]
INFO	[2015-09-28 11:21:32:130] <2460> ===============================================================
INFO	[2015-09-28 11:21:45:798] <8687> START INIPHP chkfake (V5036-141209)(OS:Linux3.14.44-32.39.amzn1.x86_64,PHP:5.3.29)
DEBUG	[2015-09-28 11:21:45:798] <8687> inipayhome:/var/www/html/nsale/shop/inicis
DEBUG	[2015-09-28 11:21:45:798] <8687> debug:false
DEBUG	[2015-09-28 11:21:45:798] <8687> type:chkfake
DEBUG	[2015-09-28 11:21:45:798] <8687> enctype:asym
DEBUG	[2015-09-28 11:21:45:798] <8687> admin:1111
DEBUG	[2015-09-28 11:21:45:798] <8687> checkopt:false
DEBUG	[2015-09-28 11:21:45:798] <8687> mid:nsalecokr0
DEBUG	[2015-09-28 11:21:45:798] <8687> price:19800
DEBUG	[2015-09-28 11:21:45:798] <8687> nointerest:no
DEBUG	[2015-09-28 11:21:45:798] <8687> quotabase:선택:일시불:2개월:3개월:4개월:5개월:6개월:7개월:8개월:9개월:10개월:11개월:12개월
INFO	[2015-09-28 11:21:45:798] <8687> Check Field OK
INFO	[2015-09-28 11:21:45:798] <8687> MERCHANT PRIV KEY LOAD OK
INFO	[2015-09-28 11:21:45:799] <8687> MERCHANT PUB KEY LOAD OK []
INFO	[2015-09-28 11:21:45:799] <8687> CHKFAKE KEY MAKE OK:MjAxNTA5MjgxMTIxNDU3OTk2NDY5MA==

INFO	[2015-09-28 11:21:45:799] <8687> END chkfake  Laptime:[0.001sec]
INFO	[2015-09-28 11:21:45:799] <8687> ===============================================================
INFO	[2015-09-28 11:22:52:36] <2459> START INIPHP securepay (V5036-141209)(OS:Linux3.14.44-32.39.amzn1.x86_64,PHP:5.3.29)
DEBUG	[2015-09-28 11:22:52:36] <2459> inipayhome:/var/www/html/nsale/shop/inicis
DEBUG	[2015-09-28 11:22:52:36] <2459> debug:false
DEBUG	[2015-09-28 11:22:52:36] <2459> type:securepay
DEBUG	[2015-09-28 11:22:52:36] <2459> pgid:INIphpVBNK
DEBUG	[2015-09-28 11:22:52:36] <2459> subpgip:203.238.3.10
DEBUG	[2015-09-28 11:22:52:36] <2459> admin:1111
DEBUG	[2015-09-28 11:22:52:36] <2459> uid:
DEBUG	[2015-09-28 11:22:52:36] <2459> goodname:캐릭터 아동용 칫솔
DEBUG	[2015-09-28 11:22:52:36] <2459> currency:WON
DEBUG	[2015-09-28 11:22:52:36] <2459> mid:nsalecokr0
DEBUG	[2015-09-28 11:22:52:36] <2459> rn:MjAxNTA5MjgxMTIxNDU3OTk2NDY5MA==

DEBUG	[2015-09-28 11:22:52:36] <2459> price:19800
DEBUG	[2015-09-28 11:22:52:36] <2459> enctype:
DEBUG	[2015-09-28 11:22:52:36] <2459> buyername:김수창
DEBUG	[2015-09-28 11:22:52:36] <2459> buyertel:0708256145
DEBUG	[2015-09-28 11:22:52:36] <2459> buyeremail:ksc7673@daum.net
DEBUG	[2015-09-28 11:22:52:36] <2459> paymethod:VBank
DEBUG	[2015-09-28 11:22:52:36] <2459> encrypted:Version=4.1&PayMethod=VBank&RsaKeyNum=1&EncryptionAlgorithm=SEED-CBC&SignAlgorithm=RSAwithSHA1&CertVer=39&moid=2015092811143615&ver_trace=main(6097,6059)vbank(6031,6033)n(6009)Cs(6025)Dt(6002)Pa(6002)Cf(6024)Fv(0000)La(6156)Re(6106)Vr(6007)P(6034)en(6054)nP(6006)&pg1=211.219.96.180&pg2=203.238.37.3&pg1ip=211.219.96.180&pg2ip=203.238.37.3&agreeflag=1111&Data=1kpCt4I2TkMlxDroCXMnG+sxpDAvgzvqV3YT8e+9ASfszdXTc8b7ly/NCq08ZDZE
Y+45IOCW+/d9tc5duDVVRLOwjBLi1Ow89jc71CEabZdt9aLXCwsvihkw42Cu11kh
JfV42ItyboJs5yRSUSUSJUuy7jxyDMnx8+q32jQhh+21NoGKkcURqFcrWltSurPK
tgvcDIWop7D085eORIYFoVPUrlN21J9tzCotyHFQLow7G/Fh7lTdiKj23i4tK+7a
CFMAvSriZLj8/75LNPgzb4Vaij9Q9Q6p3l2J0MHEIQjRL/Q5OqazOm88SWSXh+WP
UKR1DSNQvL9E1+jlc9kWvi2T1n4acl8RogWUf3vcVGZmBI9SZj+FwEyahcO/4S+W
rBt8xdhVyugJshRN6/Sx+TFX5Y8/1On54LXHKBEfaZIB7y4pURpAcY+CokIwg5n/
Wyq1SBgrPQ3Q21EnHJDWTxYYHSUOcG/jlFVzTQ/onVY6MSXLh/ZXSrzB9/agAqs9
w3cy9wDZV1U=
DEBUG	[2015-09-28 11:22:52:36] <2459> sessionkey:JaZlQxAIdrBGdSb+5vvYmYcGynpFZjYhVMYx8xiLm/110fckXFqcsjrwhmEV6JPP
rT+E1zFbq/88VLryzoRGwAUeBG+lCt5w+tbmBAZ2zeY3owHbRaC7+fsDfkv+FoRA
FSZLY2Mb+PGefi5hX/QxSJKwAgXLKj3hQvG1ss7JDwc=
DEBUG	[2015-09-28 11:22:52:36] <2459> url:http://www.nsale.co.kr
DEBUG	[2015-09-28 11:22:52:36] <2459> cardcode:
DEBUG	[2015-09-28 11:22:52:36] <2459> parentemail:
DEBUG	[2015-09-28 11:22:52:36] <2459> recvname:김수창
DEBUG	[2015-09-28 11:22:52:36] <2459> recvtel:0708256145
DEBUG	[2015-09-28 11:22:52:36] <2459> recvaddr:광주 남구 주월동 992-36 주월스위트빌 406호  
DEBUG	[2015-09-28 11:22:52:36] <2459> recvpostnum:61605
DEBUG	[2015-09-28 11:22:52:36] <2459> recvmsg:
DEBUG	[2015-09-28 11:22:52:36] <2459> joincard:
DEBUG	[2015-09-28 11:22:52:36] <2459> joinexpire:
DEBUG	[2015-09-28 11:22:52:36] <2459> id_customer:
INFO	[2015-09-28 11:22:52:36] <2459> Check Field OK
INFO	[2015-09-28 11:22:52:36] <2459> Make TID OK INIphpVBNKnsalecokr020150928112252366033
INFO	[2015-09-28 11:22:52:36] <2459> PI PUB KEY LOAD OK [39]
INFO	[2015-09-28 11:22:52:37] <2459> PG PUB KEY LOAD OK [30]
INFO	[2015-09-28 11:22:52:37] <2459> MERCHANT PRIV KEY LOAD OK
INFO	[2015-09-28 11:22:52:37] <2459> MERCHANT PUB KEY LOAD OK [0]
INFO	[2015-09-28 11:22:52:38] <2459> MAKE BODY OK
INFO	[2015-09-28 11:22:52:39] <2459> SIGN OK
INFO	[2015-09-28 11:22:52:39] <2459> MAKE HEAD OK
INFO	[2015-09-28 11:22:52:39] <2459> MSG_TO_PG:[0279500175R SHA1                   0                  39                  300200nsalecokr0               19800INIphpVBNKnsalecokr020150928112252366033<?xml version="1.0" encoding="UTF-8"?>
<INIpay>
	  <GoodsInfo>
	    <GoodsCnt>1</GoodsCnt>
	    <MOID/>
	    <Currency>WON</Currency>
	    <Tax/>
	    <TaxFree/>
	    <Goods>
	      <SMID>nsalecokr0</SMID>
	      <GoodsName urlencode="1">%C4%B3%B8%AF%C5%CD+%BE%C6%B5%BF%BF%EB+%C4%A9%BC%D6</GoodsName>
	      <GoodsPrice>19800</GoodsPrice></Goods></GoodsInfo>
	  <BuyerInfo>
	    <BuyerName urlencode="1">%B1%E8%BC%F6%C3%A2</BuyerName>
	    <BuyerTel>0708256145</BuyerTel>
	    <BuyerEmail urlencode="1">ksc7673%40daum.net</BuyerEmail>
	    <ParentEmail/>
	    <RecvName urlencode="1">%B1%E8%BC%F6%C3%A2</RecvName>
	    <RecvTel urlencode="1">0708256145</RecvTel>
	    <RecvMsg/>
	    <RecvAddr urlencode="1">%B1%A4%C1%D6+%B3%B2%B1%B8+%C1%D6%BF%F9%B5%BF+992-36+%C1%D6%BF%F9%BD%BA%C0%A7%C6%AE%BA%F4+406%C8%A3++</RecvAddr>
	    <RecvPostNum urlencode="1">61605</RecvPostNum></BuyerInfo>
	  <PaymentInfo>
	    <Payment>
	      <PayMethod>VBank</PayMethod>
	      <JoinCard/>
	      <JoinExpire/>
	      <MailOrder/>
	      <SessionKey>JaZlQxAIdrBGdSb+5vvYmYcGynpFZjYhVMYx8xiLm/110fckXFqcsjrwhmEV6JPP
rT+E1zFbq/88VLryzoRGwAUeBG+lCt5w+tbmBAZ2zeY3owHbRaC7+fsDfkv+FoRA
FSZLY2Mb+PGefi5hX/QxSJKwAgXLKj3hQvG1ss7JDwc=</SessionKey>
	      <Encrypted urlencode="1">Version%3D4.1%26PayMethod%3DVBank%26RsaKeyNum%3D1%26EncryptionAlgorithm%3DSEED-CBC%26SignAlgorithm%3DRSAwithSHA1%26CertVer%3D39%26moid%3D2015092811143615%26ver_trace%3Dmain%286097%2C6059%29vbank%286031%2C6033%29n%286009%29Cs%286025%29Dt%286002%29Pa%286002%29Cf%286024%29Fv%280000%29La%286156%29Re%286106%29Vr%286007%29P%286034%29en%286054%29nP%286006%29%26pg1%3D211.219.96.180%26pg2%3D203.238.37.3%26pg1ip%3D211.219.96.180%26pg2ip%3D203.238.37.3%26agreeflag%3D1111%26Data%3D1kpCt4I2TkMlxDroCXMnG%2BsxpDAvgzvqV3YT8e%2B9ASfszdXTc8b7ly%2FNCq08ZDZE%0D%0AY%2B45IOCW%2B%2Fd9tc5duDVVRLOwjBLi1Ow89jc71CEabZdt9aLXCwsvihkw42Cu11kh%0D%0AJfV42ItyboJs5yRSUSUSJUuy7jxyDMnx8%2Bq32jQhh%2B21NoGKkcURqFcrWltSurPK%0D%0AtgvcDIWop7D085eORIYFoVPUrlN21J9tzCotyHFQLow7G%2FFh7lTdiKj23i4tK%2B7a%0D%0ACFMAvSriZLj8%2F75LNPgzb4Vaij9Q9Q6p3l2J0MHEIQjRL%2FQ5OqazOm88SWSXh%2BWP%0D%0AUKR1DSNQvL9E1%2Bjlc9kWvi2T1n4acl8RogWUf3vcVGZmBI9SZj%2BFwEyahcO%2F4S%2BW%0D%0ArBt8xdhVyugJshRN6%2FSx%2BTFX5Y8%2F1On54LXHKBEfaZIB7y4pURpAcY%2BCokIwg5n%2F%0D%0AWyq1SBgrPQ3Q21EnHJDWTxYYHSUOcG%2FjlFVzTQ%2FonVY6MSXLh%2FZXSrzB9%2FagAqs9%0D%0Aw3cy9wDZV1U%3D</Encrypted></Payment></PaymentInfo>
	  <ReservedInfo>
	    <MReserved1/>
	    <MReserved2/>
	    <MReserved3/></ReservedInfo>
	  <ManageInfo>
	    <Language/>
	    <URL urlencode="1">http%3A%2F%2Fwww.nsale.co.kr</URL>
	    <TXVersion>5036B141209securLinux     PHPchkfake   3.14.44-32.39.amzn1.x86_64PHP:</TXVersion>
	    <TXUserID/>
	    <TXRegNum/>
	    <Ack>1</Ack>
	    <TXRN>MjAxNTA5MjgxMTIxNDU3OTk2NDY5MA==
</TXRN></ManageInfo></INIpay>AMoY2wTqX4AXysfV8/tP6KfgY2nl9GHWctkwX5C0dETFr+k8rfG68H/YLlzpSn2t
dwfZvRZRUJSGDqiyblhBWiuwbzgZ76oOCLsJzTDCPOtEJn7yPpLqQTITjs7dPNwI
y3JdHpvo4UMUJzaDsGunPS3If+QpPco3s2w8LcAoU+eS
]
INFO	[2015-09-28 11:22:52:39] <2459> DNS LOOKUP OK(211.219.96.180:211.219.96.180:34049) laptime:0
INFO	[2015-09-28 11:22:52:75] <2459> SOCKET CONNECT OK
INFO	[2015-09-28 11:22:52:75] <2459> SEND OK
INFO	[2015-09-28 11:22:52:346] <2459> RECV OK
INFO	[2015-09-28 11:22:52:346] <2459> MSG_FROM_PG:[0253700175D SHA1                   0                  39                  300210nsalecokr0               19800INIphpVBNKnsalecokr020150928112252366033<?xml version="1.0" encoding="UTF-8"?>
<INIpay>
  <GoodsInfo>
    <GoodsCnt>1</GoodsCnt>
    <MOID urlencode="1">2015092811143615</MOID>
    <Currency>WON</Currency>
    <Goods no="1">
      <SMID>nsalecokr0</SMID>
      <GoodsName urlencode="1">%C4%B3%B8%AF%C5%CD+%BE%C6%B5%BF%BF%EB+%C4%A9%BC%D6</GoodsName>
      <GoodsCntS>1</GoodsCntS>
      <GoodsPrice>19800</GoodsPrice>
    </Goods>
  </GoodsInfo>
  <PaymentInfo>
    <Payment>
      <SessionKey>APBMN3UjWrbBhz7skf/h7YvCAVjoh3huHzcMQT1WccDqrmPJo/TARBLaH2ZkO0jX
vReT+ohWqNzEaLO3LJo00x8WNZY9Nv4S9aQfxsUmVMYE8RjxwLGFuxod+2C9xJeW
2RKjRy/CAQEcADgfj4fU7jFFLq3ouuYt88KHUOIuM9WE1oE7a6c2mYY=
</SessionKey>
      <Encrypted>olIrO5UO6xY4n35oxgA1kqJIOxhgkiDlfN5AluxhjSr1EuoUSegjoFoGNJsfXmR4
sWrEy1aqp+pjLMpGOZk2wnrXrSbQS7X6VFltP8IWFXTWwJRH+zTllg+D+2gBiNUC
UBuX3Gnd/L9hBQsHPgFVNGHiwkpOcycRSL1y3LmBEoqJxBpT+5N6NQ7wl1RyF9iW
wMX0hwZMY0CNHeqvhmQ9RC2NVEdFEoDqWjASCVgY8lcE8Ljm9Lj6PioZese6NOJu
mXzRfmXvVyFBPwJlhmi8YIcmqbQtY47iERnEUzuQqKEcsjL59rSQHquODQ+KSUZX
m+r7vngfKPWs2fMjE1lvrhmR2cOtxjNj6pyhYodMNmLYteWyAkKHcPC6ifpaZndl
MFgtxKgu+awassSFXwRxMUjQq/INyaP0+Q8i4g0BTxDZM8UqVPRNOI3TekIGrLNm
b0PEmgQNgI3V/v5mc2sUQ/sQfrbNeW8cZn6rcs4bAzMNi/PM0dxIvt5t3Pnq+emi
ctg9mudwoHZ2xqTpsgp4CGT7jfXPIyf+1icoHe03yPULjIXyVq6Lp71OLEBA/GaL
Z4daRLSjujdvP7fWdprQhOXjhCjWaIeT+iBCV6/u6WTXUI9K3lc+Fm8E7T5WXOrp
RdAdzbjqRLJLlj6Pv9ghbAXJQO4zTZJlBM2TI5e76t0aoeWjf2X3BjgAUBrR74rQ
0HK3F/1+kHI7UWBueRKLfz98p2cil4UbbJiIwi3fyHixsMo7BgKVoSLm2zWhC9o/
j6fG71Ch26UwwpAUlGlTzY7JgEx/MExvgIPjeqCGqbVUwWsP4b74p0n3//PGz09r
EoO3/OxB6uJeug49a+z39QwR3eenKOgZoy9yraOpS9EEDmX+LNyMHSHe5BvXZftE
uxAhJ8vMODjfcl85GFN6DAyn16l0T+A935CxpiVbDgYpkJwKt482IqyWopxuJwdC
VBH7i/1GU4OroBXwDsExxN6NhrPEn6RiR5bWQaNs8R/eMOgmv5BQut378IoXflLF
V9B5Fp1jzjb4bJkaBNuDlmIYwQgK/S4ksfyWj1Dmv+mYou9TvYEw6XOnxP7QdAc3
SWcFQrIkIUqoyURVWhmqJAC1d/H8kNRytPU6aPIC3R8jTSJ/04AZurAyQCflCHOB
s+YqKJ/MahI=
</Encrypted>
      <PayMethod>VBank</PayMethod>
      <ResultCode>170000</ResultCode>
      <ResultMsg urlencode="1">%C1%A4%BB%F3%C3%B3%B8%AE%B5%C7%BE%FA%BD%C0%B4%CF%B4%D9.</ResultMsg>
    </Payment>
  </PaymentInfo>
  <ManageInfo>
    <EventCode></EventCode>
    <OrgCurrency></OrgCurrency>
    <ExchangeRate></ExchangeRate>
    <OrgPrice></OrgPrice>
  </ManageInfo>
  <ReservedInfo>
    <MReserved1 urlencode="1"></MReserved1>
    <MReserved2 urlencode="1"></MReserved2>
    <MReserved3 urlencode="1"></MReserved3>
    <PGReserved1 urlencode="1"></PGReserved1>
    <PGReserved2 urlencode="1"></PGReserved2>
    <PGReserved3 urlencode="1"></PGReserved3>
  </ReservedInfo>
</INIpay>
CL15zwPyZQx9msc89JlSkUxZT0jncBvPAlzMeSfNbLXR3GqzIksWOcHY6hu8SauZ
fwRBJRWl9cHEr+11biN9ZW5YvxqlDGM+B9hDYQwGEi1DtF6ulGU2oYjUZMnqLP96
/MriiTiCwzUQ5asJfb5gPWPF9mG2RVesd/LJoimmcDk=
]
INFO	[2015-09-28 11:22:52:346] <2459> VERIFY OK
INFO	[2015-09-28 11:22:52:346] <2459> PARSE HEAD OK
INFO	[2015-09-28 11:22:52:347] <2459> PARSE BODY OK
INFO	[2015-09-28 11:22:52:348] <2459> DECRYPT OK
DEBUG	[2015-09-28 11:22:52:348] <2459> DECRYPT MSG:[<?xml version="1.0" encoding="UTF-8"?>
<PaymentInfo>
  <Payment>
    <EASYPAY/>
    <VBank>
      <VACT_Num>79010581326651</VACT_Num>
      <VACT_BankCode>11</VACT_BankCode>
      <VACT_Date>20151005</VACT_Date>
      <VACT_Time></VACT_Time>
      <VACT_InputName urlencode="1">%B1%E8%BC%F6%C3%A2</VACT_InputName>
      <VACT_Name urlencode="1">%BF%CD%BF%EC%BA%A5%C3%B3%BD%BA</VACT_Name>
      <VACT_RefundName urlencode="1"></VACT_RefundName>
      <VACT_RefundBankCode></VACT_RefundBankCode>
      <VACT_RefundNum></VACT_RefundNum>
      <VACT_ApplPrice>19800</VACT_ApplPrice>
      <VACT_ApplDate>20150928</VACT_ApplDate>
      <VACT_ApplTime>112252</VACT_ApplTime>
      <VACT_ResultCode>170000</VACT_ResultCode>
      <VACT_ResultMsg urlencode="1">%C1%A4%BB%F3%C3%B3%B8%AE%B5%C7%BE%FA%BD%C0%B4%CF%B4%D9.</VACT_ResultMsg>
    </VBank>
  </Payment>
</PaymentInfo>]
INFO	[2015-09-28 11:22:52:349] <2459> DECRYPT PARSE OK
INFO	[2015-09-28 11:22:52:349] <2459> WAIT ACK INVOKING
DEBUG	[2015-09-28 11:22:52:349] <2459> MAKE HEAD OK
INFO	[2015-09-28 11:22:52:385] <2459> SUCCESS ACK INVOKING
INFO	[2015-09-28 11:22:52:385] <2459> END securepay 정상처리되었습니다. Laptime:[0.35sec]
INFO	[2015-09-28 11:22:52:386] <2459> ===============================================================
INFO	[2015-09-28 12:10:33:611] <8729> START INIPHP chkfake (V5036-141209)(OS:Linux3.14.44-32.39.amzn1.x86_64,PHP:5.3.29)
DEBUG	[2015-09-28 12:10:33:611] <8729> inipayhome:/var/www/html/nsale/shop/inicis
DEBUG	[2015-09-28 12:10:33:611] <8729> debug:false
DEBUG	[2015-09-28 12:10:33:611] <8729> type:chkfake
DEBUG	[2015-09-28 12:10:33:611] <8729> enctype:asym
DEBUG	[2015-09-28 12:10:33:611] <8729> admin:1111
DEBUG	[2015-09-28 12:10:33:611] <8729> checkopt:false
DEBUG	[2015-09-28 12:10:33:611] <8729> mid:nsalecokr0
DEBUG	[2015-09-28 12:10:33:611] <8729> price:28900
DEBUG	[2015-09-28 12:10:33:611] <8729> nointerest:no
DEBUG	[2015-09-28 12:10:33:611] <8729> quotabase:선택:일시불:2개월:3개월:4개월:5개월:6개월:7개월:8개월:9개월:10개월:11개월:12개월
INFO	[2015-09-28 12:10:33:611] <8729> Check Field OK
INFO	[2015-09-28 12:10:33:611] <8729> MERCHANT PRIV KEY LOAD OK
INFO	[2015-09-28 12:10:33:611] <8729> MERCHANT PUB KEY LOAD OK []
INFO	[2015-09-28 12:10:33:612] <8729> CHKFAKE KEY MAKE OK:MjAxNTA5MjgxMjEwMzM2MTEzNzk4NQ==

INFO	[2015-09-28 12:10:33:612] <8729> END chkfake  Laptime:[0.001sec]
INFO	[2015-09-28 12:10:33:612] <8729> ===============================================================
INFO	[2015-09-28 12:12:18:85] <2458> START INIPHP securepay (V5036-141209)(OS:Linux3.14.44-32.39.amzn1.x86_64,PHP:5.3.29)
DEBUG	[2015-09-28 12:12:18:85] <2458> inipayhome:/var/www/html/nsale/shop/inicis
DEBUG	[2015-09-28 12:12:18:85] <2458> debug:false
DEBUG	[2015-09-28 12:12:18:85] <2458> type:securepay
DEBUG	[2015-09-28 12:12:18:85] <2458> pgid:INIphpISP_
DEBUG	[2015-09-28 12:12:18:85] <2458> subpgip:203.238.3.10
DEBUG	[2015-09-28 12:12:18:85] <2458> admin:1111
DEBUG	[2015-09-28 12:12:18:85] <2458> uid:
DEBUG	[2015-09-28 12:12:18:85] <2458> goodname:전동 발 각질 관리기
DEBUG	[2015-09-28 12:12:18:85] <2458> currency:WON
DEBUG	[2015-09-28 12:12:18:85] <2458> mid:nsalecokr0
DEBUG	[2015-09-28 12:12:18:85] <2458> rn:MjAxNTA5MjgxMjEwMzM2MTEzNzk4NQ==

DEBUG	[2015-09-28 12:12:18:85] <2458> price:28900
DEBUG	[2015-09-28 12:12:18:85] <2458> enctype:
DEBUG	[2015-09-28 12:12:18:85] <2458> buyername:김민정
DEBUG	[2015-09-28 12:12:18:85] <2458> buyertel:01049038419
DEBUG	[2015-09-28 12:12:18:85] <2458> buyeremail:radion-il@hanmai.net
DEBUG	[2015-09-28 12:12:18:85] <2458> paymethod:VCard
DEBUG	[2015-09-28 12:12:18:85] <2458> encrypted:Version=4.1&PayMethod=VCard&RsaKeyNum=1&EncryptionAlgorithm=NONE&SignAlgorithm=SHA1WithRSAEncryption&CertVer=39&moid=2015092812073391&ver_trace=main(6097,6059)vcard(6092)card(6140,6123)n(6009)Cs(6025)Dt(6002)Pa(6002)Cf(6024)Fv(0000)La(6156)Re(6106)Vr(6007)P(6034)en(6054)&pg1=211.219.96.180&pg2=203.238.37.3&pg1ip=211.219.96.180&pg2ip=203.238.37.3&agreeflag=1111&rn=3/jEtW4vAEtd1DqA2M0bAJGVtuhzjBKU6HQINLWSizo=
&VCode=000100111747611&VQuota=00&VNoint=0&ip=192.168.123.103&mac=4025C29CDA40&cardpoint=9&custemail=radion-il@hanmai.net&price=4uDsrkVGc0Ypjm3e9sgrB7OBpLxSv2re
&below1000=0&encisp=0&pgnoint=0&VKBPoint=&VSessionKey=jH%2fy0kJcbe3vhjDLMqOpNn5YSIQyeCg1FC7jKYaibmHzUOBby%2b07q9TcgcWLV6yc%0d%0arZidm2tgYUlplC8xJ%2fbEmvjahFh70OyemnuvOZTC1DkPqhD6OruhGlDokgsy%2bxua%0d%0ae4VAcpHaH6vuHHkLM32yROy2HDTi9A%2b1NPb3NFrNyaE%3d%0d%0a&Data=Version%3d1.0%26KeyFlag%3d1%26KeyNum%3d1%26EncryptAlgorithm%3dSEED%2dCBC%26SignAlgorithm%3d%26Data%3dyTyg89A2vmxVn0kvdurUKzNPGSjURQXu2zG%2fr%252bXqn1X2MVCc%252bJy%2fFfE0zJD%252b6F%252bD%250aGr6GI5CJmhN4bwXdv3VE870dYW%2fJENctEOz%2fgqaPEEqf45Xq21HpKTmgt2kvbny3%250aAiYomrQldy2ibA8JmmGBIQ%252bfwtK7iV8IRkeUc%252bLljpmInBTTx9KDvVbJB7Ftdlas%250aiTKGcYOVWIEN0tHv8WlMfH2vNYx%252be7uRqAIzbuIP%2fwjVOB96wmnh5eNdNClQKSDE%250aYNV5pWVOetDcLloWi7ZMaAxnypokIrKbIvs3Lep7fZErtMmN1ITf3TQr7Ay17yPq%250aIKxnfXV7aYfsOXvjwicWlGPDv0IrOhwv0rxefDfKBhf9usbQ7EdsN7RfG9kptrB%252b%250aTvspsBTXQboHjMNdBy%252bRlUPOcNnSj7V2EXYzgg6rnHEl1yQ1AIMv4TAO4yStZrCm%250aPAzIT8%252baSn9lA5VUiZx94SLk9oNMZ7cqAsx22Lo%252b5pA9JHbofjuQ6%2fU8LY15BN0T%250aAGUKCi03agmTY1jDXXzbCi92hI1z0y8kYYCinml0qnnMDq5PK%2f5Qf1ZeX6TLmx4F%250aYi2BRkcpr9EiJWYqulaZfUnZiLleiVYABIHaHUjEOZnRWh7PNYRGwFYNBY%2f98%2fH6%250aPU7ZjAid0SkaNM%252bybu7ErqlvGxw25oOELjFnotUZK3JCZl%2fBZxOx0ZhHoDsRQuQE%250ak6tCETgLXnSqMpJNGE3qv%252b%2fDESLjhLCC%252b1sjYj4pnqkTjSsWthQeb5iKyXPjgxjg%250aBfhS6b%252bhyAR65CFhk8lVY%2f1LqShbuBasls3TVtW05EtJ5IxoLqemCcpuwVxNCsNe%250aEI7T9XGsRGGNkDmXlvnA%2fw%253d%253d%250a%26PubCert%3d&ts=1509281212172CPs7WHZshPJepLgJI4fZw007925&src_flg=0&OSv=IE11_Win7 6.01.7601 SP1 Home Edition_64B (PL1) (notray:J) [nsalecokr0] (61_secuni_npapi)&ip2=222.233.197.159
DEBUG	[2015-09-28 12:12:18:85] <2458> sessionkey:VCard
DEBUG	[2015-09-28 12:12:18:85] <2458> url:http://www.nsale.co.kr
DEBUG	[2015-09-28 12:12:18:85] <2458> cardcode:11
DEBUG	[2015-09-28 12:12:18:85] <2458> parentemail:
DEBUG	[2015-09-28 12:12:18:85] <2458> recvname:김민정
DEBUG	[2015-09-28 12:12:18:85] <2458> recvtel:01049038419
DEBUG	[2015-09-28 12:12:18:85] <2458> recvaddr:경기 남양주시 와부읍 덕소로 72 B동 2002호
DEBUG	[2015-09-28 12:12:18:85] <2458> recvpostnum:12210
DEBUG	[2015-09-28 12:12:18:85] <2458> recvmsg:
DEBUG	[2015-09-28 12:12:18:85] <2458> joincard:
DEBUG	[2015-09-28 12:12:18:85] <2458> joinexpire:
DEBUG	[2015-09-28 12:12:18:85] <2458> id_customer:
INFO	[2015-09-28 12:12:18:85] <2458> Check Field OK
INFO	[2015-09-28 12:12:18:85] <2458> Make TID OK INIphpISP_nsalecokr020150928121218857129
INFO	[2015-09-28 12:12:18:85] <2458> PI PUB KEY LOAD OK [39]
INFO	[2015-09-28 12:12:18:86] <2458> PG PUB KEY LOAD OK [30]
INFO	[2015-09-28 12:12:18:86] <2458> MERCHANT PRIV KEY LOAD OK
INFO	[2015-09-28 12:12:18:86] <2458> MERCHANT PUB KEY LOAD OK [0]
INFO	[2015-09-28 12:12:18:87] <2458> MAKE BODY OK
INFO	[2015-09-28 12:12:18:87] <2458> SIGN OK
INFO	[2015-09-28 12:12:18:87] <2458> MAKE HEAD OK
INFO	[2015-09-28 12:12:18:87] <2458> MSG_TO_PG:[0402200175R SHA1                   0                  39                  300200nsalecokr0               28900INIphpISP_nsalecokr020150928121218857129<?xml version="1.0" encoding="UTF-8"?>
<INIpay>
	  <GoodsInfo>
	    <GoodsCnt>1</GoodsCnt>
	    <MOID/>
	    <Currency>WON</Currency>
	    <Tax/>
	    <TaxFree/>
	    <Goods>
	      <SMID>nsalecokr0</SMID>
	      <GoodsName urlencode="1">%C0%FC%B5%BF+%B9%DF+%B0%A2%C1%FA+%B0%FC%B8%AE%B1%E2</GoodsName>
	      <GoodsPrice>28900</GoodsPrice></Goods></GoodsInfo>
	  <BuyerInfo>
	    <BuyerName urlencode="1">%B1%E8%B9%CE%C1%A4</BuyerName>
	    <BuyerTel>01049038419</BuyerTel>
	    <BuyerEmail urlencode="1">radion-il%40hanmai.net</BuyerEmail>
	    <ParentEmail/>
	    <RecvName urlencode="1">%B1%E8%B9%CE%C1%A4</RecvName>
	    <RecvTel urlencode="1">01049038419</RecvTel>
	    <RecvMsg/>
	    <RecvAddr urlencode="1">%B0%E6%B1%E2+%B3%B2%BE%E7%C1%D6%BD%C3+%BF%CD%BA%CE%C0%BE+%B4%F6%BC%D2%B7%CE+72+B%B5%BF+2002%C8%A3</RecvAddr>
	    <RecvPostNum urlencode="1">12210</RecvPostNum></BuyerInfo>
	  <PaymentInfo>
	    <Payment>
	      <PayMethod>VCard</PayMethod>
	      <JoinCard/>
	      <JoinExpire/>
	      <MailOrder/>
	      <SessionKey>VCard</SessionKey>
	      <Encrypted urlencode="1">Version%3D4.1%26PayMethod%3DVCard%26RsaKeyNum%3D1%26EncryptionAlgorithm%3DNONE%26SignAlgorithm%3DSHA1WithRSAEncryption%26CertVer%3D39%26moid%3D2015092812073391%26ver_trace%3Dmain%286097%2C6059%29vcard%286092%29card%286140%2C6123%29n%286009%29Cs%286025%29Dt%286002%29Pa%286002%29Cf%286024%29Fv%280000%29La%286156%29Re%286106%29Vr%286007%29P%286034%29en%286054%29%26pg1%3D211.219.96.180%26pg2%3D203.238.37.3%26pg1ip%3D211.219.96.180%26pg2ip%3D203.238.37.3%26agreeflag%3D1111%26rn%3D3%2FjEtW4vAEtd1DqA2M0bAJGVtuhzjBKU6HQINLWSizo%3D%0D%0A%26VCode%3D000100111747611%26VQuota%3D00%26VNoint%3D0%26ip%3D192.168.123.103%26mac%3D4025C29CDA40%26cardpoint%3D9%26custemail%3Dradion-il%40hanmai.net%26price%3D4uDsrkVGc0Ypjm3e9sgrB7OBpLxSv2re%0D%0A%26below1000%3D0%26encisp%3D0%26pgnoint%3D0%26VKBPoint%3D%26VSessionKey%3DjH%252fy0kJcbe3vhjDLMqOpNn5YSIQyeCg1FC7jKYaibmHzUOBby%252b07q9TcgcWLV6yc%250d%250arZidm2tgYUlplC8xJ%252fbEmvjahFh70OyemnuvOZTC1DkPqhD6OruhGlDokgsy%252bxua%250d%250ae4VAcpHaH6vuHHkLM32yROy2HDTi9A%252b1NPb3NFrNyaE%253d%250d%250a%26Data%3DVersion%253d1.0%2526KeyFlag%253d1%2526KeyNum%253d1%2526EncryptAlgorithm%253dSEED%252dCBC%2526SignAlgorithm%253d%2526Data%253dyTyg89A2vmxVn0kvdurUKzNPGSjURQXu2zG%252fr%25252bXqn1X2MVCc%25252bJy%252fFfE0zJD%25252b6F%25252bD%25250aGr6GI5CJmhN4bwXdv3VE870dYW%252fJENctEOz%252fgqaPEEqf45Xq21HpKTmgt2kvbny3%25250aAiYomrQldy2ibA8JmmGBIQ%25252bfwtK7iV8IRkeUc%25252bLljpmInBTTx9KDvVbJB7Ftdlas%25250aiTKGcYOVWIEN0tHv8WlMfH2vNYx%25252be7uRqAIzbuIP%252fwjVOB96wmnh5eNdNClQKSDE%25250aYNV5pWVOetDcLloWi7ZMaAxnypokIrKbIvs3Lep7fZErtMmN1ITf3TQr7Ay17yPq%25250aIKxnfXV7aYfsOXvjwicWlGPDv0IrOhwv0rxefDfKBhf9usbQ7EdsN7RfG9kptrB%25252b%25250aTvspsBTXQboHjMNdBy%25252bRlUPOcNnSj7V2EXYzgg6rnHEl1yQ1AIMv4TAO4yStZrCm%25250aPAzIT8%25252baSn9lA5VUiZx94SLk9oNMZ7cqAsx22Lo%25252b5pA9JHbofjuQ6%252fU8LY15BN0T%25250aAGUKCi03agmTY1jDXXzbCi92hI1z0y8kYYCinml0qnnMDq5PK%252f5Qf1ZeX6TLmx4F%25250aYi2BRkcpr9EiJWYqulaZfUnZiLleiVYABIHaHUjEOZnRWh7PNYRGwFYNBY%252f98%252fH6%25250aPU7ZjAid0SkaNM%25252bybu7ErqlvGxw25oOELjFnotUZK3JCZl%252fBZxOx0ZhHoDsRQuQE%25250ak6tCETgLXnSqMpJNGE3qv%25252b%252fDESLjhLCC%25252b1sjYj4pnqkTjSsWthQeb5iKyXPjgxjg%25250aBfhS6b%25252bhyAR65CFhk8lVY%252f1LqShbuBasls3TVtW05EtJ5IxoLqemCcpuwVxNCsNe%25250aEI7T9XGsRGGNkDmXlvnA%252fw%25253d%25253d%25250a%2526PubCert%253d%26ts%3D1509281212172CPs7WHZshPJepLgJI4fZw007925%26src_flg%3D0%26OSv%3DIE11_Win7+6.01.7601+SP1+Home+Edition_64B+%28PL1%29+%28notray%3AJ%29+%5Bnsalecokr0%5D+%2861_secuni_npapi%29%26ip2%3D222.233.197.159</Encrypted></Payment></PaymentInfo>
	  <ReservedInfo>
	    <MReserved1/>
	    <MReserved2/>
	    <MReserved3/></ReservedInfo>
	  <ManageInfo>
	    <Language/>
	    <URL urlencode="1">http%3A%2F%2Fwww.nsale.co.kr</URL>
	    <TXVersion>5036B141209securLinux     PHPchkfake   3.14.44-32.39.amzn1.x86_64PHP:</TXVersion>
	    <TXUserID/>
	    <TXRegNum/>
	    <Ack>1</Ack>
	    <TXRN>MjAxNTA5MjgxMjEwMzM2MTEzNzk4NQ==
</TXRN></ManageInfo></INIpay>AOwmEq313MzrcOiQBYFotYUyONy/JyuCWp+QOzRCmLPv/pFQIxpyN6Psxdgzv8yh
G1VfeRejAuBSgLuAWfrL9YtIWOVN8RqpQRdFgBin9Qcy/0j+6hifUKi9Sem1Eo1L
Rr9Njx1Q3EgQvbYs4ByYg7GEpkrSAR513BjT4kl25JkK
]
INFO	[2015-09-28 12:12:18:87] <2458> DNS LOOKUP OK(211.219.96.180:211.219.96.180:34049) laptime:0
INFO	[2015-09-28 12:12:18:124] <2458> SOCKET CONNECT OK
INFO	[2015-09-28 12:12:18:124] <2458> SEND OK
INFO	[2015-09-28 12:12:19:634] <2458> RECV OK
INFO	[2015-09-28 12:12:19:634] <2458> MSG_FROM_PG:[0281100175D SHA1                   0                  39                  300210nsalecokr0               28900INIphpISP_nsalecokr020150928121218857129<?xml version="1.0" encoding="UTF-8"?>
<INIpay>
  <GoodsInfo>
    <GoodsCnt>1</GoodsCnt>
    <MOID urlencode="1">2015092812073391</MOID>
    <Currency>WON</Currency>
    <Goods no="1">
      <SMID>nsalecokr0</SMID>
      <GoodsName urlencode="1">%C0%FC%B5%BF+%B9%DF+%B0%A2%C1%FA+%B0%FC%B8%AE%B1%E2</GoodsName>
      <GoodsCntS>1</GoodsCntS>
      <GoodsPrice>28900</GoodsPrice>
    </Goods>
  </GoodsInfo>
  <PaymentInfo>
    <Payment>
      <SessionKey>ACLKU6cOzKmSHr2LSR8oD2TiO7C+h282zRcHv3UvmarK9n0A1MmC9NUnofymt2QW
10gN36TgEmRg1KmvFc2lOLGPxTo4MmrKH22BQVtJ7aGWUK3r2FUedfzkX+3Qv5gH
yrWFzd/WksUe3uqJJwQbchiAkQ85dT4+xeE5WUCa0Us6NV4eR3vBI0U=
</SessionKey>
      <Encrypted>KDv6M/5mnWPQUcXqJ3RFQ+5i+Sz+V0KsXuVFPhXOr5o9H3UHlGJDRPJMPXxTA1Zd
2p5Ecl5Gi9rjOvSKoxjz7e9BJY9+aOB848S9boIgz6jQkOY6Y+WqADSTxWVWw51y
bz8QZv6psy5DNWOl57pVaXEGmDNt/hLAqfFvEvbq/EnC/h4iWyCCKkuhLXb2OsKk
geapmTOv/ogb4ssYYmRKKctMHjf1l3DbKg8Yu+IeOhmGtbzEqKrQjr8mdPpuM09i
Ahx6d4C9HUvDAxHYALD2BaqAKVVuhGW3PeUr+zSdPzs2UQTJ3wxOtcMA0FdFVQDu
iGeEhv4w3yXGAbP22n9Xw4u+jJwqSj/95vOIS9rVoNv/8DOBYw67uBZpneKzcp0N
jdmJMOO/sd0TBEDENr02JZyBfPzDYcwQEpR2hN10PYvXLxlAIF0TV/T2xnUBLpnF
sRUrlBMLOjl7dXqZ+p0yiN9e8IIAqXTSHG/ToLdhKCPoN1fLz+D0x0igoatoYheE
5a2Fib5SuiXV6uohbp1Rj9nBB+uDtP1wBD46x13hOyeMaT198Toshd2odh33jOF9
l7aYOs5GAZTqwCLaaobZDbaYV19InsChOjiA7OlUIjQFbUDtnx37TnJYvLfqCvlY
Ot9wUcaYZNLhkaURHodK152wylzg1GpA16qJ2XsrxNTy0IOEXAf136xy6jyNSEbH
HW1sWx3/nmxnJmfVH88OVfFvWu31oklHNWSP48paGMpmsja4fBxg4usT+DLeW7rT
22CTJrlhZCYpmUTMjynww1OztB/ZIchqfjxO+XdzhFReCRXC/YofMSgtMHWENOLO
Bkr2vVoGNWDLDKUdIlIVZzxTh8ZXsary1hgZ7V95IlqG+drLa+zyfurf8o/AMBTU
ewqYFrNiY00eW8PFz3bk+8pE+G9JGeMWJy4Vb0+34OgXDtbqZFe4gZgkbOGyXFh+
ebFNNFUGMRcYHEJFckTtLp4D0b7lHHccUwb7SUFwYxYJtrHV7791kZlvmSXUSArF
m6JJT53gL2P0nqE6AooNBR6xlLioc35+buhV1rdHkwb6HRGzYUStfzLtn5ykeSm7
2GsPVaY4VatAwwKXsWjAb9Q7c4QQeDyYM9UstrixysarAAFKbJ29HhC1oxDgZhPG
bQU0uR5lfl0YJ/zqPZvxt19qJDSsMKY/JxZZULRc64rTA5RkoSxLdEW2woPGdYj1
qtqGv8RwhZiCfbU+PBOSBL6hQl5JFT5gYFhO2eQhvVFIuI2fhwtHS4hnHz+e2Ati
70onO1riz3bXbbLUBduCZnXfCO39aX9v79e5y9NRHSVT+YzLD/GUkH1rMOsiSR5e
DrdFmkH0CxRl5+zIo1VYfSomE0I8gcLCqOChm+v1uwDCuzdt0kB0oks8ZejaYw+X
/IDxZgopZzwOvRCIQRzcBZnmW4aWIBXwI60W1wXUV0im2vZ7mQlGmQ==
</Encrypted>
      <PayMethod>VCard</PayMethod>
      <ResultCode>170000</ResultCode>
      <ResultMsg urlencode="1">%C1%A4%BB%F3%BF%CF%B7%E1</ResultMsg>
    </Payment>
  </PaymentInfo>
  <ManageInfo>
    <EventCode></EventCode>
    <OrgCurrency></OrgCurrency>
    <ExchangeRate></ExchangeRate>
    <OrgPrice></OrgPrice>
  </ManageInfo>
  <ReservedInfo>
    <MReserved1 urlencode="1"></MReserved1>
    <MReserved2 urlencode="1"></MReserved2>
    <MReserved3 urlencode="1"></MReserved3>
    <PGReserved1 urlencode="1"></PGReserved1>
    <PGReserved2 urlencode="1"></PGReserved2>
    <PGReserved3 urlencode="1"></PGReserved3>
  </ReservedInfo>
</INIpay>
lJz5JzjWBqTczDQcYNBPnl8SAT6o7nyFOopTmvGEDukytOhIXlp5VQNsQg4tCmJa
Y8UC+M+MyBTDHz1BWVXmrh0GNtypvavNE0dHbKSbkcXnVtWGlMdh0ILsx5ppVsKk
3O91Mc735Q+mWhyGrSTYQRopGKMh0yTn3aIzjbSnw1w=
]
INFO	[2015-09-28 12:12:19:634] <2458> VERIFY OK
INFO	[2015-09-28 12:12:19:634] <2458> PARSE HEAD OK
INFO	[2015-09-28 12:12:19:635] <2458> PARSE BODY OK
INFO	[2015-09-28 12:12:19:636] <2458> DECRYPT OK
DEBUG	[2015-09-28 12:12:19:636] <2458> DECRYPT MSG:[<?xml version="1.0" encoding="UTF-8"?>
<PaymentInfo>
  <Payment>
    <EASYPAY/>
    <VCard>
      <ISP_ApplPrice>28900</ISP_ApplPrice>
      <ISP_BankCode>00</ISP_BankCode>
      <ISP_Quota>00</ISP_Quota>
      <ISP_Interest>0</ISP_Interest>
      <ISP_CardCode>11</ISP_CardCode>
      <ISP_CardNum>94201143****</ISP_CardNum>
      <ISP_Point></ISP_Point>
      <ISP_ApplDate>20150928</ISP_ApplDate>
      <ISP_ApplTime>121218</ISP_ApplTime>
      <ISP_ApplNum>46996039</ISP_ApplNum>
      <ISP_TerminalNum>0198732000</ISP_TerminalNum>
      <ISP_MemberNum></ISP_MemberNum>
      <ISP_PurchaseCode></ISP_PurchaseCode>
      <ISP_ResultCode>170000</ISP_ResultCode>
      <ISP_ResultMsg urlencode="1">%C1%A4%BB%F3%BF%CF%B7%E1</ISP_ResultMsg>
      <ISP_PrtcCode>1</ISP_PrtcCode>
      <ISP_Quota_Point>00</ISP_Quota_Point>
      <ISP_CheckFlag>0</ISP_CheckFlag>
      <ISP_PurchaseName urlencode="1"></ISP_PurchaseName>
      <ISP_IssuerName urlencode="1"></ISP_IssuerName>
      <ISP_UsePoint></ISP_UsePoint>
      <ISP_CouponOnlyMer></ISP_CouponOnlyMer>
    </VCard>
  </Payment>
</PaymentInfo>]
INFO	[2015-09-28 12:12:19:637] <2458> DECRYPT PARSE OK
INFO	[2015-09-28 12:12:19:637] <2458> WAIT ACK INVOKING
DEBUG	[2015-09-28 12:12:19:637] <2458> MAKE HEAD OK
INFO	[2015-09-28 12:12:19:674] <2458> SUCCESS ACK INVOKING
INFO	[2015-09-28 12:12:19:674] <2458> END securepay 정상완료 Laptime:[1.589sec]
INFO	[2015-09-28 12:12:19:674] <2458> ===============================================================
INFO	[2015-09-28 13:02:52:443] <10808> START INIPHP chkfake (V5036-141209)(OS:Linux3.14.44-32.39.amzn1.x86_64,PHP:5.3.29)
DEBUG	[2015-09-28 13:02:52:443] <10808> inipayhome:/var/www/html/nsale/shop/inicis
DEBUG	[2015-09-28 13:02:52:443] <10808> debug:false
DEBUG	[2015-09-28 13:02:52:443] <10808> type:chkfake
DEBUG	[2015-09-28 13:02:52:443] <10808> enctype:asym
DEBUG	[2015-09-28 13:02:52:443] <10808> admin:1111
DEBUG	[2015-09-28 13:02:52:443] <10808> checkopt:false
DEBUG	[2015-09-28 13:02:52:443] <10808> mid:nsalecokr0
DEBUG	[2015-09-28 13:02:52:443] <10808> price:11500
DEBUG	[2015-09-28 13:02:52:443] <10808> nointerest:no
DEBUG	[2015-09-28 13:02:52:443] <10808> quotabase:선택:일시불:2개월:3개월:4개월:5개월:6개월:7개월:8개월:9개월:10개월:11개월:12개월
INFO	[2015-09-28 13:02:52:443] <10808> Check Field OK
INFO	[2015-09-28 13:02:52:443] <10808> MERCHANT PRIV KEY LOAD OK
INFO	[2015-09-28 13:02:52:443] <10808> MERCHANT PUB KEY LOAD OK []
INFO	[2015-09-28 13:02:52:444] <10808> CHKFAKE KEY MAKE OK:MjAxNTA5MjgxMzAyNTI0NDMyNTIxNg==

INFO	[2015-09-28 13:02:52:444] <10808> END chkfake  Laptime:[0.001sec]
INFO	[2015-09-28 13:02:52:444] <10808> ===============================================================
INFO	[2015-09-28 13:06:10:551] <30372> START INIPHP chkfake (V5036-141209)(OS:Linux3.14.44-32.39.amzn1.x86_64,PHP:5.3.29)
DEBUG	[2015-09-28 13:06:10:551] <30372> inipayhome:/var/www/html/nsale/shop/inicis
DEBUG	[2015-09-28 13:06:10:551] <30372> debug:false
DEBUG	[2015-09-28 13:06:10:551] <30372> type:chkfake
DEBUG	[2015-09-28 13:06:10:551] <30372> enctype:asym
DEBUG	[2015-09-28 13:06:10:551] <30372> admin:1111
DEBUG	[2015-09-28 13:06:10:551] <30372> checkopt:false
DEBUG	[2015-09-28 13:06:10:551] <30372> mid:nsalecokr0
DEBUG	[2015-09-28 13:06:10:551] <30372> price:11500
DEBUG	[2015-09-28 13:06:10:551] <30372> nointerest:no
DEBUG	[2015-09-28 13:06:10:551] <30372> quotabase:선택:일시불:2개월:3개월:4개월:5개월:6개월:7개월:8개월:9개월:10개월:11개월:12개월
INFO	[2015-09-28 13:06:10:551] <30372> Check Field OK
INFO	[2015-09-28 13:06:10:551] <30372> MERCHANT PRIV KEY LOAD OK
INFO	[2015-09-28 13:06:10:552] <30372> MERCHANT PUB KEY LOAD OK []
INFO	[2015-09-28 13:06:10:552] <30372> CHKFAKE KEY MAKE OK:MjAxNTA5MjgxMzA2MTA1NTI0MTk4OQ==

INFO	[2015-09-28 13:06:10:552] <30372> END chkfake  Laptime:[0.001sec]
INFO	[2015-09-28 13:06:10:552] <30372> ===============================================================
INFO	[2015-09-28 13:08:52:181] <30372> START INIPHP chkfake (V5036-141209)(OS:Linux3.14.44-32.39.amzn1.x86_64,PHP:5.3.29)
DEBUG	[2015-09-28 13:08:52:181] <30372> inipayhome:/var/www/html/nsale/shop/inicis
DEBUG	[2015-09-28 13:08:52:181] <30372> debug:false
DEBUG	[2015-09-28 13:08:52:181] <30372> type:chkfake
DEBUG	[2015-09-28 13:08:52:181] <30372> enctype:asym
DEBUG	[2015-09-28 13:08:52:181] <30372> admin:1111
DEBUG	[2015-09-28 13:08:52:181] <30372> checkopt:false
DEBUG	[2015-09-28 13:08:52:181] <30372> mid:nsalecokr0
DEBUG	[2015-09-28 13:08:52:181] <30372> price:11500
DEBUG	[2015-09-28 13:08:52:181] <30372> nointerest:no
DEBUG	[2015-09-28 13:08:52:181] <30372> quotabase:선택:일시불:2개월:3개월:4개월:5개월:6개월:7개월:8개월:9개월:10개월:11개월:12개월
INFO	[2015-09-28 13:08:52:181] <30372> Check Field OK
INFO	[2015-09-28 13:08:52:181] <30372> MERCHANT PRIV KEY LOAD OK
INFO	[2015-09-28 13:08:52:181] <30372> MERCHANT PUB KEY LOAD OK []
INFO	[2015-09-28 13:08:52:182] <30372> CHKFAKE KEY MAKE OK:MjAxNTA5MjgxMzA4NTIxODE5MDg0Mg==

INFO	[2015-09-28 13:08:52:182] <30372> END chkfake  Laptime:[0.001sec]
INFO	[2015-09-28 13:08:52:182] <30372> ===============================================================
INFO	[2015-09-28 13:09:30:717] <30372> START INIPHP securepay (V5036-141209)(OS:Linux3.14.44-32.39.amzn1.x86_64,PHP:5.3.29)
DEBUG	[2015-09-28 13:09:30:717] <30372> inipayhome:/var/www/html/nsale/shop/inicis
DEBUG	[2015-09-28 13:09:30:717] <30372> debug:false
DEBUG	[2015-09-28 13:09:30:717] <30372> type:securepay
DEBUG	[2015-09-28 13:09:30:717] <30372> pgid:INIphpVBNK
DEBUG	[2015-09-28 13:09:30:717] <30372> subpgip:203.238.3.10
DEBUG	[2015-09-28 13:09:30:717] <30372> admin:1111
DEBUG	[2015-09-28 13:09:30:717] <30372> uid:
DEBUG	[2015-09-28 13:09:30:717] <30372> goodname:이불의류정리함 3종세트
DEBUG	[2015-09-28 13:09:30:717] <30372> currency:WON
DEBUG	[2015-09-28 13:09:30:717] <30372> mid:nsalecokr0
DEBUG	[2015-09-28 13:09:30:717] <30372> rn:MjAxNTA5MjgxMzA4NTIxODE5MDg0Mg==

DEBUG	[2015-09-28 13:09:30:717] <30372> price:11500
DEBUG	[2015-09-28 13:09:30:717] <30372> enctype:
DEBUG	[2015-09-28 13:09:30:717] <30372> buyername:박영란
DEBUG	[2015-09-28 13:09:30:717] <30372> buyertel:01033710298
DEBUG	[2015-09-28 13:09:30:717] <30372> buyeremail:pse-5830@hanmail.net
DEBUG	[2015-09-28 13:09:30:717] <30372> paymethod:VBank
DEBUG	[2015-09-28 13:09:30:717] <30372> encrypted:Version=4.1&PayMethod=VBank&RsaKeyNum=1&EncryptionAlgorithm=SEED-CBC&SignAlgorithm=RSAwithSHA1&CertVer=39&moid=2015092813010489&ver_trace=main(6097,6059)vbank(6031,6033)n(6009)Cs(6025)Dt(6002)Pa(6002)Cf(6024)Fv(0000)La(6156)Re(6106)Vr(6007)P(6034)en(6054)nP(6006)&pg1=211.219.96.180&pg2=203.238.37.3&pg1ip=211.219.96.180&pg2ip=203.238.37.3&agreeflag=1111&Data=0ct0LSpcojtKEz/7piD39g6rPvZsCnhmpY0xoe84zlxaumYbEVDJLB24/ChPmjxR
kF/feiKqKgDWW8Fn/bk/y3PxIm1nRGOZvuQtj1JItqXNRq5Yqh8QWM4Wox13XIAd
247ADqCrIferXpzq0raxWVpnpWx8eBw6kjmWR7mMnJp35yXUk6z9xcni1MX7paEf
v09KWgkz3NaSRTOEIEUtC61Fasr0WW2bZIM2CC4T0Bsyrvz47i9k0P9urJiYeNx3
xOc98CoBh3OB/fNPkwdh70SOqYkc6ELBqRff1A0RZ0M3GTGG2uHN7jLHQ1dWweuK
3CNv5kDm7XENDPvBC6K7ySC0r0m7FeN1u4W8f2JvR9jHdNqXbr/iTo0FXb09YtEf
XKI6ABxBXvqBtrHdw+w+AYTLdHpk1VdEozBCo2WQtATD7xMkbjNPKq6EODtPo94Y
qbE2KZePIMDIeDwFez3H0kmhFmfjBoJAWeK1AF3GjEE+Inm4Jnuxee9OHVFqFFO4
glu4yGJWJokQQaE5
DEBUG	[2015-09-28 13:09:30:717] <30372> sessionkey:U37O0YP9FMvKRawhedGwS3bQYIUSWMQJSeodj6nkOnK1Hopd4GpxJOYd49NuxYBO
WfPrAm4Uns0MYvD3Abvb40Z4KFXTdBngT9zI6lNjzbPGV1uOyl1hyqmLkSJbCvuI
Em3X96kJYVwFnv/O4ERx5Lm9ORjhYyFU52ZZ/BMlHrE=
DEBUG	[2015-09-28 13:09:30:717] <30372> url:http://www.nsale.co.kr
DEBUG	[2015-09-28 13:09:30:717] <30372> cardcode:
DEBUG	[2015-09-28 13:09:30:717] <30372> parentemail:
DEBUG	[2015-09-28 13:09:30:717] <30372> recvname:박영란
DEBUG	[2015-09-28 13:09:30:717] <30372> recvtel:01033710298
DEBUG	[2015-09-28 13:09:30:717] <30372> recvaddr:대전 중구 대전천서로 579 163-27 건영빌라 a 동 302 
DEBUG	[2015-09-28 13:09:30:717] <30372> recvpostnum:34829
DEBUG	[2015-09-28 13:09:30:717] <30372> recvmsg:
DEBUG	[2015-09-28 13:09:30:717] <30372> joincard:
DEBUG	[2015-09-28 13:09:30:717] <30372> joinexpire:
DEBUG	[2015-09-28 13:09:30:717] <30372> id_customer:
INFO	[2015-09-28 13:09:30:717] <30372> Check Field OK
INFO	[2015-09-28 13:09:30:717] <30372> Make TID OK INIphpVBNKnsalecokr020150928130930172033
INFO	[2015-09-28 13:09:30:717] <30372> PI PUB KEY LOAD OK [39]
INFO	[2015-09-28 13:09:30:717] <30372> PG PUB KEY LOAD OK [30]
INFO	[2015-09-28 13:09:30:717] <30372> MERCHANT PRIV KEY LOAD OK
INFO	[2015-09-28 13:09:30:718] <30372> MERCHANT PUB KEY LOAD OK [0]
INFO	[2015-09-28 13:09:30:718] <30372> MAKE BODY OK
INFO	[2015-09-28 13:09:30:719] <30372> SIGN OK
INFO	[2015-09-28 13:09:30:719] <30372> MAKE HEAD OK
INFO	[2015-09-28 13:09:30:719] <30372> MSG_TO_PG:[0278900175R SHA1                   0                  39                  300200nsalecokr0               11500INIphpVBNKnsalecokr020150928130930172033<?xml version="1.0" encoding="UTF-8"?>
<INIpay>
	  <GoodsInfo>
	    <GoodsCnt>1</GoodsCnt>
	    <MOID/>
	    <Currency>WON</Currency>
	    <Tax/>
	    <TaxFree/>
	    <Goods>
	      <SMID>nsalecokr0</SMID>
	      <GoodsName urlencode="1">%C0%CC%BA%D2%C0%C7%B7%F9%C1%A4%B8%AE%C7%D4+3%C1%BE%BC%BC%C6%AE</GoodsName>
	      <GoodsPrice>11500</GoodsPrice></Goods></GoodsInfo>
	  <BuyerInfo>
	    <BuyerName urlencode="1">%B9%DA%BF%B5%B6%F5</BuyerName>
	    <BuyerTel>01033710298</BuyerTel>
	    <BuyerEmail urlencode="1">pse-5830%40hanmail.net</BuyerEmail>
	    <ParentEmail/>
	    <RecvName urlencode="1">%B9%DA%BF%B5%B6%F5</RecvName>
	    <RecvTel urlencode="1">01033710298</RecvTel>
	    <RecvMsg/>
	    <RecvAddr urlencode="1">%B4%EB%C0%FC+%C1%DF%B1%B8+%B4%EB%C0%FC%C3%B5%BC%AD%B7%CE+579+163-27+%B0%C7%BF%B5%BA%F4%B6%F3+a+%B5%BF+302+</RecvAddr>
	    <RecvPostNum urlencode="1">34829</RecvPostNum></BuyerInfo>
	  <PaymentInfo>
	    <Payment>
	      <PayMethod>VBank</PayMethod>
	      <JoinCard/>
	      <JoinExpire/>
	      <MailOrder/>
	      <SessionKey>U37O0YP9FMvKRawhedGwS3bQYIUSWMQJSeodj6nkOnK1Hopd4GpxJOYd49NuxYBO
WfPrAm4Uns0MYvD3Abvb40Z4KFXTdBngT9zI6lNjzbPGV1uOyl1hyqmLkSJbCvuI
Em3X96kJYVwFnv/O4ERx5Lm9ORjhYyFU52ZZ/BMlHrE=</SessionKey>
	      <Encrypted urlencode="1">Version%3D4.1%26PayMethod%3DVBank%26RsaKeyNum%3D1%26EncryptionAlgorithm%3DSEED-CBC%26SignAlgorithm%3DRSAwithSHA1%26CertVer%3D39%26moid%3D2015092813010489%26ver_trace%3Dmain%286097%2C6059%29vbank%286031%2C6033%29n%286009%29Cs%286025%29Dt%286002%29Pa%286002%29Cf%286024%29Fv%280000%29La%286156%29Re%286106%29Vr%286007%29P%286034%29en%286054%29nP%286006%29%26pg1%3D211.219.96.180%26pg2%3D203.238.37.3%26pg1ip%3D211.219.96.180%26pg2ip%3D203.238.37.3%26agreeflag%3D1111%26Data%3D0ct0LSpcojtKEz%2F7piD39g6rPvZsCnhmpY0xoe84zlxaumYbEVDJLB24%2FChPmjxR%0D%0AkF%2FfeiKqKgDWW8Fn%2Fbk%2Fy3PxIm1nRGOZvuQtj1JItqXNRq5Yqh8QWM4Wox13XIAd%0D%0A247ADqCrIferXpzq0raxWVpnpWx8eBw6kjmWR7mMnJp35yXUk6z9xcni1MX7paEf%0D%0Av09KWgkz3NaSRTOEIEUtC61Fasr0WW2bZIM2CC4T0Bsyrvz47i9k0P9urJiYeNx3%0D%0AxOc98CoBh3OB%2FfNPkwdh70SOqYkc6ELBqRff1A0RZ0M3GTGG2uHN7jLHQ1dWweuK%0D%0A3CNv5kDm7XENDPvBC6K7ySC0r0m7FeN1u4W8f2JvR9jHdNqXbr%2FiTo0FXb09YtEf%0D%0AXKI6ABxBXvqBtrHdw%2Bw%2BAYTLdHpk1VdEozBCo2WQtATD7xMkbjNPKq6EODtPo94Y%0D%0AqbE2KZePIMDIeDwFez3H0kmhFmfjBoJAWeK1AF3GjEE%2BInm4Jnuxee9OHVFqFFO4%0D%0Aglu4yGJWJokQQaE5</Encrypted></Payment></PaymentInfo>
	  <ReservedInfo>
	    <MReserved1/>
	    <MReserved2/>
	    <MReserved3/></ReservedInfo>
	  <ManageInfo>
	    <Language/>
	    <URL urlencode="1">http%3A%2F%2Fwww.nsale.co.kr</URL>
	    <TXVersion>5036B141209securLinux     PHPchkfake   3.14.44-32.39.amzn1.x86_64PHP:</TXVersion>
	    <TXUserID/>
	    <TXRegNum/>
	    <Ack>1</Ack>
	    <TXRN>MjAxNTA5MjgxMzA4NTIxODE5MDg0Mg==
</TXRN></ManageInfo></INIpay>AQUZCtrezM4oEViIqA8YUroTkwW/IRpjLWRCDrJROyciukNVzmuQAwGBS297fGX6
TxI7mhZ5c8i90TEhe/65ZU6l2QjMLxNUaE1VeT0013h4mU5DdLTQ397mz9p0CAUS
6DAbG9nzQl3Mx4IritWipwI3S43usXNiF4vldamhNgOA
]
INFO	[2015-09-28 13:09:30:719] <30372> DNS LOOKUP OK(211.219.96.180:211.219.96.180:34049) laptime:0
INFO	[2015-09-28 13:09:30:755] <30372> SOCKET CONNECT OK
INFO	[2015-09-28 13:09:30:755] <30372> SEND OK
INFO	[2015-09-28 13:09:31:15] <30372> RECV OK
INFO	[2015-09-28 13:09:31:15] <30372> MSG_FROM_PG:[0254900175D SHA1                   0                  39                  300210nsalecokr0               11500INIphpVBNKnsalecokr020150928130930172033<?xml version="1.0" encoding="UTF-8"?>
<INIpay>
  <GoodsInfo>
    <GoodsCnt>1</GoodsCnt>
    <MOID urlencode="1">2015092813010489</MOID>
    <Currency>WON</Currency>
    <Goods no="1">
      <SMID>nsalecokr0</SMID>
      <GoodsName urlencode="1">%C0%CC%BA%D2%C0%C7%B7%F9%C1%A4%B8%AE%C7%D4+3%C1%BE%BC%BC%C6%AE</GoodsName>
      <GoodsCntS>1</GoodsCntS>
      <GoodsPrice>11500</GoodsPrice>
    </Goods>
  </GoodsInfo>
  <PaymentInfo>
    <Payment>
      <SessionKey>AC+hC+BdMwy1gViIk/cWdabO+ifOZ1WHJjCVx9lD2caEnormcabtfsrdYkJBe5ye
17a+SzfjpFwB3KBxKZofYWBUkAiVow+txqsHIfv7546tUYtbvi/Te2L7hjRFsTnp
cNkC1XpaB0ahiXckvILMFSPosf4IusQjCEOXuvXBcgX2FaWfSSsHlu4=
</SessionKey>
      <Encrypted>1mIMqdamXgHFsEowOf5a3QA61pghfXMwABnld1b1KyfcLKSpm/cmey0LfhwPYoFl
0xp0UZX4KJbL2gPlHe9xAtBh4DgJmK5VMV+Y+nlrgxwxAffWn4UFEPIakVdFg4HQ
hVeM40DiRj8RCqXJxMnhtnWJPiOTeAwFrkXEKbPRrIl9Cm5iCWgE9jAT+Hq3JFu8
0eT/gtyq9s7Q3FD2rUq85GEGFqKRcwgy4GL+b7CK3PUHBngaofplM3pp+H6dBMGW
KFbXsvOZWtKUcDxVEWIvI72i/MS+10+uw5b3sB2O5fSg6nhvAOmEd/sqv+T/4tOM
UkkV7rEmkSQdZaHnvhWkdQ7yeVMYOSOSeEjP4fUMQgtrX5lQp6vtnH9jD3ShWwEa
ukcjQ/wRAgTLbndbE8ol8Pvl37yxxKq+GP13v6GGfawi634IjoPu6F01cKG65qct
Aik6VZ5Dv1/QdbdDlNOtcU1aMOIT0mf9X5jso8zVYX0Sf8PWYZe26UpahhU2ep5g
wDzv0xi/Qb/C3/wnO0mnaDXcuGccy0WFr1pJ5bx7Hr2RwiXNcxLA4X5D+Hl/Pstd
1akRFw0ddlHwFjCwJcWa+LyGeNviN88I38TURLYBla+hjiwx7EMGKLNGLVfqDcrP
SfqISCg0ViVPreb+SDeJK4qplN6ze6mjPbjQhxQh06oqa4MCWuTcvIeP3ZdocyDB
IFGbazFGhfOAb8pGpbkHOuF4OjDAfLUprV1X82pyDZvIdrHKx/FZSFbYm5741Hnu
kwtAQRAe5parK6zexiG+Wfx0caY2Hb6P3Z2BfV0dEqqJc0vfXqs8Adv71fwfi+oM
1S8wqVTDh0eNle3jS9xG43yXb9ouHRnCyACPa2gbvFH/CBxxogMDBB8ZhNgWO46z
JccF5hCNeDJaKi6UdB7tqFP7gyEVmmj/OujtFH+rxz7+x7GPJ5EoNXLEci5UZcPm
zDznapi0fWRaQtP0/O8rRmIUUsorIkXLPeD1gncra6IeE3W5oZ24TleVfEcwUjyq
daarIkVTo+q1UClJwy0U8z1OjnJuO36N04FoP8NxALr5MRwtdx6Cu+ERpNp8KSIr
ss13sXtb41z9v9wpi2vxNNU34GGpwh9Um97QdWCS241a45IAVSk4SeArb9uu0L07
lYl2epVOKG4=
</Encrypted>
      <PayMethod>VBank</PayMethod>
      <ResultCode>170000</ResultCode>
      <ResultMsg urlencode="1">%C1%A4%BB%F3%C3%B3%B8%AE%B5%C7%BE%FA%BD%C0%B4%CF%B4%D9.</ResultMsg>
    </Payment>
  </PaymentInfo>
  <ManageInfo>
    <EventCode></EventCode>
    <OrgCurrency></OrgCurrency>
    <ExchangeRate></ExchangeRate>
    <OrgPrice></OrgPrice>
  </ManageInfo>
  <ReservedInfo>
    <MReserved1 urlencode="1"></MReserved1>
    <MReserved2 urlencode="1"></MReserved2>
    <MReserved3 urlencode="1"></MReserved3>
    <PGReserved1 urlencode="1"></PGReserved1>
    <PGReserved2 urlencode="1"></PGReserved2>
    <PGReserved3 urlencode="1"></PGReserved3>
  </ReservedInfo>
</INIpay>
RXFoOd+n/HVVOlDKtrFIZyd4b15kMfWJf+dXqeR26QYBNLXHJFvYuvepZbu50+BD
EwTSeMvn4a/6fdfOZVQlBjvE21260PaMPzl9y9D+G/5A3AuUcFC8/XfiUa193Oqe
RSLxqgmKmeZSMxF0Fx38prO+7U7QQDLeq2FAPyJSx90=
]
INFO	[2015-09-28 13:09:31:15] <30372> VERIFY OK
INFO	[2015-09-28 13:09:31:15] <30372> PARSE HEAD OK
INFO	[2015-09-28 13:09:31:16] <30372> PARSE BODY OK
INFO	[2015-09-28 13:09:31:17] <30372> DECRYPT OK
DEBUG	[2015-09-28 13:09:31:17] <30372> DECRYPT MSG:[<?xml version="1.0" encoding="UTF-8"?>
<PaymentInfo>
  <Payment>
    <EASYPAY/>
    <VBank>
      <VACT_Num>26246640118962</VACT_Num>
      <VACT_BankCode>20</VACT_BankCode>
      <VACT_Date>20151005</VACT_Date>
      <VACT_Time></VACT_Time>
      <VACT_InputName urlencode="1">%B9%DA%BF%B5%B6%F5</VACT_InputName>
      <VACT_Name urlencode="1">%BF%CD%BF%EC%BA%A5%C3%B3%BD%BA</VACT_Name>
      <VACT_RefundName urlencode="1"></VACT_RefundName>
      <VACT_RefundBankCode></VACT_RefundBankCode>
      <VACT_RefundNum></VACT_RefundNum>
      <VACT_ApplPrice>11500</VACT_ApplPrice>
      <VACT_ApplDate>20150928</VACT_ApplDate>
      <VACT_ApplTime>130930</VACT_ApplTime>
      <VACT_ResultCode>170000</VACT_ResultCode>
      <VACT_ResultMsg urlencode="1">%C1%A4%BB%F3%C3%B3%B8%AE%B5%C7%BE%FA%BD%C0%B4%CF%B4%D9.</VACT_ResultMsg>
    </VBank>
  </Payment>
</PaymentInfo>]
INFO	[2015-09-28 13:09:31:18] <30372> DECRYPT PARSE OK
INFO	[2015-09-28 13:09:31:18] <30372> WAIT ACK INVOKING
DEBUG	[2015-09-28 13:09:31:18] <30372> MAKE HEAD OK
INFO	[2015-09-28 13:09:31:54] <30372> SUCCESS ACK INVOKING
INFO	[2015-09-28 13:09:31:54] <30372> END securepay 정상처리되었습니다. Laptime:[0.338sec]
INFO	[2015-09-28 13:09:31:54] <30372> ===============================================================
INFO	[2015-09-28 18:23:09:139] <14418> START INIPHP chkfake (V5036-141209)(OS:Linux3.14.44-32.39.amzn1.x86_64,PHP:5.3.29)
DEBUG	[2015-09-28 18:23:09:139] <14418> inipayhome:/var/www/html/nsale/shop/inicis
DEBUG	[2015-09-28 18:23:09:139] <14418> debug:false
DEBUG	[2015-09-28 18:23:09:139] <14418> type:chkfake
DEBUG	[2015-09-28 18:23:09:139] <14418> enctype:asym
DEBUG	[2015-09-28 18:23:09:139] <14418> admin:1111
DEBUG	[2015-09-28 18:23:09:139] <14418> checkopt:false
DEBUG	[2015-09-28 18:23:09:139] <14418> mid:nsalecokr0
DEBUG	[2015-09-28 18:23:09:139] <14418> price:20000
DEBUG	[2015-09-28 18:23:09:139] <14418> nointerest:no
DEBUG	[2015-09-28 18:23:09:139] <14418> quotabase:선택:일시불:2개월:3개월:4개월:5개월:6개월:7개월:8개월:9개월:10개월:11개월:12개월
INFO	[2015-09-28 18:23:09:139] <14418> Check Field OK
INFO	[2015-09-28 18:23:09:139] <14418> MERCHANT PRIV KEY LOAD OK
INFO	[2015-09-28 18:23:09:139] <14418> MERCHANT PUB KEY LOAD OK []
INFO	[2015-09-28 18:23:09:140] <14418> CHKFAKE KEY MAKE OK:MjAxNTA5MjgxODIzMDkxMzk2MDk2MA==

INFO	[2015-09-28 18:23:09:140] <14418> END chkfake  Laptime:[0.001sec]
INFO	[2015-09-28 18:23:09:140] <14418> ===============================================================
INFO	[2015-09-28 18:24:16:817] <12546> START INIPHP chkfake (V5036-141209)(OS:Linux3.14.44-32.39.amzn1.x86_64,PHP:5.3.29)
DEBUG	[2015-09-28 18:24:16:817] <12546> inipayhome:/var/www/html/nsale/shop/inicis
DEBUG	[2015-09-28 18:24:16:817] <12546> debug:false
DEBUG	[2015-09-28 18:24:16:817] <12546> type:chkfake
DEBUG	[2015-09-28 18:24:16:817] <12546> enctype:asym
DEBUG	[2015-09-28 18:24:16:817] <12546> admin:1111
DEBUG	[2015-09-28 18:24:16:817] <12546> checkopt:false
DEBUG	[2015-09-28 18:24:16:817] <12546> mid:nsalecokr0
DEBUG	[2015-09-28 18:24:16:817] <12546> price:20000
DEBUG	[2015-09-28 18:24:16:817] <12546> nointerest:no
DEBUG	[2015-09-28 18:24:16:817] <12546> quotabase:선택:일시불:2개월:3개월:4개월:5개월:6개월:7개월:8개월:9개월:10개월:11개월:12개월
INFO	[2015-09-28 18:24:16:817] <12546> Check Field OK
INFO	[2015-09-28 18:24:16:818] <12546> MERCHANT PRIV KEY LOAD OK
INFO	[2015-09-28 18:24:16:818] <12546> MERCHANT PUB KEY LOAD OK []
INFO	[2015-09-28 18:24:16:819] <12546> CHKFAKE KEY MAKE OK:MjAxNTA5MjgxODI0MTY4MTg4MTc2MA==

INFO	[2015-09-28 18:24:16:819] <12546> END chkfake  Laptime:[0.001sec]
INFO	[2015-09-28 18:24:16:819] <12546> ===============================================================
INFO	[2015-09-28 18:26:02:855] <14418> START INIPHP securepay (V5036-141209)(OS:Linux3.14.44-32.39.amzn1.x86_64,PHP:5.3.29)
DEBUG	[2015-09-28 18:26:02:855] <14418> inipayhome:/var/www/html/nsale/shop/inicis
DEBUG	[2015-09-28 18:26:02:855] <14418> debug:false
DEBUG	[2015-09-28 18:26:02:855] <14418> type:securepay
DEBUG	[2015-09-28 18:26:02:855] <14418> pgid:INIphpCARD
DEBUG	[2015-09-28 18:26:02:855] <14418> subpgip:203.238.3.10
DEBUG	[2015-09-28 18:26:02:855] <14418> admin:1111
DEBUG	[2015-09-28 18:26:02:855] <14418> uid:
DEBUG	[2015-09-28 18:26:02:855] <14418> goodname:이불의류정리함 3종세트
DEBUG	[2015-09-28 18:26:02:855] <14418> currency:WON
DEBUG	[2015-09-28 18:26:02:855] <14418> mid:nsalecokr0
DEBUG	[2015-09-28 18:26:02:855] <14418> rn:MjAxNTA5MjgxODI0MTY4MTg4MTc2MA==

DEBUG	[2015-09-28 18:26:02:855] <14418> price:20000
DEBUG	[2015-09-28 18:26:02:855] <14418> enctype:
DEBUG	[2015-09-28 18:26:02:855] <14418> buyername:김세훈
DEBUG	[2015-09-28 18:26:02:855] <14418> buyertel:01050743494
DEBUG	[2015-09-28 18:26:02:855] <14418> buyeremail:wjdqhwndeo@hanmail.net
DEBUG	[2015-09-28 18:26:02:855] <14418> paymethod:Card
DEBUG	[2015-09-28 18:26:02:855] <14418> encrypted:Version=4.1&PayMethod=Card&RsaKeyNum=1&EncryptionAlgorithm=SEED-CBC&SignAlgorithm=RSAwithSHA1&CertVer=39&moid=2015092818231367&ver_trace=main(6097,6059)card(6140,6123)n(6009)Cs(6025)Dt(6002)Pa(6002)Cf(6024)Fv(0000)La(6156)Re(6106)Vr(6007)P(6034)en(6054)nP(6006)&pg1=203.238.37.3&pg2=211.219.96.180&pg1ip=203.238.37.3&pg2ip=211.219.96.180&agreeflag=1111&Data=209D4Ud3Mzin8Oa9ubpoclSX7NqKAAUPb4qRq4KFkC8pGKeI0KN/zgLHpRd8QWwT
yQTeqtMZ5gXdwAgE1F3scyBhbajbThUXNeh8H3XeTvlQERM3WsiHAp7WnxgA7lHJ
MpVkcVkDZ21wWXRCMAyMPLrGGRoELnyQnMC0Z4FG90GvHKePfa8zzdDabfrXTIfy
7Q5Zbq0YjZ5tQJNyzmZScjrNySQYj3xvCzRadcd77NeGOED7QtyO59s/5wo0aFjo
fjgrnxvs86S850u9dm+FIQPK6cfrnzoMR38tOJ8tZJdfiClTS7IE+nQT/wK16Jus
2x7V4oPo3+QYFIKuGAuVN2f7lPnysHcmnliX5A47r1mmmEXqKW1ZX/52NIkBhtuB
x1rNb3+F+MGxZLA9TIzwJYqQdWg91ne8Th0wfu4uTv9ER3ALjnjlNYBMGZ2ABNit
VCqmKUdUyfGPIoBqSdBKoDkusDW+IB2kQ5yr1cNqlXeM9YNJMmawR4eRMuup5akX
VXIFXsxXJyPni1m0j3MNbceA42Arq/EtskyXZ+yzoSJKGBzCGyEnhUIgP6Vr6X1T
T+Is/OLl34mkbcFborfD82fm1k70rqLJIs3tI9C8cC07NO/+sV8lM2pxDC57Ah1h
XdikQ6oZhtLXbPy6A9l05u5WmiHhv5qEulOcUP5KeWAuClnkvYzEVky1yoPnK6yd
VRJ0z0iBCV9hvdY3oY0=
DEBUG	[2015-09-28 18:26:02:855] <14418> sessionkey:sYZiSgPhc006AQ+W3oCF3SWB1hdP8c7gemjymR7/tmgq3BB453HCUth/jKUmbBqM
4WZ8b1DJ1mcjoLOgGzgIYfMQxY7mUDY+jdl1oXaQye2b+zz1Sd22qLM/2fbFbTQ7
cvQcxsy5tKlol9x+P28N9DrmPTd4MKVRLkuGt0o+xLI=
DEBUG	[2015-09-28 18:26:02:855] <14418> url:http://www.nsale.co.kr
DEBUG	[2015-09-28 18:26:02:855] <14418> cardcode:04
DEBUG	[2015-09-28 18:26:02:855] <14418> parentemail:
DEBUG	[2015-09-28 18:26:02:855] <14418> recvname:김세훈
DEBUG	[2015-09-28 18:26:02:855] <14418> recvtel:01050743494
DEBUG	[2015-09-28 18:26:02:855] <14418> recvaddr:강원 속초시 미시령로3337번길 7 106동 606호
DEBUG	[2015-09-28 18:26:02:855] <14418> recvpostnum:24819
DEBUG	[2015-09-28 18:26:02:855] <14418> recvmsg:
DEBUG	[2015-09-28 18:26:02:855] <14418> joincard:
DEBUG	[2015-09-28 18:26:02:855] <14418> joinexpire:
DEBUG	[2015-09-28 18:26:02:855] <14418> id_customer:
INFO	[2015-09-28 18:26:02:855] <14418> Check Field OK
INFO	[2015-09-28 18:26:02:855] <14418> Make TID OK INIphpCARDnsalecokr020150928182602557942
INFO	[2015-09-28 18:26:02:855] <14418> PI PUB KEY LOAD OK [39]
INFO	[2015-09-28 18:26:02:855] <14418> PG PUB KEY LOAD OK [30]
INFO	[2015-09-28 18:26:02:855] <14418> MERCHANT PRIV KEY LOAD OK
INFO	[2015-09-28 18:26:02:855] <14418> MERCHANT PUB KEY LOAD OK [0]
INFO	[2015-09-28 18:26:02:856] <14418> MAKE BODY OK
INFO	[2015-09-28 18:26:02:857] <14418> SIGN OK
INFO	[2015-09-28 18:26:02:857] <14418> MAKE HEAD OK
INFO	[2015-09-28 18:26:02:857] <14418> MSG_TO_PG:[0300400175R SHA1                   0                  39                  300200nsalecokr0               20000INIphpCARDnsalecokr020150928182602557942<?xml version="1.0" encoding="UTF-8"?>
<INIpay>
	  <GoodsInfo>
	    <GoodsCnt>1</GoodsCnt>
	    <MOID/>
	    <Currency>WON</Currency>
	    <Tax/>
	    <TaxFree/>
	    <Goods>
	      <SMID>nsalecokr0</SMID>
	      <GoodsName urlencode="1">%C0%CC%BA%D2%C0%C7%B7%F9%C1%A4%B8%AE%C7%D4+3%C1%BE%BC%BC%C6%AE</GoodsName>
	      <GoodsPrice>20000</GoodsPrice></Goods></GoodsInfo>
	  <BuyerInfo>
	    <BuyerName urlencode="1">%B1%E8%BC%BC%C8%C6</BuyerName>
	    <BuyerTel>01050743494</BuyerTel>
	    <BuyerEmail urlencode="1">wjdqhwndeo%40hanmail.net</BuyerEmail>
	    <ParentEmail/>
	    <RecvName urlencode="1">%B1%E8%BC%BC%C8%C6</RecvName>
	    <RecvTel urlencode="1">01050743494</RecvTel>
	    <RecvMsg/>
	    <RecvAddr urlencode="1">%B0%AD%BF%F8+%BC%D3%C3%CA%BD%C3+%B9%CC%BD%C3%B7%C9%B7%CE3337%B9%F8%B1%E6+7+106%B5%BF+606%C8%A3</RecvAddr>
	    <RecvPostNum urlencode="1">24819</RecvPostNum></BuyerInfo>
	  <PaymentInfo>
	    <Payment>
	      <PayMethod>Card</PayMethod>
	      <JoinCard/>
	      <JoinExpire/>
	      <MailOrder/>
	      <SessionKey>sYZiSgPhc006AQ+W3oCF3SWB1hdP8c7gemjymR7/tmgq3BB453HCUth/jKUmbBqM
4WZ8b1DJ1mcjoLOgGzgIYfMQxY7mUDY+jdl1oXaQye2b+zz1Sd22qLM/2fbFbTQ7
cvQcxsy5tKlol9x+P28N9DrmPTd4MKVRLkuGt0o+xLI=</SessionKey>
	      <Encrypted urlencode="1">Version%3D4.1%26PayMethod%3DCard%26RsaKeyNum%3D1%26EncryptionAlgorithm%3DSEED-CBC%26SignAlgorithm%3DRSAwithSHA1%26CertVer%3D39%26moid%3D2015092818231367%26ver_trace%3Dmain%286097%2C6059%29card%286140%2C6123%29n%286009%29Cs%286025%29Dt%286002%29Pa%286002%29Cf%286024%29Fv%280000%29La%286156%29Re%286106%29Vr%286007%29P%286034%29en%286054%29nP%286006%29%26pg1%3D203.238.37.3%26pg2%3D211.219.96.180%26pg1ip%3D203.238.37.3%26pg2ip%3D211.219.96.180%26agreeflag%3D1111%26Data%3D209D4Ud3Mzin8Oa9ubpoclSX7NqKAAUPb4qRq4KFkC8pGKeI0KN%2FzgLHpRd8QWwT%0D%0AyQTeqtMZ5gXdwAgE1F3scyBhbajbThUXNeh8H3XeTvlQERM3WsiHAp7WnxgA7lHJ%0D%0AMpVkcVkDZ21wWXRCMAyMPLrGGRoELnyQnMC0Z4FG90GvHKePfa8zzdDabfrXTIfy%0D%0A7Q5Zbq0YjZ5tQJNyzmZScjrNySQYj3xvCzRadcd77NeGOED7QtyO59s%2F5wo0aFjo%0D%0Afjgrnxvs86S850u9dm%2BFIQPK6cfrnzoMR38tOJ8tZJdfiClTS7IE%2BnQT%2FwK16Jus%0D%0A2x7V4oPo3%2BQYFIKuGAuVN2f7lPnysHcmnliX5A47r1mmmEXqKW1ZX%2F52NIkBhtuB%0D%0Ax1rNb3%2BF%2BMGxZLA9TIzwJYqQdWg91ne8Th0wfu4uTv9ER3ALjnjlNYBMGZ2ABNit%0D%0AVCqmKUdUyfGPIoBqSdBKoDkusDW%2BIB2kQ5yr1cNqlXeM9YNJMmawR4eRMuup5akX%0D%0AVXIFXsxXJyPni1m0j3MNbceA42Arq%2FEtskyXZ%2ByzoSJKGBzCGyEnhUIgP6Vr6X1T%0D%0AT%2BIs%2FOLl34mkbcFborfD82fm1k70rqLJIs3tI9C8cC07NO%2F%2BsV8lM2pxDC57Ah1h%0D%0AXdikQ6oZhtLXbPy6A9l05u5WmiHhv5qEulOcUP5KeWAuClnkvYzEVky1yoPnK6yd%0D%0AVRJ0z0iBCV9hvdY3oY0%3D</Encrypted></Payment></PaymentInfo>
	  <ReservedInfo>
	    <MReserved1/>
	    <MReserved2/>
	    <MReserved3/></ReservedInfo>
	  <ManageInfo>
	    <Language/>
	    <URL urlencode="1">http%3A%2F%2Fwww.nsale.co.kr</URL>
	    <TXVersion>5036B141209securLinux     PHPchkfake   3.14.44-32.39.amzn1.x86_64PHP:</TXVersion>
	    <TXUserID/>
	    <TXRegNum/>
	    <Ack>1</Ack>
	    <TXRN>MjAxNTA5MjgxODI0MTY4MTg4MTc2MA==
</TXRN></ManageInfo></INIpay>AOyV3RH+eHBYNmSptWHu1b1iG8JpdssKaSgflWWDulClSPMPMTv5RJtuHfSDlj+T
NpDQ1CJf/KPdY6D3gBWDV4uoAPp60m/hsUb3+1X4hhRnQ/ltC2c4Hq8rna1l500Q
dfUe7VqxFfW6k2EaWfCjCHV3/xNUeo8icPRcBG7bFlfG
]
INFO	[2015-09-28 18:26:02:857] <14418> DNS LOOKUP OK(203.238.37.3:203.238.37.3:34049) laptime:0
INFO	[2015-09-28 18:26:02:894] <14418> SOCKET CONNECT OK
INFO	[2015-09-28 18:26:02:895] <14418> SEND OK
INFO	[2015-09-28 18:26:03:593] <14418> RECV OK
INFO	[2015-09-28 18:26:03:593] <14418> MSG_FROM_PG:[0314500175D SHA1                   0                  39                  300210nsalecokr0               20000INIphpCARDnsalecokr020150928182602557942<?xml version="1.0" encoding="UTF-8"?>
<INIpay>
  <GoodsInfo>
    <GoodsCnt>1</GoodsCnt>
    <MOID urlencode="1">2015092818231367</MOID>
    <Currency>WON</Currency>
    <Goods no="1">
      <SMID>nsalecokr0</SMID>
      <GoodsName urlencode="1">%C0%CC%BA%D2%C0%C7%B7%F9%C1%A4%B8%AE%C7%D4+3%C1%BE%BC%BC%C6%AE</GoodsName>
      <GoodsCntS>1</GoodsCntS>
      <GoodsPrice>20000</GoodsPrice>
    </Goods>
  </GoodsInfo>
  <PaymentInfo>
    <Payment>
      <SessionKey>AE+ASv86KBGbEcjG6gsOt9E6DgDYpFIN3Z2FdT7jRku02S1+n+48ZOCbBs6U4h7C
U32R8lisYCQLiE5geGBCsHMZFIZHs/O0H1zQR0oDXE/RQlRR1zawX/iw12vzdX+D
Cq9KfEsMRSt/qbjCdvIvbzX91Kx4ZwZPQ8CZDWKoz173rSO+RgDSLiM=
</SessionKey>
      <Encrypted>xbwz2SlaSWONDLu2LuQLlHC7LebvvYsbUaK4wLmkISxaxXqzXq3OyNbIgeEdzOUK
/ugYPnDN8Lu1WPThDW03WD7Iq23EI7qL4sil04POs3WMlVoHIUxPtku4fFfuDlZv
zoBRwFVTXlLe5ukbIMTZIYIoOFtxtnnp/sPucFys0fQeVuXIFiwu744/iKUC6Fpr
kucnzVmvWj5Lj9pR+hqQDTgHZZU974kPtASt2mZ0lHQlSFo6zllc8XsRVmAIyroS
+PXgraW7OcAP5yH08HPSclUdQjMk2wdoRFtmaynCALeCth5Yq2LTZzukU8w7WIlK
tQ+AzL2nA7N2MscE4s8qhoJ2LG8cuoIvdtA1hK/7TJawOfweh8Huvu9/j+XhcL85
38Xj1IdxwaA5vuhfGF4tGArX0SLaB5/JuEsVAiPbaPwPOq9mpz9FlUE9M83nP7XX
SzZv46Ugspe7kvLj0+0iMKE/pY6cKvV/S051uK5b7l2VsisiMvNkNb6bZuDNmgCq
HK3VKUEgbLoGosSTq5Q/G4kA008AJwQFlRwIKekm6IO+aga02pvE5GSQQ038OJcZ
H+dNWLNoHMUFpN85uq1Fo8RHVMeeAEtQzGS8u5KNxa/JxE+b9YELWgU+oI5qkXMs
FYK+Nmz15ggcAUSFY1nlkPyedidWWIJ1o66ob1iHKCGFkyRqpiRf1gGrt0h1B2Sr
JqN7N5a5y8jxPrU3o5/EIUKCuDCS9kg+1XiGp8BLLupu3ByJyEuLq1RgBx6tU1FU
UeH/dWeMTeJiMEdzfHWW+xUj4lz79ieMoDFXgNVA2LPhlxVlb+MuK9gBvnHk/4tQ
U4yajnq4+/o8ORMwa2Bp2455OUl+n6TDmbPssve44qvJeSaHyYW3y9FnVYXVkzg+
Dn9aIhFmR5WhzqJFav2maR/BetjA+FXLFIPqHb3vIBZO381EoethANrj5ZoLsx2+
PhbQUmGKadoM58pR0z7xFDhF2awladW3JphAni7W2+Pfk1OKLj8nMi8r79r2luct
00AgQ/udw4q/SGrbN43jVAx/blnjGYKb/IF0p9hblT9mSEMggBxnFhhsWh/cCwv6
2KLBgQ7MbILVtIAHgt7jgOKsWomg/UJQy3XOLFC6JnhijAqplifqGKXSCwO0VkRV
uzB3lSgtgaRfByVLOMt670As3hjsJNN0jmg3AokfP2/ttv3XsYBNxkUTEsIsLicZ
onyrKTBl+g75xmXvakPzgCsBiYGd6pdLv8B7uudRAIWJljwH94czOULDTNjbxbpD
1RySrdcx1IOkcQILsceg7KUZqY5gwXegmTSPs1QQNUXkdMtUhq9nwfYNiY84w6rq
clFlZA4xUcxrqYof/utiJKRBxRphSRuYlOHDQIZIvSzSkWticMwMl2itSz/Vmd77
gc5+gyIgY0ko4JAElwMXs3cVXgKNiItz5wuYKS8jfvbJprOQWdy8y8ZNVtnL2zv/
eD+pPlEd0JMplKIqOuduJ7aKIYNgYoeghLnGwG0US68IFpw6xSe93G13CTLzSQyb
DQ+1vSy5Tb6v+Sa8OFv1kWjFOhLYgJP2KIaZyYpl/24CcaUm+3uohIg/u6oF7DOv
7upHL7foKqz7923/K4NvP99FCSUr1FR7gQgo8lUVMx+L+TQi+HRS2UZ3lemeoEfr
P1ztZC7ilAErILZYMM1Oqb65qimdl9cE/MU62SuUpbJvwe8erpPJOc1z0X48EW0j
SbRT4R75jxRoQkqwxT4LXA==
</Encrypted>
      <PayMethod>Card</PayMethod>
      <ResultCode>120000</ResultCode>
      <ResultMsg urlencode="1">%C1%A4%BB%F3%C3%B3%B8%AE%B5%C7%BE%FA%BD%C0%B4%CF%B4%D9.</ResultMsg>
    </Payment>
  </PaymentInfo>
  <ManageInfo>
    <EventCode></EventCode>
    <OrgCurrency></OrgCurrency>
    <ExchangeRate></ExchangeRate>
    <OrgPrice></OrgPrice>
  </ManageInfo>
  <ReservedInfo>
    <MReserved1 urlencode="1"></MReserved1>
    <MReserved2 urlencode="1"></MReserved2>
    <MReserved3 urlencode="1"></MReserved3>
    <PGReserved1 urlencode="1"></PGReserved1>
    <PGReserved2 urlencode="1"></PGReserved2>
    <PGReserved3 urlencode="1"></PGReserved3>
  </ReservedInfo>
</INIpay>
jV4EecmlQ1VBbKr3BwLqFDXMox4vw7Cv1QyrXXov6a/WOxCUy8az4ZlcAqiVSHiq
7OgD+wcijrRedEojV143aBOPRDFYpIHrrCes4/mALkx8WERBO7vC+LVeJr1hAxcA
vXMQ0q9PuSZHDwCj64xrbx0Apw6USrEK0KFMxLGlRNQ=
]
INFO	[2015-09-28 18:26:03:594] <14418> VERIFY OK
INFO	[2015-09-28 18:26:03:594] <14418> PARSE HEAD OK
INFO	[2015-09-28 18:26:03:595] <14418> PARSE BODY OK
INFO	[2015-09-28 18:26:03:596] <14418> DECRYPT OK
DEBUG	[2015-09-28 18:26:03:596] <14418> DECRYPT MSG:[<?xml version="1.0" encoding="UTF-8"?>
<PaymentInfo>
  <Payment>
    <EASYPAY/>
    <Card>
      <CARD_ApplPrice>20000</CARD_ApplPrice>
      <CARD_Num>949065000005</CARD_Num>
      <CARD_Expire></CARD_Expire>
      <CARD_Code>04</CARD_Code>
      <CARD_BankCode>00</CARD_BankCode>
      <CARD_Quota>00</CARD_Quota>
      <CARD_Interest>0</CARD_Interest>
      <CARD_Point></CARD_Point>
      <CARD_AuthType>99</CARD_AuthType>
      <CARD_RegNum></CARD_RegNum>
      <CARD_ApplDate>20150928</CARD_ApplDate>
      <CARD_ApplTime>182603</CARD_ApplTime>
      <CARD_ApplNum>00806196</CARD_ApplNum>
      <CARD_TerminalNum>0198732000</CARD_TerminalNum>
      <CARD_MemberNum></CARD_MemberNum>
      <CARD_PurchaseCode></CARD_PurchaseCode>
      <CARD_ResultCode>120000</CARD_ResultCode>
      <CARD_ResultMsg urlencode="1">%C1%A4%BB%F3%C3%B3%B8%AE%B5%C7%BE%FA%BD%C0%B4%CF%B4%D9.</CARD_ResultMsg>
      <CARD_PrtcCode>1</CARD_PrtcCode>
      <CARD_Quota_Point>00</CARD_Quota_Point>
      <CARD_CheckFlag>0</CARD_CheckFlag>
      <CARD_PurchaseName urlencode="1"></CARD_PurchaseName>
      <CARD_IssuerName urlencode="1"></CARD_IssuerName>
      <CARD_JoinUsePoint></CARD_JoinUsePoint>
      <CARD_UsePoint></CARD_UsePoint>
      <CARD_CouponOnlyMer></CARD_CouponOnlyMer>
    </Card>
  </Payment>
</PaymentInfo>]
INFO	[2015-09-28 18:26:03:597] <14418> DECRYPT PARSE OK
INFO	[2015-09-28 18:26:03:597] <14418> WAIT ACK INVOKING
DEBUG	[2015-09-28 18:26:03:597] <14418> MAKE HEAD OK
INFO	[2015-09-28 18:26:03:634] <14418> SUCCESS ACK INVOKING
INFO	[2015-09-28 18:26:03:634] <14418> END securepay 정상처리되었습니다. Laptime:[0.78sec]
INFO	[2015-09-28 18:26:03:634] <14418> ===============================================================
INFO	[2015-09-28 18:27:27:753] <12452> START INIPHP chkfake (V5036-141209)(OS:Linux3.14.44-32.39.amzn1.x86_64,PHP:5.3.29)
DEBUG	[2015-09-28 18:27:27:753] <12452> inipayhome:/var/www/html/nsale/shop/inicis
DEBUG	[2015-09-28 18:27:27:753] <12452> debug:false
DEBUG	[2015-09-28 18:27:27:753] <12452> type:chkfake
DEBUG	[2015-09-28 18:27:27:753] <12452> enctype:asym
DEBUG	[2015-09-28 18:27:27:753] <12452> admin:1111
DEBUG	[2015-09-28 18:27:27:753] <12452> checkopt:false
DEBUG	[2015-09-28 18:27:27:753] <12452> mid:nsalecokr0
DEBUG	[2015-09-28 18:27:27:753] <12452> price:20000
DEBUG	[2015-09-28 18:27:27:753] <12452> nointerest:no
DEBUG	[2015-09-28 18:27:27:753] <12452> quotabase:선택:일시불:2개월:3개월:4개월:5개월:6개월:7개월:8개월:9개월:10개월:11개월:12개월
INFO	[2015-09-28 18:27:27:754] <12452> Check Field OK
INFO	[2015-09-28 18:27:27:754] <12452> MERCHANT PRIV KEY LOAD OK
INFO	[2015-09-28 18:27:27:754] <12452> MERCHANT PUB KEY LOAD OK []
INFO	[2015-09-28 18:27:27:755] <12452> CHKFAKE KEY MAKE OK:MjAxNTA5MjgxODI3Mjc3NTQyNDA2MQ==

INFO	[2015-09-28 18:27:27:755] <12452> END chkfake  Laptime:[0.001sec]
INFO	[2015-09-28 18:27:27:755] <12452> ===============================================================
INFO	[2015-09-28 23:26:13:769] <13956> START INIPHP chkfake (V5036-141209)(OS:Linux3.14.44-32.39.amzn1.x86_64,PHP:5.3.29)
DEBUG	[2015-09-28 23:26:13:769] <13956> inipayhome:/var/www/html/nsale/shop/inicis
DEBUG	[2015-09-28 23:26:13:769] <13956> debug:false
DEBUG	[2015-09-28 23:26:13:769] <13956> type:chkfake
DEBUG	[2015-09-28 23:26:13:769] <13956> enctype:asym
DEBUG	[2015-09-28 23:26:13:769] <13956> admin:1111
DEBUG	[2015-09-28 23:26:13:769] <13956> checkopt:false
DEBUG	[2015-09-28 23:26:13:769] <13956> mid:nsalecokr0
DEBUG	[2015-09-28 23:26:13:769] <13956> price:11500
DEBUG	[2015-09-28 23:26:13:769] <13956> nointerest:no
DEBUG	[2015-09-28 23:26:13:769] <13956> quotabase:선택:일시불:2개월:3개월:4개월:5개월:6개월:7개월:8개월:9개월:10개월:11개월:12개월
INFO	[2015-09-28 23:26:13:769] <13956> Check Field OK
INFO	[2015-09-28 23:26:13:769] <13956> MERCHANT PRIV KEY LOAD OK
INFO	[2015-09-28 23:26:13:769] <13956> MERCHANT PUB KEY LOAD OK []
INFO	[2015-09-28 23:26:13:770] <13956> CHKFAKE KEY MAKE OK:MjAxNTA5MjgyMzI2MTM3Njk4NjU1Mg==

INFO	[2015-09-28 23:26:13:770] <13956> END chkfake  Laptime:[0.001sec]
INFO	[2015-09-28 23:26:13:770] <13956> ===============================================================
INFO	[2015-09-28 23:27:19:156] <13956> START INIPHP securepay (V5036-141209)(OS:Linux3.14.44-32.39.amzn1.x86_64,PHP:5.3.29)
DEBUG	[2015-09-28 23:27:19:156] <13956> inipayhome:/var/www/html/nsale/shop/inicis
DEBUG	[2015-09-28 23:27:19:156] <13956> debug:false
DEBUG	[2015-09-28 23:27:19:156] <13956> type:securepay
DEBUG	[2015-09-28 23:27:19:156] <13956> pgid:INIphpHPP_
DEBUG	[2015-09-28 23:27:19:156] <13956> subpgip:203.238.3.10
DEBUG	[2015-09-28 23:27:19:156] <13956> admin:1111
DEBUG	[2015-09-28 23:27:19:156] <13956> uid:
DEBUG	[2015-09-28 23:27:19:156] <13956> goodname:이불의류정리함 3종세트
DEBUG	[2015-09-28 23:27:19:156] <13956> currency:WON
DEBUG	[2015-09-28 23:27:19:156] <13956> mid:nsalecokr0
DEBUG	[2015-09-28 23:27:19:156] <13956> rn:MjAxNTA5MjgyMzI2MTM3Njk4NjU1Mg==

DEBUG	[2015-09-28 23:27:19:156] <13956> price:11500
DEBUG	[2015-09-28 23:27:19:156] <13956> enctype:
DEBUG	[2015-09-28 23:27:19:156] <13956> buyername:백두경
DEBUG	[2015-09-28 23:27:19:156] <13956> buyertel:01052336674
DEBUG	[2015-09-28 23:27:19:156] <13956> buyeremail:sea77k@naver.com
DEBUG	[2015-09-28 23:27:19:156] <13956> paymethod:HPP
DEBUG	[2015-09-28 23:27:19:156] <13956> encrypted:Version=4.1&PayMethod=HPP&RsaKeyNum=1&EncryptionAlgorithm=SEED-CBC&SignAlgorithm=RSAwithSHA1&CertVer=39&moid=2015092823235202&ver_trace=main(6097,6059)hpp(6038,6032)n(6009)Cs(6025)Dt(6002)Pa(6002)Cf(6024)Fv(0000)La(6156)Re(6106)Vr(6007)P(6034)en(6054)nP(6006)&pg1=211.219.96.180&pg2=203.238.37.3&pg1ip=211.219.96.180&pg2ip=203.238.37.3&Data=ARoXsI/3zBQB87tycHFtr4OOmOChJkM0mR4JW3dnqbjWjRlMsCGguIZQv1JZv57U
f42fNm4j6K4/CdOV2ROOp9ViiHM9wlySN70OH75FupUehx0iJTlzoSLejDP5w4nC
wdFatNs5orrr23GB8JNARNZB28n5APei7dz85b550++jS2QyELTjOYMxU7Ky0z70
6vszriBfVjbP+PMpjc1mpxSl++4SZyvovBrrjxti34pWMgYiWmhvdfiT0i25LI4t
IeYx9QcrA1ao/OHfHhclTkLidUNAPSRBnMkRRka9yc3a37UCoXUho1awXEQ9FOVo
QwG5txk0+hZUi8fLarAETY2gUZS3yZ/73lnt8HgDgM68yw5Xrrkhd+QfcJKt66TY
hQDRJe4/PlxoLXUDhcbXUcsWOQaMePsL/a+uW+3qWWsfjueK00QEQw+lMwuv69wA
Bh10jaqNv84iVDbpaoo3UxlQ2qQDLMfXUfudJREfDlK1cVou/GX3AYvkl0rplPyq
Gc0NC5Uovfa7JqXxvQYyrN8XdDRsROXVcbLTebWXpkCFIxj0Da4XJVxLCOp4hq2q
ta3sUAoCv6Skho02vzRtLCZr3D76HPpfVGxP+eFKSnR5r7u8uO7fvGxnDvdB0HT5
mYzp9Uo8BeNvMvG+byEv086t+877w9dEn/oGZlGjsljzHsAr4+Q1eTUabF2Qpt0L
P8AEnczUc3VYu/2ASqK9YEACy9HX/+54zNU=
DEBUG	[2015-09-28 23:27:19:156] <13956> sessionkey:nNZZAYknB8D2mqd1RqQPVuIzqpvA3v2r0cE58VEZQvzowLzHR5ewRZyS6sQInui7
ZJXw3TXhFSoi2l5EmKktyQc0ZB8CKKq0yDivehlDkrWZOtqEIQRGYggRcwLROuI9
3QyyXgP3mLvFjDXOcbS1R+xHMd8JsF45JF3tYTCRe54=
DEBUG	[2015-09-28 23:27:19:156] <13956> url:http://www.nsale.co.kr
DEBUG	[2015-09-28 23:27:19:156] <13956> cardcode:
DEBUG	[2015-09-28 23:27:19:156] <13956> parentemail:
DEBUG	[2015-09-28 23:27:19:156] <13956> recvname:백두경
DEBUG	[2015-09-28 23:27:19:156] <13956> recvtel:01052336674
DEBUG	[2015-09-28 23:27:19:156] <13956> recvaddr:전북 군산시 해망로 606 소룡동 소룡제이파크 205동 108호
DEBUG	[2015-09-28 23:27:19:156] <13956> recvpostnum:54008
DEBUG	[2015-09-28 23:27:19:156] <13956> recvmsg:
DEBUG	[2015-09-28 23:27:19:156] <13956> joincard:
DEBUG	[2015-09-28 23:27:19:156] <13956> joinexpire:
DEBUG	[2015-09-28 23:27:19:156] <13956> id_customer:
INFO	[2015-09-28 23:27:19:156] <13956> Check Field OK
INFO	[2015-09-28 23:27:19:156] <13956> Make TID OK INIphpHPP_nsalecokr020150928232719563087
INFO	[2015-09-28 23:27:19:156] <13956> PI PUB KEY LOAD OK [39]
INFO	[2015-09-28 23:27:19:157] <13956> PG PUB KEY LOAD OK [30]
INFO	[2015-09-28 23:27:19:157] <13956> MERCHANT PRIV KEY LOAD OK
INFO	[2015-09-28 23:27:19:157] <13956> MERCHANT PUB KEY LOAD OK [0]
INFO	[2015-09-28 23:27:19:158] <13956> MAKE BODY OK
INFO	[2015-09-28 23:27:19:158] <13956> SIGN OK
INFO	[2015-09-28 23:27:19:158] <13956> MAKE HEAD OK
INFO	[2015-09-28 23:27:19:159] <13956> MSG_TO_PG:[0304600175R SHA1                   0                  39                  300200nsalecokr0               11500INIphpHPP_nsalecokr020150928232719563087<?xml version="1.0" encoding="UTF-8"?>
<INIpay>
	  <GoodsInfo>
	    <GoodsCnt>1</GoodsCnt>
	    <MOID/>
	    <Currency>WON</Currency>
	    <Tax/>
	    <TaxFree/>
	    <Goods>
	      <SMID>nsalecokr0</SMID>
	      <GoodsName urlencode="1">%C0%CC%BA%D2%C0%C7%B7%F9%C1%A4%B8%AE%C7%D4+3%C1%BE%BC%BC%C6%AE</GoodsName>
	      <GoodsPrice>11500</GoodsPrice></Goods></GoodsInfo>
	  <BuyerInfo>
	    <BuyerName urlencode="1">%B9%E9%B5%CE%B0%E6</BuyerName>
	    <BuyerTel>01052336674</BuyerTel>
	    <BuyerEmail urlencode="1">sea77k%40naver.com</BuyerEmail>
	    <ParentEmail/>
	    <RecvName urlencode="1">%B9%E9%B5%CE%B0%E6</RecvName>
	    <RecvTel urlencode="1">01052336674</RecvTel>
	    <RecvMsg/>
	    <RecvAddr urlencode="1">%C0%FC%BA%CF+%B1%BA%BB%EA%BD%C3+%C7%D8%B8%C1%B7%CE+606+%BC%D2%B7%E6%B5%BF+%BC%D2%B7%E6%C1%A6%C0%CC%C6%C4%C5%A9+205%B5%BF+108%C8%A3</RecvAddr>
	    <RecvPostNum urlencode="1">54008</RecvPostNum></BuyerInfo>
	  <PaymentInfo>
	    <Payment>
	      <PayMethod>HPP</PayMethod>
	      <JoinCard/>
	      <JoinExpire/>
	      <MailOrder/>
	      <SessionKey>nNZZAYknB8D2mqd1RqQPVuIzqpvA3v2r0cE58VEZQvzowLzHR5ewRZyS6sQInui7
ZJXw3TXhFSoi2l5EmKktyQc0ZB8CKKq0yDivehlDkrWZOtqEIQRGYggRcwLROuI9
3QyyXgP3mLvFjDXOcbS1R+xHMd8JsF45JF3tYTCRe54=</SessionKey>
	      <Encrypted urlencode="1">Version%3D4.1%26PayMethod%3DHPP%26RsaKeyNum%3D1%26EncryptionAlgorithm%3DSEED-CBC%26SignAlgorithm%3DRSAwithSHA1%26CertVer%3D39%26moid%3D2015092823235202%26ver_trace%3Dmain%286097%2C6059%29hpp%286038%2C6032%29n%286009%29Cs%286025%29Dt%286002%29Pa%286002%29Cf%286024%29Fv%280000%29La%286156%29Re%286106%29Vr%286007%29P%286034%29en%286054%29nP%286006%29%26pg1%3D211.219.96.180%26pg2%3D203.238.37.3%26pg1ip%3D211.219.96.180%26pg2ip%3D203.238.37.3%26Data%3DARoXsI%2F3zBQB87tycHFtr4OOmOChJkM0mR4JW3dnqbjWjRlMsCGguIZQv1JZv57U%0D%0Af42fNm4j6K4%2FCdOV2ROOp9ViiHM9wlySN70OH75FupUehx0iJTlzoSLejDP5w4nC%0D%0AwdFatNs5orrr23GB8JNARNZB28n5APei7dz85b550%2B%2BjS2QyELTjOYMxU7Ky0z70%0D%0A6vszriBfVjbP%2BPMpjc1mpxSl%2B%2B4SZyvovBrrjxti34pWMgYiWmhvdfiT0i25LI4t%0D%0AIeYx9QcrA1ao%2FOHfHhclTkLidUNAPSRBnMkRRka9yc3a37UCoXUho1awXEQ9FOVo%0D%0AQwG5txk0%2BhZUi8fLarAETY2gUZS3yZ%2F73lnt8HgDgM68yw5Xrrkhd%2BQfcJKt66TY%0D%0AhQDRJe4%2FPlxoLXUDhcbXUcsWOQaMePsL%2Fa%2BuW%2B3qWWsfjueK00QEQw%2BlMwuv69wA%0D%0ABh10jaqNv84iVDbpaoo3UxlQ2qQDLMfXUfudJREfDlK1cVou%2FGX3AYvkl0rplPyq%0D%0AGc0NC5Uovfa7JqXxvQYyrN8XdDRsROXVcbLTebWXpkCFIxj0Da4XJVxLCOp4hq2q%0D%0Ata3sUAoCv6Skho02vzRtLCZr3D76HPpfVGxP%2BeFKSnR5r7u8uO7fvGxnDvdB0HT5%0D%0AmYzp9Uo8BeNvMvG%2BbyEv086t%2B877w9dEn%2FoGZlGjsljzHsAr4%2BQ1eTUabF2Qpt0L%0D%0AP8AEnczUc3VYu%2F2ASqK9YEACy9HX%2F%2B54zNU%3D</Encrypted></Payment></PaymentInfo>
	  <ReservedInfo>
	    <MReserved1/>
	    <MReserved2/>
	    <MReserved3/></ReservedInfo>
	  <ManageInfo>
	    <Language/>
	    <URL urlencode="1">http%3A%2F%2Fwww.nsale.co.kr</URL>
	    <TXVersion>5036B141209securLinux     PHPchkfake   3.14.44-32.39.amzn1.x86_64PHP:</TXVersion>
	    <TXUserID/>
	    <TXRegNum/>
	    <Ack>1</Ack>
	    <TXRN>MjAxNTA5MjgyMzI2MTM3Njk4NjU1Mg==
</TXRN></ManageInfo></INIpay>ACwcivg7pm/Eo6LXgg4/krxD45VoBuwCv6OJgPlnSwn8DVJeGUglsa3n7MI3SGRY
ObN/oj2EVHsSPEjJFt/z2bkk78JO13CugXu4AhSPNaldxSB+wulim/qtp+CWSlPb
Ti5ogKwJ+ZUuW+aFmHbZP7EXyRI0/JOj8N69IfTarLh7
]
INFO	[2015-09-28 23:27:19:159] <13956> DNS LOOKUP OK(211.219.96.180:211.219.96.180:34049) laptime:0
INFO	[2015-09-28 23:27:19:195] <13956> SOCKET CONNECT OK
INFO	[2015-09-28 23:27:19:195] <13956> SEND OK
INFO	[2015-09-28 23:27:19:664] <13956> RECV OK
INFO	[2015-09-28 23:27:19:664] <13956> MSG_FROM_PG:[0207100175D SHA1                   0                  39                  300210nsalecokr0               11500INIphpHPP_nsalecokr020150928232719563087<?xml version="1.0" encoding="UTF-8"?>
<INIpay>
  <GoodsInfo>
    <GoodsCnt>1</GoodsCnt>
    <MOID urlencode="1">2015092823235202</MOID>
    <Currency>WON</Currency>
    <Goods no="1">
      <SMID>nsalecokr0</SMID>
      <GoodsName urlencode="1">%C0%CC%BA%D2%C0%C7%B7%F9%C1%A4%B8%AE%C7%D4+3%C1%BE%BC%BC%C6%AE</GoodsName>
      <GoodsCntS>1</GoodsCntS>
      <GoodsPrice>11500</GoodsPrice>
    </Goods>
  </GoodsInfo>
  <PaymentInfo>
    <Payment>
      <SessionKey>AMT6PEDUtwtQkIyr4af/blDMVwXA/xMsarhrTvdPigDRHgGnyFZcW/fVHv61azF5
PkySPX6X25X2uLnx5+AiKjnt8IQEUhSZCtjVxL/76Q5y7OwdYQJWgkehWb48LziJ
VZ07UfYkWcDig6qSD0ENc9h5CrsgSW/+RE9F26c59WUl/k5B7McquZA=
</SessionKey>
      <Encrypted>u71cIx+dA9ekyoLdwZ32CS8sdlQ0gQdWsCY6Su1eIywXNygdrQ5X016GDcptW9Id
cjMBhRmr7gB+jZyeuEIvQLPw4gYAWZ2342y5GMRDlhKKw5e7XQwfzqVgecpuhMMW
cD0QHrv5LRftPZ16/jcNCrDbKEUsrTkQcvh/Ilst+P04Nfis0noSEZ+TkUPVPMZK
pu/mIcueG2DaPyBWF+aTF7naadQth2GxoZmZ+nlFuxZrPXkkL6fiIPhpQwIfxFPZ
6FmpsaBUd2S7vjcAO3lwrIhlzOkyBGCjaOnU2emb1en/gBDHw4SpEk4EqK7JWFW9
gm5PPf2K41BrzmNqpIP6wPThKBsdpJsqpPcxBQN+iqfq53JJe7Ah8Ie0ZOzJTAlS
e+p+c8K2BJciWjGuLso+VHmw7QpBwMoN20pV3AMP7dPmZBtvFKYkkcgOjkooFcAR
T8vkmcKDj0kWCxQc9dxqeGcWna+db1ayrLA7sTIgFWGXGrPC7806/H9eYVxjG71N
zftjftZYZlE3DmEmngnQBLTMjRfJxOxGlqp1I1hOTL9KPx9/7YLeNt6wsMeiKrEa
tHoToMvbG6Nl3QEwFdke/WR4lnaMYN70zNRoBoHU6pljiHF5bB3CCffOeCP2TMdS
JazpvTM/mWFvxPk5yWojNrT4rk1+LnFIjJiwLGrw4NlEm83SV2cX4A==
</Encrypted>
      <PayMethod>HPP</PayMethod>
      <ResultCode>110000</ResultCode>
      <ResultMsg urlencode="1">%C1%A4%BB%F3%C3%B3%B8%AE%B5%C7%BE%FA%BD%C0%B4%CF%B4%D9.</ResultMsg>
    </Payment>
  </PaymentInfo>
  <ManageInfo>
    <EventCode></EventCode>
    <OrgCurrency></OrgCurrency>
    <ExchangeRate></ExchangeRate>
    <OrgPrice></OrgPrice>
  </ManageInfo>
  <ReservedInfo>
    <MReserved1 urlencode="1"></MReserved1>
    <MReserved2 urlencode="1"></MReserved2>
    <MReserved3 urlencode="1"></MReserved3>
    <PGReserved1 urlencode="1"></PGReserved1>
    <PGReserved2 urlencode="1"></PGReserved2>
    <PGReserved3 urlencode="1"></PGReserved3>
  </ReservedInfo>
</INIpay>
cGGa8CeemNtOMCnluLahAIzk4Ed3KOeFvwlw4KaA9sH2K/uPoFx0CLxyVKM+P+PA
UVDevTx0f5sllvG98OLa1iwkFau780ay/02w8ioUCsvmGEvemZRd4Pg+zm6MFbw3
RAhzFS+WNNHbfcNio6d2qD3kS+qkS1dANQNRbMQTDlc=
]
INFO	[2015-09-28 23:27:19:664] <13956> VERIFY OK
INFO	[2015-09-28 23:27:19:664] <13956> PARSE HEAD OK
INFO	[2015-09-28 23:27:19:665] <13956> PARSE BODY OK
INFO	[2015-09-28 23:27:19:666] <13956> DECRYPT OK
DEBUG	[2015-09-28 23:27:19:666] <13956> DECRYPT MSG:[<?xml version="1.0" encoding="UTF-8"?>
<PaymentInfo>
  <Payment>
    <EASYPAY/>
    <HPP>
      <HPP_Num>01052336674</HPP_Num>
      <HPP_Corp>SKT</HPP_Corp>
      <HPP_ApplPrice>11500</HPP_ApplPrice>
      <HPP_ApplDate>20150928</HPP_ApplDate>
      <HPP_ApplTime>232719</HPP_ApplTime>
      <HPP_ApplNum></HPP_ApplNum>
      <HPP_ResultCode>110000</HPP_ResultCode>
      <HPP_ResultMsg urlencode="1">%C1%A4%BB%F3%C3%B3%B8%AE%B5%C7%BE%FA%BD%C0%B4%CF%B4%D9.</HPP_ResultMsg>
    </HPP>
  </Payment>
</PaymentInfo>]
INFO	[2015-09-28 23:27:19:666] <13956> DECRYPT PARSE OK
INFO	[2015-09-28 23:27:19:666] <13956> WAIT ACK INVOKING
DEBUG	[2015-09-28 23:27:19:666] <13956> MAKE HEAD OK
INFO	[2015-09-28 23:27:19:703] <13956> SUCCESS ACK INVOKING
INFO	[2015-09-28 23:27:19:703] <13956> END securepay 정상처리되었습니다. Laptime:[0.547sec]
INFO	[2015-09-28 23:27:19:703] <13956> ===============================================================
INFO	[2015-09-28 23:57:58:57] <13958> START INIPHP chkfake (V5036-141209)(OS:Linux3.14.44-32.39.amzn1.x86_64,PHP:5.3.29)
DEBUG	[2015-09-28 23:57:58:57] <13958> inipayhome:/var/www/html/nsale/shop/inicis
DEBUG	[2015-09-28 23:57:58:57] <13958> debug:false
DEBUG	[2015-09-28 23:57:58:57] <13958> type:chkfake
DEBUG	[2015-09-28 23:57:58:57] <13958> enctype:asym
DEBUG	[2015-09-28 23:57:58:57] <13958> admin:1111
DEBUG	[2015-09-28 23:57:58:57] <13958> checkopt:false
DEBUG	[2015-09-28 23:57:58:57] <13958> mid:nsalecokr0
DEBUG	[2015-09-28 23:57:58:57] <13958> price:20000
DEBUG	[2015-09-28 23:57:58:57] <13958> nointerest:no
DEBUG	[2015-09-28 23:57:58:57] <13958> quotabase:선택:일시불:2개월:3개월:4개월:5개월:6개월:7개월:8개월:9개월:10개월:11개월:12개월
INFO	[2015-09-28 23:57:58:57] <13958> Check Field OK
INFO	[2015-09-28 23:57:58:57] <13958> MERCHANT PRIV KEY LOAD OK
INFO	[2015-09-28 23:57:58:57] <13958> MERCHANT PUB KEY LOAD OK []
INFO	[2015-09-28 23:57:58:58] <13958> CHKFAKE KEY MAKE OK:MjAxNTA5MjgyMzU3NTgwNTc4MTI5NQ==

INFO	[2015-09-28 23:57:58:58] <13958> END chkfake  Laptime:[0.001sec]
INFO	[2015-09-28 23:57:58:58] <13958> ===============================================================
INFO	[2015-09-28 23:58:16:680] <19091> START INIPHP chkfake (V5036-141209)(OS:Linux3.14.44-32.39.amzn1.x86_64,PHP:5.3.29)
DEBUG	[2015-09-28 23:58:16:680] <19091> inipayhome:/var/www/html/nsale/shop/inicis
DEBUG	[2015-09-28 23:58:16:680] <19091> debug:false
DEBUG	[2015-09-28 23:58:16:680] <19091> type:chkfake
DEBUG	[2015-09-28 23:58:16:680] <19091> enctype:asym
DEBUG	[2015-09-28 23:58:16:680] <19091> admin:1111
DEBUG	[2015-09-28 23:58:16:680] <19091> checkopt:false
DEBUG	[2015-09-28 23:58:16:680] <19091> mid:nsalecokr0
DEBUG	[2015-09-28 23:58:16:680] <19091> price:20000
DEBUG	[2015-09-28 23:58:16:680] <19091> nointerest:no
DEBUG	[2015-09-28 23:58:16:680] <19091> quotabase:선택:일시불:2개월:3개월:4개월:5개월:6개월:7개월:8개월:9개월:10개월:11개월:12개월
INFO	[2015-09-28 23:58:16:680] <19091> Check Field OK
INFO	[2015-09-28 23:58:16:680] <19091> MERCHANT PRIV KEY LOAD OK
INFO	[2015-09-28 23:58:16:681] <19091> MERCHANT PUB KEY LOAD OK []
INFO	[2015-09-28 23:58:16:681] <19091> CHKFAKE KEY MAKE OK:MjAxNTA5MjgyMzU4MTY2ODEyMTA3OA==

INFO	[2015-09-28 23:58:16:681] <19091> END chkfake  Laptime:[0.001sec]
INFO	[2015-09-28 23:58:16:681] <19091> ===============================================================
INFO	[2015-09-28 23:58:34:380] <13450> START INIPHP chkfake (V5036-141209)(OS:Linux3.14.44-32.39.amzn1.x86_64,PHP:5.3.29)
DEBUG	[2015-09-28 23:58:34:380] <13450> inipayhome:/var/www/html/nsale/shop/inicis
DEBUG	[2015-09-28 23:58:34:380] <13450> debug:false
DEBUG	[2015-09-28 23:58:34:380] <13450> type:chkfake
DEBUG	[2015-09-28 23:58:34:380] <13450> enctype:asym
DEBUG	[2015-09-28 23:58:34:380] <13450> admin:1111
DEBUG	[2015-09-28 23:58:34:380] <13450> checkopt:false
DEBUG	[2015-09-28 23:58:34:380] <13450> mid:nsalecokr0
DEBUG	[2015-09-28 23:58:34:380] <13450> price:20000
DEBUG	[2015-09-28 23:58:34:380] <13450> nointerest:no
DEBUG	[2015-09-28 23:58:34:380] <13450> quotabase:선택:일시불:2개월:3개월:4개월:5개월:6개월:7개월:8개월:9개월:10개월:11개월:12개월
INFO	[2015-09-28 23:58:34:380] <13450> Check Field OK
INFO	[2015-09-28 23:58:34:381] <13450> MERCHANT PRIV KEY LOAD OK
INFO	[2015-09-28 23:58:34:381] <13450> MERCHANT PUB KEY LOAD OK []
INFO	[2015-09-28 23:58:34:382] <13450> CHKFAKE KEY MAKE OK:MjAxNTA5MjgyMzU4MzQzODE2MDAzOA==

INFO	[2015-09-28 23:58:34:382] <13450> END chkfake  Laptime:[0.001sec]
INFO	[2015-09-28 23:58:34:382] <13450> ===============================================================
