INFO	[2015-09-26 04:56:08:449] <3494> START INIPHP chkfake (V5036-141209)(OS:Linux3.14.44-32.39.amzn1.x86_64,PHP:5.3.29)
DEBUG	[2015-09-26 04:56:08:449] <3494> inipayhome:/var/www/html/nsale/shop/inicis
DEBUG	[2015-09-26 04:56:08:449] <3494> debug:false
DEBUG	[2015-09-26 04:56:08:449] <3494> type:chkfake
DEBUG	[2015-09-26 04:56:08:449] <3494> enctype:asym
DEBUG	[2015-09-26 04:56:08:449] <3494> admin:1111
DEBUG	[2015-09-26 04:56:08:449] <3494> checkopt:false
DEBUG	[2015-09-26 04:56:08:449] <3494> mid:nsalecokr0
DEBUG	[2015-09-26 04:56:08:449] <3494> price:63200
DEBUG	[2015-09-26 04:56:08:449] <3494> nointerest:no
DEBUG	[2015-09-26 04:56:08:449] <3494> quotabase:선택:일시불:2개월:3개월:4개월:5개월:6개월:7개월:8개월:9개월:10개월:11개월:12개월
INFO	[2015-09-26 04:56:08:449] <3494> Check Field OK
INFO	[2015-09-26 04:56:08:449] <3494> MERCHANT PRIV KEY LOAD OK
INFO	[2015-09-26 04:56:08:449] <3494> MERCHANT PUB KEY LOAD OK []
INFO	[2015-09-26 04:56:08:450] <3494> CHKFAKE KEY MAKE OK:MjAxNTA5MjYwNDU2MDg0NTA3OTU2OA==

INFO	[2015-09-26 04:56:08:450] <3494> END chkfake  Laptime:[0.001sec]
INFO	[2015-09-26 04:56:08:450] <3494> ===============================================================
INFO	[2015-09-26 05:00:50:106] <11115> START INIPHP chkfake (V5036-141209)(OS:Linux3.14.44-32.39.amzn1.x86_64,PHP:5.3.29)
DEBUG	[2015-09-26 05:00:50:106] <11115> inipayhome:/var/www/html/nsale/shop/inicis
DEBUG	[2015-09-26 05:00:50:106] <11115> debug:false
DEBUG	[2015-09-26 05:00:50:106] <11115> type:chkfake
DEBUG	[2015-09-26 05:00:50:106] <11115> enctype:asym
DEBUG	[2015-09-26 05:00:50:106] <11115> admin:1111
DEBUG	[2015-09-26 05:00:50:106] <11115> checkopt:false
DEBUG	[2015-09-26 05:00:50:106] <11115> mid:nsalecokr0
DEBUG	[2015-09-26 05:00:50:106] <11115> price:63200
DEBUG	[2015-09-26 05:00:50:106] <11115> nointerest:no
DEBUG	[2015-09-26 05:00:50:106] <11115> quotabase:선택:일시불:2개월:3개월:4개월:5개월:6개월:7개월:8개월:9개월:10개월:11개월:12개월
INFO	[2015-09-26 05:00:50:106] <11115> Check Field OK
INFO	[2015-09-26 05:00:50:106] <11115> MERCHANT PRIV KEY LOAD OK
INFO	[2015-09-26 05:00:50:107] <11115> MERCHANT PUB KEY LOAD OK []
INFO	[2015-09-26 05:00:50:107] <11115> CHKFAKE KEY MAKE OK:MjAxNTA5MjYwNTAwNTAxMDczNjcwMQ==

INFO	[2015-09-26 05:00:50:107] <11115> END chkfake  Laptime:[0.001sec]
INFO	[2015-09-26 05:00:50:107] <11115> ===============================================================
INFO	[2015-09-26 05:02:25:403] <3506> START INIPHP chkfake (V5036-141209)(OS:Linux3.14.44-32.39.amzn1.x86_64,PHP:5.3.29)
DEBUG	[2015-09-26 05:02:25:403] <3506> inipayhome:/var/www/html/nsale/shop/inicis
DEBUG	[2015-09-26 05:02:25:403] <3506> debug:false
DEBUG	[2015-09-26 05:02:25:403] <3506> type:chkfake
DEBUG	[2015-09-26 05:02:25:403] <3506> enctype:asym
DEBUG	[2015-09-26 05:02:25:403] <3506> admin:1111
DEBUG	[2015-09-26 05:02:25:403] <3506> checkopt:false
DEBUG	[2015-09-26 05:02:25:403] <3506> mid:nsalecokr0
DEBUG	[2015-09-26 05:02:25:403] <3506> price:63200
DEBUG	[2015-09-26 05:02:25:403] <3506> nointerest:no
DEBUG	[2015-09-26 05:02:25:403] <3506> quotabase:선택:일시불:2개월:3개월:4개월:5개월:6개월:7개월:8개월:9개월:10개월:11개월:12개월
INFO	[2015-09-26 05:02:25:403] <3506> Check Field OK
INFO	[2015-09-26 05:02:25:404] <3506> MERCHANT PRIV KEY LOAD OK
INFO	[2015-09-26 05:02:25:404] <3506> MERCHANT PUB KEY LOAD OK []
INFO	[2015-09-26 05:02:25:404] <3506> CHKFAKE KEY MAKE OK:MjAxNTA5MjYwNTAyMjU0MDQ3ODMxMg==

INFO	[2015-09-26 05:02:25:404] <3506> END chkfake  Laptime:[0.001sec]
INFO	[2015-09-26 05:02:25:404] <3506> ===============================================================
INFO	[2015-09-26 05:03:38:382] <3492> START INIPHP securepay (V5036-141209)(OS:Linux3.14.44-32.39.amzn1.x86_64,PHP:5.3.29)
DEBUG	[2015-09-26 05:03:38:382] <3492> inipayhome:/var/www/html/nsale/shop/inicis
DEBUG	[2015-09-26 05:03:38:382] <3492> debug:false
DEBUG	[2015-09-26 05:03:38:382] <3492> type:securepay
DEBUG	[2015-09-26 05:03:38:382] <3492> pgid:INIphpVBNK
DEBUG	[2015-09-26 05:03:38:382] <3492> subpgip:203.238.3.10
DEBUG	[2015-09-26 05:03:38:382] <3492> admin:1111
DEBUG	[2015-09-26 05:03:38:382] <3492> uid:
DEBUG	[2015-09-26 05:03:38:382] <3492> goodname:링클앤크림: 발효에너지 비피다 수분보호막
DEBUG	[2015-09-26 05:03:38:382] <3492> currency:WON
DEBUG	[2015-09-26 05:03:38:382] <3492> mid:nsalecokr0
DEBUG	[2015-09-26 05:03:38:382] <3492> rn:MjAxNTA5MjYwNTAyMjU0MDQ3ODMxMg==

DEBUG	[2015-09-26 05:03:38:382] <3492> price:63200
DEBUG	[2015-09-26 05:03:38:382] <3492> enctype:
DEBUG	[2015-09-26 05:03:38:382] <3492> buyername:김현일
DEBUG	[2015-09-26 05:03:38:382] <3492> buyertel:0107581141
DEBUG	[2015-09-26 05:03:38:382] <3492> buyeremail:4hyunil@gmail.com
DEBUG	[2015-09-26 05:03:38:382] <3492> paymethod:VBank
DEBUG	[2015-09-26 05:03:38:382] <3492> encrypted:Version=4.1&PayMethod=VBank&RsaKeyNum=1&EncryptionAlgorithm=SEED-CBC&SignAlgorithm=RSAwithSHA1&CertVer=39&moid=2015092604505898&ver_trace=main(6097,6059)vbank(6031,6033)n(6009)Cs(6025)Dt(6002)Pa(6002)Cf(6024)Fv(0000)La(6156)Re(6106)Vr(6007)P(6034)en(6054)nP(6006)&pg1=211.219.96.180&pg2=203.238.37.3&pg1ip=211.219.96.180&pg2ip=203.238.37.3&agreeflag=1111&Data=Pcw56V0oZ3ck++F504jIQi0+08X7tMNvu8mhgWLlcfe5zVPL2ZPVu0qQslVymcLB
lOTtHVbet9m0Hz7CDtgA3TkiPtmrXGUVm3ccCFUdwz1kFDPJ5dtSshRi6VHb4Ce4
NZVLI9wEXW1OPp0eqQpmciUCkDoRwiiLzeN3wJESJTWNbH+Yq+GJiqMnFUuAC5qj
X/tBTPCAMSgSiSSdEoN91Bnbvgj1G9iliqc3XoGSheRwaRqqMUoDlC95bgSS3Rol
+TePMH0yhrZYVQjHdiOx5r8qYSkoHwDuTyeFkGlZNhnysE67u4JQ9g3+4OwPS8i0
UNfCaaT/Z0F4JD7YoL78B2m+UjVoBXJExWRqG7mHg9hvmz1V408K+I4NJbxKdptq
UTCKw2vCnt6TAka4LqezUyErdGQ8+xymBLgT9t2ug6r8U+0WaMPiBHAigsNzW32l
rQhtPootvWTU6t77LrdENNLLIgdmDImzG3jK9j2H9G2DtHELufZLWA5tCjbMMdwC
LcupIGg8ee6H7AC8cG1lkd84/po=
DEBUG	[2015-09-26 05:03:38:382] <3492> sessionkey:wOcgmdoUcCI661Jh6uMuZYIRzkBIgq0sWTTaz4tycNiBWOc1p5E6FgmwHQQFu6Pa
jriOwtrV2T1y3m/CMmQAFktjyvY3/n1Ic+ZuQ5AumFXcXLRklpHj+kL8OXKbEFs+
UeGLL0AtRwjJYIp0LQRerm6VX/N74WeiN/Li2m2j7xQ=
DEBUG	[2015-09-26 05:03:38:382] <3492> url:http://www.nsale.co.kr
DEBUG	[2015-09-26 05:03:38:382] <3492> cardcode:
DEBUG	[2015-09-26 05:03:38:382] <3492> parentemail:
DEBUG	[2015-09-26 05:03:38:382] <3492> recvname:박정환
DEBUG	[2015-09-26 05:03:38:382] <3492> recvtel:0107581141
DEBUG	[2015-09-26 05:03:38:382] <3492> recvaddr:경기 파주시 독암길 12 흰돌마을아파트 107동 101호
DEBUG	[2015-09-26 05:03:38:382] <3492> recvpostnum:10932
DEBUG	[2015-09-26 05:03:38:382] <3492> recvmsg:
DEBUG	[2015-09-26 05:03:38:382] <3492> joincard:
DEBUG	[2015-09-26 05:03:38:382] <3492> joinexpire:
DEBUG	[2015-09-26 05:03:38:382] <3492> id_customer:
INFO	[2015-09-26 05:03:38:382] <3492> Check Field OK
INFO	[2015-09-26 05:03:38:382] <3492> Make TID OK INIphpVBNKnsalecokr020150926050338822865
INFO	[2015-09-26 05:03:38:382] <3492> PI PUB KEY LOAD OK [39]
INFO	[2015-09-26 05:03:38:382] <3492> PG PUB KEY LOAD OK [30]
INFO	[2015-09-26 05:03:38:382] <3492> MERCHANT PRIV KEY LOAD OK
INFO	[2015-09-26 05:03:38:383] <3492> MERCHANT PUB KEY LOAD OK [0]
INFO	[2015-09-26 05:03:38:383] <3492> MAKE BODY OK
INFO	[2015-09-26 05:03:38:384] <3492> SIGN OK
INFO	[2015-09-26 05:03:38:384] <3492> MAKE HEAD OK
INFO	[2015-09-26 05:03:38:384] <3492> MSG_TO_PG:[0286800175R SHA1                   0                  39                  300200nsalecokr0               63200INIphpVBNKnsalecokr020150926050338822865<?xml version="1.0" encoding="UTF-8"?>
<INIpay>
	  <GoodsInfo>
	    <GoodsCnt>1</GoodsCnt>
	    <MOID/>
	    <Currency>WON</Currency>
	    <Tax/>
	    <TaxFree/>
	    <Goods>
	      <SMID>nsalecokr0</SMID>
	      <GoodsName urlencode="1">%B8%B5%C5%AC%BE%D8%C5%A9%B8%B2%3A+%B9%DF%C8%BF%BF%A1%B3%CA%C1%F6+%BA%F1%C7%C7%B4%D9+%BC%F6%BA%D0%BA%B8%C8%A3%B8%B7</GoodsName>
	      <GoodsPrice>63200</GoodsPrice></Goods></GoodsInfo>
	  <BuyerInfo>
	    <BuyerName urlencode="1">%B1%E8%C7%F6%C0%CF</BuyerName>
	    <BuyerTel>0107581141</BuyerTel>
	    <BuyerEmail urlencode="1">4hyunil%40gmail.com</BuyerEmail>
	    <ParentEmail/>
	    <RecvName urlencode="1">%B9%DA%C1%A4%C8%AF</RecvName>
	    <RecvTel urlencode="1">0107581141</RecvTel>
	    <RecvMsg/>
	    <RecvAddr urlencode="1">%B0%E6%B1%E2+%C6%C4%C1%D6%BD%C3+%B5%B6%BE%CF%B1%E6+12+%C8%F2%B5%B9%B8%B6%C0%BB%BE%C6%C6%C4%C6%AE+107%B5%BF+101%C8%A3</RecvAddr>
	    <RecvPostNum urlencode="1">10932</RecvPostNum></BuyerInfo>
	  <PaymentInfo>
	    <Payment>
	      <PayMethod>VBank</PayMethod>
	      <JoinCard/>
	      <JoinExpire/>
	      <MailOrder/>
	      <SessionKey>wOcgmdoUcCI661Jh6uMuZYIRzkBIgq0sWTTaz4tycNiBWOc1p5E6FgmwHQQFu6Pa
jriOwtrV2T1y3m/CMmQAFktjyvY3/n1Ic+ZuQ5AumFXcXLRklpHj+kL8OXKbEFs+
UeGLL0AtRwjJYIp0LQRerm6VX/N74WeiN/Li2m2j7xQ=</SessionKey>
	      <Encrypted urlencode="1">Version%3D4.1%26PayMethod%3DVBank%26RsaKeyNum%3D1%26EncryptionAlgorithm%3DSEED-CBC%26SignAlgorithm%3DRSAwithSHA1%26CertVer%3D39%26moid%3D2015092604505898%26ver_trace%3Dmain%286097%2C6059%29vbank%286031%2C6033%29n%286009%29Cs%286025%29Dt%286002%29Pa%286002%29Cf%286024%29Fv%280000%29La%286156%29Re%286106%29Vr%286007%29P%286034%29en%286054%29nP%286006%29%26pg1%3D211.219.96.180%26pg2%3D203.238.37.3%26pg1ip%3D211.219.96.180%26pg2ip%3D203.238.37.3%26agreeflag%3D1111%26Data%3DPcw56V0oZ3ck%2B%2BF504jIQi0%2B08X7tMNvu8mhgWLlcfe5zVPL2ZPVu0qQslVymcLB%0D%0AlOTtHVbet9m0Hz7CDtgA3TkiPtmrXGUVm3ccCFUdwz1kFDPJ5dtSshRi6VHb4Ce4%0D%0ANZVLI9wEXW1OPp0eqQpmciUCkDoRwiiLzeN3wJESJTWNbH%2BYq%2BGJiqMnFUuAC5qj%0D%0AX%2FtBTPCAMSgSiSSdEoN91Bnbvgj1G9iliqc3XoGSheRwaRqqMUoDlC95bgSS3Rol%0D%0A%2BTePMH0yhrZYVQjHdiOx5r8qYSkoHwDuTyeFkGlZNhnysE67u4JQ9g3%2B4OwPS8i0%0D%0AUNfCaaT%2FZ0F4JD7YoL78B2m%2BUjVoBXJExWRqG7mHg9hvmz1V408K%2BI4NJbxKdptq%0D%0AUTCKw2vCnt6TAka4LqezUyErdGQ8%2BxymBLgT9t2ug6r8U%2B0WaMPiBHAigsNzW32l%0D%0ArQhtPootvWTU6t77LrdENNLLIgdmDImzG3jK9j2H9G2DtHELufZLWA5tCjbMMdwC%0D%0ALcupIGg8ee6H7AC8cG1lkd84%2Fpo%3D</Encrypted></Payment></PaymentInfo>
	  <ReservedInfo>
	    <MReserved1/>
	    <MReserved2/>
	    <MReserved3/></ReservedInfo>
	  <ManageInfo>
	    <Language/>
	    <URL urlencode="1">http%3A%2F%2Fwww.nsale.co.kr</URL>
	    <TXVersion>5036B141209securLinux     PHPchkfake   3.14.44-32.39.amzn1.x86_64PHP:</TXVersion>
	    <TXUserID/>
	    <TXRegNum/>
	    <Ack>1</Ack>
	    <TXRN>MjAxNTA5MjYwNTAyMjU0MDQ3ODMxMg==
</TXRN></ManageInfo></INIpay>ADmHo76w0HgGYMkmP2T9B9pk8QNAHRl6gQgtZ5yFvZx4H99pDcz7wgGLUFm67aVg
5neey/j9yqW7SShzEEp0WbOjvWv+0rG15bODQ0I+sKpmZpWNBPjCI4NJ7UiZ8SXj
BGNyd1CVNRaqemB5ttyThaueukJyZ2wcFgZt56r9d3kx
]
INFO	[2015-09-26 05:03:38:384] <3492> DNS LOOKUP OK(211.219.96.180:211.219.96.180:34049) laptime:0
INFO	[2015-09-26 05:03:38:420] <3492> SOCKET CONNECT OK
INFO	[2015-09-26 05:03:38:420] <3492> SEND OK
INFO	[2015-09-26 05:03:38:674] <3492> RECV OK
INFO	[2015-09-26 05:03:38:674] <3492> MSG_FROM_PG:[0260100175D SHA1                   0                  39                  300210nsalecokr0               63200INIphpVBNKnsalecokr020150926050338822865<?xml version="1.0" encoding="UTF-8"?>
<INIpay>
  <GoodsInfo>
    <GoodsCnt>1</GoodsCnt>
    <MOID urlencode="1">2015092604505898</MOID>
    <Currency>WON</Currency>
    <Goods no="1">
      <SMID>nsalecokr0</SMID>
      <GoodsName urlencode="1">%B8%B5%C5%AC%BE%D8%C5%A9%B8%B2%3A+%B9%DF%C8%BF%BF%A1%B3%CA%C1%F6+%BA%F1%C7%C7%B4%D9+%BC%F6%BA%D0%BA%B8%C8%A3%B8%B7</GoodsName>
      <GoodsCntS>1</GoodsCntS>
      <GoodsPrice>63200</GoodsPrice>
    </Goods>
  </GoodsInfo>
  <PaymentInfo>
    <Payment>
      <SessionKey>AKWaZB5vVifIn3d5iyui1Z3YdZA3FMtLQtEMnfc/IilCjMKUGC2zWTgxmgvNKlkU
LY4KBUJAMI3GDDchT1XS82Ch9VZ17LbIAOodhmBr32V2BrU+ZGscYtYFUOP0aMqu
r5OYF//Ey9OQtgpYq/+Qp8Qs/ba3sWLda2UAmZ0+uiQOXip+V/q4p2Y=
</SessionKey>
      <Encrypted>WryFVa3huPjYPDMJnau3gts+vyFZs4It3zVS1n2SsI856wFmZs8nFtONiG9MauC+
cffcPlle+5Gn1iMQTWyAhCGAzPxwu06uhEd2RlUwHOpMFaPsDOLW9zNZFjMwEM4M
OaX7e3j762DGAwxtvD6g8GLp13lIY8QqHrD0g3CNaLDz+DG9UV6Bl1tQkF12gG93
pgLkk03KENszJBA94pKftn1qOXBdRzGJZtijN6lY3qElLDcTGhQT5EvhJ5j1b7IY
gNp0ANjEnOKYsFsGru3PwK7PVvtO2OJCji/L5CTpxuoVzC4lt6OSFwx6IqPiDr1/
N7LC4MF17OKt63ezKtjCuwl4rpsgGUnrbSi8PQnbK7X9Ugga2SLK6MgkjUbsHlmV
585SvdiwPriNuO7QyN+WAo+msEm+/BIlkmAxhn1uKoTPCXq3wJ0mURMZaGDnC/55
9DUjB8G8OB5483w47gchpRn4TMrbKiau5gR5a62YemcPlRW60ykbNaKW5lC0OMuz
fFfzkERZViI9pPdPq5rJQfZR9TXBlPHR3SMN2Dcuc2TojaQKSzOb3PprVxJXFoNK
qwwUlLf9daUivSAkj2xtOKpkL2B8bQWRFb+XaSr8TJ+GoZg5uoWqf68CS5X4Q1kk
Ghi+OXDOvpLBwqzpSfRoesJsDOH2q5xtCQclYogx5qAOTfqKPfC8w9CSpaihreh+
JOr+ZmD+pQVJUuZG0H/R1B0H+VzZ5KA4BzpS623ba/u2/Rqnb0BVNzYEhjf6e8PO
OEiw9QOK3I5280dzIJXXkcxlBcFA+xNliLigi1lsyb5OZQvNpjsFcFeWH5OlsIqV
CebFb8pY7i3uiQbUDO1wSO9Sj9hkpYqgHvLoo9JEkqOobfw4Q9tbiMBdW8pYJpGu
K/a4kD9SCJxQmR8CRuHVhH8LX9jOHQNRsDVSCVLIIKFq7red4RApU25WR0Wtvuqh
EdY9MSg9H9Pdf5mpPcw2dB7go6t4xYR2k/NPGbxnxcVT+2smuWi2suqpOVC+Yab5
TFiUJABrwx+8dxV95RGNPI7HcX5taOgy3s0VbaIo2eNsS2TGv4unAT25vyO2Q3KQ
zVUafBZuLoGLD4jUfc72DrMQVQtO36JAj9ypu8LgwYKL7nQ2NHUPqxVgdbf6HN1g
iMp9x0IOLmM=
</Encrypted>
      <PayMethod>VBank</PayMethod>
      <ResultCode>170000</ResultCode>
      <ResultMsg urlencode="1">%C1%A4%BB%F3%C3%B3%B8%AE%B5%C7%BE%FA%BD%C0%B4%CF%B4%D9.</ResultMsg>
    </Payment>
  </PaymentInfo>
  <ManageInfo>
    <EventCode></EventCode>
    <OrgCurrency></OrgCurrency>
    <ExchangeRate></ExchangeRate>
    <OrgPrice></OrgPrice>
  </ManageInfo>
  <ReservedInfo>
    <MReserved1 urlencode="1"></MReserved1>
    <MReserved2 urlencode="1"></MReserved2>
    <MReserved3 urlencode="1"></MReserved3>
    <PGReserved1 urlencode="1"></PGReserved1>
    <PGReserved2 urlencode="1"></PGReserved2>
    <PGReserved3 urlencode="1"></PGReserved3>
  </ReservedInfo>
</INIpay>
JCU53HySCIkxKonIQStPiSVSsUquBrweNYKdy4x1J5cBfkeWt4rqiFLuC0sBi0rr
elAP9Ll5oHUoOGkQKijcxpzjh99YPBI+oIZuLOlbVRONDwX7iHRt1LpgG496g9+M
tTBJoH40IWS4FIgrjHJlAOuI/jV4kZ8P2H6xLzafljA=
]
INFO	[2015-09-26 05:03:38:674] <3492> VERIFY OK
INFO	[2015-09-26 05:03:38:674] <3492> PARSE HEAD OK
INFO	[2015-09-26 05:03:38:675] <3492> PARSE BODY OK
INFO	[2015-09-26 05:03:38:676] <3492> DECRYPT OK
DEBUG	[2015-09-26 05:03:38:676] <3492> DECRYPT MSG:[<?xml version="1.0" encoding="UTF-8"?>
<PaymentInfo>
  <Payment>
    <EASYPAY/>
    <VBank>
      <VACT_Num>45259012145508</VACT_Num>
      <VACT_BankCode>04</VACT_BankCode>
      <VACT_Date>20151003</VACT_Date>
      <VACT_Time></VACT_Time>
      <VACT_InputName urlencode="1">%B1%E8%C7%F6%C0%CF</VACT_InputName>
      <VACT_Name urlencode="1">%BF%CD%BF%EC%BA%A5%C3%B3%BD%BA</VACT_Name>
      <VACT_RefundName urlencode="1"></VACT_RefundName>
      <VACT_RefundBankCode></VACT_RefundBankCode>
      <VACT_RefundNum></VACT_RefundNum>
      <VACT_ApplPrice>63200</VACT_ApplPrice>
      <VACT_ApplDate>20150926</VACT_ApplDate>
      <VACT_ApplTime>050338</VACT_ApplTime>
      <VACT_ResultCode>170000</VACT_ResultCode>
      <VACT_ResultMsg urlencode="1">%C1%A4%BB%F3%C3%B3%B8%AE%B5%C7%BE%FA%BD%C0%B4%CF%B4%D9.</VACT_ResultMsg>
    </VBank>
  </Payment>
</PaymentInfo>]
INFO	[2015-09-26 05:03:38:677] <3492> DECRYPT PARSE OK
INFO	[2015-09-26 05:03:38:677] <3492> WAIT ACK INVOKING
DEBUG	[2015-09-26 05:03:38:677] <3492> MAKE HEAD OK
INFO	[2015-09-26 05:03:38:712] <3492> SUCCESS ACK INVOKING
INFO	[2015-09-26 05:03:38:712] <3492> END securepay 정상처리되었습니다. Laptime:[0.331sec]
INFO	[2015-09-26 05:03:38:712] <3492> ===============================================================
INFO	[2015-09-26 08:27:15:341] <3506> START INIPHP chkfake (V5036-141209)(OS:Linux3.14.44-32.39.amzn1.x86_64,PHP:5.3.29)
DEBUG	[2015-09-26 08:27:15:341] <3506> inipayhome:/var/www/html/nsale/shop/inicis
DEBUG	[2015-09-26 08:27:15:341] <3506> debug:false
DEBUG	[2015-09-26 08:27:15:341] <3506> type:chkfake
DEBUG	[2015-09-26 08:27:15:341] <3506> enctype:asym
DEBUG	[2015-09-26 08:27:15:341] <3506> admin:1111
DEBUG	[2015-09-26 08:27:15:341] <3506> checkopt:false
DEBUG	[2015-09-26 08:27:15:341] <3506> mid:nsalecokr0
DEBUG	[2015-09-26 08:27:15:341] <3506> price:22500
DEBUG	[2015-09-26 08:27:15:341] <3506> nointerest:no
DEBUG	[2015-09-26 08:27:15:341] <3506> quotabase:선택:일시불:2개월:3개월:4개월:5개월:6개월:7개월:8개월:9개월:10개월:11개월:12개월
INFO	[2015-09-26 08:27:15:341] <3506> Check Field OK
INFO	[2015-09-26 08:27:15:341] <3506> MERCHANT PRIV KEY LOAD OK
INFO	[2015-09-26 08:27:15:341] <3506> MERCHANT PUB KEY LOAD OK []
INFO	[2015-09-26 08:27:15:342] <3506> CHKFAKE KEY MAKE OK:MjAxNTA5MjYwODI3MTUzNDExMzA0Ng==

INFO	[2015-09-26 08:27:15:342] <3506> END chkfake  Laptime:[0.001sec]
INFO	[2015-09-26 08:27:15:342] <3506> ===============================================================
INFO	[2015-09-26 08:30:20:606] <9581> START INIPHP chkfake (V5036-141209)(OS:Linux3.14.44-32.39.amzn1.x86_64,PHP:5.3.29)
DEBUG	[2015-09-26 08:30:20:606] <9581> inipayhome:/var/www/html/nsale/shop/inicis
DEBUG	[2015-09-26 08:30:20:606] <9581> debug:false
DEBUG	[2015-09-26 08:30:20:606] <9581> type:chkfake
DEBUG	[2015-09-26 08:30:20:606] <9581> enctype:asym
DEBUG	[2015-09-26 08:30:20:606] <9581> admin:1111
DEBUG	[2015-09-26 08:30:20:606] <9581> checkopt:false
DEBUG	[2015-09-26 08:30:20:606] <9581> mid:nsalecokr0
DEBUG	[2015-09-26 08:30:20:606] <9581> price:22500
DEBUG	[2015-09-26 08:30:20:606] <9581> nointerest:no
DEBUG	[2015-09-26 08:30:20:606] <9581> quotabase:선택:일시불:2개월:3개월:4개월:5개월:6개월:7개월:8개월:9개월:10개월:11개월:12개월
INFO	[2015-09-26 08:30:20:606] <9581> Check Field OK
INFO	[2015-09-26 08:30:20:607] <9581> MERCHANT PRIV KEY LOAD OK
INFO	[2015-09-26 08:30:20:607] <9581> MERCHANT PUB KEY LOAD OK []
INFO	[2015-09-26 08:30:20:607] <9581> CHKFAKE KEY MAKE OK:MjAxNTA5MjYwODMwMjA2MDcxMzcyNw==

INFO	[2015-09-26 08:30:20:608] <9581> END chkfake  Laptime:[0.001sec]
INFO	[2015-09-26 08:30:20:608] <9581> ===============================================================
INFO	[2015-09-26 08:32:31:316] <3501> START INIPHP chkfake (V5036-141209)(OS:Linux3.14.44-32.39.amzn1.x86_64,PHP:5.3.29)
DEBUG	[2015-09-26 08:32:31:316] <3501> inipayhome:/var/www/html/nsale/shop/inicis
DEBUG	[2015-09-26 08:32:31:316] <3501> debug:false
DEBUG	[2015-09-26 08:32:31:316] <3501> type:chkfake
DEBUG	[2015-09-26 08:32:31:316] <3501> enctype:asym
DEBUG	[2015-09-26 08:32:31:316] <3501> admin:1111
DEBUG	[2015-09-26 08:32:31:316] <3501> checkopt:false
DEBUG	[2015-09-26 08:32:31:316] <3501> mid:nsalecokr0
DEBUG	[2015-09-26 08:32:31:316] <3501> price:22500
DEBUG	[2015-09-26 08:32:31:316] <3501> nointerest:no
DEBUG	[2015-09-26 08:32:31:316] <3501> quotabase:선택:일시불:2개월:3개월:4개월:5개월:6개월:7개월:8개월:9개월:10개월:11개월:12개월
INFO	[2015-09-26 08:32:31:316] <3501> Check Field OK
INFO	[2015-09-26 08:32:31:316] <3501> MERCHANT PRIV KEY LOAD OK
INFO	[2015-09-26 08:32:31:317] <3501> MERCHANT PUB KEY LOAD OK []
INFO	[2015-09-26 08:32:31:317] <3501> CHKFAKE KEY MAKE OK:MjAxNTA5MjYwODMyMzEzMTczNzcwOQ==

INFO	[2015-09-26 08:32:31:317] <3501> END chkfake  Laptime:[0.001sec]
INFO	[2015-09-26 08:32:31:317] <3501> ===============================================================
