INFO	[2015-10-09 11:06:35:997] <19564> START INIPHP chkfake (V5036-141209)(OS:Linux3.14.44-32.39.amzn1.x86_64,PHP:5.3.29)
DEBUG	[2015-10-09 11:06:35:997] <19564> inipayhome:/var/www/html/nsale/shop/inicis
DEBUG	[2015-10-09 11:06:35:997] <19564> debug:false
DEBUG	[2015-10-09 11:06:35:997] <19564> type:chkfake
DEBUG	[2015-10-09 11:06:35:997] <19564> enctype:asym
DEBUG	[2015-10-09 11:06:35:997] <19564> admin:1111
DEBUG	[2015-10-09 11:06:35:997] <19564> checkopt:false
DEBUG	[2015-10-09 11:06:35:997] <19564> mid:nsalecokr0
DEBUG	[2015-10-09 11:06:35:997] <19564> price:22800
DEBUG	[2015-10-09 11:06:35:997] <19564> nointerest:no
DEBUG	[2015-10-09 11:06:35:997] <19564> quotabase:선택:일시불:2개월:3개월:4개월:5개월:6개월:7개월:8개월:9개월:10개월:11개월:12개월
INFO	[2015-10-09 11:06:35:997] <19564> Check Field OK
INFO	[2015-10-09 11:06:35:997] <19564> MERCHANT PRIV KEY LOAD OK
INFO	[2015-10-09 11:06:35:997] <19564> MERCHANT PUB KEY LOAD OK []
INFO	[2015-10-09 11:06:35:998] <19564> CHKFAKE KEY MAKE OK:MjAxNTEwMDkxMTA2MzU5OTc3Mjc5Mg==

INFO	[2015-10-09 11:06:35:998] <19564> END chkfake  Laptime:[0.001sec]
INFO	[2015-10-09 11:06:35:998] <19564> ===============================================================
INFO	[2015-10-09 11:09:28:564] <20491> START INIPHP chkfake (V5036-141209)(OS:Linux3.14.44-32.39.amzn1.x86_64,PHP:5.3.29)
DEBUG	[2015-10-09 11:09:28:564] <20491> inipayhome:/var/www/html/nsale/shop/inicis
DEBUG	[2015-10-09 11:09:28:564] <20491> debug:false
DEBUG	[2015-10-09 11:09:28:564] <20491> type:chkfake
DEBUG	[2015-10-09 11:09:28:564] <20491> enctype:asym
DEBUG	[2015-10-09 11:09:28:564] <20491> admin:1111
DEBUG	[2015-10-09 11:09:28:564] <20491> checkopt:false
DEBUG	[2015-10-09 11:09:28:564] <20491> mid:nsalecokr0
DEBUG	[2015-10-09 11:09:28:564] <20491> price:22800
DEBUG	[2015-10-09 11:09:28:564] <20491> nointerest:no
DEBUG	[2015-10-09 11:09:28:564] <20491> quotabase:선택:일시불:2개월:3개월:4개월:5개월:6개월:7개월:8개월:9개월:10개월:11개월:12개월
INFO	[2015-10-09 11:09:28:564] <20491> Check Field OK
INFO	[2015-10-09 11:09:28:564] <20491> MERCHANT PRIV KEY LOAD OK
INFO	[2015-10-09 11:09:28:565] <20491> MERCHANT PUB KEY LOAD OK []
INFO	[2015-10-09 11:09:28:565] <20491> CHKFAKE KEY MAKE OK:MjAxNTEwMDkxMTA5Mjg1NjU5NjkxNw==

INFO	[2015-10-09 11:09:28:565] <20491> END chkfake  Laptime:[0.001sec]
INFO	[2015-10-09 11:09:28:565] <20491> ===============================================================
INFO	[2015-10-09 13:28:31:279] <23012> START INIPHP chkfake (V5036-141209)(OS:Linux3.14.44-32.39.amzn1.x86_64,PHP:5.3.29)
DEBUG	[2015-10-09 13:28:31:279] <23012> inipayhome:/var/www/html/nsale/shop/inicis
DEBUG	[2015-10-09 13:28:31:279] <23012> debug:false
DEBUG	[2015-10-09 13:28:31:279] <23012> type:chkfake
DEBUG	[2015-10-09 13:28:31:279] <23012> enctype:asym
DEBUG	[2015-10-09 13:28:31:279] <23012> admin:1111
DEBUG	[2015-10-09 13:28:31:279] <23012> checkopt:false
DEBUG	[2015-10-09 13:28:31:279] <23012> mid:nsalecokr0
DEBUG	[2015-10-09 13:28:31:279] <23012> price:19900
DEBUG	[2015-10-09 13:28:31:279] <23012> nointerest:no
DEBUG	[2015-10-09 13:28:31:279] <23012> quotabase:선택:일시불:2개월:3개월:4개월:5개월:6개월:7개월:8개월:9개월:10개월:11개월:12개월
INFO	[2015-10-09 13:28:31:279] <23012> Check Field OK
INFO	[2015-10-09 13:28:31:279] <23012> MERCHANT PRIV KEY LOAD OK
INFO	[2015-10-09 13:28:31:280] <23012> MERCHANT PUB KEY LOAD OK []
INFO	[2015-10-09 13:28:31:280] <23012> CHKFAKE KEY MAKE OK:MjAxNTEwMDkxMzI4MzEyODAxMzQyOA==

INFO	[2015-10-09 13:28:31:280] <23012> END chkfake  Laptime:[0.001sec]
INFO	[2015-10-09 13:28:31:280] <23012> ===============================================================
INFO	[2015-10-09 13:33:22:241] <20150> START INIPHP securepay (V5036-141209)(OS:Linux3.14.44-32.39.amzn1.x86_64,PHP:5.3.29)
DEBUG	[2015-10-09 13:33:22:241] <20150> inipayhome:/var/www/html/nsale/shop/inicis
DEBUG	[2015-10-09 13:33:22:241] <20150> debug:false
DEBUG	[2015-10-09 13:33:22:241] <20150> type:securepay
DEBUG	[2015-10-09 13:33:22:241] <20150> pgid:INIphpISP_
DEBUG	[2015-10-09 13:33:22:241] <20150> subpgip:203.238.3.10
DEBUG	[2015-10-09 13:33:22:241] <20150> admin:1111
DEBUG	[2015-10-09 13:33:22:241] <20150> uid:
DEBUG	[2015-10-09 13:33:22:241] <20150> goodname:롱셔츠 자켓
DEBUG	[2015-10-09 13:33:22:241] <20150> currency:WON
DEBUG	[2015-10-09 13:33:22:241] <20150> mid:nsalecokr0
DEBUG	[2015-10-09 13:33:22:241] <20150> rn:MjAxNTEwMDkxMzI4MzEyODAxMzQyOA==

DEBUG	[2015-10-09 13:33:22:241] <20150> price:19900
DEBUG	[2015-10-09 13:33:22:241] <20150> enctype:
DEBUG	[2015-10-09 13:33:22:241] <20150> buyername:이홍규
DEBUG	[2015-10-09 13:33:22:241] <20150> buyertel:01093010850
DEBUG	[2015-10-09 13:33:22:241] <20150> buyeremail:dltnsejr79@hanmail.net
DEBUG	[2015-10-09 13:33:22:241] <20150> paymethod:VCard
DEBUG	[2015-10-09 13:33:22:241] <20150> encrypted:Version=4.1&PayMethod=VCard&RsaKeyNum=1&EncryptionAlgorithm=NONE&SignAlgorithm=SHA1WithRSAEncryption&CertVer=39&moid=2015100913274074&ver_trace=main(6097,6059)vcard(6093)card(6141,6123)n(6009)Cs(6025)Dt(6002)Pa(6002)Cf(6024)Fv(0000)La(6156)Re(6106)Vr(6007)P(6034)en(6055)&pg1=203.238.37.3&pg2=211.219.96.180&pg1ip=203.238.37.3&pg2ip=211.219.96.180&agreeflag=1111&rn=3/jEtW4vBAld+jaA2N0XQ5GVvqNxnBaW63QyebSCizo=
&VCode=040100315525581&VQuota=00&VNoint=0&ip=192.168.219.102&mac=58946B6E3B38&cardpoint=9&custemail=dltnsejr79@hanmail.net&price=4uDsrkVGcEcpjm3e9sgrB7OBpLxSv2re
&below1000=0&encisp=0&pgnoint=0&VKBPoint=&VSessionKey=iTHCZ4VviFcRvqAf6vDS7hTSDCpgs9tNPqjzrtMKC7N%2bHcMoNV5t2SBl%2bWVGpnBK%0d%0ajtJG0EpYm0VlEFFhPbQti%2fYSVdezVGEIm1CdQeLc9ogSxY7%2fkKZnsTXUKIMxCpkF%0d%0aCyvfE3aV2OCW7ANEhgpg6kOy2ELeFBxBjqcrfeTvw3k%3d%0d%0a&Data=Version%3d1.0%26KeyFlag%3d1%26KeyNum%3d1%26EncryptAlgorithm%3dSEED%2dCBC%26SignAlgorithm%3d%26Data%3dbaZzz3SVyk4KhlanuolU7Nq4na%2f1XR%252bmftmBfJqbNcJoasEqlRd6SKBaQRxhQzuA%250aEUVOOyx0va%252b%252bfToNbfdOVwebohiJdQagm%2fyvQ0boFIuSTf7awDo4B8CVEtbil%2fRo%250aMwjypJezU6PZZqykpGSEQ%2fm9%252byZBo22DnDUd08fQDT%2fV4CvSFucczyrGsPJGf%2fGY%250aIDclT0JIWoRBH6kA1z8uv%2fTcXZc0cTcA1NVm%252bSXJDCZ6TpP%252b220SEpaiTaZui4PN%250aJGCt%252bbc5xFF0XF5%2fxQfSRkLvDID%2fSr8z1YAexvWTDLtLKIi1inz%2f%252blZIZXgR4Jwx%250ar9Rhp1a75Jq8a6gNXQDcOtSpO4%252bXGbuHQvIRLQlY8J0LMKc6bZlFUfZ2sPgCoDbL%250atVOAOeli4pvdPcPKCWyPM8wZSIwBfpXKnI%2fo8F3%252b2JX0LFW9VnuIFCbslKrpDApa%250aTxkOTanInA1tCWeJauH8mlR1zXDrZAltFGjpOFvac2RjmeObTpCohmdjlR%2fFLKi%2f%250al54FM5ZeY9O0Ang%2femXcOhhTzaV6ELePo9lwcivyn8U9iia3IuNHGv7AntgvrH8D%250ac0RNrhN58JVKYQyI7DsGq6LW91JVwPz%252bu0hAxU3iJC1SLZEi%2fyiaw13lq8ezvzbl%250aggAsaEcFE2mWu%252bmXqCK5YIDBiymMZpXD3uXixksoNN%2f0YdA%252b6dOuly5VpcYFx7W4%250a9fEU2p2MDOGIwKXfhfASY4sSdVDy41ji8Zom42Hqj1iWvLRIVU1R5Zpjall8zWWI%250a%2fvgEk4YZRcsRJ2%252b6BXwjdZZnheU6ri2g53SnHDVQoTaaUBm3UkXLD89LMmZkQdeK%250amPHjm1V8T7JItQzy836WAA%253d%253d%250a%26PubCert%3d&ts=151009133325tNxdezgWsyM5cEGBSyQcyQ008446&src_flg=0&OSv=IE10_Win7 6.01.7601 SP1 Professional_64B (CDN) (notray:J) [nsalecokr0] (61_secuni_npapi)&ip2=116.37.235.126
DEBUG	[2015-10-09 13:33:22:241] <20150> sessionkey:VCard
DEBUG	[2015-10-09 13:33:22:241] <20150> url:http://www.nsale.co.kr
DEBUG	[2015-10-09 13:33:22:241] <20150> cardcode:11
DEBUG	[2015-10-09 13:33:22:241] <20150> parentemail:
DEBUG	[2015-10-09 13:33:22:241] <20150> recvname:이홍규
DEBUG	[2015-10-09 13:33:22:241] <20150> recvtel:01093010850
DEBUG	[2015-10-09 13:33:22:241] <20150> recvaddr:경북 구미시 송정동 454-1 우방1차아파트 6동 310호
DEBUG	[2015-10-09 13:33:22:241] <20150> recvpostnum:39277
DEBUG	[2015-10-09 13:33:22:241] <20150> recvmsg:
DEBUG	[2015-10-09 13:33:22:241] <20150> joincard:
DEBUG	[2015-10-09 13:33:22:241] <20150> joinexpire:
DEBUG	[2015-10-09 13:33:22:241] <20150> id_customer:
INFO	[2015-10-09 13:33:22:241] <20150> Check Field OK
INFO	[2015-10-09 13:33:22:241] <20150> Make TID OK INIphpISP_nsalecokr020151009133322418864
INFO	[2015-10-09 13:33:22:241] <20150> PI PUB KEY LOAD OK [39]
INFO	[2015-10-09 13:33:22:241] <20150> PG PUB KEY LOAD OK [30]
INFO	[2015-10-09 13:33:22:242] <20150> MERCHANT PRIV KEY LOAD OK
INFO	[2015-10-09 13:33:22:242] <20150> MERCHANT PUB KEY LOAD OK [0]
INFO	[2015-10-09 13:33:22:243] <20150> MAKE BODY OK
INFO	[2015-10-09 13:33:22:243] <20150> SIGN OK
INFO	[2015-10-09 13:33:22:243] <20150> MAKE HEAD OK
INFO	[2015-10-09 13:33:22:243] <20150> MSG_TO_PG:[0402800175R SHA1                   0                  39                  300200nsalecokr0               19900INIphpISP_nsalecokr020151009133322418864<?xml version="1.0" encoding="UTF-8"?>
<INIpay>
	  <GoodsInfo>
	    <GoodsCnt>1</GoodsCnt>
	    <MOID/>
	    <Currency>WON</Currency>
	    <Tax/>
	    <TaxFree/>
	    <Goods>
	      <SMID>nsalecokr0</SMID>
	      <GoodsName urlencode="1">%B7%D5%BC%C5%C3%F7+%C0%DA%C4%CF</GoodsName>
	      <GoodsPrice>19900</GoodsPrice></Goods></GoodsInfo>
	  <BuyerInfo>
	    <BuyerName urlencode="1">%C0%CC%C8%AB%B1%D4</BuyerName>
	    <BuyerTel>01093010850</BuyerTel>
	    <BuyerEmail urlencode="1">dltnsejr79%40hanmail.net</BuyerEmail>
	    <ParentEmail/>
	    <RecvName urlencode="1">%C0%CC%C8%AB%B1%D4</RecvName>
	    <RecvTel urlencode="1">01093010850</RecvTel>
	    <RecvMsg/>
	    <RecvAddr urlencode="1">%B0%E6%BA%CF+%B1%B8%B9%CC%BD%C3+%BC%DB%C1%A4%B5%BF+454-1+%BF%EC%B9%E61%C2%F7%BE%C6%C6%C4%C6%AE+6%B5%BF+310%C8%A3</RecvAddr>
	    <RecvPostNum urlencode="1">39277</RecvPostNum></BuyerInfo>
	  <PaymentInfo>
	    <Payment>
	      <PayMethod>VCard</PayMethod>
	      <JoinCard/>
	      <JoinExpire/>
	      <MailOrder/>
	      <SessionKey>VCard</SessionKey>
	      <Encrypted urlencode="1">Version%3D4.1%26PayMethod%3DVCard%26RsaKeyNum%3D1%26EncryptionAlgorithm%3DNONE%26SignAlgorithm%3DSHA1WithRSAEncryption%26CertVer%3D39%26moid%3D2015100913274074%26ver_trace%3Dmain%286097%2C6059%29vcard%286093%29card%286141%2C6123%29n%286009%29Cs%286025%29Dt%286002%29Pa%286002%29Cf%286024%29Fv%280000%29La%286156%29Re%286106%29Vr%286007%29P%286034%29en%286055%29%26pg1%3D203.238.37.3%26pg2%3D211.219.96.180%26pg1ip%3D203.238.37.3%26pg2ip%3D211.219.96.180%26agreeflag%3D1111%26rn%3D3%2FjEtW4vBAld%2BjaA2N0XQ5GVvqNxnBaW63QyebSCizo%3D%0D%0A%26VCode%3D040100315525581%26VQuota%3D00%26VNoint%3D0%26ip%3D192.168.219.102%26mac%3D58946B6E3B38%26cardpoint%3D9%26custemail%3Ddltnsejr79%40hanmail.net%26price%3D4uDsrkVGcEcpjm3e9sgrB7OBpLxSv2re%0D%0A%26below1000%3D0%26encisp%3D0%26pgnoint%3D0%26VKBPoint%3D%26VSessionKey%3DiTHCZ4VviFcRvqAf6vDS7hTSDCpgs9tNPqjzrtMKC7N%252bHcMoNV5t2SBl%252bWVGpnBK%250d%250ajtJG0EpYm0VlEFFhPbQti%252fYSVdezVGEIm1CdQeLc9ogSxY7%252fkKZnsTXUKIMxCpkF%250d%250aCyvfE3aV2OCW7ANEhgpg6kOy2ELeFBxBjqcrfeTvw3k%253d%250d%250a%26Data%3DVersion%253d1.0%2526KeyFlag%253d1%2526KeyNum%253d1%2526EncryptAlgorithm%253dSEED%252dCBC%2526SignAlgorithm%253d%2526Data%253dbaZzz3SVyk4KhlanuolU7Nq4na%252f1XR%25252bmftmBfJqbNcJoasEqlRd6SKBaQRxhQzuA%25250aEUVOOyx0va%25252b%25252bfToNbfdOVwebohiJdQagm%252fyvQ0boFIuSTf7awDo4B8CVEtbil%252fRo%25250aMwjypJezU6PZZqykpGSEQ%252fm9%25252byZBo22DnDUd08fQDT%252fV4CvSFucczyrGsPJGf%252fGY%25250aIDclT0JIWoRBH6kA1z8uv%252fTcXZc0cTcA1NVm%25252bSXJDCZ6TpP%25252b220SEpaiTaZui4PN%25250aJGCt%25252bbc5xFF0XF5%252fxQfSRkLvDID%252fSr8z1YAexvWTDLtLKIi1inz%252f%25252blZIZXgR4Jwx%25250ar9Rhp1a75Jq8a6gNXQDcOtSpO4%25252bXGbuHQvIRLQlY8J0LMKc6bZlFUfZ2sPgCoDbL%25250atVOAOeli4pvdPcPKCWyPM8wZSIwBfpXKnI%252fo8F3%25252b2JX0LFW9VnuIFCbslKrpDApa%25250aTxkOTanInA1tCWeJauH8mlR1zXDrZAltFGjpOFvac2RjmeObTpCohmdjlR%252fFLKi%252f%25250al54FM5ZeY9O0Ang%252femXcOhhTzaV6ELePo9lwcivyn8U9iia3IuNHGv7AntgvrH8D%25250ac0RNrhN58JVKYQyI7DsGq6LW91JVwPz%25252bu0hAxU3iJC1SLZEi%252fyiaw13lq8ezvzbl%25250aggAsaEcFE2mWu%25252bmXqCK5YIDBiymMZpXD3uXixksoNN%252f0YdA%25252b6dOuly5VpcYFx7W4%25250a9fEU2p2MDOGIwKXfhfASY4sSdVDy41ji8Zom42Hqj1iWvLRIVU1R5Zpjall8zWWI%25250a%252fvgEk4YZRcsRJ2%25252b6BXwjdZZnheU6ri2g53SnHDVQoTaaUBm3UkXLD89LMmZkQdeK%25250amPHjm1V8T7JItQzy836WAA%25253d%25253d%25250a%2526PubCert%253d%26ts%3D151009133325tNxdezgWsyM5cEGBSyQcyQ008446%26src_flg%3D0%26OSv%3DIE10_Win7+6.01.7601+SP1+Professional_64B+%28CDN%29+%28notray%3AJ%29+%5Bnsalecokr0%5D+%2861_secuni_npapi%29%26ip2%3D116.37.235.126</Encrypted></Payment></PaymentInfo>
	  <ReservedInfo>
	    <MReserved1/>
	    <MReserved2/>
	    <MReserved3/></ReservedInfo>
	  <ManageInfo>
	    <Language/>
	    <URL urlencode="1">http%3A%2F%2Fwww.nsale.co.kr</URL>
	    <TXVersion>5036B141209securLinux     PHPchkfake   3.14.44-32.39.amzn1.x86_64PHP:</TXVersion>
	    <TXUserID/>
	    <TXRegNum/>
	    <Ack>1</Ack>
	    <TXRN>MjAxNTEwMDkxMzI4MzEyODAxMzQyOA==
</TXRN></ManageInfo></INIpay>AKyg018xuWujIDeMr3tuv+z5fs44YrOnNEpWfEZfq4LNRfLG+wd7mpdhtO0/+PDr
bfylZ11dVL7XVVJkttuIjAS+Lm7J+0jjb426IO/7DQuzAvzf/qLMusmwrNhCAf8v
332Plt37rne5uYQsb5BQqPvhJRzyKS/JGm6KEJWryOaN
]
INFO	[2015-10-09 13:33:22:243] <20150> DNS LOOKUP OK(203.238.37.3:203.238.37.3:34049) laptime:0
INFO	[2015-10-09 13:33:22:281] <20150> SOCKET CONNECT OK
INFO	[2015-10-09 13:33:22:281] <20150> SEND OK
INFO	[2015-10-09 13:33:23:352] <20150> RECV OK
INFO	[2015-10-09 13:33:23:353] <20150> MSG_FROM_PG:[0279100175D SHA1                   0                  39                  300210nsalecokr0               19900INIphpISP_nsalecokr020151009133322418864<?xml version="1.0" encoding="UTF-8"?>
<INIpay>
  <GoodsInfo>
    <GoodsCnt>1</GoodsCnt>
    <MOID urlencode="1">2015100913274074</MOID>
    <Currency>WON</Currency>
    <Goods no="1">
      <SMID>nsalecokr0</SMID>
      <GoodsName urlencode="1">%B7%D5%BC%C5%C3%F7+%C0%DA%C4%CF</GoodsName>
      <GoodsCntS>1</GoodsCntS>
      <GoodsPrice>19900</GoodsPrice>
    </Goods>
  </GoodsInfo>
  <PaymentInfo>
    <Payment>
      <SessionKey>AGPSjMITlezp9ssw07df8ahV/UAxfVpmf2E39C7G4IUPoeTB3WGI6a76AILK4bF4
v8vsVCUKA7X9YMBDGaLgZqEkkKsJMkQUuhAEuuQikase5qqDUu/MHGAmQydc1zYX
FLvKqBRHeeYDHM7q6e0kBgYd1cG2pPLzpthu4glSFtMQVu9CzvpcBgI=
</SessionKey>
      <Encrypted>VmNvIeZ6aysCsuA8AzX5aih38t9QNQD0xormdN1kBr6l8ThExJVJ/TvabwVs2P+l
u5Db+JpCqx5SdT6KS2aYsZzaNAXRd8vhr9a5fB9iFxEx/u3NSMnldxtnLshiUIIp
vQ5rL2f9fTR+bpdQwAD1SviCsoQWKiNB3xlrZIRyGIqIDVnKusRcOkeHbwB+l6pw
tVKtE9p1O8n0MXVMMTShKOjdnJu/KTz6UxcC1LxXLPKcF1QkMoiJ4VfZtFQxSrM8
gBlyBFBU76Wx1z0mJZdmcNptdORXRQgyqjiqxXr2TB3rq/gQErPYv/swGSKXsra4
4+FMmzvv+ucVsS4iqsp/CTTM1WBSDce1J/ixAhJrHQqqU/8+yQtjFM8FJKdrkv31
kqex6BqbnZ4G1DFwFwWSf2wj84CLVfSwt0cJyinEgg54e/9nmZ7zCzDpXwFC9dR5
CKaMaUc4tqMGyD4HcbhspnECFPFClrSrDAks1Mwd5I+OnYmOyJq2kspnYfZIT5Tm
Ohw1VCUDDtYYilp53Cg4vonzciJmgBnGhD+tVdVB1mzCLrdLXhbQ/IVpc4iyOzYw
JtaCsev9PKz5WHtWStiQt3c1ujk0xoVHM8QBkYUjOJ30BlCrusVhyxexjsbOMs4r
h3BmM1EJKi3isZVEYxc1wXqgV/x965LmFaT9RdbEw6B21ptN1IzMM2imf8H6sAkH
BmExhaPEoBYYLtC4sjuL+dlv6SBVi78q5yK7QFrLEJTw406ArFkaf8bVPwgt2ihe
P2AH6sABzrXUeOGZG98UNs31qkNQIryh5CH0aN0MMeQzRtQM4Tcc6147P71feT88
7ekdMW1/LL3goc1LoccPf8w1SwBsm2IS0HOVRPlHuQBSAlOoqmvjTF+ESTu1Dx1F
XvmiYJNJaCpTEE7JpuSAXRSbAlfK3rHzVJ8q3VTkqUlTVtFfgeSpCNsWy4MxNYuN
lvDg1rd7KGfhV2jz8HwG7stTfu1BEDkaofNEe8MughFg/KQ4Fan4jZyRlRQT9F18
rn2v4Rt+fw9BUnUeLktZ9EGpwevteZSk/vPmxc5aedagDHMd6nAFbNicBruFIOcn
FVN70gHfAGl9bLXyT1ekqMj4y0uOtSoXe5LB8xsnmkmm97iW/bDKYZ5w07KXwZm0
2ef9/ppXYmEEQET38KMqOTRzipYIMm8X4ukZuEnC4bdQITS1PHC1J7kArQq/WUNP
NPJVBWsUTkJQlzo05d2Y5rvIG9QP2Og9NNxpZF0DGWg1vNyfUgDd9a/3PuFwMN9w
0XWNO9iDiZQR5XnwNW7fLSqhTlz53dEttUEpELt4GlO80x24kAJJt4dXqIt2d0F4
NibpBmtF9BcjdLqiIOmL2eElXNqDS4SV1qouMmZkBJQVU2jV7m6uFSH2bfzMw8gh
Br/WWSCw6ZIL+5QO4nhYV5bCdBYWkCxeCyyK1SV/lPnCKsfQre7dOQ==
</Encrypted>
      <PayMethod>VCard</PayMethod>
      <ResultCode>170000</ResultCode>
      <ResultMsg urlencode="1">%C1%A4%BB%F3%BF%CF%B7%E1</ResultMsg>
    </Payment>
  </PaymentInfo>
  <ManageInfo>
    <EventCode></EventCode>
    <OrgCurrency></OrgCurrency>
    <ExchangeRate></ExchangeRate>
    <OrgPrice></OrgPrice>
  </ManageInfo>
  <ReservedInfo>
    <MReserved1 urlencode="1"></MReserved1>
    <MReserved2 urlencode="1"></MReserved2>
    <MReserved3 urlencode="1"></MReserved3>
    <PGReserved1 urlencode="1"></PGReserved1>
    <PGReserved2 urlencode="1"></PGReserved2>
    <PGReserved3 urlencode="1"></PGReserved3>
  </ReservedInfo>
</INIpay>
aXdLhA/cuX4AYIAJYEHS88e4DmmdfgGJAyE/AJaklW2VjFj42k0ylMj0z7VBQIei
UxPgynsi3H8mDt9FFDiX0R3u3oQWPSQLd+lSsZytnDvL1c5Ga+Rcz+A3TnEiL8Tn
pkPtNSxvK9XCnrzoJesRL3XVjmJ9mVDhu5KDSgS0Pxc=
]
INFO	[2015-10-09 13:33:23:353] <20150> VERIFY OK
INFO	[2015-10-09 13:33:23:353] <20150> PARSE HEAD OK
INFO	[2015-10-09 13:33:23:354] <20150> PARSE BODY OK
INFO	[2015-10-09 13:33:23:355] <20150> DECRYPT OK
DEBUG	[2015-10-09 13:33:23:355] <20150> DECRYPT MSG:[<?xml version="1.0" encoding="UTF-8"?>
<PaymentInfo>
  <Payment>
    <EASYPAY/>
    <VCard>
      <ISP_ApplPrice>19900</ISP_ApplPrice>
      <ISP_BankCode>00</ISP_BankCode>
      <ISP_Quota>00</ISP_Quota>
      <ISP_Interest>0</ISP_Interest>
      <ISP_CardCode>11</ISP_CardCode>
      <ISP_CardNum>49063175****</ISP_CardNum>
      <ISP_Point></ISP_Point>
      <ISP_ApplDate>20151009</ISP_ApplDate>
      <ISP_ApplTime>133322</ISP_ApplTime>
      <ISP_ApplNum>53722885</ISP_ApplNum>
      <ISP_TerminalNum>0198732000</ISP_TerminalNum>
      <ISP_MemberNum></ISP_MemberNum>
      <ISP_PurchaseCode></ISP_PurchaseCode>
      <ISP_ResultCode>170000</ISP_ResultCode>
      <ISP_ResultMsg urlencode="1">%C1%A4%BB%F3%BF%CF%B7%E1</ISP_ResultMsg>
      <ISP_PrtcCode>1</ISP_PrtcCode>
      <ISP_Quota_Point>00</ISP_Quota_Point>
      <ISP_CheckFlag>0</ISP_CheckFlag>
      <ISP_PurchaseName urlencode="1"></ISP_PurchaseName>
      <ISP_IssuerName urlencode="1"></ISP_IssuerName>
      <ISP_UsePoint></ISP_UsePoint>
      <ISP_CouponOnlyMer></ISP_CouponOnlyMer>
    </VCard>
  </Payment>
</PaymentInfo>]
INFO	[2015-10-09 13:33:23:356] <20150> DECRYPT PARSE OK
INFO	[2015-10-09 13:33:23:357] <20150> WAIT ACK INVOKING
DEBUG	[2015-10-09 13:33:23:357] <20150> MAKE HEAD OK
INFO	[2015-10-09 13:33:23:395] <20150> SUCCESS ACK INVOKING
INFO	[2015-10-09 13:33:23:395] <20150> END securepay 정상완료 Laptime:[1.154sec]
INFO	[2015-10-09 13:33:23:395] <20150> ===============================================================
INFO	[2015-10-09 17:43:51:688] <25532> START INIPHP chkfake (V5036-141209)(OS:Linux3.14.44-32.39.amzn1.x86_64,PHP:5.3.29)
DEBUG	[2015-10-09 17:43:51:688] <25532> inipayhome:/var/www/html/nsale/shop/inicis
DEBUG	[2015-10-09 17:43:51:688] <25532> debug:false
DEBUG	[2015-10-09 17:43:51:688] <25532> type:chkfake
DEBUG	[2015-10-09 17:43:51:688] <25532> enctype:asym
DEBUG	[2015-10-09 17:43:51:688] <25532> admin:1111
DEBUG	[2015-10-09 17:43:51:688] <25532> checkopt:false
DEBUG	[2015-10-09 17:43:51:688] <25532> mid:nsalecokr0
DEBUG	[2015-10-09 17:43:51:688] <25532> price:27800
DEBUG	[2015-10-09 17:43:51:688] <25532> nointerest:no
DEBUG	[2015-10-09 17:43:51:688] <25532> quotabase:선택:일시불:2개월:3개월:4개월:5개월:6개월:7개월:8개월:9개월:10개월:11개월:12개월
INFO	[2015-10-09 17:43:51:688] <25532> Check Field OK
INFO	[2015-10-09 17:43:51:688] <25532> MERCHANT PRIV KEY LOAD OK
INFO	[2015-10-09 17:43:51:689] <25532> MERCHANT PUB KEY LOAD OK []
INFO	[2015-10-09 17:43:51:689] <25532> CHKFAKE KEY MAKE OK:MjAxNTEwMDkxNzQzNTE2ODk1NzQxMw==

INFO	[2015-10-09 17:43:51:689] <25532> END chkfake  Laptime:[0.001sec]
INFO	[2015-10-09 17:43:51:689] <25532> ===============================================================
INFO	[2015-10-09 18:11:21:210] <23740> START INIPHP chkfake (V5036-141209)(OS:Linux3.14.44-32.39.amzn1.x86_64,PHP:5.3.29)
DEBUG	[2015-10-09 18:11:21:210] <23740> inipayhome:/var/www/html/nsale/shop/inicis
DEBUG	[2015-10-09 18:11:21:210] <23740> debug:false
DEBUG	[2015-10-09 18:11:21:210] <23740> type:chkfake
DEBUG	[2015-10-09 18:11:21:210] <23740> enctype:asym
DEBUG	[2015-10-09 18:11:21:210] <23740> admin:1111
DEBUG	[2015-10-09 18:11:21:210] <23740> checkopt:false
DEBUG	[2015-10-09 18:11:21:210] <23740> mid:nsalecokr0
DEBUG	[2015-10-09 18:11:21:210] <23740> price:20800
DEBUG	[2015-10-09 18:11:21:210] <23740> nointerest:no
DEBUG	[2015-10-09 18:11:21:210] <23740> quotabase:선택:일시불:2개월:3개월:4개월:5개월:6개월:7개월:8개월:9개월:10개월:11개월:12개월
INFO	[2015-10-09 18:11:21:210] <23740> Check Field OK
INFO	[2015-10-09 18:11:21:210] <23740> MERCHANT PRIV KEY LOAD OK
INFO	[2015-10-09 18:11:21:210] <23740> MERCHANT PUB KEY LOAD OK []
INFO	[2015-10-09 18:11:21:211] <23740> CHKFAKE KEY MAKE OK:MjAxNTEwMDkxODExMjEyMTAxOTg0Mw==

INFO	[2015-10-09 18:11:21:211] <23740> END chkfake  Laptime:[0.001sec]
INFO	[2015-10-09 18:11:21:211] <23740> ===============================================================
INFO	[2015-10-09 18:21:46:42] <27626> START INIPHP securepay (V5036-141209)(OS:Linux3.14.44-32.39.amzn1.x86_64,PHP:5.3.29)
DEBUG	[2015-10-09 18:21:46:42] <27626> inipayhome:/var/www/html/nsale/shop/inicis
DEBUG	[2015-10-09 18:21:46:42] <27626> debug:false
DEBUG	[2015-10-09 18:21:46:42] <27626> type:securepay
DEBUG	[2015-10-09 18:21:46:42] <27626> pgid:INIphpCARD
DEBUG	[2015-10-09 18:21:46:42] <27626> subpgip:203.238.3.10
DEBUG	[2015-10-09 18:21:46:42] <27626> admin:1111
DEBUG	[2015-10-09 18:21:46:42] <27626> uid:
DEBUG	[2015-10-09 18:21:46:42] <27626> goodname:더블유랩 센텔라카 스팟: 말썽피부 집중관리
DEBUG	[2015-10-09 18:21:46:42] <27626> currency:WON
DEBUG	[2015-10-09 18:21:46:42] <27626> mid:nsalecokr0
DEBUG	[2015-10-09 18:21:46:42] <27626> rn:MjAxNTEwMDkxODExMjEyMTAxOTg0Mw==

DEBUG	[2015-10-09 18:21:46:42] <27626> price:20800
DEBUG	[2015-10-09 18:21:46:42] <27626> enctype:
DEBUG	[2015-10-09 18:21:46:42] <27626> buyername:김동미
DEBUG	[2015-10-09 18:21:46:42] <27626> buyertel:01063138111
DEBUG	[2015-10-09 18:21:46:42] <27626> buyeremail:k2308016@hanmail.net
DEBUG	[2015-10-09 18:21:46:42] <27626> paymethod:Card
DEBUG	[2015-10-09 18:21:46:42] <27626> encrypted:Version=4.1&PayMethod=Card&RsaKeyNum=1&EncryptionAlgorithm=SEED-CBC&SignAlgorithm=RSAwithSHA1&CertVer=39&moid=2015100918070573&ver_trace=main(6097,6059)card(6141,6123)n(6009)Cs(6025)Dt(6002)Pa(6002)Cf(6024)Fv(0000)La(6156)Re(6106)Vr(6007)P(6034)en(6055)nP(6006)&pg1=203.238.37.3&pg2=211.219.96.180&pg1ip=203.238.37.3&pg2ip=211.219.96.180&agreeflag=1111&Data=LWUV/t18xarIsYyPGWKVXs9Bn+mfU6wwwwoplE+hDgT08l3nmOd0FAW/NVzCwutu
PeNrz28+cJ5iZSqeWNcv3FtwlnAbAzCNZLkrABQi8E357KYCau8Cky09fN5dp+18
EOahGSoT4Ce0qjJCfsODeJIMRszabMLzOWx8Squ9vosdFTDc7IBjPcyf5sOvNGHI
f/R+VdNOBBHST+bvDxboD0rhblN3Wr5PhqYqhWIJneOuNf1MX1Nn04pYeyLyoHCv
NjgaIbD17x6+NG5xCd//jt1+KyZPRmkg1aRvON1JXDROUkfKD3GAxrZDzIKkXZjq
p58AGLHbPUpU58+mlewfSEVhfVlk84al2jwABFYpTyYRIT6NIgXBBAHbpdLBwhVi
5heBB7PaZYzo+C/T9lRa0AqlGwxlzj/tLbmgIIS6jxsPNAdDcsusG1eaTzvsUOT8
2JltYaM+W3Vp3RnHtB43V2ihNtlKfe+tfT1CS6xOqu0NuWjW2+ydj3w+NDZZUdXv
sv5dDwinnthTMJu0Hxejq80SvsbZGX79jbBW+uqwJE59SBJhZCwIuLiN/+PslTmX
OJ2sLYBBuX1BcM6+PMatv7HsPK7RohAwcaIhSYmFZo6o9Ye5s3p8k93qyKHjeQ0Q
UKDFwGWOkm55+JQ/EdqJogIzwXllFL9h9s6qXKHQxHBNg6Zdieu1v3EjT+XtZTxG
h6QKVp+CnI1K
DEBUG	[2015-10-09 18:21:46:42] <27626> sessionkey:Z4gks8VFvdhovcSFAzQwwdj8r2phj+OaMoOmjhBD9NSgwa/7lUhPCt99wbVwehXk
TGnYwQCwtnYN51M3W0I4Q/Jr8d34FwQahgmkOVFJeiQqM9xtfIRgu8HUZWq2NO8A
manQJQ02F9bEyJ+rMPJwdrBBPNz6IGxCw/v57DEjN+w=
DEBUG	[2015-10-09 18:21:46:42] <27626> url:http://www.nsale.co.kr
DEBUG	[2015-10-09 18:21:46:42] <27626> cardcode:04
DEBUG	[2015-10-09 18:21:46:42] <27626> parentemail:
DEBUG	[2015-10-09 18:21:46:42] <27626> recvname:서현석
DEBUG	[2015-10-09 18:21:46:42] <27626> recvtel:01026142308
DEBUG	[2015-10-09 18:21:46:42] <27626> recvaddr:서울 강동구 천호대로173길 37 1102호
DEBUG	[2015-10-09 18:21:46:42] <27626> recvpostnum:05354
DEBUG	[2015-10-09 18:21:46:42] <27626> recvmsg:
DEBUG	[2015-10-09 18:21:46:42] <27626> joincard:
DEBUG	[2015-10-09 18:21:46:42] <27626> joinexpire:
DEBUG	[2015-10-09 18:21:46:42] <27626> id_customer:
INFO	[2015-10-09 18:21:46:42] <27626> Check Field OK
INFO	[2015-10-09 18:21:46:42] <27626> Make TID OK INIphpCARDnsalecokr020151009182146428727
INFO	[2015-10-09 18:21:46:42] <27626> PI PUB KEY LOAD OK [39]
INFO	[2015-10-09 18:21:46:43] <27626> PG PUB KEY LOAD OK [30]
INFO	[2015-10-09 18:21:46:43] <27626> MERCHANT PRIV KEY LOAD OK
INFO	[2015-10-09 18:21:46:43] <27626> MERCHANT PUB KEY LOAD OK [0]
INFO	[2015-10-09 18:21:46:44] <27626> MAKE BODY OK
INFO	[2015-10-09 18:21:46:44] <27626> SIGN OK
INFO	[2015-10-09 18:21:46:44] <27626> MAKE HEAD OK
INFO	[2015-10-09 18:21:46:44] <27626> MSG_TO_PG:[0305600175R SHA1                   0                  39                  300200nsalecokr0               20800INIphpCARDnsalecokr020151009182146428727<?xml version="1.0" encoding="UTF-8"?>
<INIpay>
	  <GoodsInfo>
	    <GoodsCnt>1</GoodsCnt>
	    <MOID/>
	    <Currency>WON</Currency>
	    <Tax/>
	    <TaxFree/>
	    <Goods>
	      <SMID>nsalecokr0</SMID>
	      <GoodsName urlencode="1">%B4%F5%BA%ED%C0%AF%B7%A6+%BC%BE%C5%DA%B6%F3%C4%AB+%BD%BA%C6%CC%3A+%B8%BB%BD%E9%C7%C7%BA%CE+%C1%FD%C1%DF%B0%FC%B8%AE</GoodsName>
	      <GoodsPrice>20800</GoodsPrice></Goods></GoodsInfo>
	  <BuyerInfo>
	    <BuyerName urlencode="1">%B1%E8%B5%BF%B9%CC</BuyerName>
	    <BuyerTel>01063138111</BuyerTel>
	    <BuyerEmail urlencode="1">k2308016%40hanmail.net</BuyerEmail>
	    <ParentEmail/>
	    <RecvName urlencode="1">%BC%AD%C7%F6%BC%AE</RecvName>
	    <RecvTel urlencode="1">01026142308</RecvTel>
	    <RecvMsg/>
	    <RecvAddr urlencode="1">%BC%AD%BF%EF+%B0%AD%B5%BF%B1%B8+%C3%B5%C8%A3%B4%EB%B7%CE173%B1%E6+37+1102%C8%A3</RecvAddr>
	    <RecvPostNum urlencode="1">05354</RecvPostNum></BuyerInfo>
	  <PaymentInfo>
	    <Payment>
	      <PayMethod>Card</PayMethod>
	      <JoinCard/>
	      <JoinExpire/>
	      <MailOrder/>
	      <SessionKey>Z4gks8VFvdhovcSFAzQwwdj8r2phj+OaMoOmjhBD9NSgwa/7lUhPCt99wbVwehXk
TGnYwQCwtnYN51M3W0I4Q/Jr8d34FwQahgmkOVFJeiQqM9xtfIRgu8HUZWq2NO8A
manQJQ02F9bEyJ+rMPJwdrBBPNz6IGxCw/v57DEjN+w=</SessionKey>
	      <Encrypted urlencode="1">Version%3D4.1%26PayMethod%3DCard%26RsaKeyNum%3D1%26EncryptionAlgorithm%3DSEED-CBC%26SignAlgorithm%3DRSAwithSHA1%26CertVer%3D39%26moid%3D2015100918070573%26ver_trace%3Dmain%286097%2C6059%29card%286141%2C6123%29n%286009%29Cs%286025%29Dt%286002%29Pa%286002%29Cf%286024%29Fv%280000%29La%286156%29Re%286106%29Vr%286007%29P%286034%29en%286055%29nP%286006%29%26pg1%3D203.238.37.3%26pg2%3D211.219.96.180%26pg1ip%3D203.238.37.3%26pg2ip%3D211.219.96.180%26agreeflag%3D1111%26Data%3DLWUV%2Ft18xarIsYyPGWKVXs9Bn%2BmfU6wwwwoplE%2BhDgT08l3nmOd0FAW%2FNVzCwutu%0D%0APeNrz28%2BcJ5iZSqeWNcv3FtwlnAbAzCNZLkrABQi8E357KYCau8Cky09fN5dp%2B18%0D%0AEOahGSoT4Ce0qjJCfsODeJIMRszabMLzOWx8Squ9vosdFTDc7IBjPcyf5sOvNGHI%0D%0Af%2FR%2BVdNOBBHST%2BbvDxboD0rhblN3Wr5PhqYqhWIJneOuNf1MX1Nn04pYeyLyoHCv%0D%0ANjgaIbD17x6%2BNG5xCd%2F%2Fjt1%2BKyZPRmkg1aRvON1JXDROUkfKD3GAxrZDzIKkXZjq%0D%0Ap58AGLHbPUpU58%2BmlewfSEVhfVlk84al2jwABFYpTyYRIT6NIgXBBAHbpdLBwhVi%0D%0A5heBB7PaZYzo%2BC%2FT9lRa0AqlGwxlzj%2FtLbmgIIS6jxsPNAdDcsusG1eaTzvsUOT8%0D%0A2JltYaM%2BW3Vp3RnHtB43V2ihNtlKfe%2BtfT1CS6xOqu0NuWjW2%2Bydj3w%2BNDZZUdXv%0D%0Asv5dDwinnthTMJu0Hxejq80SvsbZGX79jbBW%2BuqwJE59SBJhZCwIuLiN%2F%2BPslTmX%0D%0AOJ2sLYBBuX1BcM6%2BPMatv7HsPK7RohAwcaIhSYmFZo6o9Ye5s3p8k93qyKHjeQ0Q%0D%0AUKDFwGWOkm55%2BJQ%2FEdqJogIzwXllFL9h9s6qXKHQxHBNg6Zdieu1v3EjT%2BXtZTxG%0D%0Ah6QKVp%2BCnI1K</Encrypted></Payment></PaymentInfo>
	  <ReservedInfo>
	    <MReserved1/>
	    <MReserved2/>
	    <MReserved3/></ReservedInfo>
	  <ManageInfo>
	    <Language/>
	    <URL urlencode="1">http%3A%2F%2Fwww.nsale.co.kr</URL>
	    <TXVersion>5036B141209securLinux     PHPchkfake   3.14.44-32.39.amzn1.x86_64PHP:</TXVersion>
	    <TXUserID/>
	    <TXRegNum/>
	    <Ack>1</Ack>
	    <TXRN>MjAxNTEwMDkxODExMjEyMTAxOTg0Mw==
</TXRN></ManageInfo></INIpay>AB2PjplKg31gx3HHnDB9u1mQrDmbLNNlI8f1cVmjDVtog/qOReutUmxrYN/G3wZg
IuSp2XPOgPNWk3OU3me9SnjrbegUf4Y9zcItbmbifRoYf3L3yIIp2LoFQbajc17q
N6/CuQ5ukcLxdRKPYOCjtNEkEhol5etqT48sqAOMTuTV
]
INFO	[2015-10-09 18:21:46:44] <27626> DNS LOOKUP OK(203.238.37.3:203.238.37.3:34049) laptime:0
INFO	[2015-10-09 18:21:46:82] <27626> SOCKET CONNECT OK
INFO	[2015-10-09 18:21:46:82] <27626> SEND OK
INFO	[2015-10-09 18:21:46:961] <27626> RECV OK
INFO	[2015-10-09 18:21:46:961] <27626> MSG_FROM_PG:[0319800175D SHA1                   0                  39                  300210nsalecokr0               20800INIphpCARDnsalecokr020151009182146428727<?xml version="1.0" encoding="UTF-8"?>
<INIpay>
  <GoodsInfo>
    <GoodsCnt>1</GoodsCnt>
    <MOID urlencode="1">2015100918070573</MOID>
    <Currency>WON</Currency>
    <Goods no="1">
      <SMID>nsalecokr0</SMID>
      <GoodsName urlencode="1">%B4%F5%BA%ED%C0%AF%B7%A6+%BC%BE%C5%DA%B6%F3%C4%AB+%BD%BA%C6%CC%3A+%B8%BB%BD%E9%C7%C7%BA%CE+%C1%FD%C1%DF%B0%FC%B8%AE</GoodsName>
      <GoodsCntS>1</GoodsCntS>
      <GoodsPrice>20800</GoodsPrice>
    </Goods>
  </GoodsInfo>
  <PaymentInfo>
    <Payment>
      <SessionKey>AIGcGP2o/Ri1oY5qAqrxhQL2ZY7G0s3ywFfmHahpDwZACJ1Caww0Crnuo+AYkFAt
AzFiufaUO/XSoInrYB4F7bKMlg6sXpf3Cqk+6+hTBpxkRoo42dMw7mkjoY3JOkFA
0EmHpwh2FKdRBZHi+lTYUfMnjVZ7FtlkpL3jb5dUkd49EbNQMEMzkGM=
</SessionKey>
      <Encrypted>Xinyy/abpheFri3H/KxBahfPXDDSMdx9E1NlNxTwyWJ+yJ6Rt3/9rESUohA3I51p
Dly9Krjl0cP9P6JxfJZHjoUS4UGRjHE06WeJ8CWZxShKEN9rfAwpDfd29kHQySRI
UlnmU2YG32kHMahnZ2c20shkgEen0CdmAu3PxNEA/1tVHsxQQ2Y5caIwW3Bilojq
aVGvo0FJaV2t74dEI43fHs7AenDS9dpNxJlYBEV+uSfyiCcQplkpVmSKBZMscDOD
BkA//l8NqxG39ptknIZ28en2C0I4KOQMZesk1zQTx7zWVkK1efppg4seCwbNMoWl
hjr8E7Cv/mIq5pDpUwPPJzd6AzCKmAHA8ZMTHHfgmPctaTfqERR+ALIG6HM8Fe6O
RD3UbgqOtn7qqIls7g/9HlZNMSpmPlZHWKpCzf7snyMlpeoNOU80RJIk/2lkiwgV
cI1qlHIsEzyQ3zhRVG3x/53F+OceXb8x79sGvCB8+f6f8M4fGpsxeQMH709HgFRt
8SbWZHBo+NobSzTaRScBw+6zZ9naNJ0xnieWvAIMfnwtoNg17bUYMilQWlVaZl2D
QK5aUomh2x6PT1V2E5ZVtzpEYgrgdV85jNxvF2HxvUT4NBiCoi9JajuJByZ+HCU1
yD4AxwTar4xG27m4bVnCt18JeshQ2lbMzA3/MgJwqPF0GhMJ3f25dkfvE70UncRb
n2AXUGAPXZgpUJ+7fPSlryKpw1/zwFIxMxLNiEMB9Rl//pKR96BpObtvyaAnvCMN
aF13BM/D+wUmpmixm/DFqSzPEskOtQqU3NAa3AA1PJNnqgJRNZ0b8HbBrmuY/GsF
/d6kbTcbtpJS6K+SdDpVa2iD9MajKfS01Bi6A8WL67dT1IXu2LfL0k5bvATdzdZv
ymrrjQu0vnx8GFYoAsUBFfa8tyflH/ZXg3b3dXBAhyYqUyZiFqOWDwoiMdy4r7G5
Oh5VDNdRZ9NkCgVNmsims43MQzuv9bqGnnvYpl5/au31gIc++nE8eDp6bjpNpNjb
uzkazYZft1PPIKYNj5N2MM+OINy5fK45NMaD/Ev6KxgiYMdmmK8GFgioawx0qSXB
j0VJbo7N2lC+r90AVp0AKr/Dbn8LRnfCOTlehPck1NSzJQTKV3ZoC0WXbVoSWov4
JcjFNFyhHVVIu0hhiqW+zjeaUvX+cPgv/qmwfG3/3xemUArHBwY5JG/BctTjn6Xk
KStEGd1uulOad9mrEUafdXRQWEdvSUJANQwCBAxZ7ndpAOaNl8t+e97MCskxMr1e
Ko8cbFBTEg2BhfX58OcbD2tSk4e/l8RyBgJPoxoBPxEV4RhcfNtABvP3UiDQhlsP
8kov90AIAtQmGhbZ4yVgtgQXyEa2BqcoqcKdAq04Xrbto+922ahcY1FnVZLXyVfl
oaDA+HDWyaHWCI2seqrgJ1QAtQ8NDO0Ia0T7rFkDs1kYZmwTuZeNIGpUUjgJN8Hj
riUq5QvDUG9nulDrNszFtsLyE8g847gVFovkOPq/fexSUX1lE6NvADOQc2/GZlML
B5rALap0IulNULg6qTE07slnIU230QUvM5pTNYXtsH2Yav8Pv+5RfdtPyzO9LNpV
/l52J1ALZeRzp+uozaH3gB3N38Q/v1Rl5YdBWiiK+tBA7tIcHZNHa+tPRcmqqKdv
kjfsGfmS++4rwASgh6UoD9USANdX8oUsU4aFusRW5lVyYXT0b7I/03unqmlzsMkr
bQcgFxGrCO+p9WaRcnh96A==
</Encrypted>
      <PayMethod>Card</PayMethod>
      <ResultCode>120000</ResultCode>
      <ResultMsg urlencode="1">%C1%A4%BB%F3%C3%B3%B8%AE%B5%C7%BE%FA%BD%C0%B4%CF%B4%D9.</ResultMsg>
    </Payment>
  </PaymentInfo>
  <ManageInfo>
    <EventCode></EventCode>
    <OrgCurrency></OrgCurrency>
    <ExchangeRate></ExchangeRate>
    <OrgPrice></OrgPrice>
  </ManageInfo>
  <ReservedInfo>
    <MReserved1 urlencode="1"></MReserved1>
    <MReserved2 urlencode="1"></MReserved2>
    <MReserved3 urlencode="1"></MReserved3>
    <PGReserved1 urlencode="1"></PGReserved1>
    <PGReserved2 urlencode="1"></PGReserved2>
    <PGReserved3 urlencode="1"></PGReserved3>
  </ReservedInfo>
</INIpay>
C9ORLiDwKdi5lCklwEMcwe99Ru/Ivm7+civ4p6bj+g8jfSLrxcWHdR2yW5U5dacq
H4bc4G9DaU2OILpeMBV33KkpmnjPDkLmsvzNQLxzKOFzp4dVRVm+BnR+b12JN1rJ
7v/KU+N6tB1tC/16GzEnbwHsurndDuVORRsbpBV8AjY=
]
INFO	[2015-10-09 18:21:46:961] <27626> VERIFY OK
INFO	[2015-10-09 18:21:46:961] <27626> PARSE HEAD OK
INFO	[2015-10-09 18:21:46:962] <27626> PARSE BODY OK
INFO	[2015-10-09 18:21:46:964] <27626> DECRYPT OK
DEBUG	[2015-10-09 18:21:46:964] <27626> DECRYPT MSG:[<?xml version="1.0" encoding="UTF-8"?>
<PaymentInfo>
  <Payment>
    <EASYPAY/>
    <Card>
      <CARD_ApplPrice>20800</CARD_ApplPrice>
      <CARD_Num>624376000385</CARD_Num>
      <CARD_Expire></CARD_Expire>
      <CARD_Code>04</CARD_Code>
      <CARD_BankCode>00</CARD_BankCode>
      <CARD_Quota>00</CARD_Quota>
      <CARD_Interest>0</CARD_Interest>
      <CARD_Point></CARD_Point>
      <CARD_AuthType>99</CARD_AuthType>
      <CARD_RegNum></CARD_RegNum>
      <CARD_ApplDate>20151009</CARD_ApplDate>
      <CARD_ApplTime>182146</CARD_ApplTime>
      <CARD_ApplNum>00940676</CARD_ApplNum>
      <CARD_TerminalNum>0198732000</CARD_TerminalNum>
      <CARD_MemberNum></CARD_MemberNum>
      <CARD_PurchaseCode></CARD_PurchaseCode>
      <CARD_ResultCode>120000</CARD_ResultCode>
      <CARD_ResultMsg urlencode="1">%C1%A4%BB%F3%C3%B3%B8%AE%B5%C7%BE%FA%BD%C0%B4%CF%B4%D9.</CARD_ResultMsg>
      <CARD_PrtcCode>1</CARD_PrtcCode>
      <CARD_Quota_Point>00</CARD_Quota_Point>
      <CARD_CheckFlag>0</CARD_CheckFlag>
      <CARD_PurchaseName urlencode="1"></CARD_PurchaseName>
      <CARD_IssuerName urlencode="1"></CARD_IssuerName>
      <CARD_JoinUsePoint></CARD_JoinUsePoint>
      <CARD_UsePoint></CARD_UsePoint>
      <CARD_CouponOnlyMer></CARD_CouponOnlyMer>
    </Card>
  </Payment>
</PaymentInfo>]
INFO	[2015-10-09 18:21:46:965] <27626> DECRYPT PARSE OK
INFO	[2015-10-09 18:21:46:965] <27626> WAIT ACK INVOKING
DEBUG	[2015-10-09 18:21:46:965] <27626> MAKE HEAD OK
INFO	[2015-10-09 18:21:47:3] <27626> SUCCESS ACK INVOKING
INFO	[2015-10-09 18:21:47:3] <27626> END securepay 정상처리되었습니다. Laptime:[0.961sec]
INFO	[2015-10-09 18:21:47:3] <27626> ===============================================================
INFO	[2015-10-09 19:08:59:458] <25707> START INIPHP securepay (V5036-141209)(OS:Linux3.14.44-32.39.amzn1.x86_64,PHP:5.3.29)
DEBUG	[2015-10-09 19:08:59:458] <25707> inipayhome:/var/www/html/nsale/shop/inicis
DEBUG	[2015-10-09 19:08:59:458] <25707> debug:false
DEBUG	[2015-10-09 19:08:59:458] <25707> type:securepay
DEBUG	[2015-10-09 19:08:59:458] <25707> pgid:INIphpCARD
DEBUG	[2015-10-09 19:08:59:458] <25707> subpgip:203.238.3.10
DEBUG	[2015-10-09 19:08:59:458] <25707> admin:1111
DEBUG	[2015-10-09 19:08:59:458] <25707> uid:
DEBUG	[2015-10-09 19:08:59:458] <25707> goodname:더블유랩 센텔라카 스팟: 말썽피부 집중관리
DEBUG	[2015-10-09 19:08:59:458] <25707> currency:WON
DEBUG	[2015-10-09 19:08:59:458] <25707> mid:nsalecokr0
DEBUG	[2015-10-09 19:08:59:458] <25707> rn:MjAxNTEwMDkxNzQzNTE2ODk1NzQxMw==

DEBUG	[2015-10-09 19:08:59:458] <25707> price:27800
DEBUG	[2015-10-09 19:08:59:458] <25707> enctype:
DEBUG	[2015-10-09 19:08:59:458] <25707> buyername:이호준
DEBUG	[2015-10-09 19:08:59:458] <25707> buyertel:01087727357
DEBUG	[2015-10-09 19:08:59:458] <25707> buyeremail:leehojun13@naver.com
DEBUG	[2015-10-09 19:08:59:458] <25707> paymethod:Card
DEBUG	[2015-10-09 19:08:59:458] <25707> encrypted:Version=4.1&PayMethod=Card&RsaKeyNum=1&EncryptionAlgorithm=SEED-CBC&SignAlgorithm=RSAwithSHA1&CertVer=39&moid=2015100917425808&ver_trace=main(6097,6059)card(6141,6123)n(6009)Cs(6025)Dt(6002)Pa(6002)Cf(6024)Fv(0000)La(6156)Re(6106)Vr(6007)P(6034)en(6055)nP(6006)&pg1=203.238.37.3&pg2=211.219.96.180&pg1ip=203.238.37.3&pg2ip=211.219.96.180&agreeflag=1111&Data=OlZ8gd5O2Y3VWl2IugkJnbpl8a6r4NR8Xld+s8LSGnmnHiq4/jMz01Ef62SjzYlr
BKZRiLNY5Omav5vSUrkpdanA/uievxU7GBfOSojk8zKvcR6J+c+PKPAfzayh/aVh
TF5/vI9E74TKe28cMD00FSKKZJtGtzczvgaYjg9tUinaoIwmOJabFos4eOAbgcMq
Cv1IPSugdRIlNqWgplgZw7cQvXC6CutyyHN68EmKwe1gtd8bgyMh+ji/E76u6Z5E
wgUsKOPMRVjLdRxYI8pHIKFVDLuuDuVqyc0tth6Ut+ign/652d/K5wASx5z1W6a4
kLEy+29PgWYb8sC5ULucnGEpUqwCyEt+X3olrq8k9GHwf87TFk/V5d7YnszBynj+
b2QkCFdjXEn2YnsKoIDf32uYjSiGuQ4hAVm3tZ3xbOEkhzWmKKQJze4qjvDOCk7y
1puMkcbHBqXCarq+Oh4dSpPOYnq8j0nGnFdLcT7jhpTrHkLEamdsLkm4rHgvuSIw
6+wYQr++c2kNQFJ+/XmkM6yDR8GJCUH4Qt57TQn94HQdLKEpqjiu2Xnqx8Sh0S3f
wFJ8efUHbP2dpftRZspmIiqUwShx+QhwCiGurtM31r/oaQzCBK3n44COcRdGUPRB
9OXNU8BA9heplgr/E7DX2er506QozrhlQWJI3W6o5KCxxfi5GJRPQhTVP258iA==
DEBUG	[2015-10-09 19:08:59:458] <25707> sessionkey:YMVVKxECs9LGXdRn9jmmv5+GbqSLn89tR+/dTCkRUxAgygd7oWnMvmKmHeX/v+YC
MJ+N49TJbVRROPKwz5zrMUn3Tj+BdBvOERbi/83cZEeWog5hKTilchUMdeExGptP
czUwj4DRtSV33X/SIzdFxJnjbbzMxjg2hTKosMPuU+E=
DEBUG	[2015-10-09 19:08:59:458] <25707> url:http://www.nsale.co.kr
DEBUG	[2015-10-09 19:08:59:458] <25707> cardcode:14
DEBUG	[2015-10-09 19:08:59:458] <25707> parentemail:
DEBUG	[2015-10-09 19:08:59:458] <25707> recvname:이호준
DEBUG	[2015-10-09 19:08:59:458] <25707> recvtel:01087727357
DEBUG	[2015-10-09 19:08:59:458] <25707> recvaddr:경북 경산시 중방동 538-14 1층 t-world
DEBUG	[2015-10-09 19:08:59:458] <25707> recvpostnum:38628
DEBUG	[2015-10-09 19:08:59:458] <25707> recvmsg:
DEBUG	[2015-10-09 19:08:59:458] <25707> joincard:
DEBUG	[2015-10-09 19:08:59:458] <25707> joinexpire:
DEBUG	[2015-10-09 19:08:59:458] <25707> id_customer:
INFO	[2015-10-09 19:08:59:458] <25707> Check Field OK
INFO	[2015-10-09 19:08:59:458] <25707> Make TID OK INIphpCARDnsalecokr020151009190859582339
INFO	[2015-10-09 19:08:59:458] <25707> PI PUB KEY LOAD OK [39]
INFO	[2015-10-09 19:08:59:459] <25707> PG PUB KEY LOAD OK [30]
INFO	[2015-10-09 19:08:59:459] <25707> MERCHANT PRIV KEY LOAD OK
INFO	[2015-10-09 19:08:59:459] <25707> MERCHANT PUB KEY LOAD OK [0]
INFO	[2015-10-09 19:08:59:460] <25707> MAKE BODY OK
INFO	[2015-10-09 19:08:59:460] <25707> SIGN OK
INFO	[2015-10-09 19:08:59:460] <25707> MAKE HEAD OK
INFO	[2015-10-09 19:08:59:460] <25707> MSG_TO_PG:[0302800175R SHA1                   0                  39                  300200nsalecokr0               27800INIphpCARDnsalecokr020151009190859582339<?xml version="1.0" encoding="UTF-8"?>
<INIpay>
	  <GoodsInfo>
	    <GoodsCnt>1</GoodsCnt>
	    <MOID/>
	    <Currency>WON</Currency>
	    <Tax/>
	    <TaxFree/>
	    <Goods>
	      <SMID>nsalecokr0</SMID>
	      <GoodsName urlencode="1">%B4%F5%BA%ED%C0%AF%B7%A6+%BC%BE%C5%DA%B6%F3%C4%AB+%BD%BA%C6%CC%3A+%B8%BB%BD%E9%C7%C7%BA%CE+%C1%FD%C1%DF%B0%FC%B8%AE</GoodsName>
	      <GoodsPrice>27800</GoodsPrice></Goods></GoodsInfo>
	  <BuyerInfo>
	    <BuyerName urlencode="1">%C0%CC%C8%A3%C1%D8</BuyerName>
	    <BuyerTel>01087727357</BuyerTel>
	    <BuyerEmail urlencode="1">leehojun13%40naver.com</BuyerEmail>
	    <ParentEmail/>
	    <RecvName urlencode="1">%C0%CC%C8%A3%C1%D8</RecvName>
	    <RecvTel urlencode="1">01087727357</RecvTel>
	    <RecvMsg/>
	    <RecvAddr urlencode="1">%B0%E6%BA%CF+%B0%E6%BB%EA%BD%C3+%C1%DF%B9%E6%B5%BF+538-14+1%C3%FE+t-world</RecvAddr>
	    <RecvPostNum urlencode="1">38628</RecvPostNum></BuyerInfo>
	  <PaymentInfo>
	    <Payment>
	      <PayMethod>Card</PayMethod>
	      <JoinCard/>
	      <JoinExpire/>
	      <MailOrder/>
	      <SessionKey>YMVVKxECs9LGXdRn9jmmv5+GbqSLn89tR+/dTCkRUxAgygd7oWnMvmKmHeX/v+YC
MJ+N49TJbVRROPKwz5zrMUn3Tj+BdBvOERbi/83cZEeWog5hKTilchUMdeExGptP
czUwj4DRtSV33X/SIzdFxJnjbbzMxjg2hTKosMPuU+E=</SessionKey>
	      <Encrypted urlencode="1">Version%3D4.1%26PayMethod%3DCard%26RsaKeyNum%3D1%26EncryptionAlgorithm%3DSEED-CBC%26SignAlgorithm%3DRSAwithSHA1%26CertVer%3D39%26moid%3D2015100917425808%26ver_trace%3Dmain%286097%2C6059%29card%286141%2C6123%29n%286009%29Cs%286025%29Dt%286002%29Pa%286002%29Cf%286024%29Fv%280000%29La%286156%29Re%286106%29Vr%286007%29P%286034%29en%286055%29nP%286006%29%26pg1%3D203.238.37.3%26pg2%3D211.219.96.180%26pg1ip%3D203.238.37.3%26pg2ip%3D211.219.96.180%26agreeflag%3D1111%26Data%3DOlZ8gd5O2Y3VWl2IugkJnbpl8a6r4NR8Xld%2Bs8LSGnmnHiq4%2FjMz01Ef62SjzYlr%0D%0ABKZRiLNY5Omav5vSUrkpdanA%2FuievxU7GBfOSojk8zKvcR6J%2Bc%2BPKPAfzayh%2FaVh%0D%0ATF5%2FvI9E74TKe28cMD00FSKKZJtGtzczvgaYjg9tUinaoIwmOJabFos4eOAbgcMq%0D%0ACv1IPSugdRIlNqWgplgZw7cQvXC6CutyyHN68EmKwe1gtd8bgyMh%2Bji%2FE76u6Z5E%0D%0AwgUsKOPMRVjLdRxYI8pHIKFVDLuuDuVqyc0tth6Ut%2Bign%2F652d%2FK5wASx5z1W6a4%0D%0AkLEy%2B29PgWYb8sC5ULucnGEpUqwCyEt%2BX3olrq8k9GHwf87TFk%2FV5d7YnszBynj%2B%0D%0Ab2QkCFdjXEn2YnsKoIDf32uYjSiGuQ4hAVm3tZ3xbOEkhzWmKKQJze4qjvDOCk7y%0D%0A1puMkcbHBqXCarq%2BOh4dSpPOYnq8j0nGnFdLcT7jhpTrHkLEamdsLkm4rHgvuSIw%0D%0A6%2BwYQr%2B%2Bc2kNQFJ%2B%2FXmkM6yDR8GJCUH4Qt57TQn94HQdLKEpqjiu2Xnqx8Sh0S3f%0D%0AwFJ8efUHbP2dpftRZspmIiqUwShx%2BQhwCiGurtM31r%2FoaQzCBK3n44COcRdGUPRB%0D%0A9OXNU8BA9heplgr%2FE7DX2er506QozrhlQWJI3W6o5KCxxfi5GJRPQhTVP258iA%3D%3D</Encrypted></Payment></PaymentInfo>
	  <ReservedInfo>
	    <MReserved1/>
	    <MReserved2/>
	    <MReserved3/></ReservedInfo>
	  <ManageInfo>
	    <Language/>
	    <URL urlencode="1">http%3A%2F%2Fwww.nsale.co.kr</URL>
	    <TXVersion>5036B141209securLinux     PHPchkfake   3.14.44-32.39.amzn1.x86_64PHP:</TXVersion>
	    <TXUserID/>
	    <TXRegNum/>
	    <Ack>1</Ack>
	    <TXRN>MjAxNTEwMDkxNzQzNTE2ODk1NzQxMw==
</TXRN></ManageInfo></INIpay>ANsFtsIP5R78nNc584gTPMnZWfoULHH3MVcbo81iMRmcikQ54FPweLrzrpq2N9yB
4rJMJCRG50gKmwS8mJDsKMuHgNj7VORs8Xmu0tScL8WlWeNSpQkJiLnKHguiRteb
x9piHkgYqHR5omiF+3pb2PZOiN6yMDLWTz0iqEJW6dnk
]
INFO	[2015-10-09 19:08:59:461] <25707> DNS LOOKUP OK(203.238.37.3:203.238.37.3:34049) laptime:0
INFO	[2015-10-09 19:08:59:498] <25707> SOCKET CONNECT OK
INFO	[2015-10-09 19:08:59:498] <25707> SEND OK
INFO	[2015-10-09 19:09:00:488] <25707> RECV OK
INFO	[2015-10-09 19:09:00:488] <25707> MSG_FROM_PG:[0319800175D SHA1                   0                  39                  300210nsalecokr0               27800INIphpCARDnsalecokr020151009190859582339<?xml version="1.0" encoding="UTF-8"?>
<INIpay>
  <GoodsInfo>
    <GoodsCnt>1</GoodsCnt>
    <MOID urlencode="1">2015100917425808</MOID>
    <Currency>WON</Currency>
    <Goods no="1">
      <SMID>nsalecokr0</SMID>
      <GoodsName urlencode="1">%B4%F5%BA%ED%C0%AF%B7%A6+%BC%BE%C5%DA%B6%F3%C4%AB+%BD%BA%C6%CC%3A+%B8%BB%BD%E9%C7%C7%BA%CE+%C1%FD%C1%DF%B0%FC%B8%AE</GoodsName>
      <GoodsCntS>1</GoodsCntS>
      <GoodsPrice>27800</GoodsPrice>
    </Goods>
  </GoodsInfo>
  <PaymentInfo>
    <Payment>
      <SessionKey>AN4hM1/HGv7SZqKEO51AkTlT5PUg4PmOj+5I9EVyXeePca3NY7yDLgtE5Zu0prFC
mQZtWac/sAVdPYvZxpViX74jcxpOt/aCnZ5dRRlUWjQwjnFi2QgyJ7vGqis+OaeN
X/GQToWRdFZqDuiBg4RFfOYT220vYkuoM9qkbuaYW9FLk/y61TCDOGM=
</SessionKey>
      <Encrypted>wKvxrZDbeE9EyDWlLdwHILqftKKv4a0miOz3pbq99TfTwDrqs8ddwUCCQeKyvoFO
W8ffyE45XAaQ8NDugkFvC9QVZ7qXQKzfUyhXOrOuDrFPbdSK2kws9ItMZJdszX0Z
MAbQij3SK7iwzfewwmQzUxTdwILAoo89DzAuUwCYWH3lxIV0/schKCj6v/Kf3r2f
i30E7TOVFMsQkEv13d9LepibDZnYcy8AEIpI3lA1HeFDZMgY+tvEKqIVydU6VLvm
tMODsYZX7k3Q1+OW+aI+ExQ362qCcDLEPcxwlcw3YAzB9N2wgYwUwmX+JxhljvZU
D55JeC/q72kc7nMwPjnJqrI6HqQvk1/IveSCQyBtMpWkTNOkxXlIsMcJpY3YYT43
M7L0FWI3S5z/POvezhLl7hIxIHQMOda+dmStKrxizua9zWymbRqR+7Q5WdRDhaor
CdEUIcYVbdUwRjsn0/hyhUzDXMWOKE0kTWoXiFpH3PDp/mG6H0emZoiu8vavPwi3
7S//dCovf+SO53fvIWIZ8ndEWgCYMELRYQuhsUFdyS8GC9AlSgEXH2lk9/fkYSB2
nKp9DhVedEOEypSMFUwyzks2KTFCGprKrZ6UIk1CXPgB8cw6yTz/pAq4PvRyJj5G
qZbhsWljBn8zyL4t3yKFI4lPV/oGTDG+d+Z6q8gVU4ILZMe0dvXNBt38Qa788ycN
+7S5AFHqnwMa+K/4h4k2nWi8PGXRUfo0JNErFOX1Tv1KMVSgnAxyVDgWnY2XjENJ
ktIwhr0c4o0fzTcBo9cNJikMLaa/7WCLQaOxjWeE9+kS7OdqbtkDYNpMGeD12Llk
Xbg1qmqXUhlxB+nhWqoXWj3/hpFjHa7zWUmD2sDK+rMrFcpVapAE6aAalFTdrj1Y
ujR++7grkMJ3IpEIbVJZ4tGu428dMh7IsXmhl07Zdwo+LBiTUXysnxzEpz4mS5pe
0wTmoEqvZoXUP7lw04g//GeVnln3rTZcrVJc5FDkjtXgwHjCDjOLrTckeBc5o3S6
0Nt4sDjeYTk2osm6PPKur/YDnsAy8E5PmyF4nJjJAOayhmZChBw9esAh4knH7W12
ioXmXc+e0u5WIv+4sr5o5pACt0UHvNB5amYNCcn5pljt2CjKYJ4bemB0VPCvsCFJ
O9eueGeADVPWfi++ExYblpCUHWPerCJpmaL2hl2Mfo1KmLF4CprMOPBJLLm4GYCv
7x9nAR+Z1PJIUKiVvFgLU1myR8weoQws+2Zk1Cj+1KfRQZyHiMWBKGYAanGDk7P5
RocAxJY3JDC831dMSn3n8J+BmRuIwcOU87P6gj3pJO5ewEEYHENRtdsKYrJJp0TQ
DJPUJ58JKOyVNeVgM6+aepxl9sM+8fv0FETOzcDsxaBDpaE/L8hvEr90BG+muHDf
z2/UhihMtaoC0XAkdj+QBnwgCAa19cTHRHKew86YXEe7hxN3tFEHqXCPdWvYBHhZ
LfP+p8vsARfSOdoP72sUzuUkzNX+9czo+ZKidTl34kYczG1ewDyM0LfWZATjNwu9
WknEge2l0omvwZs4g8WHrTCyCN/vWZHAs0j+llhJEZe9ZG40lxZlvK73m0LPbOxS
4I/mWDbY3G3qHNFymN61+LAZ2zeZ3IRMsg/ItkZf7MAndskUVfezomgjCiJUQWfW
1HOqceHwTjq7XaH9m1DiGxT+OwFdsy69GAf++w6kz8r5tH7wobvSAbE+sjRPCvYZ
uxKD6yrGq0N4lL5sjcTlAg==
</Encrypted>
      <PayMethod>Card</PayMethod>
      <ResultCode>120000</ResultCode>
      <ResultMsg urlencode="1">%C1%A4%BB%F3%C3%B3%B8%AE%B5%C7%BE%FA%BD%C0%B4%CF%B4%D9.</ResultMsg>
    </Payment>
  </PaymentInfo>
  <ManageInfo>
    <EventCode></EventCode>
    <OrgCurrency></OrgCurrency>
    <ExchangeRate></ExchangeRate>
    <OrgPrice></OrgPrice>
  </ManageInfo>
  <ReservedInfo>
    <MReserved1 urlencode="1"></MReserved1>
    <MReserved2 urlencode="1"></MReserved2>
    <MReserved3 urlencode="1"></MReserved3>
    <PGReserved1 urlencode="1"></PGReserved1>
    <PGReserved2 urlencode="1"></PGReserved2>
    <PGReserved3 urlencode="1"></PGReserved3>
  </ReservedInfo>
</INIpay>
zvjXxXH2WbErUAERIK/VKC8bLC30dMRdITD8jEIsFD3cJs98CUmFaloRRfiN0hfr
JMOV2jZD5Z6uOnE19zJWyGq0Vw5Z10pCYBUSToKdvnGT2+fkRzL4/EA8IFgxIW1B
Tas2wmsfs1A7/3srsYtX8LiTDnWsNGntGuYe954rUHc=
]
INFO	[2015-10-09 19:09:00:488] <25707> VERIFY OK
INFO	[2015-10-09 19:09:00:488] <25707> PARSE HEAD OK
INFO	[2015-10-09 19:09:00:489] <25707> PARSE BODY OK
INFO	[2015-10-09 19:09:00:490] <25707> DECRYPT OK
DEBUG	[2015-10-09 19:09:00:490] <25707> DECRYPT MSG:[<?xml version="1.0" encoding="UTF-8"?>
<PaymentInfo>
  <Payment>
    <EASYPAY/>
    <Card>
      <CARD_ApplPrice>27800</CARD_ApplPrice>
      <CARD_Num>356297454818</CARD_Num>
      <CARD_Expire></CARD_Expire>
      <CARD_Code>14</CARD_Code>
      <CARD_BankCode>26</CARD_BankCode>
      <CARD_Quota>00</CARD_Quota>
      <CARD_Interest>0</CARD_Interest>
      <CARD_Point></CARD_Point>
      <CARD_AuthType>99</CARD_AuthType>
      <CARD_RegNum></CARD_RegNum>
      <CARD_ApplDate>20151009</CARD_ApplDate>
      <CARD_ApplTime>190859</CARD_ApplTime>
      <CARD_ApplNum>32652885</CARD_ApplNum>
      <CARD_TerminalNum>0198732000</CARD_TerminalNum>
      <CARD_MemberNum></CARD_MemberNum>
      <CARD_PurchaseCode></CARD_PurchaseCode>
      <CARD_ResultCode>120000</CARD_ResultCode>
      <CARD_ResultMsg urlencode="1">%C1%A4%BB%F3%C3%B3%B8%AE%B5%C7%BE%FA%BD%C0%B4%CF%B4%D9.</CARD_ResultMsg>
      <CARD_PrtcCode>1</CARD_PrtcCode>
      <CARD_Quota_Point>00</CARD_Quota_Point>
      <CARD_CheckFlag>0</CARD_CheckFlag>
      <CARD_PurchaseName urlencode="1"></CARD_PurchaseName>
      <CARD_IssuerName urlencode="1"></CARD_IssuerName>
      <CARD_JoinUsePoint></CARD_JoinUsePoint>
      <CARD_UsePoint></CARD_UsePoint>
      <CARD_CouponOnlyMer></CARD_CouponOnlyMer>
    </Card>
  </Payment>
</PaymentInfo>]
INFO	[2015-10-09 19:09:00:491] <25707> DECRYPT PARSE OK
INFO	[2015-10-09 19:09:00:491] <25707> WAIT ACK INVOKING
DEBUG	[2015-10-09 19:09:00:491] <25707> MAKE HEAD OK
INFO	[2015-10-09 19:09:00:528] <25707> SUCCESS ACK INVOKING
INFO	[2015-10-09 19:09:00:528] <25707> END securepay 정상처리되었습니다. Laptime:[1.07sec]
INFO	[2015-10-09 19:09:00:528] <25707> ===============================================================
INFO	[2015-10-09 23:26:45:933] <30369> START INIPHP chkfake (V5036-141209)(OS:Linux3.14.44-32.39.amzn1.x86_64,PHP:5.3.29)
DEBUG	[2015-10-09 23:26:45:933] <30369> inipayhome:/var/www/html/nsale/shop/inicis
DEBUG	[2015-10-09 23:26:45:933] <30369> debug:false
DEBUG	[2015-10-09 23:26:45:933] <30369> type:chkfake
DEBUG	[2015-10-09 23:26:45:933] <30369> enctype:asym
DEBUG	[2015-10-09 23:26:45:933] <30369> admin:1111
DEBUG	[2015-10-09 23:26:45:933] <30369> checkopt:false
DEBUG	[2015-10-09 23:26:45:933] <30369> mid:nsalecokr0
DEBUG	[2015-10-09 23:26:45:933] <30369> price:17700
DEBUG	[2015-10-09 23:26:45:933] <30369> nointerest:no
DEBUG	[2015-10-09 23:26:45:933] <30369> quotabase:선택:일시불:2개월:3개월:4개월:5개월:6개월:7개월:8개월:9개월:10개월:11개월:12개월
INFO	[2015-10-09 23:26:45:933] <30369> Check Field OK
INFO	[2015-10-09 23:26:45:933] <30369> MERCHANT PRIV KEY LOAD OK
INFO	[2015-10-09 23:26:45:934] <30369> MERCHANT PUB KEY LOAD OK []
INFO	[2015-10-09 23:26:45:934] <30369> CHKFAKE KEY MAKE OK:MjAxNTEwMDkyMzI2NDU5MzQ2MDM5Ng==

INFO	[2015-10-09 23:26:45:934] <30369> END chkfake  Laptime:[0.001sec]
INFO	[2015-10-09 23:26:45:934] <30369> ===============================================================
INFO	[2015-10-09 23:27:29:778] <29670> START INIPHP securepay (V5036-141209)(OS:Linux3.14.44-32.39.amzn1.x86_64,PHP:5.3.29)
DEBUG	[2015-10-09 23:27:29:778] <29670> inipayhome:/var/www/html/nsale/shop/inicis
DEBUG	[2015-10-09 23:27:29:778] <29670> debug:false
DEBUG	[2015-10-09 23:27:29:778] <29670> type:securepay
DEBUG	[2015-10-09 23:27:29:778] <29670> pgid:INIphpVBNK
DEBUG	[2015-10-09 23:27:29:778] <29670> subpgip:203.238.3.10
DEBUG	[2015-10-09 23:27:29:778] <29670> admin:1111
DEBUG	[2015-10-09 23:27:29:778] <29670> uid:
DEBUG	[2015-10-09 23:27:29:778] <29670> goodname:기본레깅스 4컬러
DEBUG	[2015-10-09 23:27:29:778] <29670> currency:WON
DEBUG	[2015-10-09 23:27:29:778] <29670> mid:nsalecokr0
DEBUG	[2015-10-09 23:27:29:778] <29670> rn:MjAxNTEwMDkyMzI2NDU5MzQ2MDM5Ng==

DEBUG	[2015-10-09 23:27:29:778] <29670> price:17700
DEBUG	[2015-10-09 23:27:29:778] <29670> enctype:
DEBUG	[2015-10-09 23:27:29:778] <29670> buyername:임영애
DEBUG	[2015-10-09 23:27:29:778] <29670> buyertel:01090350466
DEBUG	[2015-10-09 23:27:29:778] <29670> buyeremail:dntjeo1@naver.com
DEBUG	[2015-10-09 23:27:29:778] <29670> paymethod:VBank
DEBUG	[2015-10-09 23:27:29:778] <29670> encrypted:Version=4.1&PayMethod=VBank&RsaKeyNum=1&EncryptionAlgorithm=SEED-CBC&SignAlgorithm=RSAwithSHA1&CertVer=39&moid=2015100923262568&ver_trace=main(6097,6059)vbank(6031,6033)n(6009)Cs(6025)Dt(6002)Pa(6002)Cf(6024)Fv(0000)La(6156)Re(6106)Vr(6007)P(6034)en(6055)nP(6006)&pg1=203.238.37.3&pg2=211.219.96.180&pg1ip=203.238.37.3&pg2ip=211.219.96.180&agreeflag=1111&Data=HFjllO5uN1/B8kI5NJoSetgYYkybnilhT2b3DL6i1lQVuZyESfsWle5tUKnoQs0C
fwvXYFsmDIFiXYfRQpRgacEEO+/+gJyIRva0ES2hiPRcfUfRvIyOp8QFzBY4INgE
fDZxx5rNR/PslLYJAeXRocvMnYZYwI3Aj5J+vTvWnn4C9j1Yz5thHX0GfPZg3sHe
YedlACoxUX3oQnbmr8GtebTjqLyWe2f2HpD8QhXKhDHGrRKfhZ78kC6tiwtOAVY2
CKfujxOsMx8ghOJ1ilXICrHXmqh5F3Dn4QCRYgk+VnF3do5McErIKvFY8Sydm6yf
HmWgWjLnJmBA1SplBv3c9Mo2a8beit2RJV2hfu7UQNRynx+NDlrInRgWhWYmmiKG
lNlCbuL/YKOrE4NSp0Cd99J+eIWmqpzI+XLSfsSehhe3DITGRyFYF1g34M8vkJxN
N7nAO71/iESq8qjQpprdK3COnkIpEJf0VYo4Zpn4v7P5HMrOpa+bwXaamgo0cZKe
wPztaXD+BeYbHVulVH6lbgE=
DEBUG	[2015-10-09 23:27:29:778] <29670> sessionkey:WlUXQ0nI11Ho89h0zSYJbXFf0nhM9oum1OidH1jUSxVgqooDBH6fXXsj9DhS9TS0
9+nUGIcCAQ1RVeDLTzqGQs4FycGSYZmY0MOwtSHJ/aHgX3CIqrp/yvzaOdceGZUh
AFtM98vh6sczkwuyV+zfnkRwqc+S6XurURtrvqErdKE=
DEBUG	[2015-10-09 23:27:29:778] <29670> url:http://www.nsale.co.kr
DEBUG	[2015-10-09 23:27:29:778] <29670> cardcode:
DEBUG	[2015-10-09 23:27:29:778] <29670> parentemail:
DEBUG	[2015-10-09 23:27:29:778] <29670> recvname:임영애
DEBUG	[2015-10-09 23:27:29:778] <29670> recvtel:01090350466
DEBUG	[2015-10-09 23:27:29:778] <29670> recvaddr:경기 부천시 오정구 원종로119번길 38 1동402호
DEBUG	[2015-10-09 23:27:29:778] <29670> recvpostnum:14417
DEBUG	[2015-10-09 23:27:29:778] <29670> recvmsg:
DEBUG	[2015-10-09 23:27:29:778] <29670> joincard:
DEBUG	[2015-10-09 23:27:29:778] <29670> joinexpire:
DEBUG	[2015-10-09 23:27:29:778] <29670> id_customer:
INFO	[2015-10-09 23:27:29:778] <29670> Check Field OK
INFO	[2015-10-09 23:27:29:778] <29670> Make TID OK INIphpVBNKnsalecokr020151009232729786049
INFO	[2015-10-09 23:27:29:778] <29670> PI PUB KEY LOAD OK [39]
INFO	[2015-10-09 23:27:29:779] <29670> PG PUB KEY LOAD OK [30]
INFO	[2015-10-09 23:27:29:779] <29670> MERCHANT PRIV KEY LOAD OK
INFO	[2015-10-09 23:27:29:779] <29670> MERCHANT PUB KEY LOAD OK [0]
INFO	[2015-10-09 23:27:29:780] <29670> MAKE BODY OK
INFO	[2015-10-09 23:27:29:781] <29670> SIGN OK
INFO	[2015-10-09 23:27:29:781] <29670> MAKE HEAD OK
INFO	[2015-10-09 23:27:29:781] <29670> MSG_TO_PG:[0278400175R SHA1                   0                  39                  300200nsalecokr0               17700INIphpVBNKnsalecokr020151009232729786049<?xml version="1.0" encoding="UTF-8"?>
<INIpay>
	  <GoodsInfo>
	    <GoodsCnt>1</GoodsCnt>
	    <MOID/>
	    <Currency>WON</Currency>
	    <Tax/>
	    <TaxFree/>
	    <Goods>
	      <SMID>nsalecokr0</SMID>
	      <GoodsName urlencode="1">%B1%E2%BA%BB%B7%B9%B1%EB%BD%BA+4%C4%C3%B7%AF</GoodsName>
	      <GoodsPrice>17700</GoodsPrice></Goods></GoodsInfo>
	  <BuyerInfo>
	    <BuyerName urlencode="1">%C0%D3%BF%B5%BE%D6</BuyerName>
	    <BuyerTel>01090350466</BuyerTel>
	    <BuyerEmail urlencode="1">dntjeo1%40naver.com</BuyerEmail>
	    <ParentEmail/>
	    <RecvName urlencode="1">%C0%D3%BF%B5%BE%D6</RecvName>
	    <RecvTel urlencode="1">01090350466</RecvTel>
	    <RecvMsg/>
	    <RecvAddr urlencode="1">%B0%E6%B1%E2+%BA%CE%C3%B5%BD%C3+%BF%C0%C1%A4%B1%B8+%BF%F8%C1%BE%B7%CE119%B9%F8%B1%E6+38+1%B5%BF402%C8%A3</RecvAddr>
	    <RecvPostNum urlencode="1">14417</RecvPostNum></BuyerInfo>
	  <PaymentInfo>
	    <Payment>
	      <PayMethod>VBank</PayMethod>
	      <JoinCard/>
	      <JoinExpire/>
	      <MailOrder/>
	      <SessionKey>WlUXQ0nI11Ho89h0zSYJbXFf0nhM9oum1OidH1jUSxVgqooDBH6fXXsj9DhS9TS0
9+nUGIcCAQ1RVeDLTzqGQs4FycGSYZmY0MOwtSHJ/aHgX3CIqrp/yvzaOdceGZUh
AFtM98vh6sczkwuyV+zfnkRwqc+S6XurURtrvqErdKE=</SessionKey>
	      <Encrypted urlencode="1">Version%3D4.1%26PayMethod%3DVBank%26RsaKeyNum%3D1%26EncryptionAlgorithm%3DSEED-CBC%26SignAlgorithm%3DRSAwithSHA1%26CertVer%3D39%26moid%3D2015100923262568%26ver_trace%3Dmain%286097%2C6059%29vbank%286031%2C6033%29n%286009%29Cs%286025%29Dt%286002%29Pa%286002%29Cf%286024%29Fv%280000%29La%286156%29Re%286106%29Vr%286007%29P%286034%29en%286055%29nP%286006%29%26pg1%3D203.238.37.3%26pg2%3D211.219.96.180%26pg1ip%3D203.238.37.3%26pg2ip%3D211.219.96.180%26agreeflag%3D1111%26Data%3DHFjllO5uN1%2FB8kI5NJoSetgYYkybnilhT2b3DL6i1lQVuZyESfsWle5tUKnoQs0C%0D%0AfwvXYFsmDIFiXYfRQpRgacEEO%2B%2F%2BgJyIRva0ES2hiPRcfUfRvIyOp8QFzBY4INgE%0D%0AfDZxx5rNR%2FPslLYJAeXRocvMnYZYwI3Aj5J%2BvTvWnn4C9j1Yz5thHX0GfPZg3sHe%0D%0AYedlACoxUX3oQnbmr8GtebTjqLyWe2f2HpD8QhXKhDHGrRKfhZ78kC6tiwtOAVY2%0D%0ACKfujxOsMx8ghOJ1ilXICrHXmqh5F3Dn4QCRYgk%2BVnF3do5McErIKvFY8Sydm6yf%0D%0AHmWgWjLnJmBA1SplBv3c9Mo2a8beit2RJV2hfu7UQNRynx%2BNDlrInRgWhWYmmiKG%0D%0AlNlCbuL%2FYKOrE4NSp0Cd99J%2BeIWmqpzI%2BXLSfsSehhe3DITGRyFYF1g34M8vkJxN%0D%0AN7nAO71%2FiESq8qjQpprdK3COnkIpEJf0VYo4Zpn4v7P5HMrOpa%2BbwXaamgo0cZKe%0D%0AwPztaXD%2BBeYbHVulVH6lbgE%3D</Encrypted></Payment></PaymentInfo>
	  <ReservedInfo>
	    <MReserved1/>
	    <MReserved2/>
	    <MReserved3/></ReservedInfo>
	  <ManageInfo>
	    <Language/>
	    <URL urlencode="1">http%3A%2F%2Fwww.nsale.co.kr</URL>
	    <TXVersion>5036B141209securLinux     PHPchkfake   3.14.44-32.39.amzn1.x86_64PHP:</TXVersion>
	    <TXUserID/>
	    <TXRegNum/>
	    <Ack>1</Ack>
	    <TXRN>MjAxNTEwMDkyMzI2NDU5MzQ2MDM5Ng==
</TXRN></ManageInfo></INIpay>ARPWv0w4+cu2QkXuMg7mTYFaESRJ12Qv541hXszzjVz5dp1xlGP98vFl5VEDKqL1
yJDIvaPIX/s4XT43ibysqLsW63n7BiDDx/zxZVxLRhj1ntwmDwMoxcKgdR1jCtxg
rH1fdi65g1xlQXfILLDUgjSQLaz+xFodfTsCqTw5KuZY
]
INFO	[2015-10-09 23:27:29:781] <29670> DNS LOOKUP OK(203.238.37.3:203.238.37.3:34049) laptime:0
INFO	[2015-10-09 23:27:29:819] <29670> SOCKET CONNECT OK
INFO	[2015-10-09 23:27:29:820] <29670> SEND OK
INFO	[2015-10-09 23:27:30:61] <29670> RECV OK
INFO	[2015-10-09 23:27:30:61] <29670> MSG_FROM_PG:[0253100175D SHA1                   0                  39                  300210nsalecokr0               17700INIphpVBNKnsalecokr020151009232729786049<?xml version="1.0" encoding="UTF-8"?>
<INIpay>
  <GoodsInfo>
    <GoodsCnt>1</GoodsCnt>
    <MOID urlencode="1">2015100923262568</MOID>
    <Currency>WON</Currency>
    <Goods no="1">
      <SMID>nsalecokr0</SMID>
      <GoodsName urlencode="1">%B1%E2%BA%BB%B7%B9%B1%EB%BD%BA+4%C4%C3%B7%AF</GoodsName>
      <GoodsCntS>1</GoodsCntS>
      <GoodsPrice>17700</GoodsPrice>
    </Goods>
  </GoodsInfo>
  <PaymentInfo>
    <Payment>
      <SessionKey>AQnZywtTuwyhSoBUNNgUyGhFAE3qoyjeLcjEJDFqf8AKkyqSfTPj88xZ9B9+lwxk
hKmKwa4hRQ+aGgxrVOUvj4nLCFiJq2/q+0gv9FSxgL5wYZ78yrJ28Wp1a5OQ3s1m
rAXVrqKrEU9Xh8nbGYB/Y6JTo/TraBa+9ngwsV0m/b+oEymVlQ89F5Y=
</SessionKey>
      <Encrypted>HLKzWcWmz927uY2d2wr1RSi76vGz7GkXQhPc2pAS4rCtAD8sLcmtT4fJYYotOFVk
po0ZxJRGEcwe38E4zZ0h8mBsreuENpWXpbeQwQj1fIAUKRd36l7oI78PZnGU26//
ly98hHNTSkJWjBKUdlbgPTrDWfge+g3dUnlJwQLxu7zBpv8isUNMiyJ+WkvpDVlf
b6Vy5ElkDLeiJXnybDaATNgaixkl77b0OSVfT8a8fdorzLf9ecF64ej9JAbVKJnb
NxGrXzDxIU/JrcMPu0cC3SG0tPOr8oiJfM/syo2TPpk+lTz1VHpoJrPa28lJ3+CN
NNsaBX3/WDkZ/7xNgCq/wykv0dgKSmg9Z6WoxbVcp0bosgu8c8jOAB0yTlqL8j6K
3clWeD7OLHgnMW/VF2Y5UpPG+nXcpd/L0zg6YhxRT9G/sEN+VuFGvulIFPHyWzzL
jY1X0xdwYYlmI1nLyHoNKqkSVRqYbwzWVqLYMbHLepw/MZTbZUm2T1uZxWKvgs71
f9e6Q46XZYWocIB2PqPnQ2wRvkItztWNwXWha8Le8PavP/9DGIQyW9K6O1suSX1t
u/oJy/5BV27nAtOwwakWdLxnqlbKXRGxu5YzSnqAVUh9v3ZDoi0ua0c0fNGumemB
VR190glzl1dNvHaFntakF6Ouyq3T9LodOkU3CuHEufnaE4d5ios0vELTcSFxFgtO
FSutClzQy61U6FIz2x/+14WsxfX+kLJEFcs0W0+T9GtGs/nL+eZtg2Od5qKhef/r
ejzkWyfjZbQ1v0DtWiW320OjUjue5UxQwcaTf7/1mxC+UuqEm+rlt11Hw/WunEgr
Z/U/j3FKi5/pa3LSTZUgwZbRBoOT++BgPEaQnSy6PbgLeNkObxE8K0GCZhV4RG1C
U2AkjK5oH+fIs3ly44BeKeasccDVppmofs+dSifR+Bpsz6QjB/50LXVVxoMmV8wv
uCllJ678qdbWaNprNA0LIUh/mbA98R0mXBxRTEiZdzMjc9wVWnsmRMQK4Pwm+JT1
uBL7PVO0wrl7vxvDYQKi/Yi1r9Ku+Z8RryBcuIHF++Bh1IrYaSgNa3BdCQvL8miA
prVnTwsvzNMG2pT53Jn4P53Drp6LQWN1jR8zgyKiBHxd+uTfZbNyMqp1LkUPA0fF
h0SV3BNX34Y=
</Encrypted>
      <PayMethod>VBank</PayMethod>
      <ResultCode>170000</ResultCode>
      <ResultMsg urlencode="1">%C1%A4%BB%F3%C3%B3%B8%AE%B5%C7%BE%FA%BD%C0%B4%CF%B4%D9.</ResultMsg>
    </Payment>
  </PaymentInfo>
  <ManageInfo>
    <EventCode></EventCode>
    <OrgCurrency></OrgCurrency>
    <ExchangeRate></ExchangeRate>
    <OrgPrice></OrgPrice>
  </ManageInfo>
  <ReservedInfo>
    <MReserved1 urlencode="1"></MReserved1>
    <MReserved2 urlencode="1"></MReserved2>
    <MReserved3 urlencode="1"></MReserved3>
    <PGReserved1 urlencode="1"></PGReserved1>
    <PGReserved2 urlencode="1"></PGReserved2>
    <PGReserved3 urlencode="1"></PGReserved3>
  </ReservedInfo>
</INIpay>
mMeVJzVWKfyJL2kzhgktapjG5qAGQBv8JTQHh0/sLzg1Rkw8ZhhzAZureF2O1dYU
JhpGxGZrX47IkSAK5HZHQMGzTc9V/2n6lAB+Q2DtdSZupg/8iLtQR95EhFVokHDL
rhGC4t2Hk/0bFPiNUjARt9BjepnVveR2cFBeP1/qL+Q=
]
INFO	[2015-10-09 23:27:30:61] <29670> VERIFY OK
INFO	[2015-10-09 23:27:30:61] <29670> PARSE HEAD OK
INFO	[2015-10-09 23:27:30:62] <29670> PARSE BODY OK
INFO	[2015-10-09 23:27:30:63] <29670> DECRYPT OK
DEBUG	[2015-10-09 23:27:30:63] <29670> DECRYPT MSG:[<?xml version="1.0" encoding="UTF-8"?>
<PaymentInfo>
  <Payment>
    <EASYPAY/>
    <VBank>
      <VACT_Num>79006426146417</VACT_Num>
      <VACT_BankCode>11</VACT_BankCode>
      <VACT_Date>20151016</VACT_Date>
      <VACT_Time></VACT_Time>
      <VACT_InputName urlencode="1">%C0%D3%BF%B5%BE%D6</VACT_InputName>
      <VACT_Name urlencode="1">%BF%CD%BF%EC%BA%A5%C3%B3%BD%BA</VACT_Name>
      <VACT_RefundName urlencode="1"></VACT_RefundName>
      <VACT_RefundBankCode></VACT_RefundBankCode>
      <VACT_RefundNum></VACT_RefundNum>
      <VACT_ApplPrice>17700</VACT_ApplPrice>
      <VACT_ApplDate>20151009</VACT_ApplDate>
      <VACT_ApplTime>232729</VACT_ApplTime>
      <VACT_ResultCode>170000</VACT_ResultCode>
      <VACT_ResultMsg urlencode="1">%C1%A4%BB%F3%C3%B3%B8%AE%B5%C7%BE%FA%BD%C0%B4%CF%B4%D9.</VACT_ResultMsg>
    </VBank>
  </Payment>
</PaymentInfo>]
INFO	[2015-10-09 23:27:30:64] <29670> DECRYPT PARSE OK
INFO	[2015-10-09 23:27:30:64] <29670> WAIT ACK INVOKING
DEBUG	[2015-10-09 23:27:30:64] <29670> MAKE HEAD OK
INFO	[2015-10-09 23:27:30:102] <29670> SUCCESS ACK INVOKING
INFO	[2015-10-09 23:27:30:102] <29670> END securepay 정상처리되었습니다. Laptime:[0.324sec]
INFO	[2015-10-09 23:27:30:102] <29670> ===============================================================
