INFO	[2015-08-14 01:25:24:87] <30801> START INIPHP chkfake (V5036-141209)(OS:Linux3.14.44-32.39.amzn1.x86_64,PHP:5.3.29)
DEBUG	[2015-08-14 01:25:24:87] <30801> inipayhome:/var/www/html/nsale/shop/inicis
DEBUG	[2015-08-14 01:25:24:87] <30801> debug:false
DEBUG	[2015-08-14 01:25:24:87] <30801> type:chkfake
DEBUG	[2015-08-14 01:25:24:87] <30801> enctype:asym
DEBUG	[2015-08-14 01:25:24:87] <30801> admin:1111
DEBUG	[2015-08-14 01:25:24:87] <30801> checkopt:false
DEBUG	[2015-08-14 01:25:24:87] <30801> mid:nsalecokr0
DEBUG	[2015-08-14 01:25:24:87] <30801> price:31600
DEBUG	[2015-08-14 01:25:24:87] <30801> nointerest:no
DEBUG	[2015-08-14 01:25:24:87] <30801> quotabase:ÏÑ†ÌÉù:ÏùºÏãúÎ∂à:2Í∞úÏõî:3Í∞úÏõî:4Í∞úÏõî:5Í∞úÏõî:6Í∞úÏõî:7Í∞úÏõî:8Í∞úÏõî:9Í∞úÏõî:10Í∞úÏõî:11Í∞úÏõî:12Í∞úÏõî
INFO	[2015-08-14 01:25:24:87] <30801> Check Field OK
INFO	[2015-08-14 01:25:24:87] <30801> MERCHANT PRIV KEY LOAD OK
INFO	[2015-08-14 01:25:24:87] <30801> MERCHANT PUB KEY LOAD OK []
INFO	[2015-08-14 01:25:24:88] <30801> CHKFAKE KEY MAKE OK:MjAxNTA4MTQwMTI1MjQwODc5NTM2Nw==

INFO	[2015-08-14 01:25:24:88] <30801> END chkfake  Laptime:[0.001sec]
INFO	[2015-08-14 01:25:24:88] <30801> ===============================================================
INFO	[2015-08-14 01:27:32:661] <31284> START INIPHP securepay (V5036-141209)(OS:Linux3.14.44-32.39.amzn1.x86_64,PHP:5.3.29)
DEBUG	[2015-08-14 01:27:32:661] <31284> inipayhome:/var/www/html/nsale/shop/inicis
DEBUG	[2015-08-14 01:27:32:661] <31284> debug:false
DEBUG	[2015-08-14 01:27:32:661] <31284> type:securepay
DEBUG	[2015-08-14 01:27:32:661] <31284> pgid:INIphpISP_
DEBUG	[2015-08-14 01:27:32:661] <31284> subpgip:203.238.3.10
DEBUG	[2015-08-14 01:27:32:661] <31284> admin:1111
DEBUG	[2015-08-14 01:27:32:661] <31284> uid:
DEBUG	[2015-08-14 01:27:32:661] <31284> goodname:¥ı∫Ì¿Ø∑¶ æÛ¬Ø∆—: ª«æ·««∫Œ∞·/∂Û¿Œπ–¥Á∆—
DEBUG	[2015-08-14 01:27:32:661] <31284> currency:WON
DEBUG	[2015-08-14 01:27:32:661] <31284> mid:nsalecokr0
DEBUG	[2015-08-14 01:27:32:661] <31284> rn:MjAxNTA4MTQwMTI1MjQwODc5NTM2Nw==

DEBUG	[2015-08-14 01:27:32:661] <31284> price:31600
DEBUG	[2015-08-14 01:27:32:661] <31284> enctype:
DEBUG	[2015-08-14 01:27:32:661] <31284> buyername:±Ë»ø¡ˆ
DEBUG	[2015-08-14 01:27:32:661] <31284> buyertel:01063903240
DEBUG	[2015-08-14 01:27:32:661] <31284> buyeremail:hyoji79@naver.com
DEBUG	[2015-08-14 01:27:32:661] <31284> paymethod:VCard
DEBUG	[2015-08-14 01:27:32:661] <31284> encrypted:Version=4.1&PayMethod=VCard&RsaKeyNum=1&EncryptionAlgorithm=NONE&SignAlgorithm=SHA1WithRSAEncryption&CertVer=39&moid=2015081401242488&ver_trace=main(6097,6059)vcard(6092)card(6139,6123)n(6008)Cs(6025)Dt(6002)Pa(6002)Cf(6024)Fv(0000)La(6155)Re(6105)Vr(6007)P(6034)en(6052)&pg1=203.238.37.3&pg2=211.219.96.180&pg1ip=203.238.37.3&pg2ip=211.219.96.180&agreeflag=1111&rn=3/jEtW4vAEpd6gyP2PMXRpGFqq1xnDTb6FouMrW0izo=
&VCode=040100202428841&VQuota=00&VNoint=0&ip=192.168.1.12&mac=0022FAB7A66C&cardpoint=9&custemail=hyoji79@naver.com&price=4uDsrkVGck8mjm3e9sgrB7OBpLxSv2re
&below1000=0&encisp=0&pgnoint=0&VKBPoint=&VSessionKey=krlLtzTzm1wxXjxwjKux5f0EfhXVtfO5Qm6%2fIXtrngxUjY9ZpGqtcZJKTZqNj%2bhY%0d%0ah3RbHtkw5NUR1e2pGPJdn4Tp8Udpwbs6BrrhAkFnij0Julee5dpUBiTcaZRzXKjo%0d%0aIROqAB060lLBF%2bKUBs5AARRZWn8Dzy5zryg5F0Hc5%2fg%3d%0d%0a&Data=Version%3d1.0%26KeyFlag%3d1%26KeyNum%3d1%26EncryptAlgorithm%3dSEED%2dCBC%26SignAlgorithm%3d%26Data%3dgEE9Fu6FbRgrmLgFfKQ9HlCi4chQIyQ4XpbJTQuxR75Gl%252bDcRcpmuIDDxw37rYXw%250aWLj0LqjHm%2f%2fvkTnu7KMMkDcGjayH0xsyEr1E0F5IqPdg6rB3DVTLQyQmFUQrjOCZ%250aAX4XjpPo5G999BIuj%252bdxBywceFSqahMLaPODrhvideVsL8FnDs5lmWTiWdQkFIPg%250aDtLNWQfQTiW949VSeujvH2J4jB7AbNENI%2f9Qh9HGdtxERJdyh9FLcH5c6VP%2fDEj5%250aGdGQJQuM9QQaBaencowHysNGLXIoIzp1F%2f6QaTc1utVHEAP062MmseSoQ%2f3BDHJz%250aLgLpWQy6J%2f1qasWp638tM%252bz8ElDuYlYOQL0vPEletTf5WCQGIJB1ix0dQ8NziUUG%250aEYJm9MBnZcHZLARdEkacr2RjAGmXP7080JXHkzORSxYgTo7xJSyir0h1E%2fuwzLLp%250aEB8coLQof0kFXxRHz%2fytbKujo%2fWBF66aqQipfyPsMraSfZpXg%2f6oU4TNwW9l1KG%2f%250ap638RkERV%2fcIHSGnEfg%2fsFQXa4H%252bFxsMfv7LF8TR%252bL6D00zjDV1ECOl0vw4QbCQm%250a5M1ej9MXUneTAN%2ffZw7OXHfiQmmAwq0E1frB8laosdKtX6PGDRK%252bfsZCf5RcI1it%250a%26PubCert%3d&ts=1508131827278W2sV4oPYMEW6cfhdufFxA001066&src_flg=0&OSv=IE11_Win7 6.01.7601 SP1 Professional_64B (CDN) (notray:J) [nsalecokr0] (61_secuni_npapi)&ip2=62.143.141.106
DEBUG	[2015-08-14 01:27:32:661] <31284> sessionkey:VCard
DEBUG	[2015-08-14 01:27:32:661] <31284> url:http://www.nsale.co.kr
DEBUG	[2015-08-14 01:27:32:661] <31284> cardcode:11
DEBUG	[2015-08-14 01:27:32:661] <31284> parentemail:
DEBUG	[2015-08-14 01:27:32:661] <31284> recvname:±Ë»ø¡ˆ
DEBUG	[2015-08-14 01:27:32:661] <31284> recvtel:01063903240
DEBUG	[2015-08-14 01:27:32:661] <31284> recvaddr:º≠øÔ ¡ﬂ∂˚±∏ Ω≈≥ªµø 783 º∫ø¯æ∆∆ƒ∆Æ 101µø 213»£
DEBUG	[2015-08-14 01:27:32:661] <31284> recvpostnum:02076
DEBUG	[2015-08-14 01:27:32:661] <31284> recvmsg:
DEBUG	[2015-08-14 01:27:32:661] <31284> joincard:
DEBUG	[2015-08-14 01:27:32:661] <31284> joinexpire:
DEBUG	[2015-08-14 01:27:32:661] <31284> id_customer:
INFO	[2015-08-14 01:27:32:661] <31284> Check Field OK
INFO	[2015-08-14 01:27:32:661] <31284> Make TID OK INIphpISP_nsalecokr020150814012732617120
INFO	[2015-08-14 01:27:32:661] <31284> PI PUB KEY LOAD OK [39]
INFO	[2015-08-14 01:27:32:662] <31284> PG PUB KEY LOAD OK [30]
INFO	[2015-08-14 01:27:32:662] <31284> MERCHANT PRIV KEY LOAD OK
INFO	[2015-08-14 01:27:32:662] <31284> MERCHANT PUB KEY LOAD OK [0]
INFO	[2015-08-14 01:27:32:663] <31284> MAKE BODY OK
INFO	[2015-08-14 01:27:32:663] <31284> SIGN OK
INFO	[2015-08-14 01:27:32:664] <31284> MAKE HEAD OK
INFO	[2015-08-14 01:27:32:664] <31284> MSG_TO_PG:[0377300175R SHA1                   0                  39                  300200nsalecokr0               31600INIphpISP_nsalecokr020150814012732617120<?xml version="1.0" encoding="UTF-8"?>
<INIpay>
	  <GoodsInfo>
	    <GoodsCnt>1</GoodsCnt>
	    <MOID/>
	    <Currency>WON</Currency>
	    <Tax/>
	    <TaxFree/>
	    <Goods>
	      <SMID>nsalecokr0</SMID>
	      <GoodsName urlencode="1">%B4%F5%BA%ED%C0%AF%B7%A6+%BE%F3%C2%AF%C6%D1%3A+%BB%C7%BE%E1%C7%C7%BA%CE%B0%E1%2F%B6%F3%C0%CE%B9%D0%B4%E7%C6%D1</GoodsName>
	      <GoodsPrice>31600</GoodsPrice></Goods></GoodsInfo>
	  <BuyerInfo>
	    <BuyerName urlencode="1">%B1%E8%C8%BF%C1%F6</BuyerName>
	    <BuyerTel>01063903240</BuyerTel>
	    <BuyerEmail urlencode="1">hyoji79%40naver.com</BuyerEmail>
	    <ParentEmail/>
	    <RecvName urlencode="1">%B1%E8%C8%BF%C1%F6</RecvName>
	    <RecvTel urlencode="1">01063903240</RecvTel>
	    <RecvMsg/>
	    <RecvAddr urlencode="1">%BC%AD%BF%EF+%C1%DF%B6%FB%B1%B8+%BD%C5%B3%BB%B5%BF+783+%BC%BA%BF%F8%BE%C6%C6%C4%C6%AE+101%B5%BF+213%C8%A3</RecvAddr>
	    <RecvPostNum urlencode="1">02076</RecvPostNum></BuyerInfo>
	  <PaymentInfo>
	    <Payment>
	      <PayMethod>VCard</PayMethod>
	      <JoinCard/>
	      <JoinExpire/>
	      <MailOrder/>
	      <SessionKey>VCard</SessionKey>
	      <Encrypted urlencode="1">Version%3D4.1%26PayMethod%3DVCard%26RsaKeyNum%3D1%26EncryptionAlgorithm%3DNONE%26SignAlgorithm%3DSHA1WithRSAEncryption%26CertVer%3D39%26moid%3D2015081401242488%26ver_trace%3Dmain%286097%2C6059%29vcard%286092%29card%286139%2C6123%29n%286008%29Cs%286025%29Dt%286002%29Pa%286002%29Cf%286024%29Fv%280000%29La%286155%29Re%286105%29Vr%286007%29P%286034%29en%286052%29%26pg1%3D203.238.37.3%26pg2%3D211.219.96.180%26pg1ip%3D203.238.37.3%26pg2ip%3D211.219.96.180%26agreeflag%3D1111%26rn%3D3%2FjEtW4vAEpd6gyP2PMXRpGFqq1xnDTb6FouMrW0izo%3D%0D%0A%26VCode%3D040100202428841%26VQuota%3D00%26VNoint%3D0%26ip%3D192.168.1.12%26mac%3D0022FAB7A66C%26cardpoint%3D9%26custemail%3Dhyoji79%40naver.com%26price%3D4uDsrkVGck8mjm3e9sgrB7OBpLxSv2re%0D%0A%26below1000%3D0%26encisp%3D0%26pgnoint%3D0%26VKBPoint%3D%26VSessionKey%3DkrlLtzTzm1wxXjxwjKux5f0EfhXVtfO5Qm6%252fIXtrngxUjY9ZpGqtcZJKTZqNj%252bhY%250d%250ah3RbHtkw5NUR1e2pGPJdn4Tp8Udpwbs6BrrhAkFnij0Julee5dpUBiTcaZRzXKjo%250d%250aIROqAB060lLBF%252bKUBs5AARRZWn8Dzy5zryg5F0Hc5%252fg%253d%250d%250a%26Data%3DVersion%253d1.0%2526KeyFlag%253d1%2526KeyNum%253d1%2526EncryptAlgorithm%253dSEED%252dCBC%2526SignAlgorithm%253d%2526Data%253dgEE9Fu6FbRgrmLgFfKQ9HlCi4chQIyQ4XpbJTQuxR75Gl%25252bDcRcpmuIDDxw37rYXw%25250aWLj0LqjHm%252f%252fvkTnu7KMMkDcGjayH0xsyEr1E0F5IqPdg6rB3DVTLQyQmFUQrjOCZ%25250aAX4XjpPo5G999BIuj%25252bdxBywceFSqahMLaPODrhvideVsL8FnDs5lmWTiWdQkFIPg%25250aDtLNWQfQTiW949VSeujvH2J4jB7AbNENI%252f9Qh9HGdtxERJdyh9FLcH5c6VP%252fDEj5%25250aGdGQJQuM9QQaBaencowHysNGLXIoIzp1F%252f6QaTc1utVHEAP062MmseSoQ%252f3BDHJz%25250aLgLpWQy6J%252f1qasWp638tM%25252bz8ElDuYlYOQL0vPEletTf5WCQGIJB1ix0dQ8NziUUG%25250aEYJm9MBnZcHZLARdEkacr2RjAGmXP7080JXHkzORSxYgTo7xJSyir0h1E%252fuwzLLp%25250aEB8coLQof0kFXxRHz%252fytbKujo%252fWBF66aqQipfyPsMraSfZpXg%252f6oU4TNwW9l1KG%252f%25250ap638RkERV%252fcIHSGnEfg%252fsFQXa4H%25252bFxsMfv7LF8TR%25252bL6D00zjDV1ECOl0vw4QbCQm%25250a5M1ej9MXUneTAN%252ffZw7OXHfiQmmAwq0E1frB8laosdKtX6PGDRK%25252bfsZCf5RcI1it%25250a%2526PubCert%253d%26ts%3D1508131827278W2sV4oPYMEW6cfhdufFxA001066%26src_flg%3D0%26OSv%3DIE11_Win7+6.01.7601+SP1+Professional_64B+%28CDN%29+%28notray%3AJ%29+%5Bnsalecokr0%5D+%2861_secuni_npapi%29%26ip2%3D62.143.141.106</Encrypted></Payment></PaymentInfo>
	  <ReservedInfo>
	    <MReserved1/>
	    <MReserved2/>
	    <MReserved3/></ReservedInfo>
	  <ManageInfo>
	    <Language/>
	    <URL urlencode="1">http%3A%2F%2Fwww.nsale.co.kr</URL>
	    <TXVersion>5036B141209securLinux     PHPchkfake   3.14.44-32.39.amzn1.x86_64PHP:</TXVersion>
	    <TXUserID/>
	    <TXRegNum/>
	    <Ack>1</Ack>
	    <TXRN>MjAxNTA4MTQwMTI1MjQwODc5NTM2Nw==
</TXRN></ManageInfo></INIpay>AAfIjhdQ7DMKNCZvSuRPK/R2FiM7lztl4u8JlVkOD99TsyujKl3I28pvIjcbOd0W
XZRMg9GJpzglGT5/Zh/AyEz6B7/mSxNFTebMZpTXCfK1n5y76VVH4duuvmKAFKOS
/fh2XuCxxjUFneMxv2InP07WFr62Vt3Vin1mpPpY3vTU
]
INFO	[2015-08-14 01:27:32:664] <31284> DNS LOOKUP OK(203.238.37.3:203.238.37.3:34049) laptime:0
INFO	[2015-08-14 01:27:32:719] <31284> SOCKET CONNECT OK
INFO	[2015-08-14 01:27:32:720] <31284> SEND OK
INFO	[2015-08-14 01:27:34:269] <31284> RECV OK
INFO	[2015-08-14 01:27:34:269] <31284> MSG_FROM_PG:[0287000175D SHA1                   0                  39                  300210nsalecokr0               31600INIphpISP_nsalecokr020150814012732617120<?xml version="1.0" encoding="UTF-8"?>
<INIpay>
  <GoodsInfo>
    <GoodsCnt>1</GoodsCnt>
    <MOID urlencode="1">2015081401242488</MOID>
    <Currency>WON</Currency>
    <Goods no="1">
      <SMID>nsalecokr0</SMID>
      <GoodsName urlencode="1">%B4%F5%BA%ED%C0%AF%B7%A6+%BE%F3%C2%AF%C6%D1%3A+%BB%C7%BE%E1%C7%C7%BA%CE%B0%E1%2F%B6%F3%C0%CE%B9%D0%B4%E7%C6%D1</GoodsName>
      <GoodsCntS>1</GoodsCntS>
      <GoodsPrice>31600</GoodsPrice>
    </Goods>
  </GoodsInfo>
  <PaymentInfo>
    <Payment>
      <SessionKey>AAbeUnO+tWbIvY7c27DnolTvGRfTAG4UAdcLaigFOrkk00A0cbjuS5T3rMOhxtI2
rn9LhNiK+l372gD6rJh0E2N0SkA5iERM+p75LI9NzUtBpnzw3RPq6zRgI/vJVxjI
7CcicZLeZUtCP1yFZ6/aE28Xq+7qlyyV4jeIj+HaKTq9QNCCUt2khXM=
</SessionKey>
      <Encrypted>IPejY63SAoSgvZyzY9tNEffAz5d7ThBn38xrYn76cQdIPzisj5sPkdfu0uauYh+c
9X7Sx9Gdhd8nmlk/mYYXNtg0cOIVIKzpiRmOyZpsBTycSlA4Mi4CvluvkTp2OYMU
Q/F3TnYRMQdVPm+IN6HwMzkkZNd8eFZeJh+NUzXxMDbMDxrX8JI170/OWpEYe6e7
H+TTj6QyEU0YW5VK60hj333L5IcEa+SXxP2caj5DBNakTUjGbCTVY/3k6J+bJ5yS
ocfwBe/Os59JBmbvZkKa/Uz9p1GbOaKCeeLgg0rvYVuA+umw9DIrYpGqqyMhtcGW
i7DNGsCab9NJBl/It2lDHGJ7h1sOee4K7qGgEQjhECGwN1jLrVDXNZjlX8WsZZJm
QTuSYDQRJNdJp+8Dweqrp3rkWJrh/R9sF+cRT6WPMDgeirLzwtDtprSAqNKYd92y
CQXoGwp4UKU08Jw52Drs8cuSXJk1Fw3nAyzuf47Nui7IkfXHWSD3Lj+WhNPH09zJ
dftCKBzWZuCZLSJTc4HlGvb8dXWGgQhkbSkj0wit7R2b3DeyGViSPMJDpSeff0A9
cNG2q8hWNk07nrNedIL6OPMbNEvqu3gruBOr7BDVXaV3ClDTHYjRX2LyKqCdkZMo
met0GjyIxvnRZLyEy/gvwLceJYF7x2HpxQ9Xm5qr0a6bHc6noXmshD9arsIhgsMc
xdPu8Ei14XwuAg6zQ9Ty8rbY2fkuv1H3NOT71y6GBUkVhruvF6PKpGsdOpRQDilk
b2zGaraE57zt+VYxti5FTlPMP56c6LOQSsUN4s3RM/4x5nq+jJWjSbLeHj8AYQUD
p9ntq/WiuzS/KcK1hQSginvLu0ZtVWvvskhfDNCPxO2gS3KO6EZyuGpB6GL8Rt2E
mUs345brfDcAbrfz1kT1LXQM/xehNBJ7l4cf8ANZlbptjs7C8XWZzt0VuqafbABV
6Pqvi6Ek1rnoGxYL0nxCK2PX9D418XMmiEcD8qwGxCMG+HDbkjHtK1UDCJAdvWrr
1GFuN/q0HuQNpDIbGxJbK7BPxn/ynaMSqov9kxH0aVY9g8H0S6XcNChEmC6eNyWa
vMoV2LeEYUz1VlOaAuzc9DhUVvPtRDMRCYRU2Lbgk1nlU2MCroI0knWaigVdAZRx
TGBLORd09UB/mPw6CBhMGqH0DOkIElSpdKhxg7OVtf8SqgiHy3zi/cqOzulhKx/m
HWbPlS9u5NLVK3XY3g5UBLPKD4Xnzoki2zmOBDLy0F2SWSm4TSVRIkTLYQU7zt0I
M+ClDu55hHEJ3uHP0ButHDkjcty9wLzIzfOYSMcGOKCcljk4JdLppEmfylxtE2fh
2YhEOt3w/601KDw4t6lJK+kQYxqmzqiIG46/WHjolFCWz1KFS6w9Cj7yLrRTd+sO
anNpDwk87Vkmo+dvbPNIUY+70KDdZD8Qb0BAOyI2wlCUM0ryLIgHqA==
</Encrypted>
      <PayMethod>VCard</PayMethod>
      <ResultCode>170000</ResultCode>
      <ResultMsg urlencode="1">%C1%A4%BB%F3%BF%CF%B7%E1</ResultMsg>
    </Payment>
  </PaymentInfo>
  <ManageInfo>
    <EventCode></EventCode>
    <OrgCurrency></OrgCurrency>
    <ExchangeRate></ExchangeRate>
    <OrgPrice></OrgPrice>
  </ManageInfo>
  <ReservedInfo>
    <MReserved1 urlencode="1"></MReserved1>
    <MReserved2 urlencode="1"></MReserved2>
    <MReserved3 urlencode="1"></MReserved3>
    <PGReserved1 urlencode="1"></PGReserved1>
    <PGReserved2 urlencode="1"></PGReserved2>
    <PGReserved3 urlencode="1"></PGReserved3>
  </ReservedInfo>
</INIpay>
XVyp7Y9wN4AK7HNmXnyPYkFKTs4ij+pqj2E/nWao1dYDsfNyyArrOmW8DbSgOtpL
WkzRdDuW8ND3kOWPdpKx0aY5E61iUY06tSFn8LtGVVtIM1SS8W4UNQ2FWS13sTrz
hFHAXhCJbxZ3NaDkvbpD5BnAbWE9kHOiW2ZUKNHKSf8=
]
INFO	[2015-08-14 01:27:34:269] <31284> VERIFY OK
INFO	[2015-08-14 01:27:34:269] <31284> PARSE HEAD OK
INFO	[2015-08-14 01:27:34:270] <31284> PARSE BODY OK
INFO	[2015-08-14 01:27:34:271] <31284> DECRYPT OK
DEBUG	[2015-08-14 01:27:34:271] <31284> DECRYPT MSG:[<?xml version="1.0" encoding="UTF-8"?>
<PaymentInfo>
  <Payment>
    <EASYPAY/>
    <VCard>
      <ISP_ApplPrice>31600</ISP_ApplPrice>
      <ISP_BankCode>00</ISP_BankCode>
      <ISP_Quota>00</ISP_Quota>
      <ISP_Interest>0</ISP_Interest>
      <ISP_CardCode>11</ISP_CardCode>
      <ISP_CardNum>49022081****</ISP_CardNum>
      <ISP_Point></ISP_Point>
      <ISP_ApplDate>20150814</ISP_ApplDate>
      <ISP_ApplTime>012732</ISP_ApplTime>
      <ISP_ApplNum>59189905</ISP_ApplNum>
      <ISP_TerminalNum>0198732000</ISP_TerminalNum>
      <ISP_MemberNum></ISP_MemberNum>
      <ISP_PurchaseCode></ISP_PurchaseCode>
      <ISP_ResultCode>170000</ISP_ResultCode>
      <ISP_ResultMsg urlencode="1">%C1%A4%BB%F3%BF%CF%B7%E1</ISP_ResultMsg>
      <ISP_PrtcCode>1</ISP_PrtcCode>
      <ISP_Quota_Point>00</ISP_Quota_Point>
      <ISP_CheckFlag>0</ISP_CheckFlag>
      <ISP_PurchaseName urlencode="1"></ISP_PurchaseName>
      <ISP_IssuerName urlencode="1"></ISP_IssuerName>
      <ISP_UsePoint></ISP_UsePoint>
      <ISP_CouponOnlyMer></ISP_CouponOnlyMer>
    </VCard>
  </Payment>
</PaymentInfo>]
INFO	[2015-08-14 01:27:34:272] <31284> DECRYPT PARSE OK
INFO	[2015-08-14 01:27:34:272] <31284> WAIT ACK INVOKING
DEBUG	[2015-08-14 01:27:34:272] <31284> MAKE HEAD OK
INFO	[2015-08-14 01:27:34:334] <31284> SUCCESS ACK INVOKING
INFO	[2015-08-14 01:27:34:334] <31284> END securepay ¡§ªÛøœ∑· Laptime:[1.673sec]
INFO	[2015-08-14 01:27:34:334] <31284> ===============================================================
INFO	[2015-08-14 13:29:16:870] <34449> START INIPHP chkfake (V5036-141209)(OS:Linux3.14.44-32.39.amzn1.x86_64,PHP:5.3.29)
DEBUG	[2015-08-14 13:29:16:870] <34449> inipayhome:/var/www/html/nsale/shop/inicis
DEBUG	[2015-08-14 13:29:16:870] <34449> debug:false
DEBUG	[2015-08-14 13:29:16:870] <34449> type:chkfake
DEBUG	[2015-08-14 13:29:16:870] <34449> enctype:asym
DEBUG	[2015-08-14 13:29:16:870] <34449> admin:1111
DEBUG	[2015-08-14 13:29:16:870] <34449> checkopt:false
DEBUG	[2015-08-14 13:29:16:870] <34449> mid:nsalecokr0
DEBUG	[2015-08-14 13:29:16:870] <34449> price:31600
DEBUG	[2015-08-14 13:29:16:870] <34449> nointerest:no
DEBUG	[2015-08-14 13:29:16:870] <34449> quotabase:ÏÑ†ÌÉù:ÏùºÏãúÎ∂à:2Í∞úÏõî:3Í∞úÏõî:4Í∞úÏõî:5Í∞úÏõî:6Í∞úÏõî:7Í∞úÏõî:8Í∞úÏõî:9Í∞úÏõî:10Í∞úÏõî:11Í∞úÏõî:12Í∞úÏõî
INFO	[2015-08-14 13:29:16:870] <34449> Check Field OK
INFO	[2015-08-14 13:29:16:870] <34449> MERCHANT PRIV KEY LOAD OK
INFO	[2015-08-14 13:29:16:870] <34449> MERCHANT PUB KEY LOAD OK []
INFO	[2015-08-14 13:29:16:871] <34449> CHKFAKE KEY MAKE OK:MjAxNTA4MTQxMzI5MTY4NzAyNzY0Mg==

INFO	[2015-08-14 13:29:16:871] <34449> END chkfake  Laptime:[0.001sec]
INFO	[2015-08-14 13:29:16:871] <34449> ===============================================================
INFO	[2015-08-14 13:29:45:558] <34183> START INIPHP chkfake (V5036-141209)(OS:Linux3.14.44-32.39.amzn1.x86_64,PHP:5.3.29)
DEBUG	[2015-08-14 13:29:45:558] <34183> inipayhome:/var/www/html/nsale/shop/inicis
DEBUG	[2015-08-14 13:29:45:558] <34183> debug:false
DEBUG	[2015-08-14 13:29:45:558] <34183> type:chkfake
DEBUG	[2015-08-14 13:29:45:558] <34183> enctype:asym
DEBUG	[2015-08-14 13:29:45:558] <34183> admin:1111
DEBUG	[2015-08-14 13:29:45:558] <34183> checkopt:false
DEBUG	[2015-08-14 13:29:45:558] <34183> mid:nsalecokr0
DEBUG	[2015-08-14 13:29:45:558] <34183> price:31600
DEBUG	[2015-08-14 13:29:45:558] <34183> nointerest:no
DEBUG	[2015-08-14 13:29:45:558] <34183> quotabase:ÏÑ†ÌÉù:ÏùºÏãúÎ∂à:2Í∞úÏõî:3Í∞úÏõî:4Í∞úÏõî:5Í∞úÏõî:6Í∞úÏõî:7Í∞úÏõî:8Í∞úÏõî:9Í∞úÏõî:10Í∞úÏõî:11Í∞úÏõî:12Í∞úÏõî
INFO	[2015-08-14 13:29:45:558] <34183> Check Field OK
INFO	[2015-08-14 13:29:45:559] <34183> MERCHANT PRIV KEY LOAD OK
INFO	[2015-08-14 13:29:45:559] <34183> MERCHANT PUB KEY LOAD OK []
INFO	[2015-08-14 13:29:45:559] <34183> CHKFAKE KEY MAKE OK:MjAxNTA4MTQxMzI5NDU1NTk3MDA2Mg==

INFO	[2015-08-14 13:29:45:559] <34183> END chkfake  Laptime:[0.001sec]
INFO	[2015-08-14 13:29:45:559] <34183> ===============================================================
INFO	[2015-08-14 13:31:37:531] <34895> START INIPHP securepay (V5036-141209)(OS:Linux3.14.44-32.39.amzn1.x86_64,PHP:5.3.29)
DEBUG	[2015-08-14 13:31:37:531] <34895> inipayhome:/var/www/html/nsale/shop/inicis
DEBUG	[2015-08-14 13:31:37:531] <34895> debug:false
DEBUG	[2015-08-14 13:31:37:531] <34895> type:securepay
DEBUG	[2015-08-14 13:31:37:531] <34895> pgid:INIphpCARD
DEBUG	[2015-08-14 13:31:37:531] <34895> subpgip:203.238.3.10
DEBUG	[2015-08-14 13:31:37:531] <34895> admin:1111
DEBUG	[2015-08-14 13:31:37:531] <34895> uid:
DEBUG	[2015-08-14 13:31:37:531] <34895> goodname:¥ı∫Ì¿Ø∑¶ ∫Ò≈∏±§≈©∏≤: ∫Ò≈∏πŒ ºˆ∏È∆—!
DEBUG	[2015-08-14 13:31:37:531] <34895> currency:WON
DEBUG	[2015-08-14 13:31:37:531] <34895> mid:nsalecokr0
DEBUG	[2015-08-14 13:31:37:531] <34895> rn:MjAxNTA4MTQxMzI5NDU1NTk3MDA2Mg==

DEBUG	[2015-08-14 13:31:37:531] <34895> price:31600
DEBUG	[2015-08-14 13:31:37:531] <34895> enctype:
DEBUG	[2015-08-14 13:31:37:531] <34895> buyername:»´πÃø¡
DEBUG	[2015-08-14 13:31:37:531] <34895> buyertel:0115251272
DEBUG	[2015-08-14 13:31:37:531] <34895> buyeremail:miok4865@nate.com
DEBUG	[2015-08-14 13:31:37:531] <34895> paymethod:Card
DEBUG	[2015-08-14 13:31:37:531] <34895> encrypted:Version=4.1&PayMethod=Card&RsaKeyNum=1&EncryptionAlgorithm=SEED-CBC&SignAlgorithm=RSAwithSHA1&CertVer=39&moid=2015081413163779&ver_trace=main(6097,6059)card(6139,6123)n(6008)Cs(6025)Dt(6002)Pa(6002)Cf(6024)Fv(0000)La(6155)Re(6105)Vr(6007)P(6034)en(6052)nP(6006)&pg1=211.219.96.180&pg2=203.238.37.3&pg1ip=211.219.96.180&pg2ip=203.238.37.3&agreeflag=1111&Data=S9qBBpOe9Aq2KZw3skmG2wsP9hKPBz6J69kbY8MBLxbhOVdoUNnnArDgCrc+IRJd
ktdqalAk0td6Epurs3qjrTgDcD9OGiJML0hJEZSzBho4lSiJZ6OhKLOSEpBFSuNY
S49CbKEbJh9cq7Fgy1OJKAVuhlN8ygja/H8y0spQZOom/OxR3O223w45uBHYtCDg
SblIg1z/D6OuuoGYK7gUrqiEYo3hVQEZS7OxsTbKu+ghZX6PLf9Fmhj3143+evZp
D58fuxRtcGzUcdI6OXve45yjo9Ws9uLBKsOk2E4IypAH/UIugICWQKSeUmjGR6qR
UjNaWBdjLXL1x7oeZ1haqfMETTWGwsggLAfTdWsBukCkEmxsBN4yqpG7I8QiBlX8
9sBzbiaeTX66Qms77kLD0XmWErfsqRkTWatDXrwz2cupCPvfr5HZ2Oquo4SI1WbV
b8t3x8Oa9QlPqGApsoB+WO55NkPot3EMG+mAHcbgVCMsyilE/BhJxGOGDju7MoCZ
DPU7m0bHpmg3iKkBi9Gy2vgPWG8aX6tE0w3OIh9D+RG1eW4J7kVfwJs/hAVnWmTQ
6ma+5vQDndYGb6YWNtQJ3Wk9jLkvkuibySkegUUhQpIn890OlyDwVvZ0zLd2Cjnh
0ECaIeSdt3EojC76rLzoHW+2OIuvy5sZ/0G6Z14G2q9qPz4/UrblC9+DnXh0VoaV
a03o5Q==
DEBUG	[2015-08-14 13:31:37:531] <34895> sessionkey:0KrjaQkU+oq2PmdOIKP+gykvKDT7jB73iOz6BeHUWpwPBK51PDlQ1HPkYY9vA5nn
L8hyR6PR2XP6r6kL2Kpq4Nbokc5xcp6EGgpuXHvyPWG7nHCrV7AFrUJKEnzE+B0W
KQpDvZ2ssay6gUQ5JCaJ8lBfhGf5a++GnfP8OIGn8aE=
DEBUG	[2015-08-14 13:31:37:531] <34895> url:http://www.nsale.co.kr
DEBUG	[2015-08-14 13:31:37:531] <34895> cardcode:12
DEBUG	[2015-08-14 13:31:37:531] <34895> parentemail:
DEBUG	[2015-08-14 13:31:37:531] <34895> recvname:»´πÃø¡
DEBUG	[2015-08-14 13:31:37:531] <34895> recvtel:0115251272
DEBUG	[2015-08-14 13:31:37:531] <34895> recvaddr:∞Ê∫œ ƒ•∞Ó±∫ æ‡∏Ò∏È ∞¸»£11±Ê 41 ∞¸»£2∏Æ 408 ∞≠∫ØΩƒ¥Á
DEBUG	[2015-08-14 13:31:37:531] <34895> recvpostnum:39829
DEBUG	[2015-08-14 13:31:37:531] <34895> recvmsg:
DEBUG	[2015-08-14 13:31:37:531] <34895> joincard:
DEBUG	[2015-08-14 13:31:37:531] <34895> joinexpire:
DEBUG	[2015-08-14 13:31:37:531] <34895> id_customer:
INFO	[2015-08-14 13:31:37:531] <34895> Check Field OK
INFO	[2015-08-14 13:31:37:532] <34895> Make TID OK INIphpCARDnsalecokr020150814133137318614
INFO	[2015-08-14 13:31:37:532] <34895> PI PUB KEY LOAD OK [39]
INFO	[2015-08-14 13:31:37:532] <34895> PG PUB KEY LOAD OK [30]
INFO	[2015-08-14 13:31:37:532] <34895> MERCHANT PRIV KEY LOAD OK
INFO	[2015-08-14 13:31:37:532] <34895> MERCHANT PUB KEY LOAD OK [0]
INFO	[2015-08-14 13:31:37:533] <34895> MAKE BODY OK
INFO	[2015-08-14 13:31:37:534] <34895> SIGN OK
INFO	[2015-08-14 13:31:37:534] <34895> MAKE HEAD OK
INFO	[2015-08-14 13:31:37:534] <34895> MSG_TO_PG:[0305500175R SHA1                   0                  39                  300200nsalecokr0               31600INIphpCARDnsalecokr020150814133137318614<?xml version="1.0" encoding="UTF-8"?>
<INIpay>
	  <GoodsInfo>
	    <GoodsCnt>1</GoodsCnt>
	    <MOID/>
	    <Currency>WON</Currency>
	    <Tax/>
	    <TaxFree/>
	    <Goods>
	      <SMID>nsalecokr0</SMID>
	      <GoodsName urlencode="1">%B4%F5%BA%ED%C0%AF%B7%A6+%BA%F1%C5%B8%B1%A4%C5%A9%B8%B2%3A+%BA%F1%C5%B8%B9%CE+%BC%F6%B8%E9%C6%D1%21</GoodsName>
	      <GoodsPrice>31600</GoodsPrice></Goods></GoodsInfo>
	  <BuyerInfo>
	    <BuyerName urlencode="1">%C8%AB%B9%CC%BF%C1</BuyerName>
	    <BuyerTel>0115251272</BuyerTel>
	    <BuyerEmail urlencode="1">miok4865%40nate.com</BuyerEmail>
	    <ParentEmail/>
	    <RecvName urlencode="1">%C8%AB%B9%CC%BF%C1</RecvName>
	    <RecvTel urlencode="1">0115251272</RecvTel>
	    <RecvMsg/>
	    <RecvAddr urlencode="1">%B0%E6%BA%CF+%C4%A5%B0%EE%B1%BA+%BE%E0%B8%F1%B8%E9+%B0%FC%C8%A311%B1%E6+41+%B0%FC%C8%A32%B8%AE+408+%B0%AD%BA%AF%BD%C4%B4%E7</RecvAddr>
	    <RecvPostNum urlencode="1">39829</RecvPostNum></BuyerInfo>
	  <PaymentInfo>
	    <Payment>
	      <PayMethod>Card</PayMethod>
	      <JoinCard/>
	      <JoinExpire/>
	      <MailOrder/>
	      <SessionKey>0KrjaQkU+oq2PmdOIKP+gykvKDT7jB73iOz6BeHUWpwPBK51PDlQ1HPkYY9vA5nn
L8hyR6PR2XP6r6kL2Kpq4Nbokc5xcp6EGgpuXHvyPWG7nHCrV7AFrUJKEnzE+B0W
KQpDvZ2ssay6gUQ5JCaJ8lBfhGf5a++GnfP8OIGn8aE=</SessionKey>
	      <Encrypted urlencode="1">Version%3D4.1%26PayMethod%3DCard%26RsaKeyNum%3D1%26EncryptionAlgorithm%3DSEED-CBC%26SignAlgorithm%3DRSAwithSHA1%26CertVer%3D39%26moid%3D2015081413163779%26ver_trace%3Dmain%286097%2C6059%29card%286139%2C6123%29n%286008%29Cs%286025%29Dt%286002%29Pa%286002%29Cf%286024%29Fv%280000%29La%286155%29Re%286105%29Vr%286007%29P%286034%29en%286052%29nP%286006%29%26pg1%3D211.219.96.180%26pg2%3D203.238.37.3%26pg1ip%3D211.219.96.180%26pg2ip%3D203.238.37.3%26agreeflag%3D1111%26Data%3DS9qBBpOe9Aq2KZw3skmG2wsP9hKPBz6J69kbY8MBLxbhOVdoUNnnArDgCrc%2BIRJd%0D%0AktdqalAk0td6Epurs3qjrTgDcD9OGiJML0hJEZSzBho4lSiJZ6OhKLOSEpBFSuNY%0D%0AS49CbKEbJh9cq7Fgy1OJKAVuhlN8ygja%2FH8y0spQZOom%2FOxR3O223w45uBHYtCDg%0D%0ASblIg1z%2FD6OuuoGYK7gUrqiEYo3hVQEZS7OxsTbKu%2BghZX6PLf9Fmhj3143%2BevZp%0D%0AD58fuxRtcGzUcdI6OXve45yjo9Ws9uLBKsOk2E4IypAH%2FUIugICWQKSeUmjGR6qR%0D%0AUjNaWBdjLXL1x7oeZ1haqfMETTWGwsggLAfTdWsBukCkEmxsBN4yqpG7I8QiBlX8%0D%0A9sBzbiaeTX66Qms77kLD0XmWErfsqRkTWatDXrwz2cupCPvfr5HZ2Oquo4SI1WbV%0D%0Ab8t3x8Oa9QlPqGApsoB%2BWO55NkPot3EMG%2BmAHcbgVCMsyilE%2FBhJxGOGDju7MoCZ%0D%0ADPU7m0bHpmg3iKkBi9Gy2vgPWG8aX6tE0w3OIh9D%2BRG1eW4J7kVfwJs%2FhAVnWmTQ%0D%0A6ma%2B5vQDndYGb6YWNtQJ3Wk9jLkvkuibySkegUUhQpIn890OlyDwVvZ0zLd2Cjnh%0D%0A0ECaIeSdt3EojC76rLzoHW%2B2OIuvy5sZ%2F0G6Z14G2q9qPz4%2FUrblC9%2BDnXh0VoaV%0D%0Aa03o5Q%3D%3D</Encrypted></Payment></PaymentInfo>
	  <ReservedInfo>
	    <MReserved1/>
	    <MReserved2/>
	    <MReserved3/></ReservedInfo>
	  <ManageInfo>
	    <Language/>
	    <URL urlencode="1">http%3A%2F%2Fwww.nsale.co.kr</URL>
	    <TXVersion>5036B141209securLinux     PHPchkfake   3.14.44-32.39.amzn1.x86_64PHP:</TXVersion>
	    <TXUserID/>
	    <TXRegNum/>
	    <Ack>1</Ack>
	    <TXRN>MjAxNTA4MTQxMzI5NDU1NTk3MDA2Mg==
</TXRN></ManageInfo></INIpay>ABV/e+xhHErSY4xF/OOIjQYzaJYgaqcWDNMslV6KxlPtMCENHjUrNiGOxR6feWh7
A5ab1wxAGfUrZS5grIBUoD1DS2hJTYh63OKc0rCtbmpLJkLkNNYGJamS54Zp3lzQ
RvzVJXkWpSObp/noOy5yXo+RUdFn1VG6V3h8OyXZ97gu
]
INFO	[2015-08-14 13:31:37:534] <34895> DNS LOOKUP OK(211.219.96.180:211.219.96.180:34049) laptime:0
INFO	[2015-08-14 13:31:37:573] <34895> SOCKET CONNECT OK
INFO	[2015-08-14 13:31:37:573] <34895> SEND OK
INFO	[2015-08-14 13:31:38:437] <34895> RECV OK
INFO	[2015-08-14 13:31:38:437] <34895> MSG_FROM_PG:[0318200175D SHA1                   0                  39                  300210nsalecokr0               31600INIphpCARDnsalecokr020150814133137318614<?xml version="1.0" encoding="UTF-8"?>
<INIpay>
  <GoodsInfo>
    <GoodsCnt>1</GoodsCnt>
    <MOID urlencode="1">2015081413163779</MOID>
    <Currency>WON</Currency>
    <Goods no="1">
      <SMID>nsalecokr0</SMID>
      <GoodsName urlencode="1">%B4%F5%BA%ED%C0%AF%B7%A6+%BA%F1%C5%B8%B1%A4%C5%A9%B8%B2%3A+%BA%F1%C5%B8%B9%CE+%BC%F6%B8%E9%C6%D1%21</GoodsName>
      <GoodsCntS>1</GoodsCntS>
      <GoodsPrice>31600</GoodsPrice>
    </Goods>
  </GoodsInfo>
  <PaymentInfo>
    <Payment>
      <SessionKey>AG7b27brh2+RtXxQ0uWAcD6Mabh+y8q+28ZnH5I+LcpVl0lfQv0rLYzCYUkrnO05
PGMhZ2apChcUp9fPKc4j2L12goo2Ha8LUAWNENcKODmd/s84nTm/VMq8YxE3Wqw9
ni3DDr8YJlx9jMpUXXpxxRlKdCz177ZefEuljetH7bkV8xTA0qjLFqY=
</SessionKey>
      <Encrypted>YgLeRTvoDXs1TVdoq8dSsvpQIXzMeRAXooXX9b+gmRkVd928amuvRRt/F1xT9IZu
wsSqU8ZCM0CJ/wuAE/TQlKloWRr7cCBW0DTV3mKvD6sxLsqmJIEVuUZjzz5I5UD+
BOxkTaFafqVS5orBKDr2S6eDMrhnlx0GWR313AfwjlDd7O1D5t0fNF4PlANgMP50
VUnsifSla3BBym48Bu9x0CMxpMt6vao7vlAtH1gcVV4RK1wafKBui5mkMbRCwIEG
8TPNeRQceVFoFvjx6HMYuIj1fygOfpBIRK5Iqq1/6JmUAv3dROpVPd6ZibkApd7X
0Zg6cxlgPXtYsdqL8Shou5Ps6fXKbPrjm6l81TUNBF9ZwK2zmPWb0i6iC/MH51n5
VEW5EJTD56CE+YcMtUr1tIwCOfLqxqrBCLPsc6GkQ0gA5nJEx6DxBx1XLALN9rvB
+c10NmTIqayyCm4SdmnXQDmlsJSsW3CTMR2uruetf5IF4flx3TQgcgIbxEGUScJw
EMwOlfnRxEKEwEBqX+Dk/u6uKIGF4rLW2UZRI3NZbYDgXA4Ng25AgQeFSBDDpK1P
u2AorEEGK3SGOqhlk+5aOvZfPFVlA2sO7AEyCFeLKShNJYM+HXqPD06tO/wqGFBE
fXeU2tD7QsQWNy+yPS0bJtKVIZ6g7StcPyCIWmxSungjqewOOtsOsMShzmtL/Dyh
QLnfUpZokki7feiR5Ibu/0I/wC51wvJGw99Dd7VlQCPrOGNARTAuWHArImRLDHQf
DI3bfLT09Xu7qF5ZCu4Rm6w5gD07zUhilz542+u5FHMmFkI9GWV+r/kTJOR+Vpa0
8Gpokz9Ff4pns/OEhMHOgIXjTY+8KyeM+C6VW06SyhcR6JG/7T+BagQGpm/daJGn
iuJJyPRU5Gqk0hfN1KzUHM48MdHrEa2U6Cvqbrj4zQXP45YEIxgQJgRMaEjFJVOx
gIw2oyfWT8tfa7y/yB5TGG2/74GBoM6IeekvXt5damq1jUzPaCJYtk22mkyQispw
ikhpsZY6d+v/hqaqQkGVxYArVphOmPQddLY0BFizIsiQPgpAjxnXhMPbgp6ZOwjm
X6npw2Fxs98ejglrLxSSBASCw7h0aj1MMfctzeDoBlWWHb0b9+8/nuS8GwIYh0Sz
0eMIkHKTQjw118j0umcWWPp+GSV9U1xqXuQMWeJlVceOWAJqTJkUAPhkTRVA7aHe
Q0ajnoGY0e0jO1dyGVwtc1EQDbJfQKjcu4K40Tt/JXzlpqQ5WweLO5RWjbcs67I2
UyTy2OJYLPSMAEWq7c+8Cpk31Kc5NcuPNaygx/+CiCc3/tfYIvevVCxP2iLiuqgr
a/4IASyOkD6Rm14od9EQN9tTGurJMZIPhAW6W0McOF5ZU0s4H8BGudsbpzL2G9zb
EK+KQgedpviK5eYEOpMm+nQawZHxR7qPBVUADGfRt6jtPQYgOR2IGB6hdIf9jf4U
HCx12lvzv9KiVWXVEH5zHzJeo4fsU6WrEH27Io9h1F+2VWth7KgTDaKpmALGRfGH
iATdOYjIWDz+HUcUQR6/JBJvmztf+uOQNkyBlDKd1QVIM/PV1vWHB8mNYPRisdso
2HbQXRgi1IaMCctfkqYTvFeJQQCkD1eBw8U0k5Ux6RKhYb0F9nz/jq1B3dJc50og
jSjtP2XSWQvl5x3xKWZm4fpthmPGJFnEd2ZRwjWCA1syVo4y3FMYfGgm7AGa9Fkg
jJq0Ja8BQyHBMP3hP2/+mA==
</Encrypted>
      <PayMethod>Card</PayMethod>
      <ResultCode>120000</ResultCode>
      <ResultMsg urlencode="1">%C1%A4%BB%F3%C3%B3%B8%AE%B5%C7%BE%FA%BD%C0%B4%CF%B4%D9.</ResultMsg>
    </Payment>
  </PaymentInfo>
  <ManageInfo>
    <EventCode></EventCode>
    <OrgCurrency></OrgCurrency>
    <ExchangeRate></ExchangeRate>
    <OrgPrice></OrgPrice>
  </ManageInfo>
  <ReservedInfo>
    <MReserved1 urlencode="1"></MReserved1>
    <MReserved2 urlencode="1"></MReserved2>
    <MReserved3 urlencode="1"></MReserved3>
    <PGReserved1 urlencode="1"></PGReserved1>
    <PGReserved2 urlencode="1"></PGReserved2>
    <PGReserved3 urlencode="1"></PGReserved3>
  </ReservedInfo>
</INIpay>
csAcEkaGcZIcF3vCW1UGA+kJrO7JOb0kjGaChvfwrnfuO1/cK6v3a+fI25Dulo1E
dCc+1P0zSM2gJIFD0vxDU3y+kn3Iq0nyYXDt66zFjotODc5zZHihXfIgAJqyMSDf
o76EEILpiY0Fa3tJzjEbn6notcZrJu7kVF1lguJZEZ0=
]
INFO	[2015-08-14 13:31:38:437] <34895> VERIFY OK
INFO	[2015-08-14 13:31:38:437] <34895> PARSE HEAD OK
INFO	[2015-08-14 13:31:38:438] <34895> PARSE BODY OK
INFO	[2015-08-14 13:31:38:439] <34895> DECRYPT OK
DEBUG	[2015-08-14 13:31:38:439] <34895> DECRYPT MSG:[<?xml version="1.0" encoding="UTF-8"?>
<PaymentInfo>
  <Payment>
    <EASYPAY/>
    <Card>
      <CARD_ApplPrice>31600</CARD_ApplPrice>
      <CARD_Num>941010690638</CARD_Num>
      <CARD_Expire></CARD_Expire>
      <CARD_Code>12</CARD_Code>
      <CARD_BankCode>00</CARD_BankCode>
      <CARD_Quota>00</CARD_Quota>
      <CARD_Interest>0</CARD_Interest>
      <CARD_Point></CARD_Point>
      <CARD_AuthType>99</CARD_AuthType>
      <CARD_RegNum></CARD_RegNum>
      <CARD_ApplDate>20150814</CARD_ApplDate>
      <CARD_ApplTime>133137</CARD_ApplTime>
      <CARD_ApplNum>06390716</CARD_ApplNum>
      <CARD_TerminalNum>0198732000</CARD_TerminalNum>
      <CARD_MemberNum></CARD_MemberNum>
      <CARD_PurchaseCode></CARD_PurchaseCode>
      <CARD_ResultCode>120000</CARD_ResultCode>
      <CARD_ResultMsg urlencode="1">%C1%A4%BB%F3%C3%B3%B8%AE%B5%C7%BE%FA%BD%C0%B4%CF%B4%D9.</CARD_ResultMsg>
      <CARD_PrtcCode>1</CARD_PrtcCode>
      <CARD_Quota_Point>00</CARD_Quota_Point>
      <CARD_CheckFlag>0</CARD_CheckFlag>
      <CARD_PurchaseName urlencode="1"></CARD_PurchaseName>
      <CARD_IssuerName urlencode="1"></CARD_IssuerName>
      <CARD_JoinUsePoint></CARD_JoinUsePoint>
      <CARD_UsePoint></CARD_UsePoint>
      <CARD_CouponOnlyMer></CARD_CouponOnlyMer>
    </Card>
  </Payment>
</PaymentInfo>]
INFO	[2015-08-14 13:31:38:440] <34895> DECRYPT PARSE OK
INFO	[2015-08-14 13:31:38:440] <34895> WAIT ACK INVOKING
DEBUG	[2015-08-14 13:31:38:440] <34895> MAKE HEAD OK
INFO	[2015-08-14 13:31:38:480] <34895> SUCCESS ACK INVOKING
INFO	[2015-08-14 13:31:38:480] <34895> END securepay ¡§ªÛ√≥∏Æµ«æ˙Ω¿¥œ¥Ÿ. Laptime:[0.949sec]
INFO	[2015-08-14 13:31:38:480] <34895> ===============================================================
INFO	[2015-08-14 13:43:39:887] <34118> START INIPHP chkfake (V5036-141209)(OS:Linux3.14.44-32.39.amzn1.x86_64,PHP:5.3.29)
DEBUG	[2015-08-14 13:43:39:887] <34118> inipayhome:/var/www/html/nsale/shop/inicis
DEBUG	[2015-08-14 13:43:39:887] <34118> debug:false
DEBUG	[2015-08-14 13:43:39:887] <34118> type:chkfake
DEBUG	[2015-08-14 13:43:39:887] <34118> enctype:asym
DEBUG	[2015-08-14 13:43:39:887] <34118> admin:1111
DEBUG	[2015-08-14 13:43:39:887] <34118> checkopt:false
DEBUG	[2015-08-14 13:43:39:887] <34118> mid:nsalecokr0
DEBUG	[2015-08-14 13:43:39:887] <34118> price:31600
DEBUG	[2015-08-14 13:43:39:887] <34118> nointerest:no
DEBUG	[2015-08-14 13:43:39:887] <34118> quotabase:ÏÑ†ÌÉù:ÏùºÏãúÎ∂à:2Í∞úÏõî:3Í∞úÏõî:4Í∞úÏõî:5Í∞úÏõî:6Í∞úÏõî:7Í∞úÏõî:8Í∞úÏõî:9Í∞úÏõî:10Í∞úÏõî:11Í∞úÏõî:12Í∞úÏõî
INFO	[2015-08-14 13:43:39:887] <34118> Check Field OK
INFO	[2015-08-14 13:43:39:887] <34118> MERCHANT PRIV KEY LOAD OK
INFO	[2015-08-14 13:43:39:887] <34118> MERCHANT PUB KEY LOAD OK []
INFO	[2015-08-14 13:43:39:888] <34118> CHKFAKE KEY MAKE OK:MjAxNTA4MTQxMzQzMzk4ODc1MzgxNQ==

INFO	[2015-08-14 13:43:39:888] <34118> END chkfake  Laptime:[0.001sec]
INFO	[2015-08-14 13:43:39:888] <34118> ===============================================================
INFO	[2015-08-14 13:44:04:907] <34782> START INIPHP securepay (V5036-141209)(OS:Linux3.14.44-32.39.amzn1.x86_64,PHP:5.3.29)
DEBUG	[2015-08-14 13:44:04:907] <34782> inipayhome:/var/www/html/nsale/shop/inicis
DEBUG	[2015-08-14 13:44:04:907] <34782> debug:false
DEBUG	[2015-08-14 13:44:04:907] <34782> type:securepay
DEBUG	[2015-08-14 13:44:04:907] <34782> pgid:INIphpVBNK
DEBUG	[2015-08-14 13:44:04:907] <34782> subpgip:203.238.3.10
DEBUG	[2015-08-14 13:44:04:907] <34782> admin:1111
DEBUG	[2015-08-14 13:44:04:907] <34782> uid:
DEBUG	[2015-08-14 13:44:04:907] <34782> goodname:¥ı∫Ì¿Ø∑¶ ª˝∏∂¿Ø≈©∏≤: ªÍ∂Ê/∫∏Ω¿/øµæÁ/¡¯¡§
DEBUG	[2015-08-14 13:44:04:907] <34782> currency:WON
DEBUG	[2015-08-14 13:44:04:907] <34782> mid:nsalecokr0
DEBUG	[2015-08-14 13:44:04:907] <34782> rn:MjAxNTA4MTQxMzQzMzk4ODc1MzgxNQ==

DEBUG	[2015-08-14 13:44:04:907] <34782> price:31600
DEBUG	[2015-08-14 13:44:04:907] <34782> enctype:
DEBUG	[2015-08-14 13:44:04:907] <34782> buyername:»´πÃø¡
DEBUG	[2015-08-14 13:44:04:907] <34782> buyertel:0115251272
DEBUG	[2015-08-14 13:44:04:907] <34782> buyeremail:miok4865@nate.com
DEBUG	[2015-08-14 13:44:04:907] <34782> paymethod:VBank
DEBUG	[2015-08-14 13:44:04:907] <34782> encrypted:Version=4.1&PayMethod=VBank&RsaKeyNum=1&EncryptionAlgorithm=SEED-CBC&SignAlgorithm=RSAwithSHA1&CertVer=39&moid=2015081413424508&ver_trace=main(6097,6059)vbank(6031,6033)n(6008)Cs(6025)Dt(6002)Pa(6002)Cf(6024)Fv(0000)La(6155)Re(6105)Vr(6007)P(6034)en(6052)nP(6006)&pg1=211.219.96.180&pg2=203.238.37.3&pg1ip=211.219.96.180&pg2ip=203.238.37.3&agreeflag=1111&Data=tyI0vHPJBV6YL/I7FoGHRxE73M8Hrn5xaZrNBui0Wdjlu2WmHuKKMT5xXalaMGpR
M2e4RHzAI1U9Ts+rYj5a10Ga/UIlYyuUzpWBjVHaOPjzH4fXQuadQpnCsZzVLuNw
mgGqlyy+dWViY2YQYad077q4PHGh1slu5eA+tPDvnwO0KdmNyjzTXRRrfmI3bx9W
AZT+lPk56Oqqgm6IwzNt1XTfDISBwXNcLvSg1+tiqRFNZrSenZpXY1Fk3w+Fl8Jb
RYsbBgexnXRq/N+6FjOkxiAjVXg6aWcJsiJk6spUiO57n6DGQK4Sc/AufbWsL9HF
dNqtWKqDrF9BSM1hAmjmXl9kovevOuizuLhX6lomeIDqkCyIZ9lvVs74Am9haYow
bJBfMB+iRCiv0g5f/5w7ly4jFur7aYA9f08e1P5yk17QetdIodhL8MbCsuILhuBL
zBq4a9VSweOMgbJu7LAhAwN2inzWBfX8xcqYRyjaewtcf2cL9phx3ZU4
DEBUG	[2015-08-14 13:44:04:907] <34782> sessionkey:UlFmMfOB88vH5tj1qIW/m8dT065BaApV7PiWPJRpA9jBgzkcNHr8zUHCiIRvucgo
69dGozEpU+WDEMgzPcskKmMl5DrfpkyksIkX3yPY8dicmpTNC79zduc05sw3fSbt
yo9bSvNIOkSBw4/ue3J2cO2+BQj7HEBIvbYB3II1xnQ=
DEBUG	[2015-08-14 13:44:04:907] <34782> url:http://www.nsale.co.kr
DEBUG	[2015-08-14 13:44:04:907] <34782> cardcode:
DEBUG	[2015-08-14 13:44:04:907] <34782> parentemail:
DEBUG	[2015-08-14 13:44:04:907] <34782> recvname:»´πÃø¡
DEBUG	[2015-08-14 13:44:04:907] <34782> recvtel:0115251272
DEBUG	[2015-08-14 13:44:04:907] <34782> recvaddr:∞Ê∫œ ƒ•∞Ó±∫ æ‡∏Ò∏È ∞¸»£11±Ê 41 ∞≠∫ØΩƒ¥Á
DEBUG	[2015-08-14 13:44:04:907] <34782> recvpostnum:39829
DEBUG	[2015-08-14 13:44:04:907] <34782> recvmsg:
DEBUG	[2015-08-14 13:44:04:907] <34782> joincard:
DEBUG	[2015-08-14 13:44:04:907] <34782> joinexpire:
DEBUG	[2015-08-14 13:44:04:907] <34782> id_customer:
INFO	[2015-08-14 13:44:04:907] <34782> Check Field OK
INFO	[2015-08-14 13:44:04:907] <34782> Make TID OK INIphpVBNKnsalecokr020150814134404073510
INFO	[2015-08-14 13:44:04:907] <34782> PI PUB KEY LOAD OK [39]
INFO	[2015-08-14 13:44:04:908] <34782> PG PUB KEY LOAD OK [30]
INFO	[2015-08-14 13:44:04:908] <34782> MERCHANT PRIV KEY LOAD OK
INFO	[2015-08-14 13:44:04:908] <34782> MERCHANT PUB KEY LOAD OK [0]
INFO	[2015-08-14 13:44:04:909] <34782> MAKE BODY OK
INFO	[2015-08-14 13:44:04:909] <34782> SIGN OK
INFO	[2015-08-14 13:44:04:909] <34782> MAKE HEAD OK
INFO	[2015-08-14 13:44:04:909] <34782> MSG_TO_PG:[0280700175R SHA1                   0                  39                  300200nsalecokr0               31600INIphpVBNKnsalecokr020150814134404073510<?xml version="1.0" encoding="UTF-8"?>
<INIpay>
	  <GoodsInfo>
	    <GoodsCnt>1</GoodsCnt>
	    <MOID/>
	    <Currency>WON</Currency>
	    <Tax/>
	    <TaxFree/>
	    <Goods>
	      <SMID>nsalecokr0</SMID>
	      <GoodsName urlencode="1">%B4%F5%BA%ED%C0%AF%B7%A6+%BB%FD%B8%B6%C0%AF%C5%A9%B8%B2%3A+%BB%EA%B6%E6%2F%BA%B8%BD%C0%2F%BF%B5%BE%E7%2F%C1%F8%C1%A4</GoodsName>
	      <GoodsPrice>31600</GoodsPrice></Goods></GoodsInfo>
	  <BuyerInfo>
	    <BuyerName urlencode="1">%C8%AB%B9%CC%BF%C1</BuyerName>
	    <BuyerTel>0115251272</BuyerTel>
	    <BuyerEmail urlencode="1">miok4865%40nate.com</BuyerEmail>
	    <ParentEmail/>
	    <RecvName urlencode="1">%C8%AB%B9%CC%BF%C1</RecvName>
	    <RecvTel urlencode="1">0115251272</RecvTel>
	    <RecvMsg/>
	    <RecvAddr urlencode="1">%B0%E6%BA%CF+%C4%A5%B0%EE%B1%BA+%BE%E0%B8%F1%B8%E9+%B0%FC%C8%A311%B1%E6+41+%B0%AD%BA%AF%BD%C4%B4%E7</RecvAddr>
	    <RecvPostNum urlencode="1">39829</RecvPostNum></BuyerInfo>
	  <PaymentInfo>
	    <Payment>
	      <PayMethod>VBank</PayMethod>
	      <JoinCard/>
	      <JoinExpire/>
	      <MailOrder/>
	      <SessionKey>UlFmMfOB88vH5tj1qIW/m8dT065BaApV7PiWPJRpA9jBgzkcNHr8zUHCiIRvucgo
69dGozEpU+WDEMgzPcskKmMl5DrfpkyksIkX3yPY8dicmpTNC79zduc05sw3fSbt
yo9bSvNIOkSBw4/ue3J2cO2+BQj7HEBIvbYB3II1xnQ=</SessionKey>
	      <Encrypted urlencode="1">Version%3D4.1%26PayMethod%3DVBank%26RsaKeyNum%3D1%26EncryptionAlgorithm%3DSEED-CBC%26SignAlgorithm%3DRSAwithSHA1%26CertVer%3D39%26moid%3D2015081413424508%26ver_trace%3Dmain%286097%2C6059%29vbank%286031%2C6033%29n%286008%29Cs%286025%29Dt%286002%29Pa%286002%29Cf%286024%29Fv%280000%29La%286155%29Re%286105%29Vr%286007%29P%286034%29en%286052%29nP%286006%29%26pg1%3D211.219.96.180%26pg2%3D203.238.37.3%26pg1ip%3D211.219.96.180%26pg2ip%3D203.238.37.3%26agreeflag%3D1111%26Data%3DtyI0vHPJBV6YL%2FI7FoGHRxE73M8Hrn5xaZrNBui0Wdjlu2WmHuKKMT5xXalaMGpR%0D%0AM2e4RHzAI1U9Ts%2BrYj5a10Ga%2FUIlYyuUzpWBjVHaOPjzH4fXQuadQpnCsZzVLuNw%0D%0AmgGqlyy%2BdWViY2YQYad077q4PHGh1slu5eA%2BtPDvnwO0KdmNyjzTXRRrfmI3bx9W%0D%0AAZT%2BlPk56Oqqgm6IwzNt1XTfDISBwXNcLvSg1%2BtiqRFNZrSenZpXY1Fk3w%2BFl8Jb%0D%0ARYsbBgexnXRq%2FN%2B6FjOkxiAjVXg6aWcJsiJk6spUiO57n6DGQK4Sc%2FAufbWsL9HF%0D%0AdNqtWKqDrF9BSM1hAmjmXl9kovevOuizuLhX6lomeIDqkCyIZ9lvVs74Am9haYow%0D%0AbJBfMB%2BiRCiv0g5f%2F5w7ly4jFur7aYA9f08e1P5yk17QetdIodhL8MbCsuILhuBL%0D%0AzBq4a9VSweOMgbJu7LAhAwN2inzWBfX8xcqYRyjaewtcf2cL9phx3ZU4</Encrypted></Payment></PaymentInfo>
	  <ReservedInfo>
	    <MReserved1/>
	    <MReserved2/>
	    <MReserved3/></ReservedInfo>
	  <ManageInfo>
	    <Language/>
	    <URL urlencode="1">http%3A%2F%2Fwww.nsale.co.kr</URL>
	    <TXVersion>5036B141209securLinux     PHPchkfake   3.14.44-32.39.amzn1.x86_64PHP:</TXVersion>
	    <TXUserID/>
	    <TXRegNum/>
	    <Ack>1</Ack>
	    <TXRN>MjAxNTA4MTQxMzQzMzk4ODc1MzgxNQ==
</TXRN></ManageInfo></INIpay>AAoER2cdUEGTdHXw26WW2pQi6swwtT3i+vvDCX8qUSmakTQ0fkCf8lZirr/tMwwZ
F3ajzRMSZjq9IUMUHpW8VmQCGtBkAVX7s+AIPrecN4AMJAPQSgAty5ApXuZ/37Q/
qd/FIkyfjvJw3Zua3IckE0MMgtVZ3BhxvQdvu58Eet9f
]
INFO	[2015-08-14 13:44:04:909] <34782> DNS LOOKUP OK(211.219.96.180:211.219.96.180:34049) laptime:0
INFO	[2015-08-14 13:44:04:951] <34782> SOCKET CONNECT OK
INFO	[2015-08-14 13:44:04:951] <34782> SEND OK
INFO	[2015-08-14 13:44:05:205] <34782> RECV OK
INFO	[2015-08-14 13:44:05:205] <34782> MSG_FROM_PG:[0260300175D SHA1                   0                  39                  300210nsalecokr0               31600INIphpVBNKnsalecokr020150814134404073510<?xml version="1.0" encoding="UTF-8"?>
<INIpay>
  <GoodsInfo>
    <GoodsCnt>1</GoodsCnt>
    <MOID urlencode="1">2015081413424508</MOID>
    <Currency>WON</Currency>
    <Goods no="1">
      <SMID>nsalecokr0</SMID>
      <GoodsName urlencode="1">%B4%F5%BA%ED%C0%AF%B7%A6+%BB%FD%B8%B6%C0%AF%C5%A9%B8%B2%3A+%BB%EA%B6%E6%2F%BA%B8%BD%C0%2F%BF%B5%BE%E7%2F%C1%F8%C1%A4</GoodsName>
      <GoodsCntS>1</GoodsCntS>
      <GoodsPrice>31600</GoodsPrice>
    </Goods>
  </GoodsInfo>
  <PaymentInfo>
    <Payment>
      <SessionKey>ALWU8pPKbuTNUphU9/zBIvRdd9YMyDQfvLzmra70Ss2Tfbem5fMoPVLdJBAcqpBS
ihKuDXApqoIoF6YgsSkUTwU7R3hbByyrBj9/MXVsMYoJwiw82bfeNnNA2sW1X8DG
cEeq2UVDZfdkUXffXsmp+Zm+WX6F6Qr6dnZWgyIVFA+KZaRv+w6tfIQ=
</SessionKey>
      <Encrypted>hTIZ9gWVz1MxKuQ8N8OCmjVwN3J3SoVcgLkMEMY29qVyy3HjOcPRfOWeJ3dc+akR
S6M0Ic/nm6PoCuLjNB+hDfLiTA6lFhjEncNHSlwHulAGCSX336n22/cP5LVR784D
+Hma95jeBFfh7+MyrKF+lAYEtAAOJY0sj9fTgG1dhNN48uUyFUfG6H9miUla5KAG
pAPlbU2XAxdSUWQric2IXOQLG/GKrAijZ9ISXKI1X4ZLr6XFV6LZI6HGBHzy2T5H
2J5fMrUCifS8rxUwECd5I2fenboGqlTb62zVR+FYiGzG2iv6lvwyUpBJ0hhn9NZu
FH4yNOtREP2ikJB55/P+Kwfx47HiiT1W5FkbgdJtdBzVX4nMBwH4wLzPiV7BiLHI
6ZJCugv9Ua03dTuE1V2isxvr+AIw7xuM7J6tF6ZT3YaPyVeueFO6kZXGxdJ9vhFT
VenWOqREG+NL2hGZPN8DPIjboRgBAUEoGImvfbRduol8ocnAvWLssM9ryufG7JFo
XZSPJWXt8hT5LFymkILAOCbUIvyqzhRUo7Wkt4aX8QLSYQvYH1/eqD9oEAFrRcuZ
D84krjuo/MMJ27S/9FZz8i1urLyUK6NI535bKV8DvUlVIlHr4BxLQApW5XmR1gpX
Jo9f/f31pst0mkrPaiIgxnbM5xXweJN5MbDUtARK2MBKNEllsIHQ1W2DpDNc8WhD
dshjui1DhfQ+cCTOJ4tmeh8ovYX4B9lShTBe6Sn06KEfbhvg9/TykHJ/fZmxfALW
yQa0jrfW1uiDBC5PBGLTgNj9VJefJW4shL3THgPKWc9e66AFJI7CqaNgAkeiDa4m
4VgpjGxkShPmtg9QGGLs2kK/Wcvf0aS39Q/blbZXW/4xXRCzIOCZVwNxZzq4Tdp8
nowBnpJN7Wb5nzDOcLsvHT1D/DN8Ly2v8fLbNC1MWMxDJW8eOdXTPT9v6tmKvUA7
0Vt+Vk6DtmvyxjBlHGOgKganzJaC1A1/1elogS6H6wZ6FS67e4fikV7fn7A3lEOO
NU+RWIze+p15Dxkj+CTuQSc0EHf06VckYydUFKEYzEOxDzvOe7pbL9gVukH/hwuJ
UWmPXa08pg695mtLZOw0v/L27s1uqMxYBV1ljFij9EeacCYrLmzNcCeXzUrV03wp
YHsm/nryiuA=
</Encrypted>
      <PayMethod>VBank</PayMethod>
      <ResultCode>170000</ResultCode>
      <ResultMsg urlencode="1">%C1%A4%BB%F3%C3%B3%B8%AE%B5%C7%BE%FA%BD%C0%B4%CF%B4%D9.</ResultMsg>
    </Payment>
  </PaymentInfo>
  <ManageInfo>
    <EventCode></EventCode>
    <OrgCurrency></OrgCurrency>
    <ExchangeRate></ExchangeRate>
    <OrgPrice></OrgPrice>
  </ManageInfo>
  <ReservedInfo>
    <MReserved1 urlencode="1"></MReserved1>
    <MReserved2 urlencode="1"></MReserved2>
    <MReserved3 urlencode="1"></MReserved3>
    <PGReserved1 urlencode="1"></PGReserved1>
    <PGReserved2 urlencode="1"></PGReserved2>
    <PGReserved3 urlencode="1"></PGReserved3>
  </ReservedInfo>
</INIpay>
efpr4FzPl8MeKcCpP9UJXXonA/HyU/UJV/2yLO6ryPzK2Aba/VCibk5/zCfUjFfy
1OjnOYxw5wKTeBFbyncmp5HCGOzcpjxqMeWCoulhw9zIKBm2CETNxZNK9Jxo0OQb
MVIbqXU35fuYwaspFDfSEKDUKkSCtWAC4GwJ519YrO0=
]
INFO	[2015-08-14 13:44:05:205] <34782> VERIFY OK
INFO	[2015-08-14 13:44:05:205] <34782> PARSE HEAD OK
INFO	[2015-08-14 13:44:05:206] <34782> PARSE BODY OK
INFO	[2015-08-14 13:44:05:207] <34782> DECRYPT OK
DEBUG	[2015-08-14 13:44:05:207] <34782> DECRYPT MSG:[<?xml version="1.0" encoding="UTF-8"?>
<PaymentInfo>
  <Payment>
    <EASYPAY/>
    <VBank>
      <VACT_Num>79003186930102</VACT_Num>
      <VACT_BankCode>11</VACT_BankCode>
      <VACT_Date>20150814</VACT_Date>
      <VACT_Time></VACT_Time>
      <VACT_InputName urlencode="1">%C8%AB%B9%CC%BF%C1</VACT_InputName>
      <VACT_Name urlencode="1">%BF%CD%BF%EC%BA%A5%C3%B3%BD%BA</VACT_Name>
      <VACT_RefundName urlencode="1"></VACT_RefundName>
      <VACT_RefundBankCode></VACT_RefundBankCode>
      <VACT_RefundNum></VACT_RefundNum>
      <VACT_ApplPrice>31600</VACT_ApplPrice>
      <VACT_ApplDate>20150814</VACT_ApplDate>
      <VACT_ApplTime>134405</VACT_ApplTime>
      <VACT_ResultCode>170000</VACT_ResultCode>
      <VACT_ResultMsg urlencode="1">%C1%A4%BB%F3%C3%B3%B8%AE%B5%C7%BE%FA%BD%C0%B4%CF%B4%D9.</VACT_ResultMsg>
    </VBank>
  </Payment>
</PaymentInfo>]
INFO	[2015-08-14 13:44:05:207] <34782> DECRYPT PARSE OK
INFO	[2015-08-14 13:44:05:207] <34782> WAIT ACK INVOKING
DEBUG	[2015-08-14 13:44:05:207] <34782> MAKE HEAD OK
INFO	[2015-08-14 13:44:05:250] <34782> SUCCESS ACK INVOKING
INFO	[2015-08-14 13:44:05:250] <34782> END securepay ¡§ªÛ√≥∏Æµ«æ˙Ω¿¥œ¥Ÿ. Laptime:[0.343sec]
INFO	[2015-08-14 13:44:05:250] <34782> ===============================================================
INFO	[2015-08-14 14:15:09:461] <35497> START INIPHP chkfake (V5036-141209)(OS:Linux3.14.44-32.39.amzn1.x86_64,PHP:5.3.29)
DEBUG	[2015-08-14 14:15:09:461] <35497> inipayhome:/var/www/html/nsale/shop/inicis
DEBUG	[2015-08-14 14:15:09:461] <35497> debug:false
DEBUG	[2015-08-14 14:15:09:461] <35497> type:chkfake
DEBUG	[2015-08-14 14:15:09:461] <35497> enctype:asym
DEBUG	[2015-08-14 14:15:09:461] <35497> admin:1111
DEBUG	[2015-08-14 14:15:09:461] <35497> checkopt:false
DEBUG	[2015-08-14 14:15:09:461] <35497> mid:nsalecokr0
DEBUG	[2015-08-14 14:15:09:461] <35497> price:31600
DEBUG	[2015-08-14 14:15:09:461] <35497> nointerest:no
DEBUG	[2015-08-14 14:15:09:461] <35497> quotabase:ÏÑ†ÌÉù:ÏùºÏãúÎ∂à:2Í∞úÏõî:3Í∞úÏõî:4Í∞úÏõî:5Í∞úÏõî:6Í∞úÏõî:7Í∞úÏõî:8Í∞úÏõî:9Í∞úÏõî:10Í∞úÏõî:11Í∞úÏõî:12Í∞úÏõî
INFO	[2015-08-14 14:15:09:461] <35497> Check Field OK
INFO	[2015-08-14 14:15:09:462] <35497> MERCHANT PRIV KEY LOAD OK
INFO	[2015-08-14 14:15:09:462] <35497> MERCHANT PUB KEY LOAD OK []
INFO	[2015-08-14 14:15:09:462] <35497> CHKFAKE KEY MAKE OK:MjAxNTA4MTQxNDE1MDk0NjI0MDU2OA==

INFO	[2015-08-14 14:15:09:463] <35497> END chkfake  Laptime:[0.001sec]
INFO	[2015-08-14 14:15:09:463] <35497> ===============================================================
INFO	[2015-08-14 14:15:41:785] <34118> START INIPHP securepay (V5036-141209)(OS:Linux3.14.44-32.39.amzn1.x86_64,PHP:5.3.29)
DEBUG	[2015-08-14 14:15:41:785] <34118> inipayhome:/var/www/html/nsale/shop/inicis
DEBUG	[2015-08-14 14:15:41:785] <34118> debug:false
DEBUG	[2015-08-14 14:15:41:785] <34118> type:securepay
DEBUG	[2015-08-14 14:15:41:785] <34118> pgid:INIphpVBNK
DEBUG	[2015-08-14 14:15:41:785] <34118> subpgip:203.238.3.10
DEBUG	[2015-08-14 14:15:41:785] <34118> admin:1111
DEBUG	[2015-08-14 14:15:41:785] <34118> uid:
DEBUG	[2015-08-14 14:15:41:785] <34118> goodname:¥ı∫Ì¿Ø∑¶ ∫Ò≈∏±§≈©∏≤: ∫Ò≈∏πŒ ºˆ∏È∆—!
DEBUG	[2015-08-14 14:15:41:785] <34118> currency:WON
DEBUG	[2015-08-14 14:15:41:785] <34118> mid:nsalecokr0
DEBUG	[2015-08-14 14:15:41:785] <34118> rn:MjAxNTA4MTQxNDE1MDk0NjI0MDU2OA==

DEBUG	[2015-08-14 14:15:41:785] <34118> price:31600
DEBUG	[2015-08-14 14:15:41:785] <34118> enctype:
DEBUG	[2015-08-14 14:15:41:785] <34118> buyername:±Ëº“øµ
DEBUG	[2015-08-14 14:15:41:785] <34118> buyertel:010-3814-5671
DEBUG	[2015-08-14 14:15:41:785] <34118> buyeremail:sososo0322@hanmail.net
DEBUG	[2015-08-14 14:15:41:785] <34118> paymethod:VBank
DEBUG	[2015-08-14 14:15:41:785] <34118> encrypted:Version=4.1&PayMethod=VBank&RsaKeyNum=1&EncryptionAlgorithm=SEED-CBC&SignAlgorithm=RSAwithSHA1&CertVer=39&moid=2015081414132696&ver_trace=main(6097,6059)vbank(6031,6033)n(6008)Cs(6025)Dt(6002)Pa(6002)Cf(6024)Fv(0000)La(6155)Re(6105)Vr(6007)P(6034)en(6052)nP(6006)&pg1=211.219.96.180&pg2=203.238.37.3&pg1ip=211.219.96.180&pg2ip=203.238.37.3&agreeflag=1111&Data=rEdAOr2EV34ZDNk21qTXWOcwE6bsJ60knjgm1RNOCS7vC+xpHPAHmZ+dMzoKbq6y
+S6p4MqWaxVO0MCw8B4ZSXF/5pJfBc/Jh4PLZOxU/ii9AL431e5hrGw6Y5v45qCd
q2ohUHiMs3glbBVSbrdL/O1AGPCgweQN+CaXVgRcD5WdSGTO+eSp6s/hG2Xj4h0c
d6KO0msd4UQ0vYr8PR4Kd3QSMRjLom74ZVMIXhw/jOPAc308wxibLr9OefAG7Fuh
9twk6XHpDj7ZIp6/44kAQHITM98F2lZJJLxphHEk9DpMlHdj6MK5NBdYAk9bo6+X
s8Qw7rAqYR9i1CfNX4swZZbqz92MXGrvBQHEDqECHhNcgyaUaLPSFjG2KqgvxlOg
XdVGkZPjNceyz2si9idaOhRwODvBtxsEMdGUB75lNcqYTDb5qX/mp0QtUxpvK69H
WTBlzEkrwqPI+wPbdxtyddnkPYcTHjulL+zuBaKtiz5claAMoUXIagUwNJN3
DEBUG	[2015-08-14 14:15:41:785] <34118> sessionkey:kN6Oklqc2rC4KrdjM+8T6oxwsmVoHpAAj8r36gBQUWQxlU/73hvtkJl1pMhV95/o
ztkr6qLSvA5CNq3r99egmXcBvxP1fFjGHqhCX4gIlwssJE81JGaUEORj/VvAV7Qu
3633T9Ma+Hs5zeUmW6Qel4F3ePiry9u9pNY8Yac+uEM=
DEBUG	[2015-08-14 14:15:41:785] <34118> url:http://www.nsale.co.kr
DEBUG	[2015-08-14 14:15:41:785] <34118> cardcode:
DEBUG	[2015-08-14 14:15:41:785] <34118> parentemail:
DEBUG	[2015-08-14 14:15:41:785] <34118> recvname:±Ëº“øµ
DEBUG	[2015-08-14 14:15:41:785] <34118> recvtel:010-3814-5671
DEBUG	[2015-08-14 14:15:41:785] <34118> recvaddr:º≠øÔ ¡ﬂ±∏ « µø3∞° 29-2 º±¿œ∫Ùµ˘ 2√˛ ≈¬æ∆∫∏«Ë≥›
DEBUG	[2015-08-14 14:15:41:785] <34118> recvpostnum:04623
DEBUG	[2015-08-14 14:15:41:785] <34118> recvmsg:
DEBUG	[2015-08-14 14:15:41:785] <34118> joincard:
DEBUG	[2015-08-14 14:15:41:785] <34118> joinexpire:
DEBUG	[2015-08-14 14:15:41:785] <34118> id_customer:
INFO	[2015-08-14 14:15:41:785] <34118> Check Field OK
INFO	[2015-08-14 14:15:41:786] <34118> Make TID OK INIphpVBNKnsalecokr020150814141541858876
INFO	[2015-08-14 14:15:41:786] <34118> PI PUB KEY LOAD OK [39]
INFO	[2015-08-14 14:15:41:786] <34118> PG PUB KEY LOAD OK [30]
INFO	[2015-08-14 14:15:41:786] <34118> MERCHANT PRIV KEY LOAD OK
INFO	[2015-08-14 14:15:41:786] <34118> MERCHANT PUB KEY LOAD OK [0]
INFO	[2015-08-14 14:15:41:787] <34118> MAKE BODY OK
INFO	[2015-08-14 14:15:41:787] <34118> SIGN OK
INFO	[2015-08-14 14:15:41:788] <34118> MAKE HEAD OK
INFO	[2015-08-14 14:15:41:788] <34118> MSG_TO_PG:[0282600175R SHA1                   0                  39                  300200nsalecokr0               31600INIphpVBNKnsalecokr020150814141541858876<?xml version="1.0" encoding="UTF-8"?>
<INIpay>
	  <GoodsInfo>
	    <GoodsCnt>1</GoodsCnt>
	    <MOID/>
	    <Currency>WON</Currency>
	    <Tax/>
	    <TaxFree/>
	    <Goods>
	      <SMID>nsalecokr0</SMID>
	      <GoodsName urlencode="1">%B4%F5%BA%ED%C0%AF%B7%A6+%BA%F1%C5%B8%B1%A4%C5%A9%B8%B2%3A+%BA%F1%C5%B8%B9%CE+%BC%F6%B8%E9%C6%D1%21</GoodsName>
	      <GoodsPrice>31600</GoodsPrice></Goods></GoodsInfo>
	  <BuyerInfo>
	    <BuyerName urlencode="1">%B1%E8%BC%D2%BF%B5</BuyerName>
	    <BuyerTel>010-3814-5671</BuyerTel>
	    <BuyerEmail urlencode="1">sososo0322%40hanmail.net</BuyerEmail>
	    <ParentEmail/>
	    <RecvName urlencode="1">%B1%E8%BC%D2%BF%B5</RecvName>
	    <RecvTel urlencode="1">010-3814-5671</RecvTel>
	    <RecvMsg/>
	    <RecvAddr urlencode="1">%BC%AD%BF%EF+%C1%DF%B1%B8+%C7%CA%B5%BF3%B0%A1+29-2+%BC%B1%C0%CF%BA%F4%B5%F9+2%C3%FE+%C5%C2%BE%C6%BA%B8%C7%E8%B3%DD</RecvAddr>
	    <RecvPostNum urlencode="1">04623</RecvPostNum></BuyerInfo>
	  <PaymentInfo>
	    <Payment>
	      <PayMethod>VBank</PayMethod>
	      <JoinCard/>
	      <JoinExpire/>
	      <MailOrder/>
	      <SessionKey>kN6Oklqc2rC4KrdjM+8T6oxwsmVoHpAAj8r36gBQUWQxlU/73hvtkJl1pMhV95/o
ztkr6qLSvA5CNq3r99egmXcBvxP1fFjGHqhCX4gIlwssJE81JGaUEORj/VvAV7Qu
3633T9Ma+Hs5zeUmW6Qel4F3ePiry9u9pNY8Yac+uEM=</SessionKey>
	      <Encrypted urlencode="1">Version%3D4.1%26PayMethod%3DVBank%26RsaKeyNum%3D1%26EncryptionAlgorithm%3DSEED-CBC%26SignAlgorithm%3DRSAwithSHA1%26CertVer%3D39%26moid%3D2015081414132696%26ver_trace%3Dmain%286097%2C6059%29vbank%286031%2C6033%29n%286008%29Cs%286025%29Dt%286002%29Pa%286002%29Cf%286024%29Fv%280000%29La%286155%29Re%286105%29Vr%286007%29P%286034%29en%286052%29nP%286006%29%26pg1%3D211.219.96.180%26pg2%3D203.238.37.3%26pg1ip%3D211.219.96.180%26pg2ip%3D203.238.37.3%26agreeflag%3D1111%26Data%3DrEdAOr2EV34ZDNk21qTXWOcwE6bsJ60knjgm1RNOCS7vC%2BxpHPAHmZ%2BdMzoKbq6y%0D%0A%2BS6p4MqWaxVO0MCw8B4ZSXF%2F5pJfBc%2FJh4PLZOxU%2Fii9AL431e5hrGw6Y5v45qCd%0D%0Aq2ohUHiMs3glbBVSbrdL%2FO1AGPCgweQN%2BCaXVgRcD5WdSGTO%2BeSp6s%2FhG2Xj4h0c%0D%0Ad6KO0msd4UQ0vYr8PR4Kd3QSMRjLom74ZVMIXhw%2FjOPAc308wxibLr9OefAG7Fuh%0D%0A9twk6XHpDj7ZIp6%2F44kAQHITM98F2lZJJLxphHEk9DpMlHdj6MK5NBdYAk9bo6%2BX%0D%0As8Qw7rAqYR9i1CfNX4swZZbqz92MXGrvBQHEDqECHhNcgyaUaLPSFjG2KqgvxlOg%0D%0AXdVGkZPjNceyz2si9idaOhRwODvBtxsEMdGUB75lNcqYTDb5qX%2Fmp0QtUxpvK69H%0D%0AWTBlzEkrwqPI%2BwPbdxtyddnkPYcTHjulL%2BzuBaKtiz5claAMoUXIagUwNJN3</Encrypted></Payment></PaymentInfo>
	  <ReservedInfo>
	    <MReserved1/>
	    <MReserved2/>
	    <MReserved3/></ReservedInfo>
	  <ManageInfo>
	    <Language/>
	    <URL urlencode="1">http%3A%2F%2Fwww.nsale.co.kr</URL>
	    <TXVersion>5036B141209securLinux     PHPchkfake   3.14.44-32.39.amzn1.x86_64PHP:</TXVersion>
	    <TXUserID/>
	    <TXRegNum/>
	    <Ack>1</Ack>
	    <TXRN>MjAxNTA4MTQxNDE1MDk0NjI0MDU2OA==
</TXRN></ManageInfo></INIpay>AKUWOzGIDXdkV73YFN1bCofy7hF0BThXmzMgYX656pK2bxfSsHbtfCX6bizzkZk3
X43sqQWpAUAvLq2jlzBTWqjycbUOfJmv3NOadN0UfPKcluGLkwK/ESgksJCuzSPb
NjcJC6mOObhBXH4FkviePh2GYwC2ixtQWm6h6NlimBV2
]
INFO	[2015-08-14 14:15:41:788] <34118> DNS LOOKUP OK(211.219.96.180:211.219.96.180:34049) laptime:0
INFO	[2015-08-14 14:15:41:827] <34118> SOCKET CONNECT OK
INFO	[2015-08-14 14:15:41:827] <34118> SEND OK
INFO	[2015-08-14 14:15:42:125] <34118> RECV OK
INFO	[2015-08-14 14:15:42:125] <34118> MSG_FROM_PG:[0258600175D SHA1                   0                  39                  300210nsalecokr0               31600INIphpVBNKnsalecokr020150814141541858876<?xml version="1.0" encoding="UTF-8"?>
<INIpay>
  <GoodsInfo>
    <GoodsCnt>1</GoodsCnt>
    <MOID urlencode="1">2015081414132696</MOID>
    <Currency>WON</Currency>
    <Goods no="1">
      <SMID>nsalecokr0</SMID>
      <GoodsName urlencode="1">%B4%F5%BA%ED%C0%AF%B7%A6+%BA%F1%C5%B8%B1%A4%C5%A9%B8%B2%3A+%BA%F1%C5%B8%B9%CE+%BC%F6%B8%E9%C6%D1%21</GoodsName>
      <GoodsCntS>1</GoodsCntS>
      <GoodsPrice>31600</GoodsPrice>
    </Goods>
  </GoodsInfo>
  <PaymentInfo>
    <Payment>
      <SessionKey>AAV21egcuGRv0o63ICond7CRS2aq1UhlcaoX7cz9IDDS2jr5fa0NtqD5T/+On7cQ
E4mAH+K5QLwpbLjb+uEDw62E+QgyYNrdSwyPuUV5aV2Imz3qrQEmCEQslvcHKGbd
M9rqO6eeE8ROG40KM9ylzus2Ptg6V8S3y/LTL5hrcYWVTJGG19bOm64=
</SessionKey>
      <Encrypted>wIxpA/0VlW+11zgsPfgcyHG7DeCme9J+fIS8Zb63AvtSxj20bfBn7mDo/xzoVwDe
w5ArGTJLb7QiC7Jhw7WxOH9dP5Oqann5WkL/+qTaluu3J4tEx2eVq7cBVyyYGnvt
nKNhD7DDfZl28gbZz6xjNEc+FM3tHwWp00Fsv53UUHBV4GOsW9FPH3Yuq138MRdN
86AG2CNbdMpVCuvU6aDmvHO8Y2GCwGZA5pJ51Jh7uRl28yYTlNXVQJgZ0l3MdePZ
i0g311hPiUtjs1UvEoJ3AyafqC4EOeTl+or7Vrt0Dpq7SQmVLkXR78kPaDp5pubm
0edinAZiesyerZ+1cq/q7GQV4y0MbHjMxkyVw+VQzQ91hs1A0LImd4i6fDGypPLU
yDIOzBdxK7O2r7LXXuAUsegliBjBnC9iBeR2v1M7E1qo+1AUZyppOAPbLr8/y+D7
J+6Rrl1wCXbRfLgSix5GUj5c5oKfOq3BDF7Wv1ja0pi17RgPa3SFHs7f2G6m9LmL
IRFiTm9dVrOehIRp9WuZad3jflekOKHT7UACGk1EQgVZt4QNCSrQaOc0UWAYF/Si
8VVTcfks9sEV0L5HAlyCLDIzKdNWzMZMDldKnDE4/UYpkvL9creSHwJlldq29dnp
MCBLZnHGqDYvXVODz+vVPjASVlWbshk379W3pPH1fqogtjRTOUqcS4T0XQE0B8je
b7/btsVt1UxM3cnJmG9IDd8cAGcnkJd2X2oe9TxfnKz2vG0zLI1ZHMdd17xJnVFt
7CtUUAlE10Tx6KwP2cE5FJECqTx1MtaJKsHrOOFqJ8Cu8OdfbRgWBW9AEHHvRTW9
zhULjgE8zbp4EdRb/kQk0gMZNm5wkSqKl4oUkhFtEPkaFB5BnYKDx2CqO7uajBmw
FP4FbPC+EX2jrXy5Eu11/u7URV0p53yzefnaZqOO61g5KZIZveDRBnUJER6FSHq2
teQs7NGcaIgeXiBKo+zHGeRyI1R+pWguCXwu0wfteKp7GT1nE4UepTygis2U6EBu
Xe7lrKqqizDjIwXznBevxgjO+MtZY0/0obl+PJGmfdxagC+9jT4BswUxhDIDAnSb
eD0NbYknKg4yIWux9QFhjGoJXkaB4wuhsD+jEjZT9b+hQwBhTU89CUd4jPRGajiG
TawjVAIHnXY=
</Encrypted>
      <PayMethod>VBank</PayMethod>
      <ResultCode>170000</ResultCode>
      <ResultMsg urlencode="1">%C1%A4%BB%F3%C3%B3%B8%AE%B5%C7%BE%FA%BD%C0%B4%CF%B4%D9.</ResultMsg>
    </Payment>
  </PaymentInfo>
  <ManageInfo>
    <EventCode></EventCode>
    <OrgCurrency></OrgCurrency>
    <ExchangeRate></ExchangeRate>
    <OrgPrice></OrgPrice>
  </ManageInfo>
  <ReservedInfo>
    <MReserved1 urlencode="1"></MReserved1>
    <MReserved2 urlencode="1"></MReserved2>
    <MReserved3 urlencode="1"></MReserved3>
    <PGReserved1 urlencode="1"></PGReserved1>
    <PGReserved2 urlencode="1"></PGReserved2>
    <PGReserved3 urlencode="1"></PGReserved3>
  </ReservedInfo>
</INIpay>
vPfq4Is7fwWP1SR4qxC5VEjCQgN9lTZ535CRU6kxSgHCvf1h85hRl0hVER7FLsgj
HGySYTdZCSHnjcyYxcAAFlz7z9mYRsibQH7/AO09BZQyKwcdPjSFwwR/Xf5nY94x
7qfWwoyUeWSWi+4UxFBbwsiEHDqzt5RGFZOcyBWAqH0=
]
INFO	[2015-08-14 14:15:42:125] <34118> VERIFY OK
INFO	[2015-08-14 14:15:42:125] <34118> PARSE HEAD OK
INFO	[2015-08-14 14:15:42:126] <34118> PARSE BODY OK
INFO	[2015-08-14 14:15:42:127] <34118> DECRYPT OK
DEBUG	[2015-08-14 14:15:42:127] <34118> DECRYPT MSG:[<?xml version="1.0" encoding="UTF-8"?>
<PaymentInfo>
  <Payment>
    <EASYPAY/>
    <VBank>
      <VACT_Num>56202385953721</VACT_Num>
      <VACT_BankCode>88</VACT_BankCode>
      <VACT_Date>20150814</VACT_Date>
      <VACT_Time></VACT_Time>
      <VACT_InputName urlencode="1">%B1%E8%BC%D2%BF%B5</VACT_InputName>
      <VACT_Name urlencode="1">%BF%CD%BF%EC%BA%A5%C3%B3%BD%BA</VACT_Name>
      <VACT_RefundName urlencode="1"></VACT_RefundName>
      <VACT_RefundBankCode></VACT_RefundBankCode>
      <VACT_RefundNum></VACT_RefundNum>
      <VACT_ApplPrice>31600</VACT_ApplPrice>
      <VACT_ApplDate>20150814</VACT_ApplDate>
      <VACT_ApplTime>141542</VACT_ApplTime>
      <VACT_ResultCode>170000</VACT_ResultCode>
      <VACT_ResultMsg urlencode="1">%C1%A4%BB%F3%C3%B3%B8%AE%B5%C7%BE%FA%BD%C0%B4%CF%B4%D9.</VACT_ResultMsg>
    </VBank>
  </Payment>
</PaymentInfo>]
INFO	[2015-08-14 14:15:42:128] <34118> DECRYPT PARSE OK
INFO	[2015-08-14 14:15:42:128] <34118> WAIT ACK INVOKING
DEBUG	[2015-08-14 14:15:42:128] <34118> MAKE HEAD OK
INFO	[2015-08-14 14:15:42:168] <34118> SUCCESS ACK INVOKING
INFO	[2015-08-14 14:15:42:168] <34118> END securepay ¡§ªÛ√≥∏Æµ«æ˙Ω¿¥œ¥Ÿ. Laptime:[0.383sec]
INFO	[2015-08-14 14:15:42:168] <34118> ===============================================================
INFO	[2015-08-14 15:54:22:922] <36050> START INIPHP chkfake (V5036-141209)(OS:Linux3.14.44-32.39.amzn1.x86_64,PHP:5.3.29)
DEBUG	[2015-08-14 15:54:22:922] <36050> inipayhome:/var/www/html/nsale/shop/inicis
DEBUG	[2015-08-14 15:54:22:922] <36050> debug:false
DEBUG	[2015-08-14 15:54:22:922] <36050> type:chkfake
DEBUG	[2015-08-14 15:54:22:922] <36050> enctype:asym
DEBUG	[2015-08-14 15:54:22:922] <36050> admin:1111
DEBUG	[2015-08-14 15:54:22:922] <36050> checkopt:false
DEBUG	[2015-08-14 15:54:22:922] <36050> mid:nsalecokr0
DEBUG	[2015-08-14 15:54:22:922] <36050> price:18300
DEBUG	[2015-08-14 15:54:22:922] <36050> nointerest:no
DEBUG	[2015-08-14 15:54:22:922] <36050> quotabase:ÏÑ†ÌÉù:ÏùºÏãúÎ∂à:2Í∞úÏõî:3Í∞úÏõî:4Í∞úÏõî:5Í∞úÏõî:6Í∞úÏõî:7Í∞úÏõî:8Í∞úÏõî:9Í∞úÏõî:10Í∞úÏõî:11Í∞úÏõî:12Í∞úÏõî
INFO	[2015-08-14 15:54:22:922] <36050> Check Field OK
INFO	[2015-08-14 15:54:22:922] <36050> MERCHANT PRIV KEY LOAD OK
INFO	[2015-08-14 15:54:22:923] <36050> MERCHANT PUB KEY LOAD OK []
INFO	[2015-08-14 15:54:22:923] <36050> CHKFAKE KEY MAKE OK:MjAxNTA4MTQxNTU0MjI5MjM4MjQ4NQ==

INFO	[2015-08-14 15:54:22:923] <36050> END chkfake  Laptime:[0.001sec]
INFO	[2015-08-14 15:54:22:923] <36050> ===============================================================
