INFO	[2015-07-31 09:34:57:204] <12146> START INIPHP chkfake (V5036-141209)(OS:Linux3.14.44-32.39.amzn1.x86_64,PHP:5.3.29)
DEBUG	[2015-07-31 09:34:57:204] <12146> inipayhome:/var/www/html/nsale/shop/inicis
DEBUG	[2015-07-31 09:34:57:204] <12146> debug:false
DEBUG	[2015-07-31 09:34:57:204] <12146> type:chkfake
DEBUG	[2015-07-31 09:34:57:204] <12146> enctype:asym
DEBUG	[2015-07-31 09:34:57:204] <12146> admin:1111
DEBUG	[2015-07-31 09:34:57:204] <12146> checkopt:false
DEBUG	[2015-07-31 09:34:57:204] <12146> mid:nsalecokr0
DEBUG	[2015-07-31 09:34:57:204] <12146> price:17300
DEBUG	[2015-07-31 09:34:57:204] <12146> nointerest:no
DEBUG	[2015-07-31 09:34:57:204] <12146> quotabase:ÏÑ†ÌÉù:ÏùºÏãúÎ∂à:2Í∞úÏõî:3Í∞úÏõî:4Í∞úÏõî:5Í∞úÏõî:6Í∞úÏõî:7Í∞úÏõî:8Í∞úÏõî:9Í∞úÏõî:10Í∞úÏõî:11Í∞úÏõî:12Í∞úÏõî
INFO	[2015-07-31 09:34:57:204] <12146> Check Field OK
INFO	[2015-07-31 09:34:57:204] <12146> MERCHANT PRIV KEY LOAD OK
INFO	[2015-07-31 09:34:57:204] <12146> MERCHANT PUB KEY LOAD OK []
INFO	[2015-07-31 09:34:57:205] <12146> CHKFAKE KEY MAKE OK:MjAxNTA3MzEwOTM0NTcyMDQyNjIwNA==

INFO	[2015-07-31 09:34:57:205] <12146> END chkfake  Laptime:[0.001sec]
INFO	[2015-07-31 09:34:57:205] <12146> ===============================================================
INFO	[2015-07-31 09:37:38:581] <12235> START INIPHP chkfake (V5036-141209)(OS:Linux3.14.44-32.39.amzn1.x86_64,PHP:5.3.29)
DEBUG	[2015-07-31 09:37:38:581] <12235> inipayhome:/var/www/html/nsale/shop/inicis
DEBUG	[2015-07-31 09:37:38:581] <12235> debug:false
DEBUG	[2015-07-31 09:37:38:581] <12235> type:chkfake
DEBUG	[2015-07-31 09:37:38:581] <12235> enctype:asym
DEBUG	[2015-07-31 09:37:38:581] <12235> admin:1111
DEBUG	[2015-07-31 09:37:38:581] <12235> checkopt:false
DEBUG	[2015-07-31 09:37:38:581] <12235> mid:nsalecokr0
DEBUG	[2015-07-31 09:37:38:581] <12235> price:17300
DEBUG	[2015-07-31 09:37:38:581] <12235> nointerest:no
DEBUG	[2015-07-31 09:37:38:581] <12235> quotabase:ÏÑ†ÌÉù:ÏùºÏãúÎ∂à:2Í∞úÏõî:3Í∞úÏõî:4Í∞úÏõî:5Í∞úÏõî:6Í∞úÏõî:7Í∞úÏõî:8Í∞úÏõî:9Í∞úÏõî:10Í∞úÏõî:11Í∞úÏõî:12Í∞úÏõî
INFO	[2015-07-31 09:37:38:581] <12235> Check Field OK
INFO	[2015-07-31 09:37:38:581] <12235> MERCHANT PRIV KEY LOAD OK
INFO	[2015-07-31 09:37:38:581] <12235> MERCHANT PUB KEY LOAD OK []
INFO	[2015-07-31 09:37:38:582] <12235> CHKFAKE KEY MAKE OK:MjAxNTA3MzEwOTM3Mzg1ODE5NTA1OA==

INFO	[2015-07-31 09:37:38:582] <12235> END chkfake  Laptime:[0.001sec]
INFO	[2015-07-31 09:37:38:582] <12235> ===============================================================
INFO	[2015-07-31 09:38:35:900] <12147> START INIPHP securepay (V5036-141209)(OS:Linux3.14.44-32.39.amzn1.x86_64,PHP:5.3.29)
DEBUG	[2015-07-31 09:38:35:900] <12147> inipayhome:/var/www/html/nsale/shop/inicis
DEBUG	[2015-07-31 09:38:35:900] <12147> debug:false
DEBUG	[2015-07-31 09:38:35:900] <12147> type:securepay
DEBUG	[2015-07-31 09:38:35:900] <12147> pgid:INIphpISP_
DEBUG	[2015-07-31 09:38:35:900] <12147> subpgip:203.238.3.10
DEBUG	[2015-07-31 09:38:35:900] <12147> admin:1111
DEBUG	[2015-07-31 09:38:35:900] <12147> uid:
DEBUG	[2015-07-31 09:38:35:900] <12147> goodname:∫Ì∑¢≈≥ 3¥‹ƒ⁄∆— (5+1 ¿Ã∫•∆Æ)
DEBUG	[2015-07-31 09:38:35:900] <12147> currency:WON
DEBUG	[2015-07-31 09:38:35:900] <12147> mid:nsalecokr0
DEBUG	[2015-07-31 09:38:35:900] <12147> rn:MjAxNTA3MzEwOTM3Mzg1ODE5NTA1OA==

DEBUG	[2015-07-31 09:38:35:900] <12147> price:17300
DEBUG	[2015-07-31 09:38:35:900] <12147> enctype:
DEBUG	[2015-07-31 09:38:35:900] <12147> buyername:»≤µµ«ˆ
DEBUG	[2015-07-31 09:38:35:900] <12147> buyertel:010-6698-4178
DEBUG	[2015-07-31 09:38:35:900] <12147> buyeremail:nia5163@naver.com
DEBUG	[2015-07-31 09:38:35:900] <12147> paymethod:VCard
DEBUG	[2015-07-31 09:38:35:900] <12147> encrypted:Version=4.1&PayMethod=VCard&RsaKeyNum=1&EncryptionAlgorithm=NONE&SignAlgorithm=SHA1WithRSAEncryption&CertVer=39&moid=2015073109211860&ver_trace=main(6095,6058)vcard(6091)card(6138,6122)n(6008)Cs(6025)Dt(6002)Pa(6002)Cf(6024)Fv(0000)La(6155)Re(6105)Vr(6006)P(6033)en(6052)&pg1=203.238.37.3&pg2=211.219.96.180&pg1ip=203.238.37.3&pg2ip=211.219.96.180&agreeflag=1111&rn=3/jEtW4vAE1dxBiP2vMTRJGVnOtxnBLb6FoiMbSCizo=
&VCode=040204040090431&VQuota=00&VNoint=0&ip=10.51.13.184&mac=24F5AAAE4356&cardpoint=9&custemail=nia5163@naver.com&price=4uDsrkVGcEkjjm3e9sgrB7OBpLxSv2re
&below1000=0&encisp=0&pgnoint=0&VKBPoint=&VSessionKey=ood9ELuwm%2fjSZ%2fwieBgyCmqT4LqKiFKxDgLMQY9kBt6RV%2bbizXLOYAJDPWv920am%0aJnj%2bdTmiA3aNCUQwh0U7AATiVshRsTUFQxYYRgvK4pKNZmTc%2b9RwMPvtL77kB8fQ%0aecC9XMfY5M0QM38lNI3Df5pLQrdnneiKU5n8gh%2fr0jA%3d%0a&Data=Version%3d1.0%26KeyFlag%3d1%26KeyNum%3d1%26EncryptAlgorithm%3dSEED%2dCBC%26SignAlgorithm%3d%26Data%3dDeTlPL7IpvnANdV9kVOMV7Y38w7X2J46XasgouEGl6cjUwaeOvvlD42ITd63CicV%250ayxr6NKdRwMQ5X90cUgJo3riNb46XNgKkM%2f0CACZfwJjp%252bb5as2rjBuI2XAQkkuDO%250am58b2boaYwN%252bBBPB71Wbo95%252bJoCB7nO666XAz%2fsdM%2fvd0vETlYvUQoH8JOy50ckw%250aIBlk2B%2fgRdfGGRm8%252bGagpmqR%2fKy7gVbRnd%252byT68Oh%252bdn6e6xFpp929pJK8Ywi7%252by%250aP37Tmm3aydqXSYZxG9D4O08l9hMXPLD6FziT0SQDTQJo6YMxLjFLkxX7AkZHTooE%250aP688d6JwMZ35YMwvsv9wbNs6%2fqhi9333aDO62KYEUmHGLy2VWMQ28IuHaH1PvPUU%250aXml%252bbAgu0QZcDfULhEeux%252b6ARRspL75%2fnmAZCbFA3DDcX24VWRyHRH2H%252bOHiUuzs%250ac5pIZYi1s6gfSFg7wENJmO7gB56dQ1sGDet1mRblorPBuUpPHhXnq7MX%252bkldlkPY%250aXZQ5fuTs9x1li11bSkJHhB7NUVscXvhLpS1YB0G%252bVPkxTF1WmCW1EKjHgFY6Vvz0%250apM7SUS0Mb%2fCwk1t4JHffP6MNAxMqdvNzYq4mce0zDZ5uvGzOf3x4IlKlgWRzpleY%250aMjvRSGpykt6L1Vy9asqrmXiDQjLxHToHNylV5TlMadmFJwN6BO%2fc5jXAxQtlP3wC%250apVOONRN5JX5ynyM7I8O%252b4ntiMqK%252b38yDr4OnADi2hdcrAsT3Nm5IV%252bRtn4nxrceI%250aBmgLKvlRqdYpziGvlKdZHWFodK2tTRqTd3Pzywu%2f923yOr4EyVOiy%2f6U8sHEHJuL%250aNozqAJSoSBP1e981WabfAtMafmVCXlX%2f5MlOkMNxGT8%253d%250a%26PubCert%3d&ts=150731093830WwyEohPXqh7dWC4l9dpncw009019&src_flg=0&OSv=IE10_Win7 6.01.7601 SP1 Professional (CDN) (notray:J) [nsalecokr0] (61_secuni_npapi)&ip2=210.99.156.241
DEBUG	[2015-07-31 09:38:35:900] <12147> sessionkey:VCard
DEBUG	[2015-07-31 09:38:35:900] <12147> url:http://nsale.co.kr
DEBUG	[2015-07-31 09:38:35:900] <12147> cardcode:06
DEBUG	[2015-07-31 09:38:35:900] <12147> parentemail:
DEBUG	[2015-07-31 09:38:35:900] <12147> recvname:»≤µµ«ˆ
DEBUG	[2015-07-31 09:38:35:900] <12147> recvtel:010-6698-4178
DEBUG	[2015-07-31 09:38:35:900] <12147> recvaddr:∞≠ø¯ ¿Œ¡¶±∫ ∫œ∏È ø¯≈Î∏Æ ªÁº≠«‘ 100-3»£ ¡§∫∏≈ÎΩ≈¥Î¥Î ∫ª∫Œ¡ﬂ¥Î 
DEBUG	[2015-07-31 09:38:35:900] <12147> recvpostnum:24620
DEBUG	[2015-07-31 09:38:35:900] <12147> recvmsg:
DEBUG	[2015-07-31 09:38:35:900] <12147> joincard:
DEBUG	[2015-07-31 09:38:35:900] <12147> joinexpire:
DEBUG	[2015-07-31 09:38:35:900] <12147> id_customer:
INFO	[2015-07-31 09:38:35:900] <12147> Check Field OK
INFO	[2015-07-31 09:38:35:900] <12147> Make TID OK INIphpISP_nsalecokr020150731093835001473
INFO	[2015-07-31 09:38:35:900] <12147> PI PUB KEY LOAD OK [39]
INFO	[2015-07-31 09:38:35:900] <12147> PG PUB KEY LOAD OK [30]
INFO	[2015-07-31 09:38:35:900] <12147> MERCHANT PRIV KEY LOAD OK
INFO	[2015-07-31 09:38:35:900] <12147> MERCHANT PUB KEY LOAD OK [0]
INFO	[2015-07-31 09:38:35:901] <12147> MAKE BODY OK
INFO	[2015-07-31 09:38:35:902] <12147> SIGN OK
INFO	[2015-07-31 09:38:35:902] <12147> MAKE HEAD OK
INFO	[2015-07-31 09:38:35:902] <12147> MSG_TO_PG:[0408500175R SHA1                   0                  39                  300200nsalecokr0               17300INIphpISP_nsalecokr020150731093835001473<?xml version="1.0" encoding="UTF-8"?>
<INIpay>
	  <GoodsInfo>
	    <GoodsCnt>1</GoodsCnt>
	    <MOID/>
	    <Currency>WON</Currency>
	    <Tax/>
	    <TaxFree/>
	    <Goods>
	      <SMID>nsalecokr0</SMID>
	      <GoodsName urlencode="1">%BA%ED%B7%A2%C5%B3+3%B4%DC%C4%DA%C6%D1+%285%2B1+%C0%CC%BA%A5%C6%AE%29</GoodsName>
	      <GoodsPrice>17300</GoodsPrice></Goods></GoodsInfo>
	  <BuyerInfo>
	    <BuyerName urlencode="1">%C8%B2%B5%B5%C7%F6</BuyerName>
	    <BuyerTel>010-6698-4178</BuyerTel>
	    <BuyerEmail urlencode="1">nia5163%40naver.com</BuyerEmail>
	    <ParentEmail/>
	    <RecvName urlencode="1">%C8%B2%B5%B5%C7%F6</RecvName>
	    <RecvTel urlencode="1">010-6698-4178</RecvTel>
	    <RecvMsg/>
	    <RecvAddr urlencode="1">%B0%AD%BF%F8+%C0%CE%C1%A6%B1%BA+%BA%CF%B8%E9+%BF%F8%C5%EB%B8%AE+%BB%E7%BC%AD%C7%D4+100-3%C8%A3+%C1%A4%BA%B8%C5%EB%BD%C5%B4%EB%B4%EB+%BA%BB%BA%CE%C1%DF%B4%EB+</RecvAddr>
	    <RecvPostNum urlencode="1">24620</RecvPostNum></BuyerInfo>
	  <PaymentInfo>
	    <Payment>
	      <PayMethod>VCard</PayMethod>
	      <JoinCard/>
	      <JoinExpire/>
	      <MailOrder/>
	      <SessionKey>VCard</SessionKey>
	      <Encrypted urlencode="1">Version%3D4.1%26PayMethod%3DVCard%26RsaKeyNum%3D1%26EncryptionAlgorithm%3DNONE%26SignAlgorithm%3DSHA1WithRSAEncryption%26CertVer%3D39%26moid%3D2015073109211860%26ver_trace%3Dmain%286095%2C6058%29vcard%286091%29card%286138%2C6122%29n%286008%29Cs%286025%29Dt%286002%29Pa%286002%29Cf%286024%29Fv%280000%29La%286155%29Re%286105%29Vr%286006%29P%286033%29en%286052%29%26pg1%3D203.238.37.3%26pg2%3D211.219.96.180%26pg1ip%3D203.238.37.3%26pg2ip%3D211.219.96.180%26agreeflag%3D1111%26rn%3D3%2FjEtW4vAE1dxBiP2vMTRJGVnOtxnBLb6FoiMbSCizo%3D%0D%0A%26VCode%3D040204040090431%26VQuota%3D00%26VNoint%3D0%26ip%3D10.51.13.184%26mac%3D24F5AAAE4356%26cardpoint%3D9%26custemail%3Dnia5163%40naver.com%26price%3D4uDsrkVGcEkjjm3e9sgrB7OBpLxSv2re%0D%0A%26below1000%3D0%26encisp%3D0%26pgnoint%3D0%26VKBPoint%3D%26VSessionKey%3Dood9ELuwm%252fjSZ%252fwieBgyCmqT4LqKiFKxDgLMQY9kBt6RV%252bbizXLOYAJDPWv920am%250aJnj%252bdTmiA3aNCUQwh0U7AATiVshRsTUFQxYYRgvK4pKNZmTc%252b9RwMPvtL77kB8fQ%250aecC9XMfY5M0QM38lNI3Df5pLQrdnneiKU5n8gh%252fr0jA%253d%250a%26Data%3DVersion%253d1.0%2526KeyFlag%253d1%2526KeyNum%253d1%2526EncryptAlgorithm%253dSEED%252dCBC%2526SignAlgorithm%253d%2526Data%253dDeTlPL7IpvnANdV9kVOMV7Y38w7X2J46XasgouEGl6cjUwaeOvvlD42ITd63CicV%25250ayxr6NKdRwMQ5X90cUgJo3riNb46XNgKkM%252f0CACZfwJjp%25252bb5as2rjBuI2XAQkkuDO%25250am58b2boaYwN%25252bBBPB71Wbo95%25252bJoCB7nO666XAz%252fsdM%252fvd0vETlYvUQoH8JOy50ckw%25250aIBlk2B%252fgRdfGGRm8%25252bGagpmqR%252fKy7gVbRnd%25252byT68Oh%25252bdn6e6xFpp929pJK8Ywi7%25252by%25250aP37Tmm3aydqXSYZxG9D4O08l9hMXPLD6FziT0SQDTQJo6YMxLjFLkxX7AkZHTooE%25250aP688d6JwMZ35YMwvsv9wbNs6%252fqhi9333aDO62KYEUmHGLy2VWMQ28IuHaH1PvPUU%25250aXml%25252bbAgu0QZcDfULhEeux%25252b6ARRspL75%252fnmAZCbFA3DDcX24VWRyHRH2H%25252bOHiUuzs%25250ac5pIZYi1s6gfSFg7wENJmO7gB56dQ1sGDet1mRblorPBuUpPHhXnq7MX%25252bkldlkPY%25250aXZQ5fuTs9x1li11bSkJHhB7NUVscXvhLpS1YB0G%25252bVPkxTF1WmCW1EKjHgFY6Vvz0%25250apM7SUS0Mb%252fCwk1t4JHffP6MNAxMqdvNzYq4mce0zDZ5uvGzOf3x4IlKlgWRzpleY%25250aMjvRSGpykt6L1Vy9asqrmXiDQjLxHToHNylV5TlMadmFJwN6BO%252fc5jXAxQtlP3wC%25250apVOONRN5JX5ynyM7I8O%25252b4ntiMqK%25252b38yDr4OnADi2hdcrAsT3Nm5IV%25252bRtn4nxrceI%25250aBmgLKvlRqdYpziGvlKdZHWFodK2tTRqTd3Pzywu%252f923yOr4EyVOiy%252f6U8sHEHJuL%25250aNozqAJSoSBP1e981WabfAtMafmVCXlX%252f5MlOkMNxGT8%25253d%25250a%2526PubCert%253d%26ts%3D150731093830WwyEohPXqh7dWC4l9dpncw009019%26src_flg%3D0%26OSv%3DIE10_Win7+6.01.7601+SP1+Professional+%28CDN%29+%28notray%3AJ%29+%5Bnsalecokr0%5D+%2861_secuni_npapi%29%26ip2%3D210.99.156.241</Encrypted></Payment></PaymentInfo>
	  <ReservedInfo>
	    <MReserved1/>
	    <MReserved2/>
	    <MReserved3/></ReservedInfo>
	  <ManageInfo>
	    <Language/>
	    <URL urlencode="1">http%3A%2F%2Fnsale.co.kr</URL>
	    <TXVersion>5036B141209securLinux     PHPchkfake   3.14.44-32.39.amzn1.x86_64PHP:</TXVersion>
	    <TXUserID/>
	    <TXRegNum/>
	    <Ack>1</Ack>
	    <TXRN>MjAxNTA3MzEwOTM3Mzg1ODE5NTA1OA==
</TXRN></ManageInfo></INIpay>AOBV+i4paCZHAIxuT1HzvmfWRHtzOEQ723KsIc1jCBTA/PWRCagd7zys9vkfCXT3
gqoj0ixbyoNRKiPqAJ5HxSYE9iiA8wYyFmf84yO4ynkm2j+sn/2br49RW7GQX09U
v3/7vyhkFY94jM66JRaxlUFhFGolQRobl3UjSd8osWDG
]
INFO	[2015-07-31 09:38:35:902] <12147> DNS LOOKUP OK(203.238.37.3:203.238.37.3:34049) laptime:0
INFO	[2015-07-31 09:38:35:990] <12147> SOCKET CONNECT OK
INFO	[2015-07-31 09:38:35:990] <12147> SEND OK
INFO	[2015-07-31 09:38:37:143] <12147> RECV OK
INFO	[2015-07-31 09:38:37:143] <12147> MSG_FROM_PG:[0282900175D SHA1                   0                  39                  300210nsalecokr0               17300INIphpISP_nsalecokr020150731093835001473<?xml version="1.0" encoding="UTF-8"?>
<INIpay>
  <GoodsInfo>
    <GoodsCnt>1</GoodsCnt>
    <MOID urlencode="1">2015073109211860</MOID>
    <Currency>WON</Currency>
    <Goods no="1">
      <SMID>nsalecokr0</SMID>
      <GoodsName urlencode="1">%BA%ED%B7%A2%C5%B3+3%B4%DC%C4%DA%C6%D1+%285%2B1+%C0%CC%BA%A5%C6%AE%29</GoodsName>
      <GoodsCntS>1</GoodsCntS>
      <GoodsPrice>17300</GoodsPrice>
    </Goods>
  </GoodsInfo>
  <PaymentInfo>
    <Payment>
      <SessionKey>AGxNGJx4J8rumOSUKZoXjXjUeyl+EydFc1d+MYXc9+p532fjyKh8Yysro4im2geq
xRpdUrWcWjyvPQ0NUIwA1HAGguI3gT5ijg/ajPfQuVFzDoNZ15Qqp8GA8hUSepTi
WyYegqLZvrVhkj4UK95PchftgKC/3JzINhHf8R35pz+4Hzxjr9Y+wBI=
</SessionKey>
      <Encrypted>Ca4wbLCPqWdgPPPyTorJckdaUBmcc1ZaohsIG7O0efdPMliGb/rYPlEfbVDRGcYs
hhN6YKkAVJ0+XypeKHqeBIE5+g/uStXM+JdNZW0pYILI/aBbw5yzgsPiqZ8PSQC9
49enfm0NbJE3217DY+2H51o2G1q7xhfTjmLOnvs9w71R4/K+lB1SsG6g/B6Cwowp
6vIJJr7eAo84JCzdK4Fyi1X1cDi0mBesj8ZrlOtV9XB3mK4a9QBDL2juKXlIP20i
Hgfd9io7gKUl41biFRciHgzKPOZIgpG+Di8BwoF6CrulTTLNFRFClgmdCewAI+T2
xRWT+hwMs6FCS0Gg+WcoKQHg65WXEK3kcoEiIfktayVA+OtNR9S0+Etdyimc+eGf
7RkPlh1dq6mGuMLLEl6X08IGOmqR3+Q/ZtIxkgsgGgwXEdY1CMEbRoNfpMg/fBeM
/KgCYn2WLMhf5bpBedNkMHbDOOmSaFDgOWlTdKaD2KEXH/CyljIMQ4xxxgO1/RZE
83U8rmT6H768iwFMfv0F0CwFThINqx0K1pjDshp9q/oXEv8FQmyHgCI5LBqv7LKJ
ALgj0UjRYMt/U4eH5QOdCO5mQJmyWasIhp9jNznxj72KpzNKQ3V7hwc0sBLhPKVt
JaxtPGgVtdEUIn5SZMdP5miFx0Jzi7EHSt3XiUJJjGz8afoAsDOSJ9KtXNrNBgRM
4sDvNy/QFU94TPahSRYy4M6XrM4lNFFEDNBUnlCM+rRMn5+r8Mr4HrAlwJ4STZGD
WS2WOfSrXE+njIAZFsqbDN8dZ3x7j91Ov7GG2VNpuTQKB+AS5Hc8Gx7tPl+fluZU
dNOUT/rHKo0PzftRWvGcsyjk8dQSEYKYicl0sBtKBshiUIhlM2OsFzDEDRFuHyuy
RQCFnYUBJQBwY34UgGOd6M9tQqMQtObr6QSHZKTeevEzwwozeJeNWD2fM9cj2vn7
3ERDNKJVz4mpid4S6TgT7MMMmnDqn+jrAWHlXxLanQCIQbePgNElrtsc7QXfPD3l
zhnD+1+veCT2DeYojfmwL75l2qLuTO2PlMn17CUpdyfBItAK+Bn1mpFgX3UH2XYk
GRPrcjyJS9htYN18+eNArRV8UR9W5WIKIH8awNNRmq2yuNNhTGbr0SgaYD3Whc3E
E0TC7BU0ZxkEoGQiQrq8G3fycYOFauWqeKI2nnsqLb4g+pf0nL26WoBq48Jhwxj7
F3xKWo4/YFSt7TLVamR55R7yMHu58VGX0nvBPGadHTscZxN8cCbsIfh+1OoxEn3q
LavkMkapWeYw+SYtInfS1BQP7s5V70ISVqxGFyiZpOu6aWadlNZKwCpGtdFJQyLl
dHU6U2PKX71MBYUytup3QuTmdSZTzhg7edPNMolZDfkx1BlX1fXOj5OhxKNr4ze5
hEyvi6A9g4QJxHXFieV217uZjObaG0vnCEZYqUfpV3N+jgEHBnpeQw==
</Encrypted>
      <PayMethod>VCard</PayMethod>
      <ResultCode>170000</ResultCode>
      <ResultMsg urlencode="1">%C1%A4%BB%F3%BF%CF%B7%E1</ResultMsg>
    </Payment>
  </PaymentInfo>
  <ManageInfo>
    <EventCode></EventCode>
    <OrgCurrency></OrgCurrency>
    <ExchangeRate></ExchangeRate>
    <OrgPrice></OrgPrice>
  </ManageInfo>
  <ReservedInfo>
    <MReserved1 urlencode="1"></MReserved1>
    <MReserved2 urlencode="1"></MReserved2>
    <MReserved3 urlencode="1"></MReserved3>
    <PGReserved1 urlencode="1"></PGReserved1>
    <PGReserved2 urlencode="1"></PGReserved2>
    <PGReserved3 urlencode="1"></PGReserved3>
  </ReservedInfo>
</INIpay>
nh1qPGhimb3mPVXayJ3QoNd2CUoXCRz4eKRHAt6RKBITH59VNbi0V7KXqoMTKt4u
mfn+KEluhcNTulwU1Dh0awPSoQEAIB21BSWKnTySTsAI9lwHsT9GdAIFtiY7jivq
jUTmnjqdtecV8J4xct/80H2XUVcpobbjCewOoTgMsWE=
]
INFO	[2015-07-31 09:38:37:143] <12147> VERIFY OK
INFO	[2015-07-31 09:38:37:143] <12147> PARSE HEAD OK
INFO	[2015-07-31 09:38:37:144] <12147> PARSE BODY OK
INFO	[2015-07-31 09:38:37:145] <12147> DECRYPT OK
DEBUG	[2015-07-31 09:38:37:145] <12147> DECRYPT MSG:[<?xml version="1.0" encoding="UTF-8"?>
<PaymentInfo>
  <Payment>
    <EASYPAY/>
    <VCard>
      <ISP_ApplPrice>17300</ISP_ApplPrice>
      <ISP_BankCode>04</ISP_BankCode>
      <ISP_Quota>00</ISP_Quota>
      <ISP_Interest>0</ISP_Interest>
      <ISP_CardCode>06</ISP_CardCode>
      <ISP_CardNum>43329001****</ISP_CardNum>
      <ISP_Point></ISP_Point>
      <ISP_ApplDate>20150731</ISP_ApplDate>
      <ISP_ApplTime>093836</ISP_ApplTime>
      <ISP_ApplNum>30047111</ISP_ApplNum>
      <ISP_TerminalNum>0198732000</ISP_TerminalNum>
      <ISP_MemberNum></ISP_MemberNum>
      <ISP_PurchaseCode></ISP_PurchaseCode>
      <ISP_ResultCode>170000</ISP_ResultCode>
      <ISP_ResultMsg urlencode="1">%C1%A4%BB%F3%BF%CF%B7%E1</ISP_ResultMsg>
      <ISP_PrtcCode>1</ISP_PrtcCode>
      <ISP_Quota_Point>00</ISP_Quota_Point>
      <ISP_CheckFlag>0</ISP_CheckFlag>
      <ISP_PurchaseName urlencode="1"></ISP_PurchaseName>
      <ISP_IssuerName urlencode="1"></ISP_IssuerName>
      <ISP_UsePoint></ISP_UsePoint>
      <ISP_CouponOnlyMer></ISP_CouponOnlyMer>
    </VCard>
  </Payment>
</PaymentInfo>]
INFO	[2015-07-31 09:38:37:146] <12147> DECRYPT PARSE OK
INFO	[2015-07-31 09:38:37:146] <12147> WAIT ACK INVOKING
DEBUG	[2015-07-31 09:38:37:146] <12147> MAKE HEAD OK
INFO	[2015-07-31 09:38:37:234] <12147> SUCCESS ACK INVOKING
INFO	[2015-07-31 09:38:37:235] <12147> END securepay ¡§ªÛøœ∑· Laptime:[1.335sec]
INFO	[2015-07-31 09:38:37:235] <12147> ===============================================================
