INFO	[2015-10-10 11:24:29:156] <7208> START INIPHP chkfake (V5036-141209)(OS:Linux3.14.44-32.39.amzn1.x86_64,PHP:5.3.29)
DEBUG	[2015-10-10 11:24:29:156] <7208> inipayhome:/var/www/html/nsale/shop/inicis
DEBUG	[2015-10-10 11:24:29:156] <7208> debug:false
DEBUG	[2015-10-10 11:24:29:156] <7208> type:chkfake
DEBUG	[2015-10-10 11:24:29:156] <7208> enctype:asym
DEBUG	[2015-10-10 11:24:29:156] <7208> admin:1111
DEBUG	[2015-10-10 11:24:29:156] <7208> checkopt:false
DEBUG	[2015-10-10 11:24:29:156] <7208> mid:nsalecokr0
DEBUG	[2015-10-10 11:24:29:156] <7208> price:22600
DEBUG	[2015-10-10 11:24:29:156] <7208> nointerest:no
DEBUG	[2015-10-10 11:24:29:156] <7208> quotabase:선택:일시불:2개월:3개월:4개월:5개월:6개월:7개월:8개월:9개월:10개월:11개월:12개월
INFO	[2015-10-10 11:24:29:156] <7208> Check Field OK
INFO	[2015-10-10 11:24:29:156] <7208> MERCHANT PRIV KEY LOAD OK
INFO	[2015-10-10 11:24:29:156] <7208> MERCHANT PUB KEY LOAD OK []
INFO	[2015-10-10 11:24:29:157] <7208> CHKFAKE KEY MAKE OK:MjAxNTEwMTAxMTI0MjkxNTY4NjkzMw==

INFO	[2015-10-10 11:24:29:157] <7208> END chkfake  Laptime:[0.001sec]
INFO	[2015-10-10 11:24:29:157] <7208> ===============================================================
INFO	[2015-10-10 11:25:08:233] <30367> START INIPHP securepay (V5036-141209)(OS:Linux3.14.44-32.39.amzn1.x86_64,PHP:5.3.29)
DEBUG	[2015-10-10 11:25:08:233] <30367> inipayhome:/var/www/html/nsale/shop/inicis
DEBUG	[2015-10-10 11:25:08:233] <30367> debug:false
DEBUG	[2015-10-10 11:25:08:233] <30367> type:securepay
DEBUG	[2015-10-10 11:25:08:233] <30367> pgid:INIphpISP_
DEBUG	[2015-10-10 11:25:08:233] <30367> subpgip:203.238.3.10
DEBUG	[2015-10-10 11:25:08:233] <30367> admin:1111
DEBUG	[2015-10-10 11:25:08:233] <30367> uid:
DEBUG	[2015-10-10 11:25:08:233] <30367> goodname:기본레깅스 4컬러
DEBUG	[2015-10-10 11:25:08:233] <30367> currency:WON
DEBUG	[2015-10-10 11:25:08:233] <30367> mid:nsalecokr0
DEBUG	[2015-10-10 11:25:08:233] <30367> rn:MjAxNTEwMTAxMTI0MjkxNTY4NjkzMw==

DEBUG	[2015-10-10 11:25:08:233] <30367> price:22600
DEBUG	[2015-10-10 11:25:08:233] <30367> enctype:
DEBUG	[2015-10-10 11:25:08:233] <30367> buyername:정현선
DEBUG	[2015-10-10 11:25:08:233] <30367> buyertel:01089198591
DEBUG	[2015-10-10 11:25:08:233] <30367> buyeremail:3921jhs@naver.com
DEBUG	[2015-10-10 11:25:08:233] <30367> paymethod:VCard
DEBUG	[2015-10-10 11:25:08:233] <30367> encrypted:Version=4.1&PayMethod=VCard&RsaKeyNum=1&EncryptionAlgorithm=NONE&SignAlgorithm=SHA1WithRSAEncryption&CertVer=39&moid=2015101011232161&ver_trace=main(6097,6059)vcard(6093)card(6141,6123)n(6009)Cs(6025)Dt(6002)Pa(6002)Cf(6024)Fv(0000)La(6156)Re(6106)Vr(6007)P(6034)en(6055)&pg1=203.238.37.3&pg2=211.219.96.180&pg1ip=203.238.37.3&pg2ip=211.219.96.180&agreeflag=1111&rn=3/jEtW4vBAld6hyA2PMXR5GFkKJwjA7a6GQIera0izo=
&VCode=040204040012351&VQuota=00&VNoint=0&ip=192.168.25.51&mac=8C89A5FEA1E2&cardpoint=9&custemail=3921jhs@naver.com&price=4uDsrkVGc0wmjm3e9sgrB7OBpLxSv2re
&below1000=0&encisp=0&pgnoint=0&VKBPoint=&VSessionKey=POSZc97N97gigNdE%2fi0Swywp1F%2bfLtKkhDLHhPNms7b4%2fSH%2fTr7Rn66EpDm3Nl%2b4%0d%0akqlOjECOxw0IQMYnjrrjsYP8snLO5yOO65d05IvJEaFaD9Kbln9VGtpoxaaP0K9K%0d%0a7mmep%2blIZeJbtkMH6y5ZafL35rmQMVAl7Wvv9JKAJoY%3d%0d%0a&Data=Version%3d1.0%26KeyFlag%3d1%26KeyNum%3d1%26EncryptAlgorithm%3dSEED%2dCBC%26SignAlgorithm%3d%26Data%3dnQK6r8U%252bjQiWWum4QP%2fvfwPLk9q7aoJChImHfu1JiKz1q1cITbwVsv3BK5pG6IQf%250ae6nUdeebj2OGyDXqbcibbRaewZdhtQlgBk6Y7ikHWb%2fzAwGcS29NCdPBslMVEgQN%250aCRZUlmRTySyHHozlvclGbtN1iAep%252bRHk66e%2f5z1BYhxmdFGQvDNBhJ9XGaT7Zai5%250a58R8%252blTx8Ytk3c6WeAKxt43amIoEzNX%252bn2vQzlp8nKMmzvg4nDZQvcTZvXFKsYMk%250awf1oYXXAJpTgDPSaLtUo7O6Ia3VlJaMxoAZubYgjHzeB7APIBJBMcK4kpKNG%2fM1f%250an0H20RmG61R5jvzXTDMXMA4AuWsw%252bjA9NjLstJDeKLI8IDtQrSsm4YNt2q1OhpKP%250aEAtUevdIzZgDBY%252b%252bLAhV4Ll17uefLxosteu8k51yh9MiXhh2O1DfpQo0qI3GRCNX%250au7xtm2vEnTE%2fCEPuZpJsNPtmna391qYtL05T%2fofs8U5sveOK%252b3fcQwstpLkqvp%252b1%250aPDjIVmzHimwpdjc7OMtFphwk45zecqsmuxX%2f9vxOuZlLvwHVh28BVVRR6OgBlPzX%250a6wdo4RwkHnmAd57g3jqPDFmm9hlU%252bIJho63F%2foGcyuv6dsYPZwNcG7FTZnBKGgWR%250anOfw1cdlYj7J81c9XfE9WAo3Cwov1QY6JweOWBfjMYcC0NpTcOP0P1%2fU4%252bQmZ8ND%250a1NQeyW1E98yuyzM28ryK1yBu5zto0RhbmrfzMH5iFHQwigBdDvUAVDXT%2fhiyoAdS%250a3zsmpVlFyasW015Cy%252bLR5shB0b1JrlA%252bCDbBBa4212gNh1mgjzGgC%2fuM0nqTjhKv%250auP4uIYQQsWHoCtKpujVbk6H20qOUeGThx%252bY5c3DMRqs%253d%250a%26PubCert%3d&ts=1510101125153kxe3bGlPeXh2YIC1J5yWQ008145&src_flg=0&OSv=IE9_Win7 6.01.7601 SP1 Home Edition_64B (CDN) (notray:J) [nsalecokr0] (61_secuni_npapi)&ip2=175.116.65.212
DEBUG	[2015-10-10 11:25:08:233] <30367> sessionkey:VCard
DEBUG	[2015-10-10 11:25:08:233] <30367> url:http://www.nsale.co.kr
DEBUG	[2015-10-10 11:25:08:233] <30367> cardcode:06
DEBUG	[2015-10-10 11:25:08:233] <30367> parentemail:
DEBUG	[2015-10-10 11:25:08:233] <30367> recvname:정현선
DEBUG	[2015-10-10 11:25:08:233] <30367> recvtel:01089198591
DEBUG	[2015-10-10 11:25:08:233] <30367> recvaddr:경기 군포시 송부로291번길 29 210동 104호
DEBUG	[2015-10-10 11:25:08:233] <30367> recvpostnum:15880
DEBUG	[2015-10-10 11:25:08:233] <30367> recvmsg:
DEBUG	[2015-10-10 11:25:08:233] <30367> joincard:
DEBUG	[2015-10-10 11:25:08:233] <30367> joinexpire:
DEBUG	[2015-10-10 11:25:08:233] <30367> id_customer:
INFO	[2015-10-10 11:25:08:233] <30367> Check Field OK
INFO	[2015-10-10 11:25:08:233] <30367> Make TID OK INIphpISP_nsalecokr020151010112508337833
INFO	[2015-10-10 11:25:08:233] <30367> PI PUB KEY LOAD OK [39]
INFO	[2015-10-10 11:25:08:233] <30367> PG PUB KEY LOAD OK [30]
INFO	[2015-10-10 11:25:08:233] <30367> MERCHANT PRIV KEY LOAD OK
INFO	[2015-10-10 11:25:08:234] <30367> MERCHANT PUB KEY LOAD OK [0]
INFO	[2015-10-10 11:25:08:234] <30367> MAKE BODY OK
INFO	[2015-10-10 11:25:08:235] <30367> SIGN OK
INFO	[2015-10-10 11:25:08:235] <30367> MAKE HEAD OK
INFO	[2015-10-10 11:25:08:235] <30367> MSG_TO_PG:[0400000175R SHA1                   0                  39                  300200nsalecokr0               22600INIphpISP_nsalecokr020151010112508337833<?xml version="1.0" encoding="UTF-8"?>
<INIpay>
	  <GoodsInfo>
	    <GoodsCnt>1</GoodsCnt>
	    <MOID/>
	    <Currency>WON</Currency>
	    <Tax/>
	    <TaxFree/>
	    <Goods>
	      <SMID>nsalecokr0</SMID>
	      <GoodsName urlencode="1">%B1%E2%BA%BB%B7%B9%B1%EB%BD%BA+4%C4%C3%B7%AF</GoodsName>
	      <GoodsPrice>22600</GoodsPrice></Goods></GoodsInfo>
	  <BuyerInfo>
	    <BuyerName urlencode="1">%C1%A4%C7%F6%BC%B1</BuyerName>
	    <BuyerTel>01089198591</BuyerTel>
	    <BuyerEmail urlencode="1">3921jhs%40naver.com</BuyerEmail>
	    <ParentEmail/>
	    <RecvName urlencode="1">%C1%A4%C7%F6%BC%B1</RecvName>
	    <RecvTel urlencode="1">01089198591</RecvTel>
	    <RecvMsg/>
	    <RecvAddr urlencode="1">%B0%E6%B1%E2+%B1%BA%C6%F7%BD%C3+%BC%DB%BA%CE%B7%CE291%B9%F8%B1%E6+29+210%B5%BF+104%C8%A3</RecvAddr>
	    <RecvPostNum urlencode="1">15880</RecvPostNum></BuyerInfo>
	  <PaymentInfo>
	    <Payment>
	      <PayMethod>VCard</PayMethod>
	      <JoinCard/>
	      <JoinExpire/>
	      <MailOrder/>
	      <SessionKey>VCard</SessionKey>
	      <Encrypted urlencode="1">Version%3D4.1%26PayMethod%3DVCard%26RsaKeyNum%3D1%26EncryptionAlgorithm%3DNONE%26SignAlgorithm%3DSHA1WithRSAEncryption%26CertVer%3D39%26moid%3D2015101011232161%26ver_trace%3Dmain%286097%2C6059%29vcard%286093%29card%286141%2C6123%29n%286009%29Cs%286025%29Dt%286002%29Pa%286002%29Cf%286024%29Fv%280000%29La%286156%29Re%286106%29Vr%286007%29P%286034%29en%286055%29%26pg1%3D203.238.37.3%26pg2%3D211.219.96.180%26pg1ip%3D203.238.37.3%26pg2ip%3D211.219.96.180%26agreeflag%3D1111%26rn%3D3%2FjEtW4vBAld6hyA2PMXR5GFkKJwjA7a6GQIera0izo%3D%0D%0A%26VCode%3D040204040012351%26VQuota%3D00%26VNoint%3D0%26ip%3D192.168.25.51%26mac%3D8C89A5FEA1E2%26cardpoint%3D9%26custemail%3D3921jhs%40naver.com%26price%3D4uDsrkVGc0wmjm3e9sgrB7OBpLxSv2re%0D%0A%26below1000%3D0%26encisp%3D0%26pgnoint%3D0%26VKBPoint%3D%26VSessionKey%3DPOSZc97N97gigNdE%252fi0Swywp1F%252bfLtKkhDLHhPNms7b4%252fSH%252fTr7Rn66EpDm3Nl%252b4%250d%250akqlOjECOxw0IQMYnjrrjsYP8snLO5yOO65d05IvJEaFaD9Kbln9VGtpoxaaP0K9K%250d%250a7mmep%252blIZeJbtkMH6y5ZafL35rmQMVAl7Wvv9JKAJoY%253d%250d%250a%26Data%3DVersion%253d1.0%2526KeyFlag%253d1%2526KeyNum%253d1%2526EncryptAlgorithm%253dSEED%252dCBC%2526SignAlgorithm%253d%2526Data%253dnQK6r8U%25252bjQiWWum4QP%252fvfwPLk9q7aoJChImHfu1JiKz1q1cITbwVsv3BK5pG6IQf%25250ae6nUdeebj2OGyDXqbcibbRaewZdhtQlgBk6Y7ikHWb%252fzAwGcS29NCdPBslMVEgQN%25250aCRZUlmRTySyHHozlvclGbtN1iAep%25252bRHk66e%252f5z1BYhxmdFGQvDNBhJ9XGaT7Zai5%25250a58R8%25252blTx8Ytk3c6WeAKxt43amIoEzNX%25252bn2vQzlp8nKMmzvg4nDZQvcTZvXFKsYMk%25250awf1oYXXAJpTgDPSaLtUo7O6Ia3VlJaMxoAZubYgjHzeB7APIBJBMcK4kpKNG%252fM1f%25250an0H20RmG61R5jvzXTDMXMA4AuWsw%25252bjA9NjLstJDeKLI8IDtQrSsm4YNt2q1OhpKP%25250aEAtUevdIzZgDBY%25252b%25252bLAhV4Ll17uefLxosteu8k51yh9MiXhh2O1DfpQo0qI3GRCNX%25250au7xtm2vEnTE%252fCEPuZpJsNPtmna391qYtL05T%252fofs8U5sveOK%25252b3fcQwstpLkqvp%25252b1%25250aPDjIVmzHimwpdjc7OMtFphwk45zecqsmuxX%252f9vxOuZlLvwHVh28BVVRR6OgBlPzX%25250a6wdo4RwkHnmAd57g3jqPDFmm9hlU%25252bIJho63F%252foGcyuv6dsYPZwNcG7FTZnBKGgWR%25250anOfw1cdlYj7J81c9XfE9WAo3Cwov1QY6JweOWBfjMYcC0NpTcOP0P1%252fU4%25252bQmZ8ND%25250a1NQeyW1E98yuyzM28ryK1yBu5zto0RhbmrfzMH5iFHQwigBdDvUAVDXT%252fhiyoAdS%25250a3zsmpVlFyasW015Cy%25252bLR5shB0b1JrlA%25252bCDbBBa4212gNh1mgjzGgC%252fuM0nqTjhKv%25250auP4uIYQQsWHoCtKpujVbk6H20qOUeGThx%25252bY5c3DMRqs%25253d%25250a%2526PubCert%253d%26ts%3D1510101125153kxe3bGlPeXh2YIC1J5yWQ008145%26src_flg%3D0%26OSv%3DIE9_Win7+6.01.7601+SP1+Home+Edition_64B+%28CDN%29+%28notray%3AJ%29+%5Bnsalecokr0%5D+%2861_secuni_npapi%29%26ip2%3D175.116.65.212</Encrypted></Payment></PaymentInfo>
	  <ReservedInfo>
	    <MReserved1/>
	    <MReserved2/>
	    <MReserved3/></ReservedInfo>
	  <ManageInfo>
	    <Language/>
	    <URL urlencode="1">http%3A%2F%2Fwww.nsale.co.kr</URL>
	    <TXVersion>5036B141209securLinux     PHPchkfake   3.14.44-32.39.amzn1.x86_64PHP:</TXVersion>
	    <TXUserID/>
	    <TXRegNum/>
	    <Ack>1</Ack>
	    <TXRN>MjAxNTEwMTAxMTI0MjkxNTY4NjkzMw==
</TXRN></ManageInfo></INIpay>AEVABsrJ/gcG4XhonShiZ0tmRhvoVXuYAeXrk69rUMFrTRV25xprzI2MCYAwY5+v
QYJG3ehF7h6sK68/TqwycjXKHH44PTRceNAggpP87mhsvZUiqx1KV9/MPA+ZvFBB
CRggMjObZbAooMC6eoVRDFQFyuctipL7Wu6j1ZA0DNTN
]
INFO	[2015-10-10 11:25:08:235] <30367> DNS LOOKUP OK(203.238.37.3:203.238.37.3:34049) laptime:0
INFO	[2015-10-10 11:25:08:272] <30367> SOCKET CONNECT OK
INFO	[2015-10-10 11:25:08:272] <30367> SEND OK
INFO	[2015-10-10 11:25:09:187] <30367> RECV OK
INFO	[2015-10-10 11:25:09:187] <30367> MSG_FROM_PG:[0280400175D SHA1                   0                  39                  300210nsalecokr0               22600INIphpISP_nsalecokr020151010112508337833<?xml version="1.0" encoding="UTF-8"?>
<INIpay>
  <GoodsInfo>
    <GoodsCnt>1</GoodsCnt>
    <MOID urlencode="1">2015101011232161</MOID>
    <Currency>WON</Currency>
    <Goods no="1">
      <SMID>nsalecokr0</SMID>
      <GoodsName urlencode="1">%B1%E2%BA%BB%B7%B9%B1%EB%BD%BA+4%C4%C3%B7%AF</GoodsName>
      <GoodsCntS>1</GoodsCntS>
      <GoodsPrice>22600</GoodsPrice>
    </Goods>
  </GoodsInfo>
  <PaymentInfo>
    <Payment>
      <SessionKey>AF9IJLpX4sMJCfolnQv77i8pan9huoJjRROGSXc91FMf5hc1pyh9TL0MRLXYL6Jx
wR9SWdGP8BoeTgY1//WsNGOKKsJKG3q9R8SFt9U94lNUyvL65CB5xkAUKUZPwlTV
Of9w61t937GDzdrtzj0XWMo9rdlbRCmz+2p7aCd3xlk/L4Hx+kDK03c=
</SessionKey>
      <Encrypted>lWS8Tu7/lihD2mxUKO++0/a6DROcKG9B6625CZczdVeLQlSjebcOaznIQDjF+/mh
BRj6jLaxLLpuTd2SOIW+eaDeggz9WP3iWf3kJfRM27oetxJaVjVn469CRUFCCXAE
pb2X/i2SRzn3nGpTOdSlvk9h3B6U+y3OwYYy7T6110nenLsnQnN8fW4iTBd4NJ6a
HW4TKSQ1hGaZ2PsTKYVcVSgVOjXTe5Ck6vd+RXhAI8Yxa0QStobwuAxAaYE2ZluP
mfRk5Y+AtF9NU4D0DSxi7SQgojdSPoQn6t536MPjruA8RCbr1n4yhiZg25ItNuQ9
nnEq0rZBsKOU09ePFuWeZ5kif4nh/fp1TOvE3su8apv6OTmrO08BLwAY9AWLr21B
jTjll7jDf6S8l7SbClU7671pnKEQvUke+4PIKOsbHKqOziCwQPfD5BTPkdZWg2Ys
O021fM+dciShU/pMDxe5maLEBpp9EwQm7qUMa75MZmL7M1Vc7HLLZZhDOIbCkZCf
f1HMRdDUBwL3FG3/jXtJFHLRXIDbm+M30XU9Nnjf0xF+KM8qn2bYHplA6LyF3Qnh
ylheM4MCq2nEdD244zL3ekAZwf1hgxnrk1Cik70nuqHkXOe0f2k55uq0xFT/Z9XJ
6bD4hnFJ2/fe3C1lZOFQgBRbX3UI36R28h8JyOcE0Sw4SDqtGoozLemIxsBeM39C
W7hZUW4/ilknwvUBrDh4+8GDJWSH/H+dFqvmMmv/taKVDd4a4XBLKlagLaTdj8sl
2Bw/N0oeVtkzulvhZ/3VCB30jmhVdhZkSs+U1aWqljnuY1McfCvcMf4pInDTq67d
bbb4IozgzFERuaOg78gh9kK7lUeGXZRTDnCzS/veKsM4/J8ViVStRAooelDVo+oW
J36uAYNO4ufVT0hw/OsDSiLQ+Px31bD0NQF1owijtbXv02/ZTrNp9yvJQCLbEqYM
F7kOUMfNYm5vgcnslY1v2FZtnOaMqVs8ihLjyhsoah+d/NEBG3q23QaLOOA58Jt9
v6fr0wqqgPMVIW0CE7CyMApejVLTb6hoz57r1B2xDt8P1ParxLZ6JhfcsQ5jXNkL
KW58W0vhhPAvGTpCLfr0eyS5OfFmszv+kOp6QwhLeUkLFc2hIh5e02DqPdScAaxg
PkM1QHaTFfx3xB5gsAtxK0IBwkh0nDKSa3l7L1b00J5hBRiTbGoPR8E4sq84Pgbk
0xK3PpYwZfEFUqIG/LrT44jc5wLakzX8DWvu73svxtWo1NtLDRkxs123OftlDofe
D0IuzF/gRkO/KFWRjEdZvENiKOJ7Eugb9JYAWx3gpwJeypCJzUY5W5uY48a7UE3N
eSyTC3TsPbnn19WqMO4zH+z/xwSTdLCcaN2gU1rB0thUu2mugPxW23MksLTcB8dl
5FZJI6nCBQ+51y9DzJ6DtWZ7HSXBuV7F6KM/mP5urwH8Yuxs6pPv7A==
</Encrypted>
      <PayMethod>VCard</PayMethod>
      <ResultCode>170000</ResultCode>
      <ResultMsg urlencode="1">%C1%A4%BB%F3%BF%CF%B7%E1</ResultMsg>
    </Payment>
  </PaymentInfo>
  <ManageInfo>
    <EventCode></EventCode>
    <OrgCurrency></OrgCurrency>
    <ExchangeRate></ExchangeRate>
    <OrgPrice></OrgPrice>
  </ManageInfo>
  <ReservedInfo>
    <MReserved1 urlencode="1"></MReserved1>
    <MReserved2 urlencode="1"></MReserved2>
    <MReserved3 urlencode="1"></MReserved3>
    <PGReserved1 urlencode="1"></PGReserved1>
    <PGReserved2 urlencode="1"></PGReserved2>
    <PGReserved3 urlencode="1"></PGReserved3>
  </ReservedInfo>
</INIpay>
nx7XDP9zQtmXPDE1jiwu1Y22X1fE9oD8+M1Ql08AfdzPtyDD2+FTaJtL85oJjUo7
61Grev7Fz2UWBtcTBIR7ngc07RMj546HkAyiqaGoPFSKLmqjOYTv905sFYKPVo+T
XQNgKGyPbfInKwVnitLv0L78jkaPsa7h8CiQGIPFTg8=
]
INFO	[2015-10-10 11:25:09:187] <30367> VERIFY OK
INFO	[2015-10-10 11:25:09:187] <30367> PARSE HEAD OK
INFO	[2015-10-10 11:25:09:188] <30367> PARSE BODY OK
INFO	[2015-10-10 11:25:09:189] <30367> DECRYPT OK
DEBUG	[2015-10-10 11:25:09:189] <30367> DECRYPT MSG:[<?xml version="1.0" encoding="UTF-8"?>
<PaymentInfo>
  <Payment>
    <EASYPAY/>
    <VCard>
      <ISP_ApplPrice>22600</ISP_ApplPrice>
      <ISP_BankCode>04</ISP_BankCode>
      <ISP_Quota>00</ISP_Quota>
      <ISP_Interest>0</ISP_Interest>
      <ISP_CardCode>06</ISP_CardCode>
      <ISP_CardNum>45797305****</ISP_CardNum>
      <ISP_Point></ISP_Point>
      <ISP_ApplDate>20151010</ISP_ApplDate>
      <ISP_ApplTime>112508</ISP_ApplTime>
      <ISP_ApplNum>30028713</ISP_ApplNum>
      <ISP_TerminalNum>0198732000</ISP_TerminalNum>
      <ISP_MemberNum></ISP_MemberNum>
      <ISP_PurchaseCode></ISP_PurchaseCode>
      <ISP_ResultCode>170000</ISP_ResultCode>
      <ISP_ResultMsg urlencode="1">%C1%A4%BB%F3%BF%CF%B7%E1</ISP_ResultMsg>
      <ISP_PrtcCode>1</ISP_PrtcCode>
      <ISP_Quota_Point>00</ISP_Quota_Point>
      <ISP_CheckFlag>0</ISP_CheckFlag>
      <ISP_PurchaseName urlencode="1"></ISP_PurchaseName>
      <ISP_IssuerName urlencode="1"></ISP_IssuerName>
      <ISP_UsePoint></ISP_UsePoint>
      <ISP_CouponOnlyMer></ISP_CouponOnlyMer>
    </VCard>
  </Payment>
</PaymentInfo>]
INFO	[2015-10-10 11:25:09:190] <30367> DECRYPT PARSE OK
INFO	[2015-10-10 11:25:09:190] <30367> WAIT ACK INVOKING
DEBUG	[2015-10-10 11:25:09:190] <30367> MAKE HEAD OK
INFO	[2015-10-10 11:25:09:227] <30367> SUCCESS ACK INVOKING
INFO	[2015-10-10 11:25:09:227] <30367> END securepay 정상완료 Laptime:[0.995sec]
INFO	[2015-10-10 11:25:09:227] <30367> ===============================================================
INFO	[2015-10-10 11:51:12:613] <5753> START INIPHP chkfake (V5036-141209)(OS:Linux3.14.44-32.39.amzn1.x86_64,PHP:5.3.29)
DEBUG	[2015-10-10 11:51:12:613] <5753> inipayhome:/var/www/html/nsale/shop/inicis
DEBUG	[2015-10-10 11:51:12:613] <5753> debug:false
DEBUG	[2015-10-10 11:51:12:613] <5753> type:chkfake
DEBUG	[2015-10-10 11:51:12:613] <5753> enctype:asym
DEBUG	[2015-10-10 11:51:12:613] <5753> admin:1111
DEBUG	[2015-10-10 11:51:12:613] <5753> checkopt:false
DEBUG	[2015-10-10 11:51:12:613] <5753> mid:nsalecokr0
DEBUG	[2015-10-10 11:51:12:613] <5753> price:19900
DEBUG	[2015-10-10 11:51:12:613] <5753> nointerest:no
DEBUG	[2015-10-10 11:51:12:613] <5753> quotabase:선택:일시불:2개월:3개월:4개월:5개월:6개월:7개월:8개월:9개월:10개월:11개월:12개월
INFO	[2015-10-10 11:51:12:613] <5753> Check Field OK
INFO	[2015-10-10 11:51:12:613] <5753> MERCHANT PRIV KEY LOAD OK
INFO	[2015-10-10 11:51:12:614] <5753> MERCHANT PUB KEY LOAD OK []
INFO	[2015-10-10 11:51:12:614] <5753> CHKFAKE KEY MAKE OK:MjAxNTEwMTAxMTUxMTI2MTQ2MzU3OQ==

INFO	[2015-10-10 11:51:12:614] <5753> END chkfake  Laptime:[0.001sec]
INFO	[2015-10-10 11:51:12:614] <5753> ===============================================================
INFO	[2015-10-10 11:53:44:475] <5363> START INIPHP securepay (V5036-141209)(OS:Linux3.14.44-32.39.amzn1.x86_64,PHP:5.3.29)
DEBUG	[2015-10-10 11:53:44:475] <5363> inipayhome:/var/www/html/nsale/shop/inicis
DEBUG	[2015-10-10 11:53:44:475] <5363> debug:false
DEBUG	[2015-10-10 11:53:44:475] <5363> type:securepay
DEBUG	[2015-10-10 11:53:44:475] <5363> pgid:INIphpISP_
DEBUG	[2015-10-10 11:53:44:475] <5363> subpgip:203.238.3.10
DEBUG	[2015-10-10 11:53:44:475] <5363> admin:1111
DEBUG	[2015-10-10 11:53:44:475] <5363> uid:
DEBUG	[2015-10-10 11:53:44:475] <5363> goodname:롱셔츠 자켓
DEBUG	[2015-10-10 11:53:44:475] <5363> currency:WON
DEBUG	[2015-10-10 11:53:44:475] <5363> mid:nsalecokr0
DEBUG	[2015-10-10 11:53:44:475] <5363> rn:MjAxNTEwMTAxMTUxMTI2MTQ2MzU3OQ==

DEBUG	[2015-10-10 11:53:44:475] <5363> price:19900
DEBUG	[2015-10-10 11:53:44:475] <5363> enctype:
DEBUG	[2015-10-10 11:53:44:475] <5363> buyername:정연수
DEBUG	[2015-10-10 11:53:44:475] <5363> buyertel:01085613336
DEBUG	[2015-10-10 11:53:44:475] <5363> buyeremail:skathdud11@naver.com
DEBUG	[2015-10-10 11:53:44:475] <5363> paymethod:VCard
DEBUG	[2015-10-10 11:53:44:475] <5363> encrypted:Version=4.1&PayMethod=VCard&RsaKeyNum=1&EncryptionAlgorithm=NONE&SignAlgorithm=SHA1WithRSAEncryption&CertVer=39&moid=2015101011494617&ver_trace=main(6097,6059)vcard(6093)card(6141,6123)n(6009)Cs(6025)Dt(6002)Pa(6002)Cf(6024)Fv(0000)La(6156)Re(6106)Vr(6007)P(6034)en(6055)&pg1=203.238.37.3&pg2=211.219.96.180&pg1ip=203.238.37.3&pg2ip=211.219.96.180&agreeflag=1111&rn=3/jEtW4vBAld6hyA2PMLD5G7suhzjAbc63Q2M7SSizo=
&VCode=050100202261561&VQuota=00&VNoint=0&ip=192.168.200.153&mac=002163C9E849&cardpoint=9&custemail=skathdud11@naver.com&price=4uDsrkVGcEcpjm3e9sgrB7OBpLxSv2re
&below1000=0&encisp=0&pgnoint=0&VKBPoint=&VSessionKey=Ghc1hN%2bZz70vGiYpV%2fbUlKehEF6WI%2b76Kx8T%2bMzQfcafqjzXgVeuJNrlNGa19zhDji0ArhQmdsLLUVjna0BFc0de%2bkf9GOtr1tPbPB6UCElsJ6q5Rum2H8xOzoqWrETQyinefkMmTVjUwMrjuHDYuPsfVf21oBA%2fU%2fnnOukueBA%3d&Data=cdata%3dky%2b1vBGSaiqYkyo6DuKb%2b6aDfOAnnZkZF0ljRQlmszK4c8gas7YcxVmC2fnHv9DoSoS42sXx2pvmR4RKLlIpmJ5ujXugAz434%2bGpd3a44Zrf3gx7%2b%2fcXbT0JvLW6dUxPBlImqBy4Bj%2fQRIW5zx7T91GGdXPWed%2fCPJDSgLYEZq5dmDaMvzSmxSnSVQq8WETTA5yLMYOg81%2bG98heLhXWQZcJdE6Xez21ALqOtBj%2biz4t1kS9Kbn82GbTu9x6SshGfNSMsDOQfwybpCUZeaC0t61sk%2bHvcgw%2fMbkl%2b1MZzCOOVFm3xz3%2fqu1Tl7FFxkoa2A1yLIqAr9Fysqa66mIspkYP9z0jVchKpJQFc520zEObU9r70t7XH3W5gX8Orbz2KI5dJKavWAnD5Nv%2bKP%2bJkUpoi7BTaWPAFX9PFgZG2O2FvggbNh2IlNdq%2bFcnimUjjJ91LypvvOjSdCNjKn2YOji%2fi%2bj7v43fvLaEKHgRqGSE3AonNT5ZEbad27y2oVkq&ts=151010115343cpwMIw8lyPNLdSSJwAJcew007765&src_flg=0&OSv=IE11_Win7 6.01.7601 SP1 Professional_64B (PL1) (notray:J) [nsalecokr0] (61_secuni_npapi)&ip2=58.140.209.204
DEBUG	[2015-10-10 11:53:44:475] <5363> sessionkey:VCard
DEBUG	[2015-10-10 11:53:44:475] <5363> url:http://www.nsale.co.kr
DEBUG	[2015-10-10 11:53:44:475] <5363> cardcode:11
DEBUG	[2015-10-10 11:53:44:475] <5363> parentemail:
DEBUG	[2015-10-10 11:53:44:475] <5363> recvname:정연수
DEBUG	[2015-10-10 11:53:44:475] <5363> recvtel:01085613336
DEBUG	[2015-10-10 11:53:44:475] <5363> recvaddr:경북 영주시 지천로50번길 38 204동1601호
DEBUG	[2015-10-10 11:53:44:475] <5363> recvpostnum:36132
DEBUG	[2015-10-10 11:53:44:475] <5363> recvmsg:
DEBUG	[2015-10-10 11:53:44:475] <5363> joincard:
DEBUG	[2015-10-10 11:53:44:475] <5363> joinexpire:
DEBUG	[2015-10-10 11:53:44:475] <5363> id_customer:
INFO	[2015-10-10 11:53:44:475] <5363> Check Field OK
INFO	[2015-10-10 11:53:44:475] <5363> Make TID OK INIphpISP_nsalecokr020151010115344757377
INFO	[2015-10-10 11:53:44:475] <5363> PI PUB KEY LOAD OK [39]
INFO	[2015-10-10 11:53:44:476] <5363> PG PUB KEY LOAD OK [30]
INFO	[2015-10-10 11:53:44:476] <5363> MERCHANT PRIV KEY LOAD OK
INFO	[2015-10-10 11:53:44:476] <5363> MERCHANT PUB KEY LOAD OK [0]
INFO	[2015-10-10 11:53:44:477] <5363> MAKE BODY OK
INFO	[2015-10-10 11:53:44:477] <5363> SIGN OK
INFO	[2015-10-10 11:53:44:477] <5363> MAKE HEAD OK
INFO	[2015-10-10 11:53:44:477] <5363> MSG_TO_PG:[0331300175R SHA1                   0                  39                  300200nsalecokr0               19900INIphpISP_nsalecokr020151010115344757377<?xml version="1.0" encoding="UTF-8"?>
<INIpay>
	  <GoodsInfo>
	    <GoodsCnt>1</GoodsCnt>
	    <MOID/>
	    <Currency>WON</Currency>
	    <Tax/>
	    <TaxFree/>
	    <Goods>
	      <SMID>nsalecokr0</SMID>
	      <GoodsName urlencode="1">%B7%D5%BC%C5%C3%F7+%C0%DA%C4%CF</GoodsName>
	      <GoodsPrice>19900</GoodsPrice></Goods></GoodsInfo>
	  <BuyerInfo>
	    <BuyerName urlencode="1">%C1%A4%BF%AC%BC%F6</BuyerName>
	    <BuyerTel>01085613336</BuyerTel>
	    <BuyerEmail urlencode="1">skathdud11%40naver.com</BuyerEmail>
	    <ParentEmail/>
	    <RecvName urlencode="1">%C1%A4%BF%AC%BC%F6</RecvName>
	    <RecvTel urlencode="1">01085613336</RecvTel>
	    <RecvMsg/>
	    <RecvAddr urlencode="1">%B0%E6%BA%CF+%BF%B5%C1%D6%BD%C3+%C1%F6%C3%B5%B7%CE50%B9%F8%B1%E6+38+204%B5%BF1601%C8%A3</RecvAddr>
	    <RecvPostNum urlencode="1">36132</RecvPostNum></BuyerInfo>
	  <PaymentInfo>
	    <Payment>
	      <PayMethod>VCard</PayMethod>
	      <JoinCard/>
	      <JoinExpire/>
	      <MailOrder/>
	      <SessionKey>VCard</SessionKey>
	      <Encrypted urlencode="1">Version%3D4.1%26PayMethod%3DVCard%26RsaKeyNum%3D1%26EncryptionAlgorithm%3DNONE%26SignAlgorithm%3DSHA1WithRSAEncryption%26CertVer%3D39%26moid%3D2015101011494617%26ver_trace%3Dmain%286097%2C6059%29vcard%286093%29card%286141%2C6123%29n%286009%29Cs%286025%29Dt%286002%29Pa%286002%29Cf%286024%29Fv%280000%29La%286156%29Re%286106%29Vr%286007%29P%286034%29en%286055%29%26pg1%3D203.238.37.3%26pg2%3D211.219.96.180%26pg1ip%3D203.238.37.3%26pg2ip%3D211.219.96.180%26agreeflag%3D1111%26rn%3D3%2FjEtW4vBAld6hyA2PMLD5G7suhzjAbc63Q2M7SSizo%3D%0D%0A%26VCode%3D050100202261561%26VQuota%3D00%26VNoint%3D0%26ip%3D192.168.200.153%26mac%3D002163C9E849%26cardpoint%3D9%26custemail%3Dskathdud11%40naver.com%26price%3D4uDsrkVGcEcpjm3e9sgrB7OBpLxSv2re%0D%0A%26below1000%3D0%26encisp%3D0%26pgnoint%3D0%26VKBPoint%3D%26VSessionKey%3DGhc1hN%252bZz70vGiYpV%252fbUlKehEF6WI%252b76Kx8T%252bMzQfcafqjzXgVeuJNrlNGa19zhDji0ArhQmdsLLUVjna0BFc0de%252bkf9GOtr1tPbPB6UCElsJ6q5Rum2H8xOzoqWrETQyinefkMmTVjUwMrjuHDYuPsfVf21oBA%252fU%252fnnOukueBA%253d%26Data%3Dcdata%253dky%252b1vBGSaiqYkyo6DuKb%252b6aDfOAnnZkZF0ljRQlmszK4c8gas7YcxVmC2fnHv9DoSoS42sXx2pvmR4RKLlIpmJ5ujXugAz434%252bGpd3a44Zrf3gx7%252b%252fcXbT0JvLW6dUxPBlImqBy4Bj%252fQRIW5zx7T91GGdXPWed%252fCPJDSgLYEZq5dmDaMvzSmxSnSVQq8WETTA5yLMYOg81%252bG98heLhXWQZcJdE6Xez21ALqOtBj%252biz4t1kS9Kbn82GbTu9x6SshGfNSMsDOQfwybpCUZeaC0t61sk%252bHvcgw%252fMbkl%252b1MZzCOOVFm3xz3%252fqu1Tl7FFxkoa2A1yLIqAr9Fysqa66mIspkYP9z0jVchKpJQFc520zEObU9r70t7XH3W5gX8Orbz2KI5dJKavWAnD5Nv%252bKP%252bJkUpoi7BTaWPAFX9PFgZG2O2FvggbNh2IlNdq%252bFcnimUjjJ91LypvvOjSdCNjKn2YOji%252fi%252bj7v43fvLaEKHgRqGSE3AonNT5ZEbad27y2oVkq%26ts%3D151010115343cpwMIw8lyPNLdSSJwAJcew007765%26src_flg%3D0%26OSv%3DIE11_Win7+6.01.7601+SP1+Professional_64B+%28PL1%29+%28notray%3AJ%29+%5Bnsalecokr0%5D+%2861_secuni_npapi%29%26ip2%3D58.140.209.204</Encrypted></Payment></PaymentInfo>
	  <ReservedInfo>
	    <MReserved1/>
	    <MReserved2/>
	    <MReserved3/></ReservedInfo>
	  <ManageInfo>
	    <Language/>
	    <URL urlencode="1">http%3A%2F%2Fwww.nsale.co.kr</URL>
	    <TXVersion>5036B141209securLinux     PHPchkfake   3.14.44-32.39.amzn1.x86_64PHP:</TXVersion>
	    <TXUserID/>
	    <TXRegNum/>
	    <Ack>1</Ack>
	    <TXRN>MjAxNTEwMTAxMTUxMTI2MTQ2MzU3OQ==
</TXRN></ManageInfo></INIpay>ADdVWer55PGAR0jVATyQbIcCwXtKvAxMXeh4g7+rRxywNBTNkXBw9KmfMhMPPyk8
EGH+GLlPoB9lAgJWCXCoKiuKc0gBCgKb/xXwx88tsZbEOJui1vamNCvpbvgTkOlh
eUUPwbh1ysAz7HeNQulrh0UcJNZEQ/9Qy+Yx+my1hlM7
]
INFO	[2015-10-10 11:53:44:477] <5363> DNS LOOKUP OK(203.238.37.3:203.238.37.3:34049) laptime:0
INFO	[2015-10-10 11:53:44:515] <5363> SOCKET CONNECT OK
INFO	[2015-10-10 11:53:44:515] <5363> SEND OK
INFO	[2015-10-10 11:53:45:949] <5363> RECV OK
INFO	[2015-10-10 11:53:45:950] <5363> MSG_FROM_PG:[0279100175D SHA1                   0                  39                  300210nsalecokr0               19900INIphpISP_nsalecokr020151010115344757377<?xml version="1.0" encoding="UTF-8"?>
<INIpay>
  <GoodsInfo>
    <GoodsCnt>1</GoodsCnt>
    <MOID urlencode="1">2015101011494617</MOID>
    <Currency>WON</Currency>
    <Goods no="1">
      <SMID>nsalecokr0</SMID>
      <GoodsName urlencode="1">%B7%D5%BC%C5%C3%F7+%C0%DA%C4%CF</GoodsName>
      <GoodsCntS>1</GoodsCntS>
      <GoodsPrice>19900</GoodsPrice>
    </Goods>
  </GoodsInfo>
  <PaymentInfo>
    <Payment>
      <SessionKey>AQJWxylVhIXYdKpxGNm/vSGQEkBCXI/kJuvyg8E3ATaImhAWDUNWTd9lbml2xDD+
W70uQtFyYwRIAVuHT7Q5ShQavV2r6dMKnuUt/ZPonG8ZHHHQsUrH/8N+EF/zF4UE
v+0yEroMJqqTuggVmsdvwSIwqYJPyN+FVIxy0f4jMzqH8NHs+Gtem28=
</SessionKey>
      <Encrypted>07Fa0e65Kerlu6BIACIKvPPRGF7x2UKGYZcjjws4V7Z+T0Ap/CKmnO0gIyR490zp
iF30+yGTGhHGmi5tEsjq5a+rOKQaLfg+d+Uj2B8cC484xCSpMMitZN3RlTcs0nkZ
qPdAEhxZvc99i4VkaoY9h0Yyo2aH9nPU/TjC+JZ3CLFMEBGV2M1YqH/c2Hs9qbn8
QXtSiHlSh4ZQnM9u7fYnMzurZNTYO6mho0r5d97PvA3gsmmCCZpDB3bdRqfvAzsK
64fRxG+bDAsQDazl0xrn0inVCQKcF+gh3WUzXPfE3C2595Kn7SaDgVVjHMTPYRgr
JrkDVb+qXyfbmV7345DxzyUu2epMafbTF/jxmKG0FqpuyZpnRMSq9dnykEhw4x4N
C8DFKPsyHGNbYUS2tqb0zCwYMDENAaE3gwgP6hlOCo+Vd2yr7McFFQIQ7mdWuVlU
2WprdAvulWoZ5nBISUiYdP8uAM/wMtszHtEwmxdOSLO5TlyB0a8JSMnGUXyTUWb3
zoha1teS3GxnqCVehblNj6srG7P9aKAqlEFEuPu929M2PXj9KmH4BqEDuii7Yyto
Y5od9upDW/FOiAt9Cwar8aDJmT8Cr6D/GBz4ifIjGYM8nZ80YAdW3MYoeYKRW/AA
/1cl9rXjMl+UMFQTshCWaIO4H7ckRq5+OXh815c9YFpGatqrcjrNUuxy3dXniRIC
fbXVW324fpLx86sRpFFLSwUJYN+Emgq1bnX/6YffMwf/nns5OHH+jN5E0U0sxpXt
V6AHs/Kz+V0O5SjL7+lvzrGh5K2aZbKKPRYRmsFcEGMhCmYaTREeRqHWzi7sEO/p
9JFjOZw0JAbBCe2BF45ETR/Ydn1GRTQ2nCi/U7QFn67nMSsG0erAzqOLUAOw5lUL
5OzybT0LcuOiM/EPPS/YXYubRyoeOxknW1+gZGpD/hCZoTsA9diC8mcIbS0M52GV
RnGIOWBWFXdVjk7RNAsQQZ7O9OgEDNvSa8nLeKfIB1p+xUD0876zqGyDVaVx/7D/
xWdTyTh0hq9xg/9zmC2q5W+Ztmnufj/ndxdio6LyQEB5SV40p5m8+kf5nbctcuPL
CYTrBKx15eJ7zaayG17/q0LsBo+7zlyHtmdfAaz14YXseIbtdH3nEh3FjYUm0YIX
yy+xZbLchJ7Fy4Vq01KhKz6+XcQysiEqZWnLAESTyL6arVEPS12E88u8g5OM2OmM
WSz3ffndTpOJWA1zY6xAtJbX14qNHEgjMI3FPL9jxBYlNc3gRJsI0A4blLnDf+bs
TdFm3MY0LQmCjjYduP3DFlTdphiS0+2UVksG4b9NjhRnfzbk2GyGV+hOCXKscDlI
rfbLOKJIutkzLpFFckCMHP33w/FSVof15cqW/siZRaYlqADIx8DLWG20eEgmimXv
jJrZGa3j4AT/Xp7OBYUtGlmDUiTG9hRhXaGjrkPrO4wl0R/mpwMyGA==
</Encrypted>
      <PayMethod>VCard</PayMethod>
      <ResultCode>170000</ResultCode>
      <ResultMsg urlencode="1">%C1%A4%BB%F3%BF%CF%B7%E1</ResultMsg>
    </Payment>
  </PaymentInfo>
  <ManageInfo>
    <EventCode></EventCode>
    <OrgCurrency></OrgCurrency>
    <ExchangeRate></ExchangeRate>
    <OrgPrice></OrgPrice>
  </ManageInfo>
  <ReservedInfo>
    <MReserved1 urlencode="1"></MReserved1>
    <MReserved2 urlencode="1"></MReserved2>
    <MReserved3 urlencode="1"></MReserved3>
    <PGReserved1 urlencode="1"></PGReserved1>
    <PGReserved2 urlencode="1"></PGReserved2>
    <PGReserved3 urlencode="1"></PGReserved3>
  </ReservedInfo>
</INIpay>
UsuceitiLKyhVei5BRRqxbOMpdPr9CbFJeoSN2pl3dpnDDbTs6LJ2+ZD3whJO5I/
gcN4SIoqpnLHbI1mKI4TgHcvT35plWgbNdWcDcGsrnAEQvz5Op7SrzdFNb5MSsU2
KsnnE1rubQ5QTULYA/QcYyl+LG5jknJwcg1IAQmCyxs=
]
INFO	[2015-10-10 11:53:45:950] <5363> VERIFY OK
INFO	[2015-10-10 11:53:45:950] <5363> PARSE HEAD OK
INFO	[2015-10-10 11:53:45:951] <5363> PARSE BODY OK
INFO	[2015-10-10 11:53:45:952] <5363> DECRYPT OK
DEBUG	[2015-10-10 11:53:45:952] <5363> DECRYPT MSG:[<?xml version="1.0" encoding="UTF-8"?>
<PaymentInfo>
  <Payment>
    <EASYPAY/>
    <VCard>
      <ISP_ApplPrice>19900</ISP_ApplPrice>
      <ISP_BankCode>00</ISP_BankCode>
      <ISP_Quota>00</ISP_Quota>
      <ISP_Interest>0</ISP_Interest>
      <ISP_CardCode>11</ISP_CardCode>
      <ISP_CardNum>53872082****</ISP_CardNum>
      <ISP_Point></ISP_Point>
      <ISP_ApplDate>20151010</ISP_ApplDate>
      <ISP_ApplTime>115344</ISP_ApplTime>
      <ISP_ApplNum>56998920</ISP_ApplNum>
      <ISP_TerminalNum>0198732000</ISP_TerminalNum>
      <ISP_MemberNum></ISP_MemberNum>
      <ISP_PurchaseCode></ISP_PurchaseCode>
      <ISP_ResultCode>170000</ISP_ResultCode>
      <ISP_ResultMsg urlencode="1">%C1%A4%BB%F3%BF%CF%B7%E1</ISP_ResultMsg>
      <ISP_PrtcCode>1</ISP_PrtcCode>
      <ISP_Quota_Point>00</ISP_Quota_Point>
      <ISP_CheckFlag>0</ISP_CheckFlag>
      <ISP_PurchaseName urlencode="1"></ISP_PurchaseName>
      <ISP_IssuerName urlencode="1"></ISP_IssuerName>
      <ISP_UsePoint></ISP_UsePoint>
      <ISP_CouponOnlyMer></ISP_CouponOnlyMer>
    </VCard>
  </Payment>
</PaymentInfo>]
INFO	[2015-10-10 11:53:45:953] <5363> DECRYPT PARSE OK
INFO	[2015-10-10 11:53:45:953] <5363> WAIT ACK INVOKING
DEBUG	[2015-10-10 11:53:45:953] <5363> MAKE HEAD OK
INFO	[2015-10-10 11:53:45:990] <5363> SUCCESS ACK INVOKING
INFO	[2015-10-10 11:53:45:990] <5363> END securepay 정상완료 Laptime:[1.515sec]
INFO	[2015-10-10 11:53:45:990] <5363> ===============================================================
INFO	[2015-10-10 16:45:01:812] <11739> START INIPHP chkfake (V5036-141209)(OS:Linux3.14.44-32.39.amzn1.x86_64,PHP:5.3.29)
DEBUG	[2015-10-10 16:45:01:812] <11739> inipayhome:/var/www/html/nsale/shop/inicis
DEBUG	[2015-10-10 16:45:01:812] <11739> debug:false
DEBUG	[2015-10-10 16:45:01:812] <11739> type:chkfake
DEBUG	[2015-10-10 16:45:01:812] <11739> enctype:asym
DEBUG	[2015-10-10 16:45:01:812] <11739> admin:1111
DEBUG	[2015-10-10 16:45:01:812] <11739> checkopt:false
DEBUG	[2015-10-10 16:45:01:812] <11739> mid:nsalecokr0
DEBUG	[2015-10-10 16:45:01:812] <11739> price:22600
DEBUG	[2015-10-10 16:45:01:812] <11739> nointerest:no
DEBUG	[2015-10-10 16:45:01:812] <11739> quotabase:선택:일시불:2개월:3개월:4개월:5개월:6개월:7개월:8개월:9개월:10개월:11개월:12개월
INFO	[2015-10-10 16:45:01:812] <11739> Check Field OK
INFO	[2015-10-10 16:45:01:812] <11739> MERCHANT PRIV KEY LOAD OK
INFO	[2015-10-10 16:45:01:812] <11739> MERCHANT PUB KEY LOAD OK []
INFO	[2015-10-10 16:45:01:813] <11739> CHKFAKE KEY MAKE OK:MjAxNTEwMTAxNjQ1MDE4MTIxNDQwMQ==

INFO	[2015-10-10 16:45:01:813] <11739> END chkfake  Laptime:[0.001sec]
INFO	[2015-10-10 16:45:01:813] <11739> ===============================================================
INFO	[2015-10-10 16:48:38:69] <12580> START INIPHP securepay (V5036-141209)(OS:Linux3.14.44-32.39.amzn1.x86_64,PHP:5.3.29)
DEBUG	[2015-10-10 16:48:38:69] <12580> inipayhome:/var/www/html/nsale/shop/inicis
DEBUG	[2015-10-10 16:48:38:69] <12580> debug:false
DEBUG	[2015-10-10 16:48:38:69] <12580> type:securepay
DEBUG	[2015-10-10 16:48:38:69] <12580> pgid:INIphpCARD
DEBUG	[2015-10-10 16:48:38:69] <12580> subpgip:203.238.3.10
DEBUG	[2015-10-10 16:48:38:69] <12580> admin:1111
DEBUG	[2015-10-10 16:48:38:69] <12580> uid:
DEBUG	[2015-10-10 16:48:38:69] <12580> goodname:기본레깅스 4컬러
DEBUG	[2015-10-10 16:48:38:69] <12580> currency:WON
DEBUG	[2015-10-10 16:48:38:69] <12580> mid:nsalecokr0
DEBUG	[2015-10-10 16:48:38:69] <12580> rn:MjAxNTEwMTAxNjQ1MDE4MTIxNDQwMQ==

DEBUG	[2015-10-10 16:48:38:69] <12580> price:22600
DEBUG	[2015-10-10 16:48:38:69] <12580> enctype:
DEBUG	[2015-10-10 16:48:38:69] <12580> buyername:추지원
DEBUG	[2015-10-10 16:48:38:69] <12580> buyertel:01030681608
DEBUG	[2015-10-10 16:48:38:69] <12580> buyeremail:zhddl@hanmail.net
DEBUG	[2015-10-10 16:48:38:69] <12580> paymethod:Card
DEBUG	[2015-10-10 16:48:38:69] <12580> encrypted:Version=4.1&PayMethod=Card&RsaKeyNum=1&EncryptionAlgorithm=SEED-CBC&SignAlgorithm=RSAwithSHA1&CertVer=39&moid=2015101016410703&ver_trace=main(6097,6059)card(6141,6123)n(6009)Cs(6025)Dt(6002)Pa(6002)Cf(6024)Fv(0000)La(6156)Re(6106)Vr(6007)P(6034)en(6055)nP(6006)&pg1=203.238.37.3&pg2=211.219.96.180&pg1ip=203.238.37.3&pg2ip=211.219.96.180&agreeflag=1111&Data=1n7BGu/jIOTT0dNb+yMHwgWkixG7VW0xriQbCULYFPIq+eAG5Cvuip+ITdaGl/TY
L54CXI4QYSHIgT4VIz680sA94qlrgcS0iEZvCpp6ko3K2o95lJGeLhTADH5WGU8l
KoUvSIrdGaRzkDImMhZBALSuyfRV5kSHbkC8xIz0JbwhI8hz7U0H2HlAwyHiZeu1
BeO/I8GuojcuQNZytPR1x0SpgfoMyah1oK9er5SR5khQGqFtpWlYWcufjsgTZMV6
CnfCYF0AfYkW478t/ooBgkiMF8Dp3q7iK7fP5l66vwUAkgT2J/W0+Z3XoZZ/y7+x
zzl9HYuRKRK3XH6cN8edhKQjJMD5W/CgRi7xYXxcUdu0Nq0kzMlWtSIhTAF550Iw
1CZHJ6wfsui243r8Fy2QyNPQEZpYYRyQdqk0RPsScQ2PTF3Y7/htzUzZryhMi2YD
ZXSXC3olwaHYrus+OvXJM4pDLhzAQCB4dlbNf9J5WMCpuja+37xpaxyfdwhfkgDN
0rWyGEt+IyPGgwuLbwalM6yJQH7QtyNg9dBV6dO6Ulep1WBTGfTmVRe+7+7jOTTq
3rdFqMd7hm/hqf0LcmJgOWu8YRZfcLTNNrFpEhnF2kB4XMrc/H+NByxU+QvUsmVF
Q4etx6jpOpbuBKMwhHO6Z3Yi/n4X/s5nT6Sd1wzYmA==
DEBUG	[2015-10-10 16:48:38:69] <12580> sessionkey:aRNPx/iDerKNM4CzFHR8kQwlVpmECKS11yxlEECo1OJPKzMrLVIf9UxzNMrfVtUq
q0gcQobELGX2YtMYaAWHD0LMOmT7sn/wa7IIRw3hRoiaV0N/TBQuI7XWJC65Rnd8
bPcIlAuxMzmMvNOTsi60o/w5FpEk4j/Aw7sMI+LA74A=
DEBUG	[2015-10-10 16:48:38:69] <12580> url:http://www.nsale.co.kr
DEBUG	[2015-10-10 16:48:38:69] <12580> cardcode:14
DEBUG	[2015-10-10 16:48:38:69] <12580> parentemail:
DEBUG	[2015-10-10 16:48:38:69] <12580> recvname:추지원
DEBUG	[2015-10-10 16:48:38:69] <12580> recvtel:01030681608
DEBUG	[2015-10-10 16:48:38:69] <12580> recvaddr:전북 전주시 덕진구 석소로 55 113동 1201호
DEBUG	[2015-10-10 16:48:38:69] <12580> recvpostnum:55018
DEBUG	[2015-10-10 16:48:38:69] <12580> recvmsg:
DEBUG	[2015-10-10 16:48:38:69] <12580> joincard:
DEBUG	[2015-10-10 16:48:38:69] <12580> joinexpire:
DEBUG	[2015-10-10 16:48:38:69] <12580> id_customer:
INFO	[2015-10-10 16:48:38:69] <12580> Check Field OK
INFO	[2015-10-10 16:48:38:70] <12580> Make TID OK INIphpCARDnsalecokr020151010164838709430
INFO	[2015-10-10 16:48:38:70] <12580> PI PUB KEY LOAD OK [39]
INFO	[2015-10-10 16:48:38:70] <12580> PG PUB KEY LOAD OK [30]
INFO	[2015-10-10 16:48:38:70] <12580> MERCHANT PRIV KEY LOAD OK
INFO	[2015-10-10 16:48:38:70] <12580> MERCHANT PUB KEY LOAD OK [0]
INFO	[2015-10-10 16:48:38:71] <12580> MAKE BODY OK
INFO	[2015-10-10 16:48:38:72] <12580> SIGN OK
INFO	[2015-10-10 16:48:38:72] <12580> MAKE HEAD OK
INFO	[2015-10-10 16:48:38:72] <12580> MSG_TO_PG:[0295200175R SHA1                   0                  39                  300200nsalecokr0               22600INIphpCARDnsalecokr020151010164838709430<?xml version="1.0" encoding="UTF-8"?>
<INIpay>
	  <GoodsInfo>
	    <GoodsCnt>1</GoodsCnt>
	    <MOID/>
	    <Currency>WON</Currency>
	    <Tax/>
	    <TaxFree/>
	    <Goods>
	      <SMID>nsalecokr0</SMID>
	      <GoodsName urlencode="1">%B1%E2%BA%BB%B7%B9%B1%EB%BD%BA+4%C4%C3%B7%AF</GoodsName>
	      <GoodsPrice>22600</GoodsPrice></Goods></GoodsInfo>
	  <BuyerInfo>
	    <BuyerName urlencode="1">%C3%DF%C1%F6%BF%F8</BuyerName>
	    <BuyerTel>01030681608</BuyerTel>
	    <BuyerEmail urlencode="1">zhddl%40hanmail.net</BuyerEmail>
	    <ParentEmail/>
	    <RecvName urlencode="1">%C3%DF%C1%F6%BF%F8</RecvName>
	    <RecvTel urlencode="1">01030681608</RecvTel>
	    <RecvMsg/>
	    <RecvAddr urlencode="1">%C0%FC%BA%CF+%C0%FC%C1%D6%BD%C3+%B4%F6%C1%F8%B1%B8+%BC%AE%BC%D2%B7%CE+55+113%B5%BF+1201%C8%A3</RecvAddr>
	    <RecvPostNum urlencode="1">55018</RecvPostNum></BuyerInfo>
	  <PaymentInfo>
	    <Payment>
	      <PayMethod>Card</PayMethod>
	      <JoinCard/>
	      <JoinExpire/>
	      <MailOrder/>
	      <SessionKey>aRNPx/iDerKNM4CzFHR8kQwlVpmECKS11yxlEECo1OJPKzMrLVIf9UxzNMrfVtUq
q0gcQobELGX2YtMYaAWHD0LMOmT7sn/wa7IIRw3hRoiaV0N/TBQuI7XWJC65Rnd8
bPcIlAuxMzmMvNOTsi60o/w5FpEk4j/Aw7sMI+LA74A=</SessionKey>
	      <Encrypted urlencode="1">Version%3D4.1%26PayMethod%3DCard%26RsaKeyNum%3D1%26EncryptionAlgorithm%3DSEED-CBC%26SignAlgorithm%3DRSAwithSHA1%26CertVer%3D39%26moid%3D2015101016410703%26ver_trace%3Dmain%286097%2C6059%29card%286141%2C6123%29n%286009%29Cs%286025%29Dt%286002%29Pa%286002%29Cf%286024%29Fv%280000%29La%286156%29Re%286106%29Vr%286007%29P%286034%29en%286055%29nP%286006%29%26pg1%3D203.238.37.3%26pg2%3D211.219.96.180%26pg1ip%3D203.238.37.3%26pg2ip%3D211.219.96.180%26agreeflag%3D1111%26Data%3D1n7BGu%2FjIOTT0dNb%2ByMHwgWkixG7VW0xriQbCULYFPIq%2BeAG5Cvuip%2BITdaGl%2FTY%0D%0AL54CXI4QYSHIgT4VIz680sA94qlrgcS0iEZvCpp6ko3K2o95lJGeLhTADH5WGU8l%0D%0AKoUvSIrdGaRzkDImMhZBALSuyfRV5kSHbkC8xIz0JbwhI8hz7U0H2HlAwyHiZeu1%0D%0ABeO%2FI8GuojcuQNZytPR1x0SpgfoMyah1oK9er5SR5khQGqFtpWlYWcufjsgTZMV6%0D%0ACnfCYF0AfYkW478t%2FooBgkiMF8Dp3q7iK7fP5l66vwUAkgT2J%2FW0%2BZ3XoZZ%2Fy7%2Bx%0D%0Azzl9HYuRKRK3XH6cN8edhKQjJMD5W%2FCgRi7xYXxcUdu0Nq0kzMlWtSIhTAF550Iw%0D%0A1CZHJ6wfsui243r8Fy2QyNPQEZpYYRyQdqk0RPsScQ2PTF3Y7%2FhtzUzZryhMi2YD%0D%0AZXSXC3olwaHYrus%2BOvXJM4pDLhzAQCB4dlbNf9J5WMCpuja%2B37xpaxyfdwhfkgDN%0D%0A0rWyGEt%2BIyPGgwuLbwalM6yJQH7QtyNg9dBV6dO6Ulep1WBTGfTmVRe%2B7%2B7jOTTq%0D%0A3rdFqMd7hm%2Fhqf0LcmJgOWu8YRZfcLTNNrFpEhnF2kB4XMrc%2FH%2BNByxU%2BQvUsmVF%0D%0AQ4etx6jpOpbuBKMwhHO6Z3Yi%2Fn4X%2Fs5nT6Sd1wzYmA%3D%3D</Encrypted></Payment></PaymentInfo>
	  <ReservedInfo>
	    <MReserved1/>
	    <MReserved2/>
	    <MReserved3/></ReservedInfo>
	  <ManageInfo>
	    <Language/>
	    <URL urlencode="1">http%3A%2F%2Fwww.nsale.co.kr</URL>
	    <TXVersion>5036B141209securLinux     PHPchkfake   3.14.44-32.39.amzn1.x86_64PHP:</TXVersion>
	    <TXUserID/>
	    <TXRegNum/>
	    <Ack>1</Ack>
	    <TXRN>MjAxNTEwMTAxNjQ1MDE4MTIxNDQwMQ==
</TXRN></ManageInfo></INIpay>AK3/8IJnoXtHbWKwVWx+/5ZFxjydvDcasX/iBI5/j8mdL1m5/slR5bpw9kaB+xeK
OjDgqFxnAzaIIbrwxR6RUfiTRi0uAwdAPPncGmSXS226MZxt/a0lIQT7tDJHKrrF
ZjJTGIi/M3aq1T1nxmd+iuRI4jfY7dYBJ9bpuGaXPvVU
]
INFO	[2015-10-10 16:48:38:72] <12580> DNS LOOKUP OK(203.238.37.3:203.238.37.3:34049) laptime:0
INFO	[2015-10-10 16:48:38:109] <12580> SOCKET CONNECT OK
INFO	[2015-10-10 16:48:38:109] <12580> SEND OK
INFO	[2015-10-10 16:48:39:543] <12580> RECV OK
INFO	[2015-10-10 16:48:39:543] <12580> MSG_FROM_PG:[0312700175D SHA1                   0                  39                  300210nsalecokr0               22600INIphpCARDnsalecokr020151010164838709430<?xml version="1.0" encoding="UTF-8"?>
<INIpay>
  <GoodsInfo>
    <GoodsCnt>1</GoodsCnt>
    <MOID urlencode="1">2015101016410703</MOID>
    <Currency>WON</Currency>
    <Goods no="1">
      <SMID>nsalecokr0</SMID>
      <GoodsName urlencode="1">%B1%E2%BA%BB%B7%B9%B1%EB%BD%BA+4%C4%C3%B7%AF</GoodsName>
      <GoodsCntS>1</GoodsCntS>
      <GoodsPrice>22600</GoodsPrice>
    </Goods>
  </GoodsInfo>
  <PaymentInfo>
    <Payment>
      <SessionKey>AGjdOK9OjejdWAqmzQ7CMqLor3bnvRfAxIRqzrZtdQZVICDfT+UYExPCjvAGadu+
4sTRbcf7ClPN0gw/k314S9yQg/nzU93x+0M7XDy5iw3S//MQCLEpHvOe+kGC0e3I
SkAw01/kZAOhujRv/cCWNpvZsAhNfIkR5WtA1KRE/a1zcOiWZ9WRoDk=
</SessionKey>
      <Encrypted>rBoqHGEpceQwlC8esOOD5Ku2NOc512Wkfmzes3iTZ/RI2tuJwl1b71cFp7fb3iff
egcLE3NRJYpaUnMYzwcgCIMcuVSo0zB+iGHDQxdN65hxH6eA4yJ1Vw+EouUjxznx
T6vam92BdLwsU4MEiRB2PwlbisO14xeao3A3IqFVqWyd4TRLZoyrkJh32mvGgoci
5zLBjNkdPP1mP6FT9+e1hupdb0hya+NHbkMx2ty7nRnVRAng0ByVXqQBEW7M3Jdl
TVsJMpYQfI2uKMVlBHhviCnuoCpr5c7wOAVXMhehkeOyvB7IZrusOQ6JHUCOgKek
Am51EDepYlC/DhMLwUU1Fe/AN3r2gCTuMDD8/B8zX4dMqgDyMOh4RzzklXhrQh0A
cyJOc6M7flJQx3Pmi/rs4TWlnHs+MPvzd8rJ5Xji+BMRLeTNLqezN9Hv6iZUgOHe
FO8jLXLls0O1Gy886goBI1r2E8dnrR2scwVdS0Y35nbcuRJ/lNFu1BmbTKq6SUe+
8pvzaFjHwq07BPfyI+YqaS2xoXE9BKZyvhRfl9e/z6Sj9R2JyXw2FEGEav1Yb4Z7
77QcJosfPVqUSQRqMmaVYp8wb9bEe9CA1vKRKZhukmy3RiTS1HB8QrrQSWKwUpAh
/OOnWb69urL+HIeqvQeMR1MrtKKa9VKL0565rKMMSVlPhsd/8p2jQkhAN9rKGNT6
FY7B9md9eWFWounbqBw21CSLbnitiZPkiGdcGl5vjrWURt1hu3OGJAv//q3sRZi/
pYmeFoKk+r8A5y77RBBOPCnmeliGzkXFArh3xbiYNJdHFMe58GjDFAhJT+fNVmke
nCl65HU3TO4q0ybqA7eNoC2UJZANPnYpwWv7ZH3C6skuQsPpTQP9GWlz5Q4Uv/0a
CGb70Lo50hBFNXXnrIaR84q8pUM8yc/mPnX2RVx45ZNWUkdqk59Mc2W9M9m8pWX7
QQRPFWKXUwhEn4CEptKGj1nqTV9XyZSDSKLnMjZExi1ArRgIcGBvh9XxgUu/h1PF
4GhqBcMsOrHqQdSeClAKQ6haNZhj18CJH99Ka3zBt//VB1xYKjieGNgEXkZ+yWP4
rCY21C/2QUkPYYRMoO/YCPCIZL7184ALPhWAsifomxZ5wmUTJh5jBexEYFppwnkM
pCjEPvXeVEQP6zAXbwCWgPeNAKFUlr7o8SWciX61A8reXeaPhs30OfrzDim6AM8K
vWOAAIiWNtpG3vSmYcun1DABx7QsHS4OffjUSGA9lZbF4n1Z/ccItSS1VeZ91KRV
1Sv36NCda1VPNZnRaMuN8ZvHfPNbMf7bDdpMVochWQE4g+txMusp2CZeuGuqs3d7
Ld0f6GvWG5zsccpbnDRYE5iSXgFTqRH12zG51/kj3L6+mAXB43pEUHupTGlITpAC
vSx727Zo5XbbL8iRDz6/XRnE0TOWXXTuD019suYZZmInhX6lsY6fBwswv38/SzgU
GunEbv4CVVPSPNj958xHt7vjxxzc+R6nineRccj0Qu+JHBUsghtTg8in0dZWoIF+
aBUuovPjFggVs0eJIiSYZFEJ9NKk00RVQQtlpksGby8X7gSgD9JGPnix39e3fH8w
nVJ2y/UH+DZBr6TkwgaNblfWcui2hDVLKj8fMGTEZx7NVdv1Jce1mJNcEqTkx7AL
nkSlQpdgVY1YmrFARfiIkCE3Q4ecp6kVpfFUYXjSuxSRhiW5NeS9wCk386U7WNRA
nk1+oj+PWogCSBOR4g8uOA==
</Encrypted>
      <PayMethod>Card</PayMethod>
      <ResultCode>120000</ResultCode>
      <ResultMsg urlencode="1">%C1%A4%BB%F3%C3%B3%B8%AE%B5%C7%BE%FA%BD%C0%B4%CF%B4%D9.</ResultMsg>
    </Payment>
  </PaymentInfo>
  <ManageInfo>
    <EventCode></EventCode>
    <OrgCurrency></OrgCurrency>
    <ExchangeRate></ExchangeRate>
    <OrgPrice></OrgPrice>
  </ManageInfo>
  <ReservedInfo>
    <MReserved1 urlencode="1"></MReserved1>
    <MReserved2 urlencode="1"></MReserved2>
    <MReserved3 urlencode="1"></MReserved3>
    <PGReserved1 urlencode="1"></PGReserved1>
    <PGReserved2 urlencode="1"></PGReserved2>
    <PGReserved3 urlencode="1"></PGReserved3>
  </ReservedInfo>
</INIpay>
ZiQV+3no+6XM6NC2Mhyv+ER/bcxZFe/87lHQM6P7899OdYIs5bDGVeS7cj8p28tq
wpA7UVowynUwULcvDpUJ56v3jVkNhi6GFdxl3olGt8dwwvVfAimZ29UOMk+1mPxg
fl7GJz2W1cEHfPxfqqXC2enFpalsbM/0tg09PNFBvKo=
]
INFO	[2015-10-10 16:48:39:543] <12580> VERIFY OK
INFO	[2015-10-10 16:48:39:543] <12580> PARSE HEAD OK
INFO	[2015-10-10 16:48:39:544] <12580> PARSE BODY OK
INFO	[2015-10-10 16:48:39:545] <12580> DECRYPT OK
DEBUG	[2015-10-10 16:48:39:545] <12580> DECRYPT MSG:[<?xml version="1.0" encoding="UTF-8"?>
<PaymentInfo>
  <Payment>
    <EASYPAY/>
    <Card>
      <CARD_ApplPrice>22600</CARD_ApplPrice>
      <CARD_Num>606045761049</CARD_Num>
      <CARD_Expire></CARD_Expire>
      <CARD_Code>14</CARD_Code>
      <CARD_BankCode>26</CARD_BankCode>
      <CARD_Quota>00</CARD_Quota>
      <CARD_Interest>0</CARD_Interest>
      <CARD_Point></CARD_Point>
      <CARD_AuthType>99</CARD_AuthType>
      <CARD_RegNum></CARD_RegNum>
      <CARD_ApplDate>20151010</CARD_ApplDate>
      <CARD_ApplTime>164838</CARD_ApplTime>
      <CARD_ApplNum>39735017</CARD_ApplNum>
      <CARD_TerminalNum>0198732000</CARD_TerminalNum>
      <CARD_MemberNum></CARD_MemberNum>
      <CARD_PurchaseCode></CARD_PurchaseCode>
      <CARD_ResultCode>120000</CARD_ResultCode>
      <CARD_ResultMsg urlencode="1">%C1%A4%BB%F3%C3%B3%B8%AE%B5%C7%BE%FA%BD%C0%B4%CF%B4%D9.</CARD_ResultMsg>
      <CARD_PrtcCode>1</CARD_PrtcCode>
      <CARD_Quota_Point>00</CARD_Quota_Point>
      <CARD_CheckFlag>1</CARD_CheckFlag>
      <CARD_PurchaseName urlencode="1"></CARD_PurchaseName>
      <CARD_IssuerName urlencode="1"></CARD_IssuerName>
      <CARD_JoinUsePoint></CARD_JoinUsePoint>
      <CARD_UsePoint></CARD_UsePoint>
      <CARD_CouponOnlyMer></CARD_CouponOnlyMer>
    </Card>
  </Payment>
</PaymentInfo>]
INFO	[2015-10-10 16:48:39:546] <12580> DECRYPT PARSE OK
INFO	[2015-10-10 16:48:39:546] <12580> WAIT ACK INVOKING
DEBUG	[2015-10-10 16:48:39:546] <12580> MAKE HEAD OK
INFO	[2015-10-10 16:48:39:583] <12580> SUCCESS ACK INVOKING
INFO	[2015-10-10 16:48:39:584] <12580> END securepay 정상처리되었습니다. Laptime:[1.514sec]
INFO	[2015-10-10 16:48:39:584] <12580> ===============================================================
INFO	[2015-10-10 19:34:13:140] <9074> START INIPHP chkfake (V5036-141209)(OS:Linux3.14.44-32.39.amzn1.x86_64,PHP:5.3.29)
DEBUG	[2015-10-10 19:34:13:140] <9074> inipayhome:/var/www/html/nsale/shop/inicis
DEBUG	[2015-10-10 19:34:13:140] <9074> debug:false
DEBUG	[2015-10-10 19:34:13:140] <9074> type:chkfake
DEBUG	[2015-10-10 19:34:13:140] <9074> enctype:asym
DEBUG	[2015-10-10 19:34:13:140] <9074> admin:1111
DEBUG	[2015-10-10 19:34:13:140] <9074> checkopt:false
DEBUG	[2015-10-10 19:34:13:140] <9074> mid:nsalecokr0
DEBUG	[2015-10-10 19:34:13:140] <9074> price:19900
DEBUG	[2015-10-10 19:34:13:140] <9074> nointerest:no
DEBUG	[2015-10-10 19:34:13:140] <9074> quotabase:선택:일시불:2개월:3개월:4개월:5개월:6개월:7개월:8개월:9개월:10개월:11개월:12개월
INFO	[2015-10-10 19:34:13:140] <9074> Check Field OK
INFO	[2015-10-10 19:34:13:140] <9074> MERCHANT PRIV KEY LOAD OK
INFO	[2015-10-10 19:34:13:141] <9074> MERCHANT PUB KEY LOAD OK []
INFO	[2015-10-10 19:34:13:141] <9074> CHKFAKE KEY MAKE OK:MjAxNTEwMTAxOTM0MTMxNDExNzA2Ng==

INFO	[2015-10-10 19:34:13:141] <9074> END chkfake  Laptime:[0.001sec]
INFO	[2015-10-10 19:34:13:141] <9074> ===============================================================
INFO	[2015-10-10 19:34:59:845] <13409> START INIPHP chkfake (V5036-141209)(OS:Linux3.14.44-32.39.amzn1.x86_64,PHP:5.3.29)
DEBUG	[2015-10-10 19:34:59:845] <13409> inipayhome:/var/www/html/nsale/shop/inicis
DEBUG	[2015-10-10 19:34:59:845] <13409> debug:false
DEBUG	[2015-10-10 19:34:59:845] <13409> type:chkfake
DEBUG	[2015-10-10 19:34:59:845] <13409> enctype:asym
DEBUG	[2015-10-10 19:34:59:845] <13409> admin:1111
DEBUG	[2015-10-10 19:34:59:845] <13409> checkopt:false
DEBUG	[2015-10-10 19:34:59:845] <13409> mid:nsalecokr0
DEBUG	[2015-10-10 19:34:59:845] <13409> price:19900
DEBUG	[2015-10-10 19:34:59:845] <13409> nointerest:no
DEBUG	[2015-10-10 19:34:59:845] <13409> quotabase:선택:일시불:2개월:3개월:4개월:5개월:6개월:7개월:8개월:9개월:10개월:11개월:12개월
INFO	[2015-10-10 19:34:59:845] <13409> Check Field OK
INFO	[2015-10-10 19:34:59:845] <13409> MERCHANT PRIV KEY LOAD OK
INFO	[2015-10-10 19:34:59:846] <13409> MERCHANT PUB KEY LOAD OK []
INFO	[2015-10-10 19:34:59:846] <13409> CHKFAKE KEY MAKE OK:MjAxNTEwMTAxOTM0NTk4NDYyMzM4Mw==

INFO	[2015-10-10 19:34:59:846] <13409> END chkfake  Laptime:[0.001sec]
INFO	[2015-10-10 19:34:59:846] <13409> ===============================================================
INFO	[2015-10-10 19:35:59:693] <11740> START INIPHP securepay (V5036-141209)(OS:Linux3.14.44-32.39.amzn1.x86_64,PHP:5.3.29)
DEBUG	[2015-10-10 19:35:59:693] <11740> inipayhome:/var/www/html/nsale/shop/inicis
DEBUG	[2015-10-10 19:35:59:693] <11740> debug:false
DEBUG	[2015-10-10 19:35:59:693] <11740> type:securepay
DEBUG	[2015-10-10 19:35:59:693] <11740> pgid:INIphpVBNK
DEBUG	[2015-10-10 19:35:59:693] <11740> subpgip:203.238.3.10
DEBUG	[2015-10-10 19:35:59:693] <11740> admin:1111
DEBUG	[2015-10-10 19:35:59:693] <11740> uid:
DEBUG	[2015-10-10 19:35:59:693] <11740> goodname:롱셔츠 자켓
DEBUG	[2015-10-10 19:35:59:693] <11740> currency:WON
DEBUG	[2015-10-10 19:35:59:693] <11740> mid:nsalecokr0
DEBUG	[2015-10-10 19:35:59:693] <11740> rn:MjAxNTEwMTAxOTM0NTk4NDYyMzM4Mw==

DEBUG	[2015-10-10 19:35:59:693] <11740> price:19900
DEBUG	[2015-10-10 19:35:59:693] <11740> enctype:
DEBUG	[2015-10-10 19:35:59:693] <11740> buyername:이은숙
DEBUG	[2015-10-10 19:35:59:693] <11740> buyertel:01041476759
DEBUG	[2015-10-10 19:35:59:693] <11740> buyeremail:tjdwls6759@naver.com
DEBUG	[2015-10-10 19:35:59:693] <11740> paymethod:VBank
DEBUG	[2015-10-10 19:35:59:693] <11740> encrypted:Version=4.1&PayMethod=VBank&RsaKeyNum=1&EncryptionAlgorithm=SEED-CBC&SignAlgorithm=RSAwithSHA1&CertVer=39&moid=2015101019341964&ver_trace=main(6097,6059)vbank(6031,6033)n(6009)Cs(6025)Dt(6002)Pa(6002)Cf(6024)Fv(0000)La(6156)Re(6106)Vr(6007)P(6034)en(6055)nP(6006)&pg1=203.238.37.3&pg2=211.219.96.180&pg1ip=203.238.37.3&pg2ip=211.219.96.180&agreeflag=1111&Data=I9xv1gmSS0ILZj0rUAHwSmHnqUkNGXEW/z6GUxGOk9Wbs0v9XR37u7pNyhPu7FCJ
JkrjASIqwFfcETeNVyfS5bf6CPJG3fsmWfW/KpgTr1v4lFkNeuNwf94log8tu8bF
mp0JdvCQh24UU6zq8ivVOFfchOWDu0tsRGlz+2kRinCLlj/Qu+D0jxPTd5DqM+xL
cjhXAYWN+LTxj8tCpU5ZFQXiztw1AxNUSmnDdnpsCn1VmQb8Ojb1UQr9ezknwc6G
Xmn7P4yQb4wyH5OVium1+6mevCRpgMpQGjSAZsCE7MdkoJxDGYQn+cKxXNd+GRUK
0XY3o/HXW9aRo82om3gCxgF3bvHO3I/s0VEF/UpWhOUbm1uJB5SSl4/tALKidAF/
4oglfCZcRTGt4f/+3WSW7+VMr9hm3kP0TNSa5z75TlB+ZdpkI9mD+FxOvnypzjSg
AcdssUJfEYKRMdoUWh8Xa0FaGiIZAj/+GcXS7bCOTOsDP6t6NcT+hsCHGCMoxGmT
H+A6iP2IoZKl9ScVdq6wQ7vL
DEBUG	[2015-10-10 19:35:59:693] <11740> sessionkey:DZdFcjaVZYzc+t0IxxuXecaakFjaBUxxJtTq9UOJYkELNYVgs3WEPRVo8ifzUFar
x9r5jIXLUFfvfMiKw/KZzQx6LhTfbiF7lNXL5WORlNH4Rpx2IwD9ZtWfR/KFeD5Z
Njzg624NEHr0MD1NKNQohIjfm79UhP8QoTSULKQF8fM=
DEBUG	[2015-10-10 19:35:59:693] <11740> url:http://www.nsale.co.kr
DEBUG	[2015-10-10 19:35:59:693] <11740> cardcode:
DEBUG	[2015-10-10 19:35:59:693] <11740> parentemail:
DEBUG	[2015-10-10 19:35:59:693] <11740> recvname:이은숙
DEBUG	[2015-10-10 19:35:59:693] <11740> recvtel:01041476759
DEBUG	[2015-10-10 19:35:59:693] <11740> recvaddr:제주특별자치도 제주시 애월읍 녹근로 21-8 제주특별자치도 제주시 애월읍 봉성리 3185-1
DEBUG	[2015-10-10 19:35:59:693] <11740> recvpostnum:63039
DEBUG	[2015-10-10 19:35:59:693] <11740> recvmsg:
DEBUG	[2015-10-10 19:35:59:693] <11740> joincard:
DEBUG	[2015-10-10 19:35:59:693] <11740> joinexpire:
DEBUG	[2015-10-10 19:35:59:693] <11740> id_customer:
INFO	[2015-10-10 19:35:59:693] <11740> Check Field OK
INFO	[2015-10-10 19:35:59:693] <11740> Make TID OK INIphpVBNKnsalecokr020151010193559932309
INFO	[2015-10-10 19:35:59:693] <11740> PI PUB KEY LOAD OK [39]
INFO	[2015-10-10 19:35:59:694] <11740> PG PUB KEY LOAD OK [30]
INFO	[2015-10-10 19:35:59:694] <11740> MERCHANT PRIV KEY LOAD OK
INFO	[2015-10-10 19:35:59:694] <11740> MERCHANT PUB KEY LOAD OK [0]
INFO	[2015-10-10 19:35:59:695] <11740> MAKE BODY OK
INFO	[2015-10-10 19:35:59:696] <11740> SIGN OK
INFO	[2015-10-10 19:35:59:696] <11740> MAKE HEAD OK
INFO	[2015-10-10 19:35:59:696] <11740> MSG_TO_PG:[0289900175R SHA1                   0                  39                  300200nsalecokr0               19900INIphpVBNKnsalecokr020151010193559932309<?xml version="1.0" encoding="UTF-8"?>
<INIpay>
	  <GoodsInfo>
	    <GoodsCnt>1</GoodsCnt>
	    <MOID/>
	    <Currency>WON</Currency>
	    <Tax/>
	    <TaxFree/>
	    <Goods>
	      <SMID>nsalecokr0</SMID>
	      <GoodsName urlencode="1">%B7%D5%BC%C5%C3%F7+%C0%DA%C4%CF</GoodsName>
	      <GoodsPrice>19900</GoodsPrice></Goods></GoodsInfo>
	  <BuyerInfo>
	    <BuyerName urlencode="1">%C0%CC%C0%BA%BC%F7</BuyerName>
	    <BuyerTel>01041476759</BuyerTel>
	    <BuyerEmail urlencode="1">tjdwls6759%40naver.com</BuyerEmail>
	    <ParentEmail/>
	    <RecvName urlencode="1">%C0%CC%C0%BA%BC%F7</RecvName>
	    <RecvTel urlencode="1">01041476759</RecvTel>
	    <RecvMsg/>
	    <RecvAddr urlencode="1">%C1%A6%C1%D6%C6%AF%BA%B0%C0%DA%C4%A1%B5%B5+%C1%A6%C1%D6%BD%C3+%BE%D6%BF%F9%C0%BE+%B3%EC%B1%D9%B7%CE+21-8+%C1%A6%C1%D6%C6%AF%BA%B0%C0%DA%C4%A1%B5%B5+%C1%A6%C1%D6%BD%C3+%BE%D6%BF%F9%C0%BE+%BA%C0%BC%BA%B8%AE+3185-1</RecvAddr>
	    <RecvPostNum urlencode="1">63039</RecvPostNum></BuyerInfo>
	  <PaymentInfo>
	    <Payment>
	      <PayMethod>VBank</PayMethod>
	      <JoinCard/>
	      <JoinExpire/>
	      <MailOrder/>
	      <SessionKey>DZdFcjaVZYzc+t0IxxuXecaakFjaBUxxJtTq9UOJYkELNYVgs3WEPRVo8ifzUFar
x9r5jIXLUFfvfMiKw/KZzQx6LhTfbiF7lNXL5WORlNH4Rpx2IwD9ZtWfR/KFeD5Z
Njzg624NEHr0MD1NKNQohIjfm79UhP8QoTSULKQF8fM=</SessionKey>
	      <Encrypted urlencode="1">Version%3D4.1%26PayMethod%3DVBank%26RsaKeyNum%3D1%26EncryptionAlgorithm%3DSEED-CBC%26SignAlgorithm%3DRSAwithSHA1%26CertVer%3D39%26moid%3D2015101019341964%26ver_trace%3Dmain%286097%2C6059%29vbank%286031%2C6033%29n%286009%29Cs%286025%29Dt%286002%29Pa%286002%29Cf%286024%29Fv%280000%29La%286156%29Re%286106%29Vr%286007%29P%286034%29en%286055%29nP%286006%29%26pg1%3D203.238.37.3%26pg2%3D211.219.96.180%26pg1ip%3D203.238.37.3%26pg2ip%3D211.219.96.180%26agreeflag%3D1111%26Data%3DI9xv1gmSS0ILZj0rUAHwSmHnqUkNGXEW%2Fz6GUxGOk9Wbs0v9XR37u7pNyhPu7FCJ%0D%0AJkrjASIqwFfcETeNVyfS5bf6CPJG3fsmWfW%2FKpgTr1v4lFkNeuNwf94log8tu8bF%0D%0Amp0JdvCQh24UU6zq8ivVOFfchOWDu0tsRGlz%2B2kRinCLlj%2FQu%2BD0jxPTd5DqM%2BxL%0D%0AcjhXAYWN%2BLTxj8tCpU5ZFQXiztw1AxNUSmnDdnpsCn1VmQb8Ojb1UQr9ezknwc6G%0D%0AXmn7P4yQb4wyH5OVium1%2B6mevCRpgMpQGjSAZsCE7MdkoJxDGYQn%2BcKxXNd%2BGRUK%0D%0A0XY3o%2FHXW9aRo82om3gCxgF3bvHO3I%2Fs0VEF%2FUpWhOUbm1uJB5SSl4%2FtALKidAF%2F%0D%0A4oglfCZcRTGt4f%2F%2B3WSW7%2BVMr9hm3kP0TNSa5z75TlB%2BZdpkI9mD%2BFxOvnypzjSg%0D%0AAcdssUJfEYKRMdoUWh8Xa0FaGiIZAj%2F%2BGcXS7bCOTOsDP6t6NcT%2BhsCHGCMoxGmT%0D%0AH%2BA6iP2IoZKl9ScVdq6wQ7vL</Encrypted></Payment></PaymentInfo>
	  <ReservedInfo>
	    <MReserved1/>
	    <MReserved2/>
	    <MReserved3/></ReservedInfo>
	  <ManageInfo>
	    <Language/>
	    <URL urlencode="1">http%3A%2F%2Fwww.nsale.co.kr</URL>
	    <TXVersion>5036B141209securLinux     PHPchkfake   3.14.44-32.39.amzn1.x86_64PHP:</TXVersion>
	    <TXUserID/>
	    <TXRegNum/>
	    <Ack>1</Ack>
	    <TXRN>MjAxNTEwMTAxOTM0NTk4NDYyMzM4Mw==
</TXRN></ManageInfo></INIpay>AGDm39Q4seHhakOD4O+W2Xnw4sscqYhbX34ztm99R0g7Mku364QpY+G0IMvSzntC
wHdL+5uEXshkvXWAgmphE20KkUPai823i1Hgg5yRvmkasYDvF6UjgvmyEL8WSlIp
RxucEwy3mpvEy1Em++uGp6hPogYodb25UQQkyylZiFBN
]
INFO	[2015-10-10 19:35:59:696] <11740> DNS LOOKUP OK(203.238.37.3:203.238.37.3:34049) laptime:0
INFO	[2015-10-10 19:35:59:733] <11740> SOCKET CONNECT OK
INFO	[2015-10-10 19:35:59:733] <11740> SEND OK
INFO	[2015-10-10 19:36:00:73] <11740> RECV OK
INFO	[2015-10-10 19:36:00:73] <11740> MSG_FROM_PG:[0251800175D SHA1                   0                  39                  300210nsalecokr0               19900INIphpVBNKnsalecokr020151010193559932309<?xml version="1.0" encoding="UTF-8"?>
<INIpay>
  <GoodsInfo>
    <GoodsCnt>1</GoodsCnt>
    <MOID urlencode="1">2015101019341964</MOID>
    <Currency>WON</Currency>
    <Goods no="1">
      <SMID>nsalecokr0</SMID>
      <GoodsName urlencode="1">%B7%D5%BC%C5%C3%F7+%C0%DA%C4%CF</GoodsName>
      <GoodsCntS>1</GoodsCntS>
      <GoodsPrice>19900</GoodsPrice>
    </Goods>
  </GoodsInfo>
  <PaymentInfo>
    <Payment>
      <SessionKey>AOTF1N7Zdho3UkPlF63hnyD2LNkJkC0NeQ3T7QTZLGw7y2sbCoDg0zhagKHFwQLm
wS4j8CsmQvezLzSRoc7IC971ixGMCZRERAhIzfXSjtVufVPSciCxonAaCkX8niHf
pLThJ6QADs7E0sIq33Gdg/SDeAu8KvTIekngI+TSyio84IUZYKze9GI=
</SessionKey>
      <Encrypted>NC2pIS4jHdWTivkV56C7SVHgDoLSLES4+WdwoD439chDsth1gId9ytMPe9t3BlEm
vfOXIg1YEw7CSDE7JRdc2jWzk5tbZkPYtMbQIRIsCvnqshdXATdqV+eeL6oIUcvk
lIr5nz6QwWM4WqEM94tlg8M4LeijVFYEDaXuyc/VM9g+Wns8CGI9XEG1wEcbuseA
rIL3Q6K9xG1duR6sC25r1RrQh395CVIEMonHn+9QBpKK1AUTJ+ti+ybvMHkKEgQQ
uSFThJ90eptwUN977DKkmHCG1wRCumLpv8SNuy99v736NyB+pP11fLYdaFMK5sIB
A2914GR9BU5dM3p9sOepElzwfiJPs4cBFcLecuCsHpOYwRRg9aGC/xS4kbl0JQ+f
AKae4HxXlLz+TTshhfYH1xEjw3vwr4L+AMchQ03IizfC5KiOPKYV3LFYgGgmrOMa
ID16DGiHc6tyKpDBiXUBgN0gV/G4uzRkVYF8DC3WVF8XNG2QQ41L4vyfxtBnGwHY
QtzYJA+Pr39HUfiNjqvPa4GyayOx5b57FHzuJfGfqLLkDi8XFu/6eHRqAa1Sfze+
Y0bA9FeIskuy918AQ4rhdZfiKw/0s0jrzDZUD4UW3/kxmMupOzood2IP22ZkZQg5
vLfeiCgNh7RjsPJIpod5JiadEG2e1DYUoCBf54vllskn84RrxT8Wr1y6e3MzAUoX
gCgekFkY2E3Q/Xeei7/h6Dk4rmeO1JecAU2jLBvm7HKBbSgM04B8HN9SuHpnWdxZ
774VO/f5lMwTX0/bTRZKJIU73wEXoh8vFWR5+RNZjW/gOzaRsVlwW5y2uaLZDSYc
Ucr68wGurH1VTAx/+oH9MUsC2krqw7UCim4VDlz5UihEFD2mKMz4FlYlXIn9A7jw
URAF+qjUJM12rZdE8gzS/fjEXUp22hXdwWY9VFnLp2vDhL8n01E8IJXkuJAEWHzD
6wA7Sw+fVTgP8gsp1R4BWZhtjLx7DInfg8tz+kl5Oy6FCtSchuf4DZUbIgA2nTCZ
YqdXGmxQsQJOkwZ854QsK0qv2Kz0OnJjkJC1gbq6gHj8ZaRFG5KzTVpF6Qw+BgK7
+IA1cRVzFS7UaIKpkk8JKZjCASVjJEP9VGa8jhioqeLWRg5Zq4esrVrSuJErw1cM
u8QB5TR1yVk=
</Encrypted>
      <PayMethod>VBank</PayMethod>
      <ResultCode>170000</ResultCode>
      <ResultMsg urlencode="1">%C1%A4%BB%F3%C3%B3%B8%AE%B5%C7%BE%FA%BD%C0%B4%CF%B4%D9.</ResultMsg>
    </Payment>
  </PaymentInfo>
  <ManageInfo>
    <EventCode></EventCode>
    <OrgCurrency></OrgCurrency>
    <ExchangeRate></ExchangeRate>
    <OrgPrice></OrgPrice>
  </ManageInfo>
  <ReservedInfo>
    <MReserved1 urlencode="1"></MReserved1>
    <MReserved2 urlencode="1"></MReserved2>
    <MReserved3 urlencode="1"></MReserved3>
    <PGReserved1 urlencode="1"></PGReserved1>
    <PGReserved2 urlencode="1"></PGReserved2>
    <PGReserved3 urlencode="1"></PGReserved3>
  </ReservedInfo>
</INIpay>
aya6YU4fyLjcjOckQUuIAvgCw7s8mfCHs/JC72mR07auTsokkuLL2p3VY+A1tUjc
K+aSTnPSoVelHpRn/Hl6p0wZgQx4y0ajAhbqlsBGG/6iyjLDRRT6sRiiqosXXguO
LDbMmzuE81pvH4ToF8M+jfKIiTNtOVqDH7UTTuimhEI=
]
INFO	[2015-10-10 19:36:00:73] <11740> VERIFY OK
INFO	[2015-10-10 19:36:00:73] <11740> PARSE HEAD OK
INFO	[2015-10-10 19:36:00:74] <11740> PARSE BODY OK
INFO	[2015-10-10 19:36:00:75] <11740> DECRYPT OK
DEBUG	[2015-10-10 19:36:00:75] <11740> DECRYPT MSG:[<?xml version="1.0" encoding="UTF-8"?>
<PaymentInfo>
  <Payment>
    <EASYPAY/>
    <VBank>
      <VACT_Num>01441564126992</VACT_Num>
      <VACT_BankCode>11</VACT_BankCode>
      <VACT_Date>20151017</VACT_Date>
      <VACT_Time></VACT_Time>
      <VACT_InputName urlencode="1">%C0%CC%C0%BA%BC%F7</VACT_InputName>
      <VACT_Name urlencode="1">%BF%CD%BF%EC%BA%A5%C3%B3%BD%BA</VACT_Name>
      <VACT_RefundName urlencode="1"></VACT_RefundName>
      <VACT_RefundBankCode></VACT_RefundBankCode>
      <VACT_RefundNum></VACT_RefundNum>
      <VACT_ApplPrice>19900</VACT_ApplPrice>
      <VACT_ApplDate>20151010</VACT_ApplDate>
      <VACT_ApplTime>193559</VACT_ApplTime>
      <VACT_ResultCode>170000</VACT_ResultCode>
      <VACT_ResultMsg urlencode="1">%C1%A4%BB%F3%C3%B3%B8%AE%B5%C7%BE%FA%BD%C0%B4%CF%B4%D9.</VACT_ResultMsg>
    </VBank>
  </Payment>
</PaymentInfo>]
INFO	[2015-10-10 19:36:00:76] <11740> DECRYPT PARSE OK
INFO	[2015-10-10 19:36:00:76] <11740> WAIT ACK INVOKING
DEBUG	[2015-10-10 19:36:00:76] <11740> MAKE HEAD OK
INFO	[2015-10-10 19:36:00:114] <11740> SUCCESS ACK INVOKING
INFO	[2015-10-10 19:36:00:114] <11740> END securepay 정상처리되었습니다. Laptime:[0.421sec]
INFO	[2015-10-10 19:36:00:114] <11740> ===============================================================
INFO	[2015-10-10 20:24:37:577] <10945> START INIPHP chkfake (V5036-141209)(OS:Linux3.14.44-32.39.amzn1.x86_64,PHP:5.3.29)
DEBUG	[2015-10-10 20:24:37:577] <10945> inipayhome:/var/www/html/nsale/shop/inicis
DEBUG	[2015-10-10 20:24:37:577] <10945> debug:false
DEBUG	[2015-10-10 20:24:37:577] <10945> type:chkfake
DEBUG	[2015-10-10 20:24:37:577] <10945> enctype:asym
DEBUG	[2015-10-10 20:24:37:577] <10945> admin:1111
DEBUG	[2015-10-10 20:24:37:577] <10945> checkopt:false
DEBUG	[2015-10-10 20:24:37:577] <10945> mid:nsalecokr0
DEBUG	[2015-10-10 20:24:37:577] <10945> price:48900
DEBUG	[2015-10-10 20:24:37:577] <10945> nointerest:no
DEBUG	[2015-10-10 20:24:37:577] <10945> quotabase:선택:일시불:2개월:3개월:4개월:5개월:6개월:7개월:8개월:9개월:10개월:11개월:12개월
INFO	[2015-10-10 20:24:37:577] <10945> Check Field OK
INFO	[2015-10-10 20:24:37:577] <10945> MERCHANT PRIV KEY LOAD OK
INFO	[2015-10-10 20:24:37:578] <10945> MERCHANT PUB KEY LOAD OK []
INFO	[2015-10-10 20:24:37:578] <10945> CHKFAKE KEY MAKE OK:MjAxNTEwMTAyMDI0Mzc1NzgyNTAyMg==

INFO	[2015-10-10 20:24:37:578] <10945> END chkfake  Laptime:[0.001sec]
INFO	[2015-10-10 20:24:37:578] <10945> ===============================================================
INFO	[2015-10-10 20:25:50:679] <9587> START INIPHP securepay (V5036-141209)(OS:Linux3.14.44-32.39.amzn1.x86_64,PHP:5.3.29)
DEBUG	[2015-10-10 20:25:50:679] <9587> inipayhome:/var/www/html/nsale/shop/inicis
DEBUG	[2015-10-10 20:25:50:679] <9587> debug:false
DEBUG	[2015-10-10 20:25:50:679] <9587> type:securepay
DEBUG	[2015-10-10 20:25:50:679] <9587> pgid:INIphpISP_
DEBUG	[2015-10-10 20:25:50:679] <9587> subpgip:203.238.3.10
DEBUG	[2015-10-10 20:25:50:679] <9587> admin:1111
DEBUG	[2015-10-10 20:25:50:679] <9587> uid:
DEBUG	[2015-10-10 20:25:50:679] <9587> goodname:인터쿡 다이아몬드 스톤팬 6종
DEBUG	[2015-10-10 20:25:50:679] <9587> currency:WON
DEBUG	[2015-10-10 20:25:50:679] <9587> mid:nsalecokr0
DEBUG	[2015-10-10 20:25:50:679] <9587> rn:MjAxNTEwMTAyMDI0Mzc1NzgyNTAyMg==

DEBUG	[2015-10-10 20:25:50:679] <9587> price:48900
DEBUG	[2015-10-10 20:25:50:679] <9587> enctype:
DEBUG	[2015-10-10 20:25:50:679] <9587> buyername:이상미
DEBUG	[2015-10-10 20:25:50:679] <9587> buyertel:01094772298
DEBUG	[2015-10-10 20:25:50:679] <9587> buyeremail:6259101@naver.com
DEBUG	[2015-10-10 20:25:50:679] <9587> paymethod:VCard
DEBUG	[2015-10-10 20:25:50:679] <9587> encrypted:Version=4.1&PayMethod=VCard&RsaKeyNum=1&EncryptionAlgorithm=NONE&SignAlgorithm=SHA1WithRSAEncryption&CertVer=39&moid=2015101020222514&ver_trace=main(6097,6059)vcard(6093)card(6141,6123)n(6009)Cs(6025)Dt(6002)Pa(6002)Cf(6024)Fv(0000)La(6156)Re(6106)Vr(6007)P(6034)en(6055)&pg1=203.238.37.3&pg2=211.219.96.180&pg1ip=203.238.37.3&pg2ip=211.219.96.180&agreeflag=1111&rn=3/jEtW4vBAld6hyB2OMXR5GVmOtwojCX6Foiebakizo=
&VCode=041600370001346&VQuota=00&VNoint=0&ip=192.168.25.3&mac=20CF30AF1A2D&cardpoint=9&custemail=6259101@naver.com&price=4uDsrkVGdUYpjm3e9sgrB7OBpLxSv2re
&below1000=0&encisp=0&pgnoint=0&VKBPoint=&VSessionKey=p9Ycc2VgWHXHnB7uEYJJXNSpiArJYrFQWFBsprBJoZ8S4s3c0lFrp0t7POIzakst%0d%0aF8kjSDiyreCY2jI7I%2fRjnFD6H0UrpKJrx6XXpk%2bkNtDqTRcnJQXJV7s%2bbEdkeulP%0d%0aaJ92vifLnOihYnjxxM0o94Y%2fz1fpF65e32ez5WBOQUc%3d%0d%0a&Data=Version%3d1.0%26KeyFlag%3d1%26KeyNum%3d1%26EncryptAlgorithm%3dSEED%2dCBC%26SignAlgorithm%3d%26Data%3dapsyPHHe7Fbtd11gMFe8PD0ByATvycHhIdw4oYAjd3I6R%2fr28TYNW30l%252b7G1KHUR%250ab%2fgw%2fLoeFp6%252bGmalyIvTeNAEfjMGvsmydkB0%252b0OevHPTXczPEKCZc%252bZWHQ5aY63k%250aw5rtpq92UHVO17ejQPnZr3ExT2GquLMSUeLOYY%2fM%2fvg8gkNRo%252b3CLkoaQRuZiTFD%250aU6X7dBAzORucwEPkw%2fVrAKeqRPL0d4PKn4y9LoCNLYUKuQPoL%252bLnEhEAOdifAmZD%250acvW7jIi3iITnW37PIyAuga2qAiAEKBoQnuC1PzuhVx5Zd0JRaGMLigdJkDwND7iv%250aJ0PS4LrW2HB2hluuf245j6FhXrp85h4ctNRsr8NDkPhxtLe28JnXYXDdIEGp%2f3eJ%250ay%252bwjB9Q7d3X102VLrxnwmt7T5q%252bX4lqk6oVXiVHjZsoeBe%252b392K19rdgYZaJvvHw%250a6zRlMDxgeuAhlQ%252bNz6sGw9IMjcBZbKE6zOQ4VJGBubjqOpGjqa1z70zwDHGOnHpM%250aVCoM113PoSay%252b0B7uTdr8lxk27OCNEvUyqQus67C0nA87tCRSFPp%252bSTrRrX2pLCi%250aAXKBpyQbvBprV7ZhrCm973SMsYmR%252bPVQZo6Byogg4gY%253d%250a%26PubCert%3d&ts=151010202550lcEImLZxKWkyfvWFWy0cAw007656&src_flg=0&OSv=IE11_Win7 6.01.7601 SP1 Professional_64B (CDN) (notray:J) [nsalecokr0] (61_secuni_npapi)&ip2=58.127.133.233
DEBUG	[2015-10-10 20:25:50:679] <9587> sessionkey:VCard
DEBUG	[2015-10-10 20:25:50:679] <9587> url:http://www.nsale.co.kr
DEBUG	[2015-10-10 20:25:50:679] <9587> cardcode:11
DEBUG	[2015-10-10 20:25:50:679] <9587> parentemail:
DEBUG	[2015-10-10 20:25:50:679] <9587> recvname:이상미
DEBUG	[2015-10-10 20:25:50:679] <9587> recvtel:01094772298
DEBUG	[2015-10-10 20:25:50:679] <9587> recvaddr:전북 전주시 완산구 평화7길 40 송정써미트 104동 201호
DEBUG	[2015-10-10 20:25:50:679] <9587> recvpostnum:55124
DEBUG	[2015-10-10 20:25:50:679] <9587> recvmsg:
DEBUG	[2015-10-10 20:25:50:679] <9587> joincard:
DEBUG	[2015-10-10 20:25:50:679] <9587> joinexpire:
DEBUG	[2015-10-10 20:25:50:679] <9587> id_customer:
INFO	[2015-10-10 20:25:50:679] <9587> Check Field OK
INFO	[2015-10-10 20:25:50:679] <9587> Make TID OK INIphpISP_nsalecokr020151010202550791712
INFO	[2015-10-10 20:25:50:679] <9587> PI PUB KEY LOAD OK [39]
INFO	[2015-10-10 20:25:50:680] <9587> PG PUB KEY LOAD OK [30]
INFO	[2015-10-10 20:25:50:680] <9587> MERCHANT PRIV KEY LOAD OK
INFO	[2015-10-10 20:25:50:680] <9587> MERCHANT PUB KEY LOAD OK [0]
INFO	[2015-10-10 20:25:50:681] <9587> MAKE BODY OK
INFO	[2015-10-10 20:25:50:682] <9587> SIGN OK
INFO	[2015-10-10 20:25:50:682] <9587> MAKE HEAD OK
INFO	[2015-10-10 20:25:50:682] <9587> MSG_TO_PG:[0375400175R SHA1                   0                  39                  300200nsalecokr0               48900INIphpISP_nsalecokr020151010202550791712<?xml version="1.0" encoding="UTF-8"?>
<INIpay>
	  <GoodsInfo>
	    <GoodsCnt>1</GoodsCnt>
	    <MOID/>
	    <Currency>WON</Currency>
	    <Tax/>
	    <TaxFree/>
	    <Goods>
	      <SMID>nsalecokr0</SMID>
	      <GoodsName urlencode="1">%C0%CE%C5%CD%C4%EE+%B4%D9%C0%CC%BE%C6%B8%F3%B5%E5+%BD%BA%C5%E6%C6%D2+6%C1%BE</GoodsName>
	      <GoodsPrice>48900</GoodsPrice></Goods></GoodsInfo>
	  <BuyerInfo>
	    <BuyerName urlencode="1">%C0%CC%BB%F3%B9%CC</BuyerName>
	    <BuyerTel>01094772298</BuyerTel>
	    <BuyerEmail urlencode="1">6259101%40naver.com</BuyerEmail>
	    <ParentEmail/>
	    <RecvName urlencode="1">%C0%CC%BB%F3%B9%CC</RecvName>
	    <RecvTel urlencode="1">01094772298</RecvTel>
	    <RecvMsg/>
	    <RecvAddr urlencode="1">%C0%FC%BA%CF+%C0%FC%C1%D6%BD%C3+%BF%CF%BB%EA%B1%B8+%C6%F2%C8%AD7%B1%E6+40+%BC%DB%C1%A4%BD%E1%B9%CC%C6%AE+104%B5%BF+201%C8%A3</RecvAddr>
	    <RecvPostNum urlencode="1">55124</RecvPostNum></BuyerInfo>
	  <PaymentInfo>
	    <Payment>
	      <PayMethod>VCard</PayMethod>
	      <JoinCard/>
	      <JoinExpire/>
	      <MailOrder/>
	      <SessionKey>VCard</SessionKey>
	      <Encrypted urlencode="1">Version%3D4.1%26PayMethod%3DVCard%26RsaKeyNum%3D1%26EncryptionAlgorithm%3DNONE%26SignAlgorithm%3DSHA1WithRSAEncryption%26CertVer%3D39%26moid%3D2015101020222514%26ver_trace%3Dmain%286097%2C6059%29vcard%286093%29card%286141%2C6123%29n%286009%29Cs%286025%29Dt%286002%29Pa%286002%29Cf%286024%29Fv%280000%29La%286156%29Re%286106%29Vr%286007%29P%286034%29en%286055%29%26pg1%3D203.238.37.3%26pg2%3D211.219.96.180%26pg1ip%3D203.238.37.3%26pg2ip%3D211.219.96.180%26agreeflag%3D1111%26rn%3D3%2FjEtW4vBAld6hyB2OMXR5GVmOtwojCX6Foiebakizo%3D%0D%0A%26VCode%3D041600370001346%26VQuota%3D00%26VNoint%3D0%26ip%3D192.168.25.3%26mac%3D20CF30AF1A2D%26cardpoint%3D9%26custemail%3D6259101%40naver.com%26price%3D4uDsrkVGdUYpjm3e9sgrB7OBpLxSv2re%0D%0A%26below1000%3D0%26encisp%3D0%26pgnoint%3D0%26VKBPoint%3D%26VSessionKey%3Dp9Ycc2VgWHXHnB7uEYJJXNSpiArJYrFQWFBsprBJoZ8S4s3c0lFrp0t7POIzakst%250d%250aF8kjSDiyreCY2jI7I%252fRjnFD6H0UrpKJrx6XXpk%252bkNtDqTRcnJQXJV7s%252bbEdkeulP%250d%250aaJ92vifLnOihYnjxxM0o94Y%252fz1fpF65e32ez5WBOQUc%253d%250d%250a%26Data%3DVersion%253d1.0%2526KeyFlag%253d1%2526KeyNum%253d1%2526EncryptAlgorithm%253dSEED%252dCBC%2526SignAlgorithm%253d%2526Data%253dapsyPHHe7Fbtd11gMFe8PD0ByATvycHhIdw4oYAjd3I6R%252fr28TYNW30l%25252b7G1KHUR%25250ab%252fgw%252fLoeFp6%25252bGmalyIvTeNAEfjMGvsmydkB0%25252b0OevHPTXczPEKCZc%25252bZWHQ5aY63k%25250aw5rtpq92UHVO17ejQPnZr3ExT2GquLMSUeLOYY%252fM%252fvg8gkNRo%25252b3CLkoaQRuZiTFD%25250aU6X7dBAzORucwEPkw%252fVrAKeqRPL0d4PKn4y9LoCNLYUKuQPoL%25252bLnEhEAOdifAmZD%25250acvW7jIi3iITnW37PIyAuga2qAiAEKBoQnuC1PzuhVx5Zd0JRaGMLigdJkDwND7iv%25250aJ0PS4LrW2HB2hluuf245j6FhXrp85h4ctNRsr8NDkPhxtLe28JnXYXDdIEGp%252f3eJ%25250ay%25252bwjB9Q7d3X102VLrxnwmt7T5q%25252bX4lqk6oVXiVHjZsoeBe%25252b392K19rdgYZaJvvHw%25250a6zRlMDxgeuAhlQ%25252bNz6sGw9IMjcBZbKE6zOQ4VJGBubjqOpGjqa1z70zwDHGOnHpM%25250aVCoM113PoSay%25252b0B7uTdr8lxk27OCNEvUyqQus67C0nA87tCRSFPp%25252bSTrRrX2pLCi%25250aAXKBpyQbvBprV7ZhrCm973SMsYmR%25252bPVQZo6Byogg4gY%25253d%25250a%2526PubCert%253d%26ts%3D151010202550lcEImLZxKWkyfvWFWy0cAw007656%26src_flg%3D0%26OSv%3DIE11_Win7+6.01.7601+SP1+Professional_64B+%28CDN%29+%28notray%3AJ%29+%5Bnsalecokr0%5D+%2861_secuni_npapi%29%26ip2%3D58.127.133.233</Encrypted></Payment></PaymentInfo>
	  <ReservedInfo>
	    <MReserved1/>
	    <MReserved2/>
	    <MReserved3/></ReservedInfo>
	  <ManageInfo>
	    <Language/>
	    <URL urlencode="1">http%3A%2F%2Fwww.nsale.co.kr</URL>
	    <TXVersion>5036B141209securLinux     PHPchkfake   3.14.44-32.39.amzn1.x86_64PHP:</TXVersion>
	    <TXUserID/>
	    <TXRegNum/>
	    <Ack>1</Ack>
	    <TXRN>MjAxNTEwMTAyMDI0Mzc1NzgyNTAyMg==
</TXRN></ManageInfo></INIpay>AICWgWl6Xre4qLubBIqnN9ed8P9OFhP735yV1cE0/XHEZ3BKl4h4N+VyuKEohpaA
TBcr4sAYLFIXxjxCE+Y7lxYPAGdJILcB99PQfzdAWP3Cqr2DCAlqJhMICsrGd1pZ
djzmtOrBShavdJpMo942vRwlQfQOFQ5MDK2Z8cyXpCEN
]
INFO	[2015-10-10 20:25:50:682] <9587> DNS LOOKUP OK(203.238.37.3:203.238.37.3:34049) laptime:0
INFO	[2015-10-10 20:25:50:719] <9587> SOCKET CONNECT OK
INFO	[2015-10-10 20:25:50:719] <9587> SEND OK
INFO	[2015-10-10 20:25:52:792] <9587> RECV OK
INFO	[2015-10-10 20:25:52:792] <9587> MSG_FROM_PG:[0292900175D SHA1                   0                  39                  300210nsalecokr0               48900INIphpISP_nsalecokr020151010202550791712<?xml version="1.0" encoding="UTF-8"?>
<INIpay>
  <GoodsInfo>
    <GoodsCnt>1</GoodsCnt>
    <MOID urlencode="1">2015101020222514</MOID>
    <Currency>WON</Currency>
    <Goods no="1">
      <SMID>nsalecokr0</SMID>
      <GoodsName urlencode="1">%C0%CE%C5%CD%C4%EE+%B4%D9%C0%CC%BE%C6%B8%F3%B5%E5+%BD%BA%C5%E6%C6%D2+6%C1%BE</GoodsName>
      <GoodsCntS>1</GoodsCntS>
      <GoodsPrice>48900</GoodsPrice>
    </Goods>
  </GoodsInfo>
  <PaymentInfo>
    <Payment>
      <SessionKey>AC1si5ibVd48fckeVDv8k6MEipHDz6OpCNG8uBu+uPMCBtpaP9mLnPAg61tYpl6x
cSSW/uisWwJgSd2GahEJRCiz4tmo3Bvxfl6kGqXOZqJOxQTOwAC79QeJ4Fcwt8QA
HoU1A8cHGSXh3XaTz4eOLTz5bgrrKI4qIO272zKgz0tBAWyCGgQAQfU=
</SessionKey>
      <Encrypted>zqJICQ3QVFxNVN7n3zmb6IUmRe+uUum9NlFSYRg3b7SM2Dbe8/+1IRFH1Zb+vsw8
SRbKIWH0SRdhpHjG5xKJ2RR31e6Dh11C1U0F+52yI6hDVVbewyg/tU94SzGQv2tu
ynSCK9/9a+B9B+U5jbkOJT5hd95yr0FtsIu+t3fqavM0jQJn8iUstzVZvGJnreZK
Gcveh0xS+rZtSljk+dFnZHlJ3qrNu6NPzdEXlRSETW6gSPSJQNHmmhZBjvzMuibe
GMdl3Tm3jiEe6/csJmzG0Ninofjxa0q24dpfMP+VthVf4lCGjvCIe2wX4KWVugPt
MJ/z+nNT5Wb9bUDnBDIVQfbY/og8yAUqeAdk8KGSGfRqLohhx29hZ+e+SEwXGUGh
5QhirdRo0rZSeapxnxtrGpyHgJ9Gwe/9nqZTL3nNeE9LEtAsOca2gmbcNBZBCeql
TB412FTXzmeI2T206RzlSONnn42pLfgtJlpK94RjWpwlgxey3HQ432QoI+Gphn6I
koUzaB8bqnYmRNbd1vuo/f7yA95zQNTmB1A6gi9cvzgtKrhwg0z1HMbu5kNJvo6V
Q9Nq4sSHwa1sTEP8splbGHp2lFAjBhEwJ3/bwlGg7VDLMSqhPDc6GlJtepMiBwVV
Rb8kD/PfcqYQOD/tUdma8eTTN8orDa7FZW6hRkA3Y+oexYJcUbBtv2m+wcPQ4Pko
SISdhd+J/VflUd6uzYPwjDt+uQXBmSEmEUnBZKNBsOaG5UD8TH+ZMwKqWldjhpt0
ZdSpPXwt5LB1FjQcB33qVp9SNr+zAjBhXLwqi1D0HB9CE/eZaXdugPa5FPvbA9L3
MwoEz+5s5kXnHQsNabs6qWMkgrZWmLjsah2ir/3239zJu42SW/3g/EbsZfsE2D8u
Np/ZdR4fYa0IOVwusrzXUQ3yQKGu/FV8JD45kMYQ/nL6CnQnVfg/ln/7nv8Z8zzJ
dNQLoywfC62Ib5BzZtsuKyoVXxm8rJPJ2fak8YsPqJOi+Q/jzOubCEhz+AqM6zzx
ySHboxMUYM1l0VfvxqXV/bo8OnQkSJT7DTzfIWiunEeFKEyM7X/fUBHSSz68iGEG
kEObd8aduyLs9Ef2LGc7iktBorlpDG+Pzj8+LTl8YcvcLif7VFbpmZCwkmw/Qcm0
KVolW9ufNhB/ka95DFbwSTWAHFLq4i+Q7+TSdkFr7WkzK8R/jgkk9KnYJuK/4Luc
HBzlSmkrm5w9ged+c7fA0adSmuAbpo0EI84mSCLfoLSm8U850RCGFl3A4scsdUnw
Y6yMbdQD0qQCM7ptIwdRf+7EJWG8VAmQSDlO4lAqf6lVIDanugT/2VYr0MxQ9B1X
GIm/q9Ag8GaKujHd5AHp+M/u+pgiDKEWpztyLXedNODAOKVordGL1PZadVbn95Cx
7J+o5qRIVduoTcqYskzb3jcEwWr+0NgLffdp3vpwPOU2Zln7JbLLpqLtPocMQ0sE
rt8Kbw/4OigZ/mK5zE3Gk2lffAyq1Ea5jnsmLWTCdU4=
</Encrypted>
      <PayMethod>VCard</PayMethod>
      <ResultCode>179999</ResultCode>
      <ResultMsg urlencode="1">%B1%E2%C5%B8%BF%C0%B7%F9%281577-3033+%BF%AC%B6%F4%BF%E4%B8%C1%29</ResultMsg>
    </Payment>
  </PaymentInfo>
  <ManageInfo>
    <EventCode></EventCode>
    <OrgCurrency></OrgCurrency>
    <ExchangeRate></ExchangeRate>
    <OrgPrice></OrgPrice>
  </ManageInfo>
  <ReservedInfo>
    <MReserved1 urlencode="1"></MReserved1>
    <MReserved2 urlencode="1"></MReserved2>
    <MReserved3 urlencode="1"></MReserved3>
    <PGReserved1 urlencode="1"></PGReserved1>
    <PGReserved2 urlencode="1"></PGReserved2>
    <PGReserved3 urlencode="1"></PGReserved3>
  </ReservedInfo>
</INIpay>
mAmqJ95HPQ+JfvuJkxQwfoCcLAZlEHAm6BIbEcEsH2cVJA/W5+U27x0qIp1P0ohL
bHvx9CCiak456UHa4/DBqKfrTG3SjAt2UlqjwAFuZF+MnrfQ9WVUvRYrHqunwNmq
CPFq+VvHgvp2Y9DY/UFZP7YPM7cZvEkMZtYstEGR8Bo=
]
INFO	[2015-10-10 20:25:52:792] <9587> VERIFY OK
INFO	[2015-10-10 20:25:52:792] <9587> PARSE HEAD OK
INFO	[2015-10-10 20:25:52:793] <9587> PARSE BODY OK
INFO	[2015-10-10 20:25:52:794] <9587> DECRYPT OK
DEBUG	[2015-10-10 20:25:52:794] <9587> DECRYPT MSG:[<?xml version="1.0" encoding="UTF-8"?>
<PaymentInfo>
  <Payment>
    <EASYPAY/>
    <VCard>
      <ISP_ApplPrice>48900</ISP_ApplPrice>
      <ISP_BankCode>37</ISP_BankCode>
      <ISP_Quota>00</ISP_Quota>
      <ISP_Interest>0</ISP_Interest>
      <ISP_CardCode>11</ISP_CardCode>
      <ISP_CardNum>44778180****</ISP_CardNum>
      <ISP_Point></ISP_Point>
      <ISP_ApplDate>20151010</ISP_ApplDate>
      <ISP_ApplTime>202550</ISP_ApplTime>
      <ISP_ApplNum>00000000</ISP_ApplNum>
      <ISP_TerminalNum>0198732000</ISP_TerminalNum>
      <ISP_MemberNum></ISP_MemberNum>
      <ISP_PurchaseCode></ISP_PurchaseCode>
      <ISP_ResultCode>179999</ISP_ResultCode>
      <ISP_ResultMsg urlencode="1">%B1%E2%C5%B8%BF%C0%B7%F9%281577-3033+%BF%AC%B6%F4%BF%E4%B8%C1%29</ISP_ResultMsg>
      <ISP_PrtcCode></ISP_PrtcCode>
      <ISP_Quota_Point>00</ISP_Quota_Point>
      <ISP_CheckFlag>1</ISP_CheckFlag>
      <ISP_PurchaseName urlencode="1"></ISP_PurchaseName>
      <ISP_IssuerName urlencode="1"></ISP_IssuerName>
      <ISP_UsePoint></ISP_UsePoint>
      <ISP_CouponOnlyMer></ISP_CouponOnlyMer>
    </VCard>
  </Payment>
</PaymentInfo>]
INFO	[2015-10-10 20:25:52:795] <9587> DECRYPT PARSE OK
INFO	[2015-10-10 20:25:52:795] <9587> END securepay [179999|기타오류(1577-3033 연락요망)] Laptime:[2.116sec]
INFO	[2015-10-10 20:25:52:795] <9587> ===============================================================
INFO	[2015-10-10 20:27:00:129] <9074> START INIPHP chkfake (V5036-141209)(OS:Linux3.14.44-32.39.amzn1.x86_64,PHP:5.3.29)
DEBUG	[2015-10-10 20:27:00:129] <9074> inipayhome:/var/www/html/nsale/shop/inicis
DEBUG	[2015-10-10 20:27:00:129] <9074> debug:false
DEBUG	[2015-10-10 20:27:00:129] <9074> type:chkfake
DEBUG	[2015-10-10 20:27:00:129] <9074> enctype:asym
DEBUG	[2015-10-10 20:27:00:129] <9074> admin:1111
DEBUG	[2015-10-10 20:27:00:129] <9074> checkopt:false
DEBUG	[2015-10-10 20:27:00:129] <9074> mid:nsalecokr0
DEBUG	[2015-10-10 20:27:00:129] <9074> price:48900
DEBUG	[2015-10-10 20:27:00:129] <9074> nointerest:no
DEBUG	[2015-10-10 20:27:00:129] <9074> quotabase:선택:일시불:2개월:3개월:4개월:5개월:6개월:7개월:8개월:9개월:10개월:11개월:12개월
INFO	[2015-10-10 20:27:00:129] <9074> Check Field OK
INFO	[2015-10-10 20:27:00:129] <9074> MERCHANT PRIV KEY LOAD OK
INFO	[2015-10-10 20:27:00:129] <9074> MERCHANT PUB KEY LOAD OK []
INFO	[2015-10-10 20:27:00:130] <9074> CHKFAKE KEY MAKE OK:MjAxNTEwMTAyMDI3MDAxMjk4MjY4MQ==

INFO	[2015-10-10 20:27:00:130] <9074> END chkfake  Laptime:[0.001sec]
INFO	[2015-10-10 20:27:00:130] <9074> ===============================================================
INFO	[2015-10-10 20:31:22:317] <10945> START INIPHP securepay (V5036-141209)(OS:Linux3.14.44-32.39.amzn1.x86_64,PHP:5.3.29)
DEBUG	[2015-10-10 20:31:22:317] <10945> inipayhome:/var/www/html/nsale/shop/inicis
DEBUG	[2015-10-10 20:31:22:317] <10945> debug:false
DEBUG	[2015-10-10 20:31:22:317] <10945> type:securepay
DEBUG	[2015-10-10 20:31:22:317] <10945> pgid:INIphpISP_
DEBUG	[2015-10-10 20:31:22:317] <10945> subpgip:203.238.3.10
DEBUG	[2015-10-10 20:31:22:317] <10945> admin:1111
DEBUG	[2015-10-10 20:31:22:317] <10945> uid:
DEBUG	[2015-10-10 20:31:22:317] <10945> goodname:인터쿡 다이아몬드 스톤팬 6종
DEBUG	[2015-10-10 20:31:22:317] <10945> currency:WON
DEBUG	[2015-10-10 20:31:22:317] <10945> mid:nsalecokr0
DEBUG	[2015-10-10 20:31:22:317] <10945> rn:MjAxNTEwMTAyMDI3MDAxMjk4MjY4MQ==

DEBUG	[2015-10-10 20:31:22:317] <10945> price:48900
DEBUG	[2015-10-10 20:31:22:317] <10945> enctype:
DEBUG	[2015-10-10 20:31:22:317] <10945> buyername:이상미
DEBUG	[2015-10-10 20:31:22:317] <10945> buyertel:01094772298
DEBUG	[2015-10-10 20:31:22:317] <10945> buyeremail:6259101@naver.com
DEBUG	[2015-10-10 20:31:22:317] <10945> paymethod:VCard
DEBUG	[2015-10-10 20:31:22:317] <10945> encrypted:Version=4.1&PayMethod=VCard&RsaKeyNum=1&EncryptionAlgorithm=NONE&SignAlgorithm=SHA1WithRSAEncryption&CertVer=39&moid=2015101020255689&ver_trace=main(6097,6059)vcard(6093)card(6141,6123)n(6009)Cs(6025)Dt(6002)Pa(6002)Cf(6024)Fv(0000)La(6156)Re(6106)Vr(6007)P(6034)en(6055)&pg1=203.238.37.3&pg2=211.219.96.180&pg1ip=203.238.37.3&pg2ip=211.219.96.180&agreeflag=1111&rn=3/jEtW4vBAld6hyB2OMXRJGruqJzsjza62Q6NLaSizo=
&VCode=051600370001346&VQuota=00&VNoint=0&ip=192.168.25.3&mac=20CF30AF1A2D&cardpoint=9&custemail=6259101@naver.com&price=4uDsrkVGdUYpjm3e9sgrB7OBpLxSv2re
&below1000=0&encisp=0&pgnoint=0&VKBPoint=&VSessionKey=mYJPV8di0b2toIiX6z8qaNKrzAiJlamk%2bGrJjd6D%2fcvKUELNkymtvMmStWIWWqb%2f%0d%0a0ScxJpVuwgKpN4UyAsafzzGQSBRLgR5MqTE%2fO%2bfK37aUVjWg9GnTO%2fVJqvQ4tc%2f5%0d%0ahddRRihCC1FCtGdgoAcyYQmfp5KLTVvtygd4%2b9%2feYbo%3d%0d%0a&Data=Version%3d1.0%26KeyFlag%3d1%26KeyNum%3d1%26EncryptAlgorithm%3dSEED%2dCBC%26SignAlgorithm%3d%26Data%3dapt7v3U8Nm0xp2BzuJ9bRZnZE3Hh4iYyMspJHp8O7oNGf8Wuiiw%2fXURZ%252bqyEN3Y9%250aFXN99qB2ZjcHjd3NKb7NjCBGq8Z7YAFhj1vdFZIt3oF7%252bzeFHqcsT1%2faMEqXT68s%250afQhcyRj7AVTkgmJT1wHRRBjOAxjrNa2Y5TpgB3DDyQtg%2f%252bm6DOjB0C3QCm%2fjs%2fhx%250aFoJ%252b5emGqPQmhSMc7cTRDXfMmDBddPHi3a%2fcRjFgNibCjmZ2IwAFMpb5HawQw%252bRY%250aRU07ospSVagvYW5ggCyc4I1b5ZRmJyQhDr96sHwyFZneykiZ0gbHk4Pad1vaOH2p%250acvnD1U0233xupUGgmdWp9QFkzkwMr3PVbx3aLo%2fZNKQyMn6wBwY5PjbmvqGt%252b5mT%250aa2Y994oli3%252bZMeNH8o6RAfQd0eVJ8eN%2fiVem1cN%252bqrd3IIbk0vR%2fVeTS6DEsF9ND%250aQF6VFCivBlTiBHxqHyCNwtl97l3kaq2U8TTMDJGBc%252btco6uwjikLrPfg4m%2fZ5jBd%250a0UFboFEFDd4ulaJinQysZ55Q8ePxlWvev%2fVw4%252bdn4uKrwkw0jU41ZPFtDPToGUGX%250a%2fCEmITB6PUi%252beMpVsBMAPP0jzMCOHKZuGG3gD84y%2f0f3AP0cEYAf6HWFj1Bq4Bws%250aBRNs7SzGwGOuJeXlE7Rt1nVRULY4CrG0BjX9vvtGCYgd7Y37N7OenVm7VlU2Q2gt%250aynRClTlRgbo%252bBgRn5JKEWM8ADK%2fVC5mPC8EGa6KZnYEePdv6YVhr%2fIS9%2fUw8OI%2f7%250aXYlIszExiMscSPPGEkfFm078YjOKO4AuXiPYtCgEmboD7YK3eqoQxdpoBk8A43uq%250aAPVp4xL3vJgBTmtrt1tQ6%2fM9zexOd6scboiu03MCDvY%253d%250a%26PubCert%3d&ts=151010203122kP4wip5sx86GKXY2PHEIcQ007656&src_flg=0&OSv=IE11_Win7 6.01.7601 SP1 Professional_64B (CDN) (notray:J) [nsalecokr0] (61_secuni_npapi)&ip2=58.127.133.233
DEBUG	[2015-10-10 20:31:22:317] <10945> sessionkey:VCard
DEBUG	[2015-10-10 20:31:22:317] <10945> url:http://www.nsale.co.kr
DEBUG	[2015-10-10 20:31:22:317] <10945> cardcode:11
DEBUG	[2015-10-10 20:31:22:317] <10945> parentemail:
DEBUG	[2015-10-10 20:31:22:317] <10945> recvname:이상미
DEBUG	[2015-10-10 20:31:22:317] <10945> recvtel:01094772298
DEBUG	[2015-10-10 20:31:22:317] <10945> recvaddr:전북 전주시 완산구 평화7길 40 송정써미트 104동 201호
DEBUG	[2015-10-10 20:31:22:317] <10945> recvpostnum:55124
DEBUG	[2015-10-10 20:31:22:317] <10945> recvmsg:
DEBUG	[2015-10-10 20:31:22:317] <10945> joincard:
DEBUG	[2015-10-10 20:31:22:317] <10945> joinexpire:
DEBUG	[2015-10-10 20:31:22:317] <10945> id_customer:
INFO	[2015-10-10 20:31:22:317] <10945> Check Field OK
INFO	[2015-10-10 20:31:22:317] <10945> Make TID OK INIphpISP_nsalecokr020151010203122171354
INFO	[2015-10-10 20:31:22:317] <10945> PI PUB KEY LOAD OK [39]
INFO	[2015-10-10 20:31:22:318] <10945> PG PUB KEY LOAD OK [30]
INFO	[2015-10-10 20:31:22:318] <10945> MERCHANT PRIV KEY LOAD OK
INFO	[2015-10-10 20:31:22:318] <10945> MERCHANT PUB KEY LOAD OK [0]
INFO	[2015-10-10 20:31:22:319] <10945> MAKE BODY OK
INFO	[2015-10-10 20:31:22:319] <10945> SIGN OK
INFO	[2015-10-10 20:31:22:319] <10945> MAKE HEAD OK
INFO	[2015-10-10 20:31:22:319] <10945> MSG_TO_PG:[0409600175R SHA1                   0                  39                  300200nsalecokr0               48900INIphpISP_nsalecokr020151010203122171354<?xml version="1.0" encoding="UTF-8"?>
<INIpay>
	  <GoodsInfo>
	    <GoodsCnt>1</GoodsCnt>
	    <MOID/>
	    <Currency>WON</Currency>
	    <Tax/>
	    <TaxFree/>
	    <Goods>
	      <SMID>nsalecokr0</SMID>
	      <GoodsName urlencode="1">%C0%CE%C5%CD%C4%EE+%B4%D9%C0%CC%BE%C6%B8%F3%B5%E5+%BD%BA%C5%E6%C6%D2+6%C1%BE</GoodsName>
	      <GoodsPrice>48900</GoodsPrice></Goods></GoodsInfo>
	  <BuyerInfo>
	    <BuyerName urlencode="1">%C0%CC%BB%F3%B9%CC</BuyerName>
	    <BuyerTel>01094772298</BuyerTel>
	    <BuyerEmail urlencode="1">6259101%40naver.com</BuyerEmail>
	    <ParentEmail/>
	    <RecvName urlencode="1">%C0%CC%BB%F3%B9%CC</RecvName>
	    <RecvTel urlencode="1">01094772298</RecvTel>
	    <RecvMsg/>
	    <RecvAddr urlencode="1">%C0%FC%BA%CF+%C0%FC%C1%D6%BD%C3+%BF%CF%BB%EA%B1%B8+%C6%F2%C8%AD7%B1%E6+40+%BC%DB%C1%A4%BD%E1%B9%CC%C6%AE+104%B5%BF+201%C8%A3</RecvAddr>
	    <RecvPostNum urlencode="1">55124</RecvPostNum></BuyerInfo>
	  <PaymentInfo>
	    <Payment>
	      <PayMethod>VCard</PayMethod>
	      <JoinCard/>
	      <JoinExpire/>
	      <MailOrder/>
	      <SessionKey>VCard</SessionKey>
	      <Encrypted urlencode="1">Version%3D4.1%26PayMethod%3DVCard%26RsaKeyNum%3D1%26EncryptionAlgorithm%3DNONE%26SignAlgorithm%3DSHA1WithRSAEncryption%26CertVer%3D39%26moid%3D2015101020255689%26ver_trace%3Dmain%286097%2C6059%29vcard%286093%29card%286141%2C6123%29n%286009%29Cs%286025%29Dt%286002%29Pa%286002%29Cf%286024%29Fv%280000%29La%286156%29Re%286106%29Vr%286007%29P%286034%29en%286055%29%26pg1%3D203.238.37.3%26pg2%3D211.219.96.180%26pg1ip%3D203.238.37.3%26pg2ip%3D211.219.96.180%26agreeflag%3D1111%26rn%3D3%2FjEtW4vBAld6hyB2OMXRJGruqJzsjza62Q6NLaSizo%3D%0D%0A%26VCode%3D051600370001346%26VQuota%3D00%26VNoint%3D0%26ip%3D192.168.25.3%26mac%3D20CF30AF1A2D%26cardpoint%3D9%26custemail%3D6259101%40naver.com%26price%3D4uDsrkVGdUYpjm3e9sgrB7OBpLxSv2re%0D%0A%26below1000%3D0%26encisp%3D0%26pgnoint%3D0%26VKBPoint%3D%26VSessionKey%3DmYJPV8di0b2toIiX6z8qaNKrzAiJlamk%252bGrJjd6D%252fcvKUELNkymtvMmStWIWWqb%252f%250d%250a0ScxJpVuwgKpN4UyAsafzzGQSBRLgR5MqTE%252fO%252bfK37aUVjWg9GnTO%252fVJqvQ4tc%252f5%250d%250ahddRRihCC1FCtGdgoAcyYQmfp5KLTVvtygd4%252b9%252feYbo%253d%250d%250a%26Data%3DVersion%253d1.0%2526KeyFlag%253d1%2526KeyNum%253d1%2526EncryptAlgorithm%253dSEED%252dCBC%2526SignAlgorithm%253d%2526Data%253dapt7v3U8Nm0xp2BzuJ9bRZnZE3Hh4iYyMspJHp8O7oNGf8Wuiiw%252fXURZ%25252bqyEN3Y9%25250aFXN99qB2ZjcHjd3NKb7NjCBGq8Z7YAFhj1vdFZIt3oF7%25252bzeFHqcsT1%252faMEqXT68s%25250afQhcyRj7AVTkgmJT1wHRRBjOAxjrNa2Y5TpgB3DDyQtg%252f%25252bm6DOjB0C3QCm%252fjs%252fhx%25250aFoJ%25252b5emGqPQmhSMc7cTRDXfMmDBddPHi3a%252fcRjFgNibCjmZ2IwAFMpb5HawQw%25252bRY%25250aRU07ospSVagvYW5ggCyc4I1b5ZRmJyQhDr96sHwyFZneykiZ0gbHk4Pad1vaOH2p%25250acvnD1U0233xupUGgmdWp9QFkzkwMr3PVbx3aLo%252fZNKQyMn6wBwY5PjbmvqGt%25252b5mT%25250aa2Y994oli3%25252bZMeNH8o6RAfQd0eVJ8eN%252fiVem1cN%25252bqrd3IIbk0vR%252fVeTS6DEsF9ND%25250aQF6VFCivBlTiBHxqHyCNwtl97l3kaq2U8TTMDJGBc%25252btco6uwjikLrPfg4m%252fZ5jBd%25250a0UFboFEFDd4ulaJinQysZ55Q8ePxlWvev%252fVw4%25252bdn4uKrwkw0jU41ZPFtDPToGUGX%25250a%252fCEmITB6PUi%25252beMpVsBMAPP0jzMCOHKZuGG3gD84y%252f0f3AP0cEYAf6HWFj1Bq4Bws%25250aBRNs7SzGwGOuJeXlE7Rt1nVRULY4CrG0BjX9vvtGCYgd7Y37N7OenVm7VlU2Q2gt%25250aynRClTlRgbo%25252bBgRn5JKEWM8ADK%252fVC5mPC8EGa6KZnYEePdv6YVhr%252fIS9%252fUw8OI%252f7%25250aXYlIszExiMscSPPGEkfFm078YjOKO4AuXiPYtCgEmboD7YK3eqoQxdpoBk8A43uq%25250aAPVp4xL3vJgBTmtrt1tQ6%252fM9zexOd6scboiu03MCDvY%25253d%25250a%2526PubCert%253d%26ts%3D151010203122kP4wip5sx86GKXY2PHEIcQ007656%26src_flg%3D0%26OSv%3DIE11_Win7+6.01.7601+SP1+Professional_64B+%28CDN%29+%28notray%3AJ%29+%5Bnsalecokr0%5D+%2861_secuni_npapi%29%26ip2%3D58.127.133.233</Encrypted></Payment></PaymentInfo>
	  <ReservedInfo>
	    <MReserved1/>
	    <MReserved2/>
	    <MReserved3/></ReservedInfo>
	  <ManageInfo>
	    <Language/>
	    <URL urlencode="1">http%3A%2F%2Fwww.nsale.co.kr</URL>
	    <TXVersion>5036B141209securLinux     PHPchkfake   3.14.44-32.39.amzn1.x86_64PHP:</TXVersion>
	    <TXUserID/>
	    <TXRegNum/>
	    <Ack>1</Ack>
	    <TXRN>MjAxNTEwMTAyMDI3MDAxMjk4MjY4MQ==
</TXRN></ManageInfo></INIpay>AADUo5eywE2zu3+ut1mWCO6SJQJyZrbFnWS6W597ttV5bvMRH1A0lMlBHthxHXUv
8AZ4Ctu3inMDu+PaMrhahOClJPZvxs6TskPD2wPE1gN6bbeUmCrhb9iLzkJhu3FP
vju2ScSDfOkB8k8SMnuOdwLFoSuofPR33mGKbdhDE8p2
]
INFO	[2015-10-10 20:31:22:319] <10945> DNS LOOKUP OK(203.238.37.3:203.238.37.3:34049) laptime:0
INFO	[2015-10-10 20:31:22:357] <10945> SOCKET CONNECT OK
INFO	[2015-10-10 20:31:22:358] <10945> SEND OK
INFO	[2015-10-10 20:31:24:706] <10945> RECV OK
INFO	[2015-10-10 20:31:24:706] <10945> MSG_FROM_PG:[0283600175D SHA1                   0                  39                  300210nsalecokr0               48900INIphpISP_nsalecokr020151010203122171354<?xml version="1.0" encoding="UTF-8"?>
<INIpay>
  <GoodsInfo>
    <GoodsCnt>1</GoodsCnt>
    <MOID urlencode="1">2015101020255689</MOID>
    <Currency>WON</Currency>
    <Goods no="1">
      <SMID>nsalecokr0</SMID>
      <GoodsName urlencode="1">%C0%CE%C5%CD%C4%EE+%B4%D9%C0%CC%BE%C6%B8%F3%B5%E5+%BD%BA%C5%E6%C6%D2+6%C1%BE</GoodsName>
      <GoodsCntS>1</GoodsCntS>
      <GoodsPrice>48900</GoodsPrice>
    </Goods>
  </GoodsInfo>
  <PaymentInfo>
    <Payment>
      <SessionKey>APUXDGLaMqRdFMCGSzYEQgZX+7eLRiilzS37a2ZllsmHzPM/mXKgZ8U9l92TGgtD
KlwfxtRBN3U05f2DKkzk+nopqyVmKpeG1Iu1jQnSfAFQDzl0sIjMsRDp2rwI+rQC
jRXRoE8NjLwHRgWGGN1F7QEOova1piBRXCtU9orFuMNL59LFLO3vUfY=
</SessionKey>
      <Encrypted>Sgv0vfNRRiXjpXY8BfI6R3oJVqWapuMecqttw0RPj8SX2gMLjH5zj+CKkykshuSH
Ts+gooCU3IqR7laFxDx7xA/7MNtIvplPGwt43GSprzE9OmislzqkSnJN7Ro2aSQN
Y26RXg/Pg9m1yAJ+ge2KhjOPy3xTqC5BdBuVS5q8spwOc37FV4LRxjLDml0UKgND
a8eVG3Omh3XLe0DilWFjOW1USVXX2Qi6pzgMtMz8YfZ5moNyLiVb+bjy4aDC6F9o
9GvmIRxhf5HFyASRYjZpFTK2LlpDB77i5rV4M6TJM22FSY2omMfQvonfZi5EWyr/
9pVKuiCcbi7bG2dOSfkTO/HSWJ+ABpB/vmBAkWltm21FZO5GB1gm/6PxHGD3JB6b
tdZErjO96X2Yg85gd9jduhI1SEdBaJNc+gYdMvrF1x/lgV7dTddxDMAWcT0xcCBc
ol2CENkkXfIcRk/1li73y56f53WTmfBhp8pKQDsZEhqTROwGRncJCwHJKusNFpah
pHC32A2/rvoVEALY4tvVuf7nsaLC4tK8AF1p9ZTkApmZPZ8z46doiYVdkL7SXgha
wy4LnX1XomxfdRzE89U1oulWUjcDiv0czfJpmmmb3/l7E8/6IfcYJrPxIXPYFjyy
/uv0kpBcCr4D6KWLzB2AgMFQgLTJM3hE3XF7LPTESR3uDYL6DMF9Bjp+VGs0cQsm
sKDJosZT7z/WybVIpqvaWV9WFhNffzaisNj89v6SSpMfmmReHpGE13b/mdFl9al5
r/kQdkYelMDsDhirXxcSDyPzC7fA9QazkDtbxb14YSlBQ27fKH5Wf/Sm6DpctCF/
BmLf5/EzkMxx1ytIt6k37Qu6aOyPJoE115BKw8huqgTCVJzC9cQdez3lvti2zkAu
YKwbwa/G4pi6TNjKVQzguveRPGqnQ2PACJ/bF1MND/CibXgg6h2NIdtjw5RJaQ3w
Xxomj48sYEvTWsKdRnoh6AKeozG3i2sq0A/4jyd3Z9dzUDOfNMrZzgNPfutdg6RT
gZxdU5qwSWdbcZprtcdtikzKsCqgFfcfv64fpq3YCauCmvG3BHANMSLt5EW3I8Vi
zzGdF0jqXbmsTruuuPePfdUNXjlGO9Ye8VNKIqNskOsSdP6Ezt0ioFM4DfgTyUXC
zIMJ2NM3oYlN6DCIUf3V6y9E2L2MwdnRtHiQ+3tE9wb94uzRzmpYNt0mneFOz5k4
MBRzh1LzPE+WZRrZfr0kTOcq00lX1iSElhOdKFqHgWJ8+X6AElCl5ajmrytcA1hS
MIjLWYZ1xvh+iaPFwVXcbpWU+B4YYNo0FhV8Dpjp6uBIojayQOcmd4uRGurAngmg
F2HoQ7FRkGWQZnRECJKW0XUmUVF4v2r1mAm4RqPzlgaw/xi1HpGshXCR/Wlz6ump
Cuw8QoWgVIUEM2WStp089licT2QQhtWqza8Y5rjNGsKxpC2CtT+YbQ==
</Encrypted>
      <PayMethod>VCard</PayMethod>
      <ResultCode>170000</ResultCode>
      <ResultMsg urlencode="1">%C1%A4%BB%F3%BF%CF%B7%E1</ResultMsg>
    </Payment>
  </PaymentInfo>
  <ManageInfo>
    <EventCode></EventCode>
    <OrgCurrency></OrgCurrency>
    <ExchangeRate></ExchangeRate>
    <OrgPrice></OrgPrice>
  </ManageInfo>
  <ReservedInfo>
    <MReserved1 urlencode="1"></MReserved1>
    <MReserved2 urlencode="1"></MReserved2>
    <MReserved3 urlencode="1"></MReserved3>
    <PGReserved1 urlencode="1"></PGReserved1>
    <PGReserved2 urlencode="1"></PGReserved2>
    <PGReserved3 urlencode="1"></PGReserved3>
  </ReservedInfo>
</INIpay>
H+vNYdvs6IbNtGyg2BfidtOXDv77dGmOWAN9vKSTmsxO7MYHdA7qfZy/rPeF8+FS
YXmCaU2kktKJbsko0ZHFfIDrSvj4l7wzOW4aP29AR6XC+kBgyb3790sFqHpa1sn+
NQdbLUer9jENvLucbAEcfTp+t9+I93mS2/4uvHjEWqI=
]
INFO	[2015-10-10 20:31:24:706] <10945> VERIFY OK
INFO	[2015-10-10 20:31:24:706] <10945> PARSE HEAD OK
INFO	[2015-10-10 20:31:24:707] <10945> PARSE BODY OK
INFO	[2015-10-10 20:31:24:708] <10945> DECRYPT OK
DEBUG	[2015-10-10 20:31:24:708] <10945> DECRYPT MSG:[<?xml version="1.0" encoding="UTF-8"?>
<PaymentInfo>
  <Payment>
    <EASYPAY/>
    <VCard>
      <ISP_ApplPrice>48900</ISP_ApplPrice>
      <ISP_BankCode>37</ISP_BankCode>
      <ISP_Quota>00</ISP_Quota>
      <ISP_Interest>0</ISP_Interest>
      <ISP_CardCode>11</ISP_CardCode>
      <ISP_CardNum>51447310****</ISP_CardNum>
      <ISP_Point></ISP_Point>
      <ISP_ApplDate>20151010</ISP_ApplDate>
      <ISP_ApplTime>203122</ISP_ApplTime>
      <ISP_ApplNum>59140298</ISP_ApplNum>
      <ISP_TerminalNum>0198732000</ISP_TerminalNum>
      <ISP_MemberNum></ISP_MemberNum>
      <ISP_PurchaseCode></ISP_PurchaseCode>
      <ISP_ResultCode>170000</ISP_ResultCode>
      <ISP_ResultMsg urlencode="1">%C1%A4%BB%F3%BF%CF%B7%E1</ISP_ResultMsg>
      <ISP_PrtcCode>1</ISP_PrtcCode>
      <ISP_Quota_Point>00</ISP_Quota_Point>
      <ISP_CheckFlag>1</ISP_CheckFlag>
      <ISP_PurchaseName urlencode="1"></ISP_PurchaseName>
      <ISP_IssuerName urlencode="1"></ISP_IssuerName>
      <ISP_UsePoint></ISP_UsePoint>
      <ISP_CouponOnlyMer></ISP_CouponOnlyMer>
    </VCard>
  </Payment>
</PaymentInfo>]
INFO	[2015-10-10 20:31:24:709] <10945> DECRYPT PARSE OK
INFO	[2015-10-10 20:31:24:709] <10945> WAIT ACK INVOKING
DEBUG	[2015-10-10 20:31:24:709] <10945> MAKE HEAD OK
INFO	[2015-10-10 20:31:24:747] <10945> SUCCESS ACK INVOKING
INFO	[2015-10-10 20:31:24:748] <10945> END securepay 정상완료 Laptime:[2.431sec]
INFO	[2015-10-10 20:31:24:748] <10945> ===============================================================
INFO	[2015-10-10 20:45:41:267] <11716> START INIPHP chkfake (V5036-141209)(OS:Linux3.14.44-32.39.amzn1.x86_64,PHP:5.3.29)
DEBUG	[2015-10-10 20:45:41:267] <11716> inipayhome:/var/www/html/nsale/shop/inicis
DEBUG	[2015-10-10 20:45:41:267] <11716> debug:false
DEBUG	[2015-10-10 20:45:41:267] <11716> type:chkfake
DEBUG	[2015-10-10 20:45:41:267] <11716> enctype:asym
DEBUG	[2015-10-10 20:45:41:267] <11716> admin:1111
DEBUG	[2015-10-10 20:45:41:267] <11716> checkopt:false
DEBUG	[2015-10-10 20:45:41:267] <11716> mid:nsalecokr0
DEBUG	[2015-10-10 20:45:41:267] <11716> price:19900
DEBUG	[2015-10-10 20:45:41:267] <11716> nointerest:no
DEBUG	[2015-10-10 20:45:41:267] <11716> quotabase:선택:일시불:2개월:3개월:4개월:5개월:6개월:7개월:8개월:9개월:10개월:11개월:12개월
INFO	[2015-10-10 20:45:41:267] <11716> Check Field OK
INFO	[2015-10-10 20:45:41:267] <11716> MERCHANT PRIV KEY LOAD OK
INFO	[2015-10-10 20:45:41:267] <11716> MERCHANT PUB KEY LOAD OK []
INFO	[2015-10-10 20:45:41:268] <11716> CHKFAKE KEY MAKE OK:MjAxNTEwMTAyMDQ1NDEyNjc5MzA1NA==

INFO	[2015-10-10 20:45:41:268] <11716> END chkfake  Laptime:[0.001sec]
INFO	[2015-10-10 20:45:41:268] <11716> ===============================================================
