INFO	[2015-09-05 12:10:15:669] <19190> START INIPHP chkfake (V5036-141209)(OS:Linux3.14.44-32.39.amzn1.x86_64,PHP:5.3.29)
DEBUG	[2015-09-05 12:10:15:669] <19190> inipayhome:/var/www/html/nsale/shop/inicis
DEBUG	[2015-09-05 12:10:15:669] <19190> debug:false
DEBUG	[2015-09-05 12:10:15:669] <19190> type:chkfake
DEBUG	[2015-09-05 12:10:15:669] <19190> enctype:asym
DEBUG	[2015-09-05 12:10:15:669] <19190> admin:1111
DEBUG	[2015-09-05 12:10:15:669] <19190> checkopt:false
DEBUG	[2015-09-05 12:10:15:669] <19190> mid:nsalecokr0
DEBUG	[2015-09-05 12:10:15:669] <19190> price:24000
DEBUG	[2015-09-05 12:10:15:669] <19190> nointerest:no
DEBUG	[2015-09-05 12:10:15:669] <19190> quotabase:선택:일시불:2개월:3개월:4개월:5개월:6개월:7개월:8개월:9개월:10개월:11개월:12개월
INFO	[2015-09-05 12:10:15:669] <19190> Check Field OK
INFO	[2015-09-05 12:10:15:669] <19190> MERCHANT PRIV KEY LOAD OK
INFO	[2015-09-05 12:10:15:669] <19190> MERCHANT PUB KEY LOAD OK []
INFO	[2015-09-05 12:10:15:670] <19190> CHKFAKE KEY MAKE OK:MjAxNTA5MDUxMjEwMTU2Njk5MDA1MQ==

INFO	[2015-09-05 12:10:15:670] <19190> END chkfake  Laptime:[0.001sec]
INFO	[2015-09-05 12:10:15:670] <19190> ===============================================================
INFO	[2015-09-05 12:10:58:503] <11798> START INIPHP securepay (V5036-141209)(OS:Linux3.14.44-32.39.amzn1.x86_64,PHP:5.3.29)
DEBUG	[2015-09-05 12:10:58:503] <11798> inipayhome:/var/www/html/nsale/shop/inicis
DEBUG	[2015-09-05 12:10:58:503] <11798> debug:false
DEBUG	[2015-09-05 12:10:58:503] <11798> type:securepay
DEBUG	[2015-09-05 12:10:58:503] <11798> pgid:INIphpVBNK
DEBUG	[2015-09-05 12:10:58:503] <11798> subpgip:203.238.3.10
DEBUG	[2015-09-05 12:10:58:503] <11798> admin:1111
DEBUG	[2015-09-05 12:10:58:503] <11798> uid:
DEBUG	[2015-09-05 12:10:58:503] <11798> goodname:아사이베리 아로니아
DEBUG	[2015-09-05 12:10:58:503] <11798> currency:WON
DEBUG	[2015-09-05 12:10:58:503] <11798> mid:nsalecokr0
DEBUG	[2015-09-05 12:10:58:503] <11798> rn:MjAxNTA5MDUxMjEwMTU2Njk5MDA1MQ==

DEBUG	[2015-09-05 12:10:58:503] <11798> price:24000
DEBUG	[2015-09-05 12:10:58:503] <11798> enctype:
DEBUG	[2015-09-05 12:10:58:503] <11798> buyername:김소라
DEBUG	[2015-09-05 12:10:58:503] <11798> buyertel:01093649661
DEBUG	[2015-09-05 12:10:58:503] <11798> buyeremail:sora200168@hanmail.net
DEBUG	[2015-09-05 12:10:58:503] <11798> paymethod:VBank
DEBUG	[2015-09-05 12:10:58:503] <11798> encrypted:Version=4.1&PayMethod=VBank&RsaKeyNum=1&EncryptionAlgorithm=SEED-CBC&SignAlgorithm=RSAwithSHA1&CertVer=39&moid=2015090512094982&ver_trace=main(6097,6059)vbank(6031,6033)n(6009)Cs(6025)Dt(6002)Pa(6002)Cf(6024)Fv(0000)La(6155)Re(6105)Vr(6007)P(6034)en(6053)nP(6006)&pg1=211.219.96.180&pg2=203.238.37.3&pg1ip=211.219.96.180&pg2ip=203.238.37.3&agreeflag=1111&Data=KP4Jkchaxd56bDqlHcbnnD+d13PUV9QH+utfhgR/WJ2POhSsGcO07yKz+oHvuPOW
niV+VpoVTOIjf8F8NQ/vyr22pjozON4Gn0Y0zX2M9mbIWZ6ZUVMEaFWzbeTG8xmD
sKUH2dDKTQVXJV9D1kRUEJWOS/uIRxK9cpSu9ChbXMKI0jNk38rvmnkqdudWnZE/
8jqoDWz2qE0zxno5prq8FVG81uZJw7JI3lHh+/4u6+hdCoNl9ah0wzgSMMYzI4c0
RQeoqkzo0D4hTTqyV+zIypix+my24KAkCi1atlrR+b8fduWf1GhgQM/wJgb9Ks+G
Teeeh7hZcxd98qt/esPnCUu9ZkMiHokBCJTw/4gmSmTftw1SM2H3Q8H60NfDGDNT
7Lpm7THU5NvC0w5FSqRJnoN/21E5Aiah9Td/Vjt04419Qc9ZvjT+Z/UTMduJzc5R
kXS3QSXHC2dxXlYQ9CHDuzKmCAttTf6lcmr/CZIxnv6HMDZd7uQm6tyOM64LbqiB
sfb5R84aebbi9vb2+NhqxIwOqrq9IbtdlUdcAeBYB1Ze2w==
DEBUG	[2015-09-05 12:10:58:503] <11798> sessionkey:0+fb9IXXZPJEBWeJvd+ahz2eDGyk7PyA1cSbzSFTONKok5jV9LPRE0KU/PYmuwQp
2bjvDaq+CvW+fXsjPUVrWvYiaJp5EOk5LTA8g1UMoE9MWp5/qpozjEFOkHeV9j2h
LflmYJAn70EaUQli8RhEA27Z5p9+UF2txd2O0V3HDUA=
DEBUG	[2015-09-05 12:10:58:503] <11798> url:http://www.nsale.co.kr
DEBUG	[2015-09-05 12:10:58:503] <11798> cardcode:
DEBUG	[2015-09-05 12:10:58:503] <11798> parentemail:
DEBUG	[2015-09-05 12:10:58:503] <11798> recvname:김소라
DEBUG	[2015-09-05 12:10:58:503] <11798> recvtel:01093649661
DEBUG	[2015-09-05 12:10:58:503] <11798> recvaddr:대구 수성구 청솔로 12 미진아파트 101/605
DEBUG	[2015-09-05 12:10:58:503] <11798> recvpostnum:42144
DEBUG	[2015-09-05 12:10:58:503] <11798> recvmsg:
DEBUG	[2015-09-05 12:10:58:503] <11798> joincard:
DEBUG	[2015-09-05 12:10:58:503] <11798> joinexpire:
DEBUG	[2015-09-05 12:10:58:503] <11798> id_customer:
INFO	[2015-09-05 12:10:58:503] <11798> Check Field OK
INFO	[2015-09-05 12:10:58:503] <11798> Make TID OK INIphpVBNKnsalecokr020150905121058035347
INFO	[2015-09-05 12:10:58:503] <11798> PI PUB KEY LOAD OK [39]
INFO	[2015-09-05 12:10:58:504] <11798> PG PUB KEY LOAD OK [30]
INFO	[2015-09-05 12:10:58:504] <11798> MERCHANT PRIV KEY LOAD OK
INFO	[2015-09-05 12:10:58:504] <11798> MERCHANT PUB KEY LOAD OK [0]
INFO	[2015-09-05 12:10:58:505] <11798> MAKE BODY OK
INFO	[2015-09-05 12:10:58:505] <11798> SIGN OK
INFO	[2015-09-05 12:10:58:505] <11798> MAKE HEAD OK
INFO	[2015-09-05 12:10:58:505] <11798> MSG_TO_PG:[0283600175R SHA1                   0                  39                  300200nsalecokr0               24000INIphpVBNKnsalecokr020150905121058035347<?xml version="1.0" encoding="UTF-8"?>
<INIpay>
	  <GoodsInfo>
	    <GoodsCnt>1</GoodsCnt>
	    <MOID/>
	    <Currency>WON</Currency>
	    <Tax/>
	    <TaxFree/>
	    <Goods>
	      <SMID>nsalecokr0</SMID>
	      <GoodsName urlencode="1">%BE%C6%BB%E7%C0%CC%BA%A3%B8%AE+%BE%C6%B7%CE%B4%CF%BE%C6</GoodsName>
	      <GoodsPrice>24000</GoodsPrice></Goods></GoodsInfo>
	  <BuyerInfo>
	    <BuyerName urlencode="1">%B1%E8%BC%D2%B6%F3</BuyerName>
	    <BuyerTel>01093649661</BuyerTel>
	    <BuyerEmail urlencode="1">sora200168%40hanmail.net</BuyerEmail>
	    <ParentEmail/>
	    <RecvName urlencode="1">%B1%E8%BC%D2%B6%F3</RecvName>
	    <RecvTel urlencode="1">01093649661</RecvTel>
	    <RecvMsg/>
	    <RecvAddr urlencode="1">%B4%EB%B1%B8+%BC%F6%BC%BA%B1%B8+%C3%BB%BC%D6%B7%CE+12+%B9%CC%C1%F8%BE%C6%C6%C4%C6%AE+101%2F605</RecvAddr>
	    <RecvPostNum urlencode="1">42144</RecvPostNum></BuyerInfo>
	  <PaymentInfo>
	    <Payment>
	      <PayMethod>VBank</PayMethod>
	      <JoinCard/>
	      <JoinExpire/>
	      <MailOrder/>
	      <SessionKey>0+fb9IXXZPJEBWeJvd+ahz2eDGyk7PyA1cSbzSFTONKok5jV9LPRE0KU/PYmuwQp
2bjvDaq+CvW+fXsjPUVrWvYiaJp5EOk5LTA8g1UMoE9MWp5/qpozjEFOkHeV9j2h
LflmYJAn70EaUQli8RhEA27Z5p9+UF2txd2O0V3HDUA=</SessionKey>
	      <Encrypted urlencode="1">Version%3D4.1%26PayMethod%3DVBank%26RsaKeyNum%3D1%26EncryptionAlgorithm%3DSEED-CBC%26SignAlgorithm%3DRSAwithSHA1%26CertVer%3D39%26moid%3D2015090512094982%26ver_trace%3Dmain%286097%2C6059%29vbank%286031%2C6033%29n%286009%29Cs%286025%29Dt%286002%29Pa%286002%29Cf%286024%29Fv%280000%29La%286155%29Re%286105%29Vr%286007%29P%286034%29en%286053%29nP%286006%29%26pg1%3D211.219.96.180%26pg2%3D203.238.37.3%26pg1ip%3D211.219.96.180%26pg2ip%3D203.238.37.3%26agreeflag%3D1111%26Data%3DKP4Jkchaxd56bDqlHcbnnD%2Bd13PUV9QH%2ButfhgR%2FWJ2POhSsGcO07yKz%2BoHvuPOW%0D%0AniV%2BVpoVTOIjf8F8NQ%2Fvyr22pjozON4Gn0Y0zX2M9mbIWZ6ZUVMEaFWzbeTG8xmD%0D%0AsKUH2dDKTQVXJV9D1kRUEJWOS%2FuIRxK9cpSu9ChbXMKI0jNk38rvmnkqdudWnZE%2F%0D%0A8jqoDWz2qE0zxno5prq8FVG81uZJw7JI3lHh%2B%2F4u6%2BhdCoNl9ah0wzgSMMYzI4c0%0D%0ARQeoqkzo0D4hTTqyV%2BzIypix%2Bmy24KAkCi1atlrR%2Bb8fduWf1GhgQM%2FwJgb9Ks%2BG%0D%0ATeeeh7hZcxd98qt%2FesPnCUu9ZkMiHokBCJTw%2F4gmSmTftw1SM2H3Q8H60NfDGDNT%0D%0A7Lpm7THU5NvC0w5FSqRJnoN%2F21E5Aiah9Td%2FVjt04419Qc9ZvjT%2BZ%2FUTMduJzc5R%0D%0AkXS3QSXHC2dxXlYQ9CHDuzKmCAttTf6lcmr%2FCZIxnv6HMDZd7uQm6tyOM64LbqiB%0D%0Asfb5R84aebbi9vb2%2BNhqxIwOqrq9IbtdlUdcAeBYB1Ze2w%3D%3D</Encrypted></Payment></PaymentInfo>
	  <ReservedInfo>
	    <MReserved1/>
	    <MReserved2/>
	    <MReserved3/></ReservedInfo>
	  <ManageInfo>
	    <Language/>
	    <URL urlencode="1">http%3A%2F%2Fwww.nsale.co.kr</URL>
	    <TXVersion>5036B141209securLinux     PHPchkfake   3.14.44-32.39.amzn1.x86_64PHP:</TXVersion>
	    <TXUserID/>
	    <TXRegNum/>
	    <Ack>1</Ack>
	    <TXRN>MjAxNTA5MDUxMjEwMTU2Njk5MDA1MQ==
</TXRN></ManageInfo></INIpay>AOZ3Su8H7ScS/K8jYDuwdgpJN54gqGHVOURayQavx6nnuTqhirR/r2YkilRh1weV
upujt5VQfcG2ZblkHXF3fCJiIYgDRUtKjg2uIT5ACsMpO8P1e1rrZRQF7IOxIIpv
k8zx9Mqw4zFct6i07n8faJytaSIlUpPtJ5bi7OfIDBo5
]
INFO	[2015-09-05 12:10:58:505] <11798> DNS LOOKUP OK(211.219.96.180:211.219.96.180:34049) laptime:0
INFO	[2015-09-05 12:10:58:542] <11798> SOCKET CONNECT OK
INFO	[2015-09-05 12:10:58:542] <11798> SEND OK
INFO	[2015-09-05 12:10:58:874] <11798> RECV OK
INFO	[2015-09-05 12:10:58:874] <11798> MSG_FROM_PG:[0323600175D SHA1                   0                  39                  300210nsalecokr0               24000INIphpVBNKnsalecokr020150905121058035347<?xml version="1.0" encoding="UTF-8"?>
<INIpay>
  <GoodsInfo>
    <GoodsCnt>1</GoodsCnt>
    <MOID urlencode="1">2015090512094982</MOID>
    <Currency>WON</Currency>
    <Goods no="1">
      <SMID>nsalecokr0</SMID>
      <GoodsName urlencode="1">%BE%C6%BB%E7%C0%CC%BA%A3%B8%AE+%BE%C6%B7%CE%B4%CF%BE%C6</GoodsName>
      <GoodsCntS>1</GoodsCntS>
      <GoodsPrice>24000</GoodsPrice>
    </Goods>
  </GoodsInfo>
  <PaymentInfo>
    <Payment>
      <SessionKey>AApRxP/VgaLMALCXc3SgUaohfYDWabbARW+V/FvBKqruqvnO+uCkXD4FUGlaPZOo
LKpG+XisacL4B4jr79lw5TnwZciFjSq9EXDlSOfIm/707S3CXy7PToYQqHV2ZUN7
76dwMc1Gk3xe4z2VxiMqzk6ng0MY4DYhWPGaaQwmThC+++ESOMPvz8U=
</SessionKey>
      <Encrypted>pjPZ1liDDCtl1l0ir1TZHLNHpLgurtTue736L0d4++965ji2tknJrZS0WI4VqbXm
R6YxPGhAC1apcPZwNs1t6HmN30muvLq+tPTs49lK6TwVbrNK7krlOYqWXySW99NO
lh0htmflCu6A81QWNYhAS4YcAsKLEJE67MayOzqfhqEuzGHXuXu1L9CeJyE6QeXc
SVeJUTXYMVk4jB2RbT0hImSdu/yar1wMD9GdIJ/pXqB8+AWfmC2+chzX9jU9wN12
ElL+zevlTOgHd6OdMMz1iEnn/DkSNIk9wrrFUl7pWyykEUESZ8R4bgBIGU4rzEkB
6aBnpH4eDVIAIZVDCIB5aDXb6SWdMFf8GugBXaNbQcm3f8JAhKg2JrVoEiAmcJyy
PRtNqSrsjb4mubVIsh1U4cFnYVMKdOWG4/Bk57k7RNlIUz284myAAGPEJWsS9YUO
xL5CUmYbkgOhwHvNIXtUyVqNmGBDST1owuOWbIvXtOiOZKFkjjeVkSOdz88FOwqZ
Zk2UITMGWwcPbiXlolL90EGfiLYLiBvW7NkRk3fTkD8FDbz3XFZToparFAmwzryh
ygU0RiKdTYXOELhHCgrw/JgzTCJcijsqY1uroISxIaFD0aLpwUmrKAItu4N1qj3F
pmzMP9JYc8gYDflf9p/rWSpTIg4nnpBUP36FkELzeXwTtMhCcvjzIDBYc9aJG7+a
rMj9kNbmiLOkWzNbbFv07TQzfswlFl0wuB7cZGkJRRWf2KfuuknPucBLIWpUKoy4
TmhE+JRmLYfKdspXvBY0ncTJ6GyEw7dfi08B2FhImqschhqKLdLzMHk63beUCT19
M0WaYwVSlg1J/g+UxIqH/bO7eSpDm4mZiy6dKuLSmeqlU8DqKm/JHrkgDRUQLXyY
hyhuwf8Pql4sda85fgJfUtqo/BdZ/BfsClMbak24F7VShRTDo1glpYT3dBjEbO47
dTvP7yn3HQDcwyNrvg9A07PIgdfFJO2iegkVyrJO8Y5QPlZQCpTIXL5JnolfVdQl
Pt/6pfXC5ggwHahLnqTaP6A+0AvftjaDs0BoG0VeKHt5+DQK+2WrX14p/WFpKvyl
ukJSh5/CfKrOoZHv0wDlYZeuHUJdxWUigD/I9EsaM35DzpvviRXVR/4igfjz23Jy
re9Ea9+vmVSPwTCvtEKYANlG2so7nwY7GkogrSAVAyXG2LzRduuTna/OAWPMitgs
u/FJ6ryZ8mAJdlwbNgf5dIVjaZJ+ujvqkn4thXYELnbZFTLh3b6gQ6b9fR9zjVQc
Mr9kuMrjnSlTsOFweIu/ws1ft7dSvbyZLyEpn4ME6Aj9aiD9Cszwa/0iGjJ0RxsL
sygm7mDaD8fHzMgmie26yv2YalddWyGNLUCAgJuLTTfqn/96XDYrIMJmnuhbPv9d
sExo4WBxrk464NO+aEJGVb7rQ14WqmEHcFlUGUf//5RkwFBA+YjCz0t5gWRe+U7e
g4J7D/gui+NAYmqZsovU6RHiLT0sx0zD681kckMEWz8VHWfWdv5UD2ZmtUIuykzO
5L9KJVLtqFcpHZVlYpBUHQ7B+r6D8BGwkQtJek1uMkii+/FkeoIEmxAIvyjFlFSF
qpFdmAofqopIaLjaSh+f6P+H5/FCVMbD5kBmB/st7Pe+GKFt5DhQI/Rjw6yD+nL+
p0+m4oh8qKNlKDgJ71wby71RLFlYqJUrriDytisr0M48QRhZURqGDj8b8gNzCI3H
pmRecybZXUja+xQ3jhRPCXuQWQyIabCzz9jymaiMeCVNeYJRktwrlcOlHITx42QJ
RMxckvoYPxXshSF1Tg0tjCHxCYd9WViKbiaXB5piuLMkPVB+++OQcQ==
</Encrypted>
      <PayMethod>VBank</PayMethod>
      <ResultCode>170000</ResultCode>
      <ResultMsg urlencode="1">%C1%A4%BB%F3%C3%B3%B8%AE%B5%C7%BE%FA%BD%C0%B4%CF%B4%D9.</ResultMsg>
    </Payment>
  </PaymentInfo>
  <ManageInfo>
    <EventCode></EventCode>
    <OrgCurrency></OrgCurrency>
    <ExchangeRate></ExchangeRate>
    <OrgPrice></OrgPrice>
  </ManageInfo>
  <ReservedInfo>
    <MReserved1 urlencode="1"></MReserved1>
    <MReserved2 urlencode="1"></MReserved2>
    <MReserved3 urlencode="1"></MReserved3>
    <PGReserved1 urlencode="1"></PGReserved1>
    <PGReserved2 urlencode="1"></PGReserved2>
    <PGReserved3 urlencode="1"></PGReserved3>
  </ReservedInfo>
</INIpay>
fvMwR8VB2kw+vaEP3QvSKRAuEuJgO5+Cl3Sw/yulbAgVJGgEMPGaDOSMiK8WO9tR
H/sNLUjarx+XObL4clEBobtJY4rpLnADOZabu5KkN42uglFDOvpWCMX0HN94mPRA
INFkhzHZycDjrSuA8L2lO9/otmzbJK1BH57xVTXXF7s=
]
INFO	[2015-09-05 12:10:58:874] <11798> VERIFY OK
INFO	[2015-09-05 12:10:58:874] <11798> PARSE HEAD OK
INFO	[2015-09-05 12:10:58:875] <11798> PARSE BODY OK
INFO	[2015-09-05 12:10:58:876] <11798> DECRYPT OK
DEBUG	[2015-09-05 12:10:58:876] <11798> DECRYPT MSG:[<?xml version="1.0" encoding="UTF-8"?>
<PaymentInfo>
  <Payment>
    <EASYPAY/>
    <VBank>
      <VACT_Num>9600366897660</VACT_Num>
      <VACT_BankCode>31</VACT_BankCode>
      <VACT_Date>20150912</VACT_Date>
      <VACT_Time></VACT_Time>
      <VACT_InputName urlencode="1">%B1%E8%BC%D2%B6%F3</VACT_InputName>
      <VACT_Name urlencode="1">%BF%CD%BF%EC%BA%A5%C3%B3%BD%BA</VACT_Name>
      <VACT_RefundName urlencode="1"></VACT_RefundName>
      <VACT_RefundBankCode></VACT_RefundBankCode>
      <VACT_RefundNum></VACT_RefundNum>
      <VACT_ApplPrice>24000</VACT_ApplPrice>
      <VACT_ApplDate>20150905</VACT_ApplDate>
      <VACT_ApplTime>121058</VACT_ApplTime>
      <VACT_ResultCode>170000</VACT_ResultCode>
      <VACT_ResultMsg urlencode="1">%C1%A4%BB%F3%C3%B3%B8%AE%B5%C7%BE%FA%BD%C0%B4%CF%B4%D9.</VACT_ResultMsg>
    </VBank>
    <CASH>
      <CSHR_ApplPrice>24000</CSHR_ApplPrice>
      <CSHR_SupplyPrice>21818</CSHR_SupplyPrice>
      <CSHR_Tax>2182</CSHR_Tax>
      <CSHR_ServicePrice>0</CSHR_ServicePrice>
      <CSHR_Type>0</CSHR_Type>
      <CSHR_ApplDate>20150905</CSHR_ApplDate>
      <CSHR_ApplTime>121058</CSHR_ApplTime>
      <CSHR_ApplNum></CSHR_ApplNum>
      <CSHR_ResultCode>220000</CSHR_ResultCode>
      <CSHR_ResultMsg urlencode="1">%C1%A4%BB%F3%C3%B3%B8%AE%B5%C7%BE%FA%BD%C0%B4%CF%B4%D9.</CSHR_ResultMsg>
    </CASH>
  </Payment>
</PaymentInfo>]
INFO	[2015-09-05 12:10:58:877] <11798> DECRYPT PARSE OK
INFO	[2015-09-05 12:10:58:877] <11798> WAIT ACK INVOKING
DEBUG	[2015-09-05 12:10:58:877] <11798> MAKE HEAD OK
INFO	[2015-09-05 12:10:58:914] <11798> SUCCESS ACK INVOKING
INFO	[2015-09-05 12:10:58:914] <11798> END securepay 정상처리되었습니다. Laptime:[0.411sec]
INFO	[2015-09-05 12:10:58:914] <11798> ===============================================================
INFO	[2015-09-05 13:43:58:667] <16057> START INIPHP chkfake (V5036-141209)(OS:Linux3.14.44-32.39.amzn1.x86_64,PHP:5.3.29)
DEBUG	[2015-09-05 13:43:58:668] <16057> inipayhome:/var/www/html/nsale/shop/inicis
DEBUG	[2015-09-05 13:43:58:668] <16057> debug:false
DEBUG	[2015-09-05 13:43:58:668] <16057> type:chkfake
DEBUG	[2015-09-05 13:43:58:668] <16057> enctype:asym
DEBUG	[2015-09-05 13:43:58:668] <16057> admin:1111
DEBUG	[2015-09-05 13:43:58:668] <16057> checkopt:false
DEBUG	[2015-09-05 13:43:58:668] <16057> mid:nsalecokr0
DEBUG	[2015-09-05 13:43:58:668] <16057> price:82800
DEBUG	[2015-09-05 13:43:58:668] <16057> nointerest:no
DEBUG	[2015-09-05 13:43:58:668] <16057> quotabase:선택:일시불:2개월:3개월:4개월:5개월:6개월:7개월:8개월:9개월:10개월:11개월:12개월
INFO	[2015-09-05 13:43:58:668] <16057> Check Field OK
INFO	[2015-09-05 13:43:58:668] <16057> MERCHANT PRIV KEY LOAD OK
INFO	[2015-09-05 13:43:58:668] <16057> MERCHANT PUB KEY LOAD OK []
INFO	[2015-09-05 13:43:58:669] <16057> CHKFAKE KEY MAKE OK:MjAxNTA5MDUxMzQzNTg2Njg2MTI0MA==

INFO	[2015-09-05 13:43:58:669] <16057> END chkfake  Laptime:[0.001sec]
INFO	[2015-09-05 13:43:58:669] <16057> ===============================================================
INFO	[2015-09-05 13:45:03:340] <18118> START INIPHP chkfake (V5036-141209)(OS:Linux3.14.44-32.39.amzn1.x86_64,PHP:5.3.29)
DEBUG	[2015-09-05 13:45:03:340] <18118> inipayhome:/var/www/html/nsale/shop/inicis
DEBUG	[2015-09-05 13:45:03:340] <18118> debug:false
DEBUG	[2015-09-05 13:45:03:340] <18118> type:chkfake
DEBUG	[2015-09-05 13:45:03:340] <18118> enctype:asym
DEBUG	[2015-09-05 13:45:03:340] <18118> admin:1111
DEBUG	[2015-09-05 13:45:03:340] <18118> checkopt:false
DEBUG	[2015-09-05 13:45:03:340] <18118> mid:nsalecokr0
DEBUG	[2015-09-05 13:45:03:340] <18118> price:82800
DEBUG	[2015-09-05 13:45:03:340] <18118> nointerest:no
DEBUG	[2015-09-05 13:45:03:340] <18118> quotabase:선택:일시불:2개월:3개월:4개월:5개월:6개월:7개월:8개월:9개월:10개월:11개월:12개월
INFO	[2015-09-05 13:45:03:340] <18118> Check Field OK
INFO	[2015-09-05 13:45:03:340] <18118> MERCHANT PRIV KEY LOAD OK
INFO	[2015-09-05 13:45:03:340] <18118> MERCHANT PUB KEY LOAD OK []
INFO	[2015-09-05 13:45:03:341] <18118> CHKFAKE KEY MAKE OK:MjAxNTA5MDUxMzQ1MDMzNDA5MDgwNw==

INFO	[2015-09-05 13:45:03:341] <18118> END chkfake  Laptime:[0.001sec]
INFO	[2015-09-05 13:45:03:341] <18118> ===============================================================
INFO	[2015-09-05 13:46:21:215] <18536> START INIPHP securepay (V5036-141209)(OS:Linux3.14.44-32.39.amzn1.x86_64,PHP:5.3.29)
DEBUG	[2015-09-05 13:46:21:215] <18536> inipayhome:/var/www/html/nsale/shop/inicis
DEBUG	[2015-09-05 13:46:21:215] <18536> debug:false
DEBUG	[2015-09-05 13:46:21:215] <18536> type:securepay
DEBUG	[2015-09-05 13:46:21:215] <18536> pgid:INIphpVBNK
DEBUG	[2015-09-05 13:46:21:215] <18536> subpgip:203.238.3.10
DEBUG	[2015-09-05 13:46:21:215] <18536> admin:1111
DEBUG	[2015-09-05 13:46:21:215] <18536> uid:
DEBUG	[2015-09-05 13:46:21:215] <18536> goodname:더블유랩 달팽이 동안크림: 동안미백크림+만족도굿!
DEBUG	[2015-09-05 13:46:21:215] <18536> currency:WON
DEBUG	[2015-09-05 13:46:21:215] <18536> mid:nsalecokr0
DEBUG	[2015-09-05 13:46:21:215] <18536> rn:MjAxNTA5MDUxMzQ1MDMzNDA5MDgwNw==

DEBUG	[2015-09-05 13:46:21:215] <18536> price:82800
DEBUG	[2015-09-05 13:46:21:215] <18536> enctype:
DEBUG	[2015-09-05 13:46:21:215] <18536> buyername:신정림
DEBUG	[2015-09-05 13:46:21:215] <18536> buyertel:01054295160
DEBUG	[2015-09-05 13:46:21:215] <18536> buyeremail:7886@hanmail.net
DEBUG	[2015-09-05 13:46:21:215] <18536> paymethod:VBank
DEBUG	[2015-09-05 13:46:21:215] <18536> encrypted:Version=4.1&PayMethod=VBank&RsaKeyNum=1&EncryptionAlgorithm=SEED-CBC&SignAlgorithm=RSAwithSHA1&CertVer=39&moid=2015090513440524&ver_trace=main(6097,6059)vbank(6031,6033)n(6009)Cs(6025)Dt(6002)Pa(6002)Cf(6024)Fv(0000)La(6155)Re(6105)Vr(6007)P(6034)en(6053)nP(6006)&pg1=203.238.37.3&pg2=211.219.96.180&pg1ip=203.238.37.3&pg2ip=211.219.96.180&agreeflag=1111&Data=SM85g7m9UQ+FlEozRjyL7j+rsM2/cIhXNY8V09ku3h6CljZz1YRWpef6hCueXa6N
j4nRlWKOjHzGSmRCRrtXatqjXMjnzTmvdcBSRRfGlYV8ZcnP67aLxHGtRkFUtSgr
rOoM8RK1/drb3nE70AVTXYVCSB7sIsxy1Ekba0BbsaGMcdNVeqXVXRZk4dEpGW+4
AZa+z5hB8ojXRnoi0AMj5LdYHL24GSommst4LdOPUiDzIxCjeQ1pN7XdjwjF39g1
dz+7m5/IDgomZiIa7DCk6sy0lfk/Ih5G1gCQdc2vXg5At9WizhUlNApWnTVzDQsi
ujOABBmtf+T90BXxjxhkznVm8oL9WkijroyMRSR5IVLrOJt8Tlb39YgqUwVIh455
sBGfOziz9/JzaKjv1DZ9GQaeRBXco39xpHnMi4ihs0O4hTfMsUXAJrEsixJUVxVc
9o7XFVQihfVDY5ZTKx/om4ypNE2oOGVdmi3IcIT/qGOMrqtbBeJ5sIxXuoQaFLD1
Q+oi1NBdQW0SYo7ykBCT
DEBUG	[2015-09-05 13:46:21:215] <18536> sessionkey:jgB6k7dvElvgZpuVrINTuIZ9+piveid164L8rF5QlOzlnQ9GEPSRqf7pLJvCafNn
BruBHcfdxgS5cpLuTf7yeInySu6oLpOg18gyIy2ZrE1LoXpXxbuZp/gcciagXUrv
Zt6wWY4l7Vx7/t189nrjinud1Ge7xkf04ckgkqtEeWM=
DEBUG	[2015-09-05 13:46:21:215] <18536> url:http://www.nsale.co.kr
DEBUG	[2015-09-05 13:46:21:215] <18536> cardcode:
DEBUG	[2015-09-05 13:46:21:215] <18536> parentemail:
DEBUG	[2015-09-05 13:46:21:215] <18536> recvname:신정림
DEBUG	[2015-09-05 13:46:21:215] <18536> recvtel:01054295160
DEBUG	[2015-09-05 13:46:21:215] <18536> recvaddr:충남 아산시 충무로 6 봉구스밥버거
DEBUG	[2015-09-05 13:46:21:215] <18536> recvpostnum:31514
DEBUG	[2015-09-05 13:46:21:215] <18536> recvmsg:
DEBUG	[2015-09-05 13:46:21:215] <18536> joincard:
DEBUG	[2015-09-05 13:46:21:215] <18536> joinexpire:
DEBUG	[2015-09-05 13:46:21:215] <18536> id_customer:
INFO	[2015-09-05 13:46:21:215] <18536> Check Field OK
INFO	[2015-09-05 13:46:21:215] <18536> Make TID OK INIphpVBNKnsalecokr020150905134621151746
INFO	[2015-09-05 13:46:21:215] <18536> PI PUB KEY LOAD OK [39]
INFO	[2015-09-05 13:46:21:215] <18536> PG PUB KEY LOAD OK [30]
INFO	[2015-09-05 13:46:21:216] <18536> MERCHANT PRIV KEY LOAD OK
INFO	[2015-09-05 13:46:21:216] <18536> MERCHANT PUB KEY LOAD OK [0]
INFO	[2015-09-05 13:46:21:216] <18536> MAKE BODY OK
INFO	[2015-09-05 13:46:21:217] <18536> SIGN OK
INFO	[2015-09-05 13:46:21:217] <18536> MAKE HEAD OK
INFO	[2015-09-05 13:46:21:217] <18536> MSG_TO_PG:[0285600175R SHA1                   0                  39                  300200nsalecokr0               82800INIphpVBNKnsalecokr020150905134621151746<?xml version="1.0" encoding="UTF-8"?>
<INIpay>
	  <GoodsInfo>
	    <GoodsCnt>1</GoodsCnt>
	    <MOID/>
	    <Currency>WON</Currency>
	    <Tax/>
	    <TaxFree/>
	    <Goods>
	      <SMID>nsalecokr0</SMID>
	      <GoodsName urlencode="1">%B4%F5%BA%ED%C0%AF%B7%A6+%B4%DE%C6%D8%C0%CC+%B5%BF%BE%C8%C5%A9%B8%B2%3A+%B5%BF%BE%C8%B9%CC%B9%E9%C5%A9%B8%B2%2B%B8%B8%C1%B7%B5%B5%B1%C2%21</GoodsName>
	      <GoodsPrice>82800</GoodsPrice></Goods></GoodsInfo>
	  <BuyerInfo>
	    <BuyerName urlencode="1">%BD%C5%C1%A4%B8%B2</BuyerName>
	    <BuyerTel>01054295160</BuyerTel>
	    <BuyerEmail urlencode="1">7886%40hanmail.net</BuyerEmail>
	    <ParentEmail/>
	    <RecvName urlencode="1">%BD%C5%C1%A4%B8%B2</RecvName>
	    <RecvTel urlencode="1">01054295160</RecvTel>
	    <RecvMsg/>
	    <RecvAddr urlencode="1">%C3%E6%B3%B2+%BE%C6%BB%EA%BD%C3+%C3%E6%B9%AB%B7%CE+6+%BA%C0%B1%B8%BD%BA%B9%E4%B9%F6%B0%C5</RecvAddr>
	    <RecvPostNum urlencode="1">31514</RecvPostNum></BuyerInfo>
	  <PaymentInfo>
	    <Payment>
	      <PayMethod>VBank</PayMethod>
	      <JoinCard/>
	      <JoinExpire/>
	      <MailOrder/>
	      <SessionKey>jgB6k7dvElvgZpuVrINTuIZ9+piveid164L8rF5QlOzlnQ9GEPSRqf7pLJvCafNn
BruBHcfdxgS5cpLuTf7yeInySu6oLpOg18gyIy2ZrE1LoXpXxbuZp/gcciagXUrv
Zt6wWY4l7Vx7/t189nrjinud1Ge7xkf04ckgkqtEeWM=</SessionKey>
	      <Encrypted urlencode="1">Version%3D4.1%26PayMethod%3DVBank%26RsaKeyNum%3D1%26EncryptionAlgorithm%3DSEED-CBC%26SignAlgorithm%3DRSAwithSHA1%26CertVer%3D39%26moid%3D2015090513440524%26ver_trace%3Dmain%286097%2C6059%29vbank%286031%2C6033%29n%286009%29Cs%286025%29Dt%286002%29Pa%286002%29Cf%286024%29Fv%280000%29La%286155%29Re%286105%29Vr%286007%29P%286034%29en%286053%29nP%286006%29%26pg1%3D203.238.37.3%26pg2%3D211.219.96.180%26pg1ip%3D203.238.37.3%26pg2ip%3D211.219.96.180%26agreeflag%3D1111%26Data%3DSM85g7m9UQ%2BFlEozRjyL7j%2BrsM2%2FcIhXNY8V09ku3h6CljZz1YRWpef6hCueXa6N%0D%0Aj4nRlWKOjHzGSmRCRrtXatqjXMjnzTmvdcBSRRfGlYV8ZcnP67aLxHGtRkFUtSgr%0D%0ArOoM8RK1%2Fdrb3nE70AVTXYVCSB7sIsxy1Ekba0BbsaGMcdNVeqXVXRZk4dEpGW%2B4%0D%0AAZa%2Bz5hB8ojXRnoi0AMj5LdYHL24GSommst4LdOPUiDzIxCjeQ1pN7XdjwjF39g1%0D%0Adz%2B7m5%2FIDgomZiIa7DCk6sy0lfk%2FIh5G1gCQdc2vXg5At9WizhUlNApWnTVzDQsi%0D%0AujOABBmtf%2BT90BXxjxhkznVm8oL9WkijroyMRSR5IVLrOJt8Tlb39YgqUwVIh455%0D%0AsBGfOziz9%2FJzaKjv1DZ9GQaeRBXco39xpHnMi4ihs0O4hTfMsUXAJrEsixJUVxVc%0D%0A9o7XFVQihfVDY5ZTKx%2Fom4ypNE2oOGVdmi3IcIT%2FqGOMrqtbBeJ5sIxXuoQaFLD1%0D%0AQ%2Boi1NBdQW0SYo7ykBCT</Encrypted></Payment></PaymentInfo>
	  <ReservedInfo>
	    <MReserved1/>
	    <MReserved2/>
	    <MReserved3/></ReservedInfo>
	  <ManageInfo>
	    <Language/>
	    <URL urlencode="1">http%3A%2F%2Fwww.nsale.co.kr</URL>
	    <TXVersion>5036B141209securLinux     PHPchkfake   3.14.44-32.39.amzn1.x86_64PHP:</TXVersion>
	    <TXUserID/>
	    <TXRegNum/>
	    <Ack>1</Ack>
	    <TXRN>MjAxNTA5MDUxMzQ1MDMzNDA5MDgwNw==
</TXRN></ManageInfo></INIpay>AMsvaG7azrECDHmIv/dFYahHFKRICg5pRyUThwwIjDDiH2OvTqAKMyT1e4GbmCba
yTWKIlt/IGR0suWFmEE6JhGX6QCEBT5aHufqdhetvr8eO6TsXzaAKv0Eke8/Mm0Z
mWJqkxBRoIkpaWXH36HFNZbzhsuiVmKcZmChaiEKQ7zz
]
INFO	[2015-09-05 13:46:21:217] <18536> DNS LOOKUP OK(203.238.37.3:203.238.37.3:34049) laptime:0
INFO	[2015-09-05 13:46:21:255] <18536> SOCKET CONNECT OK
INFO	[2015-09-05 13:46:21:255] <18536> SEND OK
INFO	[2015-09-05 13:46:21:534] <18536> RECV OK
INFO	[2015-09-05 13:46:21:534] <18536> MSG_FROM_PG:[0331900175D SHA1                   0                  39                  300210nsalecokr0               82800INIphpVBNKnsalecokr020150905134621151746<?xml version="1.0" encoding="UTF-8"?>
<INIpay>
  <GoodsInfo>
    <GoodsCnt>1</GoodsCnt>
    <MOID urlencode="1">2015090513440524</MOID>
    <Currency>WON</Currency>
    <Goods no="1">
      <SMID>nsalecokr0</SMID>
      <GoodsName urlencode="1">%B4%F5%BA%ED%C0%AF%B7%A6+%B4%DE%C6%D8%C0%CC+%B5%BF%BE%C8%C5%A9%B8%B2%3A+%B5%BF%BE%C8%B9%CC%B9%E9%C5%A9%B8%B2%2B%B8%B8%C1%B7%B5%B5%B1%C2%21</GoodsName>
      <GoodsCntS>1</GoodsCntS>
      <GoodsPrice>82800</GoodsPrice>
    </Goods>
  </GoodsInfo>
  <PaymentInfo>
    <Payment>
      <SessionKey>AKw7v1lOGBNQ0+Kq1j8Q7plzPx1ba9AFA6Enxm8NdHKS6KcmyIFsamACFmq6bLWD
B07IVzleypyB/MVfkG8csa6J9gersZxbX/7lNyqNlC9vO22iORAf5XZubreHGIVC
r+77eBgqWflX9F1ASbDFXyzfZOp5pPl9gLAdzH/dAa4rBX7OgcsciUw=
</SessionKey>
      <Encrypted>wrYr9tkjU/PQY3Odd3GvNuJgOgTUokjghBBVoZtRqs0poYOFtIlX40Y8k6TvND0c
bYxTeD4Ul7Xao35wZDKpfHJs+40ah3eBKo30xbkIRuq/NUuOOzWCKOhQCMT/b6aX
/wcm4V8F9c5pypOzpsto+jDEXLzLBH9/Ky8IX26NpA/MG6UVIch/RwHHdhUUt9TR
ieX9ubNuQxBasIbyiVak2deHAdfdsh0RpcwR1Yv0RhaOGzwXtRzzzjv5KlrUyDI4
nc8BOFN3eIs9Rd2KZiLc2fyGJFZCWCrqR/QeTIiMQ1KSV5JQg868m4RXKSoCMjx/
2184jSvEqgSj/BrKK+4I6BhtK3Lxn748EAV4hvhnDsvC1L3GQalfrPfRiv6CSQlm
gZRfyRK4K9RNiykF5CmbrjOzljvaEoIRAm1WyTpQLJ0oH0QpXYHX6ub/MVYELbXE
AZwY2izZTq7ibx+4uO08yL62snzKUg+xxLyDhpAP11mhxF/TF2CRNN/FbqNcbXg0
zLX50quIZKP2N4g4m5bWVlsPFREim8NW2WCSog/ywGhBxWg1fSjMOBz0yIwg9/Ym
iPgx1aJTTid2GdeAYLVvTY+VEhVeHz9Y4SR4j7biEdcHP5tGBHxhll5CMxLFCstl
9Mw2Lf45R1Mw1Hy6l4T1GdIup+fsoYae6R/mBEKlGdl9cbHhljdpPMGGlJD+VYv5
SFUAWbqcQyKNKzOidTXfwBWOiSuF/RTtHVIoNraod1ctjBliIQT2IsMlGmCdq3gX
oQ55PKfMLYoiKy+TVbUYddyF6xWPPR0FQuTYw2ggMHGZT37puzWShyNQXjddfQ18
tuhXvOAZ5TV1RToZ5h4tF3PurUfYfhKOLE0VftKQY5Ay15WyxxVnbPJevCMOf24B
ROYIYqwwNavMoMjo/75+prlOdeReyBHpp2B+qz8XazlL+nYHkz9P73v1h2RCdodq
NzarFHG7wwuJZYEKfLCwnr+cpOXmKSpXAiAaUlXSO235zmRNFlTuWsUNigt+jS6X
X6i1WRzwiD38lD0lqo6WHjVTYtfJAiJWzAebFo3VeyJ1QcnhkrgzoWpf80s+xEzl
MVU/ZMg9hMeB1ibMs3EhVKKayzh4zKQWMTfdhxu7Rutc7VoKmUpyxbNrMAQdVv0C
8F832iLNwIWbJOcg/rOJ0jNjbKyA9ertl1kYxAm8f37RENM51GmR5HBiLY2yt1xZ
0qZLFVJZ82g346+I06RPP2I+3X3jPxMCfO1UI8mWcOQr6jzxbs6nP8oc1btwkCMy
9v3mrHmHNHlEHDsNyQn1jssDGHvHi+s/3ZIFMqCcuALwBlRroQtXEjNQBS0DHWsw
oHxPTHKWKzHjd5wn2t6n3qLwUhsLhVmabsaJZwDMnxxGs0q22Hvux13RlVCfMdwq
JGy/eYD8Z21tZh5geIqJDlprbHDhR1LlC7de9R2QMnnKaoSF4WeQGV0k2Y/Pywaz
8l/7xl5mRqApjRrLTjGsbXU3xuXVrq76+1LqPn9Ufc/GPxf3DEBHh8lVcB8NlQ+9
aHlpyPisS8V21OH6mOrmoi9mc50mVtWd2/GO5Ld7djSWXh4ozDUtj9mygDpICPN/
0VUnVzF4lJCh9GMzGPZMXyCa7ZxYFrJIE0T4/kEOF/U7bnho1e5VICXx2TM4Uyba
7FFoL9pOj76aI56yIVeygKs+aA7ky97rLCa6HORs0CC6AM9Qv2VjCohyevz8Ils4
1vUkBCEjnXPXoRdRKnuI4YdLPTIGSfK0QLFx8rE/uljAdNoalw2bcs0Frov4dApd
FuQ6UBdcB/XOwrWwyw8H3jyBkqrGIpFp931LI7pl25SpE2bFP1q2XQ==
</Encrypted>
      <PayMethod>VBank</PayMethod>
      <ResultCode>170000</ResultCode>
      <ResultMsg urlencode="1">%C1%A4%BB%F3%C3%B3%B8%AE%B5%C7%BE%FA%BD%C0%B4%CF%B4%D9.</ResultMsg>
    </Payment>
  </PaymentInfo>
  <ManageInfo>
    <EventCode></EventCode>
    <OrgCurrency></OrgCurrency>
    <ExchangeRate></ExchangeRate>
    <OrgPrice></OrgPrice>
  </ManageInfo>
  <ReservedInfo>
    <MReserved1 urlencode="1"></MReserved1>
    <MReserved2 urlencode="1"></MReserved2>
    <MReserved3 urlencode="1"></MReserved3>
    <PGReserved1 urlencode="1"></PGReserved1>
    <PGReserved2 urlencode="1"></PGReserved2>
    <PGReserved3 urlencode="1"></PGReserved3>
  </ReservedInfo>
</INIpay>
yTEwv/zg3A2ZWblaxS0UYJeJKH+bMKcUiGBWdXrvpoS00OCFLkhRYAtDcSsFh4Ze
BxxmpPwSvAr5F8T/ilqJnSGmxEErLgKwHujKihcSPRwMKpblEcT1SYrBT6NpLgy3
rfWkjV2IXyNmc8Q3VU2JOcXVD/z+ckvRcbcgPyLE7oU=
]
INFO	[2015-09-05 13:46:21:534] <18536> VERIFY OK
INFO	[2015-09-05 13:46:21:534] <18536> PARSE HEAD OK
INFO	[2015-09-05 13:46:21:535] <18536> PARSE BODY OK
INFO	[2015-09-05 13:46:21:536] <18536> DECRYPT OK
DEBUG	[2015-09-05 13:46:21:536] <18536> DECRYPT MSG:[<?xml version="1.0" encoding="UTF-8"?>
<PaymentInfo>
  <Payment>
    <EASYPAY/>
    <VBank>
      <VACT_Num>01443264749883</VACT_Num>
      <VACT_BankCode>11</VACT_BankCode>
      <VACT_Date>20150912</VACT_Date>
      <VACT_Time></VACT_Time>
      <VACT_InputName urlencode="1">%BD%C5%C1%A4%B8%B2</VACT_InputName>
      <VACT_Name urlencode="1">%BF%CD%BF%EC%BA%A5%C3%B3%BD%BA</VACT_Name>
      <VACT_RefundName urlencode="1"></VACT_RefundName>
      <VACT_RefundBankCode></VACT_RefundBankCode>
      <VACT_RefundNum></VACT_RefundNum>
      <VACT_ApplPrice>82800</VACT_ApplPrice>
      <VACT_ApplDate>20150905</VACT_ApplDate>
      <VACT_ApplTime>134621</VACT_ApplTime>
      <VACT_ResultCode>170000</VACT_ResultCode>
      <VACT_ResultMsg urlencode="1">%C1%A4%BB%F3%C3%B3%B8%AE%B5%C7%BE%FA%BD%C0%B4%CF%B4%D9.</VACT_ResultMsg>
    </VBank>
    <CASH>
      <CSHR_ApplPrice>82800</CSHR_ApplPrice>
      <CSHR_SupplyPrice>75273</CSHR_SupplyPrice>
      <CSHR_Tax>7527</CSHR_Tax>
      <CSHR_ServicePrice>0</CSHR_ServicePrice>
      <CSHR_Type>1</CSHR_Type>
      <CSHR_ApplDate>20150905</CSHR_ApplDate>
      <CSHR_ApplTime>134621</CSHR_ApplTime>
      <CSHR_ApplNum></CSHR_ApplNum>
      <CSHR_ResultCode>220000</CSHR_ResultCode>
      <CSHR_ResultMsg urlencode="1">%C1%A4%BB%F3%C3%B3%B8%AE%B5%C7%BE%FA%BD%C0%B4%CF%B4%D9.</CSHR_ResultMsg>
    </CASH>
  </Payment>
</PaymentInfo>]
INFO	[2015-09-05 13:46:21:537] <18536> DECRYPT PARSE OK
INFO	[2015-09-05 13:46:21:537] <18536> WAIT ACK INVOKING
DEBUG	[2015-09-05 13:46:21:537] <18536> MAKE HEAD OK
INFO	[2015-09-05 13:46:21:575] <18536> SUCCESS ACK INVOKING
INFO	[2015-09-05 13:46:21:575] <18536> END securepay 정상처리되었습니다. Laptime:[0.36sec]
INFO	[2015-09-05 13:46:21:575] <18536> ===============================================================
INFO	[2015-09-05 21:25:09:633] <22477> START INIPHP chkfake (V5036-141209)(OS:Linux3.14.44-32.39.amzn1.x86_64,PHP:5.3.29)
DEBUG	[2015-09-05 21:25:09:633] <22477> inipayhome:/var/www/html/nsale/shop/inicis
DEBUG	[2015-09-05 21:25:09:633] <22477> debug:false
DEBUG	[2015-09-05 21:25:09:633] <22477> type:chkfake
DEBUG	[2015-09-05 21:25:09:633] <22477> enctype:asym
DEBUG	[2015-09-05 21:25:09:633] <22477> admin:1111
DEBUG	[2015-09-05 21:25:09:633] <22477> checkopt:false
DEBUG	[2015-09-05 21:25:09:633] <22477> mid:nsalecokr0
DEBUG	[2015-09-05 21:25:09:633] <22477> price:48000
DEBUG	[2015-09-05 21:25:09:633] <22477> nointerest:no
DEBUG	[2015-09-05 21:25:09:633] <22477> quotabase:선택:일시불:2개월:3개월:4개월:5개월:6개월:7개월:8개월:9개월:10개월:11개월:12개월
INFO	[2015-09-05 21:25:09:633] <22477> Check Field OK
INFO	[2015-09-05 21:25:09:633] <22477> MERCHANT PRIV KEY LOAD OK
INFO	[2015-09-05 21:25:09:633] <22477> MERCHANT PUB KEY LOAD OK []
INFO	[2015-09-05 21:25:09:634] <22477> CHKFAKE KEY MAKE OK:MjAxNTA5MDUyMTI1MDk2MzM3MDkxOA==

INFO	[2015-09-05 21:25:09:634] <22477> END chkfake  Laptime:[0.001sec]
INFO	[2015-09-05 21:25:09:634] <22477> ===============================================================
INFO	[2015-09-05 21:25:33:170] <18539> START INIPHP securepay (V5036-141209)(OS:Linux3.14.44-32.39.amzn1.x86_64,PHP:5.3.29)
DEBUG	[2015-09-05 21:25:33:170] <18539> inipayhome:/var/www/html/nsale/shop/inicis
DEBUG	[2015-09-05 21:25:33:170] <18539> debug:false
DEBUG	[2015-09-05 21:25:33:170] <18539> type:securepay
DEBUG	[2015-09-05 21:25:33:170] <18539> pgid:INIphpVBNK
DEBUG	[2015-09-05 21:25:33:170] <18539> subpgip:203.238.3.10
DEBUG	[2015-09-05 21:25:33:170] <18539> admin:1111
DEBUG	[2015-09-05 21:25:33:170] <18539> uid:
DEBUG	[2015-09-05 21:25:33:170] <18539> goodname:아사이베리 아로니아
DEBUG	[2015-09-05 21:25:33:170] <18539> currency:WON
DEBUG	[2015-09-05 21:25:33:170] <18539> mid:nsalecokr0
DEBUG	[2015-09-05 21:25:33:170] <18539> rn:MjAxNTA5MDUyMTI1MDk2MzM3MDkxOA==

DEBUG	[2015-09-05 21:25:33:170] <18539> price:48000
DEBUG	[2015-09-05 21:25:33:170] <18539> enctype:
DEBUG	[2015-09-05 21:25:33:170] <18539> buyername:황인성
DEBUG	[2015-09-05 21:25:33:170] <18539> buyertel:01092385089
DEBUG	[2015-09-05 21:25:33:170] <18539> buyeremail:present0152@naver.com
DEBUG	[2015-09-05 21:25:33:170] <18539> paymethod:VBank
DEBUG	[2015-09-05 21:25:33:170] <18539> encrypted:Version=4.1&PayMethod=VBank&RsaKeyNum=1&EncryptionAlgorithm=SEED-CBC&SignAlgorithm=RSAwithSHA1&CertVer=39&moid=2015090521235785&ver_trace=main(6097,6059)vbank(6031,6033)n(6009)Cs(6025)Dt(6002)Pa(6002)Cf(6024)Fv(0000)La(6155)Re(6105)Vr(6007)P(6034)en(6053)nP(6006)&pg1=211.219.96.180&pg2=203.238.37.3&pg1ip=211.219.96.180&pg2ip=203.238.37.3&agreeflag=1111&Data=M1qEkO5urjeSLSA2/BUIUcV+v/uQnhE09RccZAGeSlbUG5vAKUx7fDZnOi+DyDrv
socb3DcSl5ccmE9qnp2HppwWICl028wR3bDhpF/tajOY+eSHBsJL3eso9FTOoaXk
JtlUZrSRJ2EWEP8Iybjd+KEEp7hzegOWp9v3b5ReJjbrjTzTr1IZEKgCyIKppqEk
bb4j5C8TRT8tPLuyzC75UcgXIySkZ1RZkTyCUMxmSQNv4E3WECcqnqkXiaJ6QeJ0
c98TzsPC8nCgHM8UuHMshDMT727RRJdA0R/E5peX2gMgLXDzzTfCBKUdn7ANu9mL
Gq8yTnkncrdrK8IKQexs2qp2dA/xa/h7/7dVJPQnwDVWbYULlED9rWtPyGEkRMuE
ltPM4LSdeFMXGd7zGMOG67y5EitP9ueFR4sjyTVxaKl/1etnZBtojSjUcE23C9ZS
jck5pD/jvNhZsIzAmQ5Mh/Q4zcC0H7OxflffebbLzvHCkMCEssLbk/kAmx0/DnO1
U+xITNrA7FYaA++BepnNQW9JJ/sUk3mD+vy/RL0y
DEBUG	[2015-09-05 21:25:33:170] <18539> sessionkey:UuCmDQDFNmtcDTRYxbsW/oxgHRh8BSNH2fR7kHYSCqif2kvzEnWMGFiC8HYyt3fc
imkvQbyqST18ntCLMUhx1dZBx296NMq0pAfhSoaA7FuRMFD+RpXlj4rVlcf3iUFJ
xNGX9IrVj5ZSFBp0GOf95V6UKkdk+wA7XiBsEVKmtY8=
DEBUG	[2015-09-05 21:25:33:170] <18539> url:http://nsale.co.kr
DEBUG	[2015-09-05 21:25:33:170] <18539> cardcode:
DEBUG	[2015-09-05 21:25:33:170] <18539> parentemail:
DEBUG	[2015-09-05 21:25:33:170] <18539> recvname:황인성
DEBUG	[2015-09-05 21:25:33:170] <18539> recvtel:01092385089
DEBUG	[2015-09-05 21:25:33:170] <18539> recvaddr:경남 김해시 활천로 181 동원아파트 502동 403호
DEBUG	[2015-09-05 21:25:33:170] <18539> recvpostnum:50838
DEBUG	[2015-09-05 21:25:33:170] <18539> recvmsg:
DEBUG	[2015-09-05 21:25:33:170] <18539> joincard:
DEBUG	[2015-09-05 21:25:33:170] <18539> joinexpire:
DEBUG	[2015-09-05 21:25:33:170] <18539> id_customer:
INFO	[2015-09-05 21:25:33:170] <18539> Check Field OK
INFO	[2015-09-05 21:25:33:170] <18539> Make TID OK INIphpVBNKnsalecokr020150905212533708966
INFO	[2015-09-05 21:25:33:170] <18539> PI PUB KEY LOAD OK [39]
INFO	[2015-09-05 21:25:33:171] <18539> PG PUB KEY LOAD OK [30]
INFO	[2015-09-05 21:25:33:171] <18539> MERCHANT PRIV KEY LOAD OK
INFO	[2015-09-05 21:25:33:171] <18539> MERCHANT PUB KEY LOAD OK [0]
INFO	[2015-09-05 21:25:33:172] <18539> MAKE BODY OK
INFO	[2015-09-05 21:25:33:172] <18539> SIGN OK
INFO	[2015-09-05 21:25:33:172] <18539> MAKE HEAD OK
INFO	[2015-09-05 21:25:33:172] <18539> MSG_TO_PG:[0282600175R SHA1                   0                  39                  300200nsalecokr0               48000INIphpVBNKnsalecokr020150905212533708966<?xml version="1.0" encoding="UTF-8"?>
<INIpay>
	  <GoodsInfo>
	    <GoodsCnt>1</GoodsCnt>
	    <MOID/>
	    <Currency>WON</Currency>
	    <Tax/>
	    <TaxFree/>
	    <Goods>
	      <SMID>nsalecokr0</SMID>
	      <GoodsName urlencode="1">%BE%C6%BB%E7%C0%CC%BA%A3%B8%AE+%BE%C6%B7%CE%B4%CF%BE%C6</GoodsName>
	      <GoodsPrice>48000</GoodsPrice></Goods></GoodsInfo>
	  <BuyerInfo>
	    <BuyerName urlencode="1">%C8%B2%C0%CE%BC%BA</BuyerName>
	    <BuyerTel>01092385089</BuyerTel>
	    <BuyerEmail urlencode="1">present0152%40naver.com</BuyerEmail>
	    <ParentEmail/>
	    <RecvName urlencode="1">%C8%B2%C0%CE%BC%BA</RecvName>
	    <RecvTel urlencode="1">01092385089</RecvTel>
	    <RecvMsg/>
	    <RecvAddr urlencode="1">%B0%E6%B3%B2+%B1%E8%C7%D8%BD%C3+%C8%B0%C3%B5%B7%CE+181+%B5%BF%BF%F8%BE%C6%C6%C4%C6%AE+502%B5%BF+403%C8%A3</RecvAddr>
	    <RecvPostNum urlencode="1">50838</RecvPostNum></BuyerInfo>
	  <PaymentInfo>
	    <Payment>
	      <PayMethod>VBank</PayMethod>
	      <JoinCard/>
	      <JoinExpire/>
	      <MailOrder/>
	      <SessionKey>UuCmDQDFNmtcDTRYxbsW/oxgHRh8BSNH2fR7kHYSCqif2kvzEnWMGFiC8HYyt3fc
imkvQbyqST18ntCLMUhx1dZBx296NMq0pAfhSoaA7FuRMFD+RpXlj4rVlcf3iUFJ
xNGX9IrVj5ZSFBp0GOf95V6UKkdk+wA7XiBsEVKmtY8=</SessionKey>
	      <Encrypted urlencode="1">Version%3D4.1%26PayMethod%3DVBank%26RsaKeyNum%3D1%26EncryptionAlgorithm%3DSEED-CBC%26SignAlgorithm%3DRSAwithSHA1%26CertVer%3D39%26moid%3D2015090521235785%26ver_trace%3Dmain%286097%2C6059%29vbank%286031%2C6033%29n%286009%29Cs%286025%29Dt%286002%29Pa%286002%29Cf%286024%29Fv%280000%29La%286155%29Re%286105%29Vr%286007%29P%286034%29en%286053%29nP%286006%29%26pg1%3D211.219.96.180%26pg2%3D203.238.37.3%26pg1ip%3D211.219.96.180%26pg2ip%3D203.238.37.3%26agreeflag%3D1111%26Data%3DM1qEkO5urjeSLSA2%2FBUIUcV%2Bv%2FuQnhE09RccZAGeSlbUG5vAKUx7fDZnOi%2BDyDrv%0D%0Asocb3DcSl5ccmE9qnp2HppwWICl028wR3bDhpF%2FtajOY%2BeSHBsJL3eso9FTOoaXk%0D%0AJtlUZrSRJ2EWEP8Iybjd%2BKEEp7hzegOWp9v3b5ReJjbrjTzTr1IZEKgCyIKppqEk%0D%0Abb4j5C8TRT8tPLuyzC75UcgXIySkZ1RZkTyCUMxmSQNv4E3WECcqnqkXiaJ6QeJ0%0D%0Ac98TzsPC8nCgHM8UuHMshDMT727RRJdA0R%2FE5peX2gMgLXDzzTfCBKUdn7ANu9mL%0D%0AGq8yTnkncrdrK8IKQexs2qp2dA%2Fxa%2Fh7%2F7dVJPQnwDVWbYULlED9rWtPyGEkRMuE%0D%0AltPM4LSdeFMXGd7zGMOG67y5EitP9ueFR4sjyTVxaKl%2F1etnZBtojSjUcE23C9ZS%0D%0Ajck5pD%2FjvNhZsIzAmQ5Mh%2FQ4zcC0H7OxflffebbLzvHCkMCEssLbk%2FkAmx0%2FDnO1%0D%0AU%2BxITNrA7FYaA%2B%2BBepnNQW9JJ%2FsUk3mD%2Bvy%2FRL0y</Encrypted></Payment></PaymentInfo>
	  <ReservedInfo>
	    <MReserved1/>
	    <MReserved2/>
	    <MReserved3/></ReservedInfo>
	  <ManageInfo>
	    <Language/>
	    <URL urlencode="1">http%3A%2F%2Fnsale.co.kr</URL>
	    <TXVersion>5036B141209securLinux     PHPchkfake   3.14.44-32.39.amzn1.x86_64PHP:</TXVersion>
	    <TXUserID/>
	    <TXRegNum/>
	    <Ack>1</Ack>
	    <TXRN>MjAxNTA5MDUyMTI1MDk2MzM3MDkxOA==
</TXRN></ManageInfo></INIpay>ALEBYJWo4TC6rXir+81uTrLDGRAWWBfY+ndtn5EJou+597BNbB61W2DJMw81xTYs
PPuwMVyUWMgHLGq5xFbJ5kB6cXhNClcsYL5q2JZbqZvv3emU/KDr1q4vUKbMquhO
a9ImCHCNTezLLiyymJYkxgFNQarcct26Awsqr7LIMnun
]
INFO	[2015-09-05 21:25:33:173] <18539> DNS LOOKUP OK(211.219.96.180:211.219.96.180:34049) laptime:0
INFO	[2015-09-05 21:25:33:211] <18539> SOCKET CONNECT OK
INFO	[2015-09-05 21:25:33:212] <18539> SEND OK
INFO	[2015-09-05 21:25:33:553] <18539> RECV OK
INFO	[2015-09-05 21:25:33:553] <18539> MSG_FROM_PG:[0323600175D SHA1                   0                  39                  300210nsalecokr0               48000INIphpVBNKnsalecokr020150905212533708966<?xml version="1.0" encoding="UTF-8"?>
<INIpay>
  <GoodsInfo>
    <GoodsCnt>1</GoodsCnt>
    <MOID urlencode="1">2015090521235785</MOID>
    <Currency>WON</Currency>
    <Goods no="1">
      <SMID>nsalecokr0</SMID>
      <GoodsName urlencode="1">%BE%C6%BB%E7%C0%CC%BA%A3%B8%AE+%BE%C6%B7%CE%B4%CF%BE%C6</GoodsName>
      <GoodsCntS>1</GoodsCntS>
      <GoodsPrice>48000</GoodsPrice>
    </Goods>
  </GoodsInfo>
  <PaymentInfo>
    <Payment>
      <SessionKey>AA3fiAXik7asm0wA3hEHMyVuFVrag7Yd9Do+6dpmbZCVe4zNW0/ioLAjspkJyKdg
/yeJAkGIEx2kbP9BpvWokM3rGpHHTJGVXxnlnxCALFajBoibnsiWc1xuPpDoXOhS
zdP2glGWXrUWcl40kZrMTgCANkcW1IbgYRt2sK7DxTNfrxq/A0cjbbk=
</SessionKey>
      <Encrypted>XTXorK3VW/+rEjestmVi0sSOGmMzMrGX+6YMIiC49xvrIewHnWABcQQ2b5Nog/LS
5ov5WYO9ongRcok4nd5F3Ya+r3tl2jyB+XUCQEffYAO4ITDcwN2q1MBi66y6sTjv
dimjhssQbRe14zn+1adln7gAiOID3UgLdukAznsysy89F7T8Yp7oW1C+7bZ60Mdz
yBpo+OyXepYCKfX7K2L+TA1q4KLi9Vgg3hzQ0346Lw/prGYqfWPOVT5PV7BiU+Dj
GO/talIrscvpJ+5pakBbzv7TOByiJ0I+qczytus8O8lg/e7LQC1upr4kv0NpwQFc
wutkRiX1oaCTYhvO5xYTn8MKXtM1QR6kc+84VJwRhglCP5ObAIq3G2j2hYXZ533/
zIUay//ZjnBT/uKs6Bi2o/3qJ/98JmpMjkdUWph1Hl+uCgSC90UCEOH21uGLktRL
JvFDkvn/hzVzQnQ+Cv1fT4MJ3H7dI40A8f/CvghPtmgR9RKZLZyBCAA+D6gocL0u
cHUAtOvXH/ema18kEPgRf41K3pl7Sylnf71m16yOPgIdWUIn037ovrVJuggki6LX
4YgpfodIpN980hHzZ8EQYbAR8b22E9vY/Vw//EfkEuMZnfhZECSxXN70L4hLN2dt
5pqmVewSGLZH4+kD7O5eQk+88vjSkE65q12NMFIPx9s3FWUEN8VPKezmSOIh4Ch3
Ra88cxZ/kZnuGkUxbzQ0L3lD/nHIq9TppPWFBwaZfC8DSQqQ/8ZUly6ANNA19ndK
GfPSK2QUNOWEtd4lTkcjh5b/aiYG3A/so1OtoigVndE1N8GGRmUawSiyIQS88Tlz
V4zkSI5Tm61iT3Xa3+u0z3iM7Dm+X0AHuINQk472LiD7jGGT+JpAExuYjJ6HV+0B
e24SYSwrKx286x7TTna6NIva+ZdeMdzr+gTcplco5UiB45oH0G+l1/fXz3SwXL6R
Jt43KBQZpg6IVurE7iil4ME8tCsjmaODomZ7MVvdv/HOM/xt6JhFsGjSREMSPLv9
iy9Z9UrISp/i6Q3H4orEs3URcNz8cZjqS+N2KQGS5tN3C1lU5JRioaSBArU+z5cn
b1mE2paVoayC30eN66noDju3Q9Jppu4i8Niyel4UsxyIKp+ysTNlHXOs5rKmeHeU
Rld4QhNjlptkenRyFXFTVKo3lqQ27X3Dwyn8FVMq8JxMKrLP0Oqqxs0ogyyDj7UX
tg429mx2GQfSv0MHYiIWd7hWARtKnZ/UXInoGHkDp/OA6oGGw5DxcwL/bKEUH+i3
38aLwbZpFNGw+88Dwc5hpq1Sqnyt0Ea8N200nHoTYszoIq3qSGS08rfimKZodosy
1TpwoOlEdapba+yntTM3JOJR6AErz692GWxAkcvlSa+mT/JUXkI9pjQMKFIRzqfC
9CDXgcYPIDFW2fRN4ZYrYDtKxJDk2qIyZJgyNt+Vxnmb8564tuaT/smUezcsgt+H
YuzPmFkowsPWjVTSWIi6e8Uh6hf3g6cSHdaQoXYZqKv02KBW8cYiL83I4A9ceAtf
jiEDvO5N1TMEWn54nW338rfhBhUugP64z3alf1OW4AjO1Xohkk0U+hm830r1k6mi
V9Tzyo9Zh5GWloUe0xIlli5F4dTU40O7futbnoatAN+i9J4YRrotiQe52YZ8BQeT
lXIG9ZDsCxSZhK3yLQ4LUbjCGQcZ1SkGNr9pWPiebqV54I5x/Gq/7zHlellmIAPN
cuFpgT6xthrtZojNagvqX3yms/b9650yrUvzQzClMD/MrV30cinA8AA9m3vCGGUO
ru7L0j70Np77JRJKuOg19+/pZAvr5cevR13md710SVfrtMvSRCinQw==
</Encrypted>
      <PayMethod>VBank</PayMethod>
      <ResultCode>170000</ResultCode>
      <ResultMsg urlencode="1">%C1%A4%BB%F3%C3%B3%B8%AE%B5%C7%BE%FA%BD%C0%B4%CF%B4%D9.</ResultMsg>
    </Payment>
  </PaymentInfo>
  <ManageInfo>
    <EventCode></EventCode>
    <OrgCurrency></OrgCurrency>
    <ExchangeRate></ExchangeRate>
    <OrgPrice></OrgPrice>
  </ManageInfo>
  <ReservedInfo>
    <MReserved1 urlencode="1"></MReserved1>
    <MReserved2 urlencode="1"></MReserved2>
    <MReserved3 urlencode="1"></MReserved3>
    <PGReserved1 urlencode="1"></PGReserved1>
    <PGReserved2 urlencode="1"></PGReserved2>
    <PGReserved3 urlencode="1"></PGReserved3>
  </ReservedInfo>
</INIpay>
Zl9+bnV4GjYYRUXL7Y3TVXxZrlcUA+IX5jYEPPEXqyNeff92KksAtWvQsW+0sS8q
nAAj4LFYjAehDCEnJR2aF4XB7jKcD2DCxEI9RqeeKFLGOJzlWUan4NmNGJ/u+CyM
ZJ18E9OjDXDDTIJjPdM9I6r5/R5xZccTrFamqR+MtGs=
]
INFO	[2015-09-05 21:25:33:553] <18539> VERIFY OK
INFO	[2015-09-05 21:25:33:553] <18539> PARSE HEAD OK
INFO	[2015-09-05 21:25:33:554] <18539> PARSE BODY OK
INFO	[2015-09-05 21:25:33:555] <18539> DECRYPT OK
DEBUG	[2015-09-05 21:25:33:555] <18539> DECRYPT MSG:[<?xml version="1.0" encoding="UTF-8"?>
<PaymentInfo>
  <Payment>
    <EASYPAY/>
    <VBank>
      <VACT_Num>79010594942989</VACT_Num>
      <VACT_BankCode>11</VACT_BankCode>
      <VACT_Date>20150912</VACT_Date>
      <VACT_Time></VACT_Time>
      <VACT_InputName urlencode="1">%C8%B2%C0%CE%BC%BA</VACT_InputName>
      <VACT_Name urlencode="1">%BF%CD%BF%EC%BA%A5%C3%B3%BD%BA</VACT_Name>
      <VACT_RefundName urlencode="1"></VACT_RefundName>
      <VACT_RefundBankCode></VACT_RefundBankCode>
      <VACT_RefundNum></VACT_RefundNum>
      <VACT_ApplPrice>48000</VACT_ApplPrice>
      <VACT_ApplDate>20150905</VACT_ApplDate>
      <VACT_ApplTime>212533</VACT_ApplTime>
      <VACT_ResultCode>170000</VACT_ResultCode>
      <VACT_ResultMsg urlencode="1">%C1%A4%BB%F3%C3%B3%B8%AE%B5%C7%BE%FA%BD%C0%B4%CF%B4%D9.</VACT_ResultMsg>
    </VBank>
    <CASH>
      <CSHR_ApplPrice>48000</CSHR_ApplPrice>
      <CSHR_SupplyPrice>43636</CSHR_SupplyPrice>
      <CSHR_Tax>4364</CSHR_Tax>
      <CSHR_ServicePrice>0</CSHR_ServicePrice>
      <CSHR_Type>0</CSHR_Type>
      <CSHR_ApplDate>20150905</CSHR_ApplDate>
      <CSHR_ApplTime>212533</CSHR_ApplTime>
      <CSHR_ApplNum></CSHR_ApplNum>
      <CSHR_ResultCode>220000</CSHR_ResultCode>
      <CSHR_ResultMsg urlencode="1">%C1%A4%BB%F3%C3%B3%B8%AE%B5%C7%BE%FA%BD%C0%B4%CF%B4%D9.</CSHR_ResultMsg>
    </CASH>
  </Payment>
</PaymentInfo>]
INFO	[2015-09-05 21:25:33:556] <18539> DECRYPT PARSE OK
INFO	[2015-09-05 21:25:33:556] <18539> WAIT ACK INVOKING
DEBUG	[2015-09-05 21:25:33:556] <18539> MAKE HEAD OK
INFO	[2015-09-05 21:25:33:596] <18539> SUCCESS ACK INVOKING
INFO	[2015-09-05 21:25:33:596] <18539> END securepay 정상처리되었습니다. Laptime:[0.426sec]
INFO	[2015-09-05 21:25:33:596] <18539> ===============================================================
