INFO	[2015-08-04 16:17:25:696] <24200> START INIPHP chkfake (V5036-141209)(OS:Linux3.14.44-32.39.amzn1.x86_64,PHP:5.3.29)
DEBUG	[2015-08-04 16:17:25:696] <24200> inipayhome:/var/www/html/nsale/shop/inicis
DEBUG	[2015-08-04 16:17:25:696] <24200> debug:false
DEBUG	[2015-08-04 16:17:25:696] <24200> type:chkfake
DEBUG	[2015-08-04 16:17:25:696] <24200> enctype:asym
DEBUG	[2015-08-04 16:17:25:696] <24200> admin:1111
DEBUG	[2015-08-04 16:17:25:696] <24200> checkopt:false
DEBUG	[2015-08-04 16:17:25:696] <24200> mid:nsalecokr0
DEBUG	[2015-08-04 16:17:25:696] <24200> price:18800
DEBUG	[2015-08-04 16:17:25:696] <24200> nointerest:no
DEBUG	[2015-08-04 16:17:25:696] <24200> quotabase:선택:일시불:2개월:3개월:4개월:5개월:6개월:7개월:8개월:9개월:10개월:11개월:12개월
INFO	[2015-08-04 16:17:25:696] <24200> Check Field OK
INFO	[2015-08-04 16:17:25:696] <24200> MERCHANT PRIV KEY LOAD OK
INFO	[2015-08-04 16:17:25:696] <24200> MERCHANT PUB KEY LOAD OK []
INFO	[2015-08-04 16:17:25:697] <24200> CHKFAKE KEY MAKE OK:MjAxNTA4MDQxNjE3MjU2OTYzNjczNw==

INFO	[2015-08-04 16:17:25:697] <24200> END chkfake  Laptime:[0.001sec]
INFO	[2015-08-04 16:17:25:697] <24200> ===============================================================
INFO	[2015-08-04 16:35:50:715] <24317> START INIPHP chkfake (V5036-141209)(OS:Linux3.14.44-32.39.amzn1.x86_64,PHP:5.3.29)
DEBUG	[2015-08-04 16:35:50:715] <24317> inipayhome:/var/www/html/nsale/shop/inicis
DEBUG	[2015-08-04 16:35:50:715] <24317> debug:false
DEBUG	[2015-08-04 16:35:50:715] <24317> type:chkfake
DEBUG	[2015-08-04 16:35:50:715] <24317> enctype:asym
DEBUG	[2015-08-04 16:35:50:715] <24317> admin:1111
DEBUG	[2015-08-04 16:35:50:715] <24317> checkopt:false
DEBUG	[2015-08-04 16:35:50:715] <24317> mid:nsalecokr0
DEBUG	[2015-08-04 16:35:50:715] <24317> price:18800
DEBUG	[2015-08-04 16:35:50:715] <24317> nointerest:no
DEBUG	[2015-08-04 16:35:50:715] <24317> quotabase:선택:일시불:2개월:3개월:4개월:5개월:6개월:7개월:8개월:9개월:10개월:11개월:12개월
INFO	[2015-08-04 16:35:50:715] <24317> Check Field OK
INFO	[2015-08-04 16:35:50:715] <24317> MERCHANT PRIV KEY LOAD OK
INFO	[2015-08-04 16:35:50:716] <24317> MERCHANT PUB KEY LOAD OK []
INFO	[2015-08-04 16:35:50:716] <24317> CHKFAKE KEY MAKE OK:MjAxNTA4MDQxNjM1NTA3MTYyOTQzOA==

INFO	[2015-08-04 16:35:50:716] <24317> END chkfake  Laptime:[0.001sec]
INFO	[2015-08-04 16:35:50:716] <24317> ===============================================================
INFO	[2015-08-04 16:36:27:186] <24350> START INIPHP chkfake (V5036-141209)(OS:Linux3.14.44-32.39.amzn1.x86_64,PHP:5.3.29)
DEBUG	[2015-08-04 16:36:27:186] <24350> inipayhome:/var/www/html/nsale/shop/inicis
DEBUG	[2015-08-04 16:36:27:186] <24350> debug:false
DEBUG	[2015-08-04 16:36:27:186] <24350> type:chkfake
DEBUG	[2015-08-04 16:36:27:186] <24350> enctype:asym
DEBUG	[2015-08-04 16:36:27:186] <24350> admin:1111
DEBUG	[2015-08-04 16:36:27:186] <24350> checkopt:false
DEBUG	[2015-08-04 16:36:27:186] <24350> mid:nsalecokr0
DEBUG	[2015-08-04 16:36:27:186] <24350> price:18800
DEBUG	[2015-08-04 16:36:27:186] <24350> nointerest:no
DEBUG	[2015-08-04 16:36:27:186] <24350> quotabase:선택:일시불:2개월:3개월:4개월:5개월:6개월:7개월:8개월:9개월:10개월:11개월:12개월
INFO	[2015-08-04 16:36:27:186] <24350> Check Field OK
INFO	[2015-08-04 16:36:27:186] <24350> MERCHANT PRIV KEY LOAD OK
INFO	[2015-08-04 16:36:27:186] <24350> MERCHANT PUB KEY LOAD OK []
INFO	[2015-08-04 16:36:27:187] <24350> CHKFAKE KEY MAKE OK:MjAxNTA4MDQxNjM2MjcxODY1ODk3Nw==

INFO	[2015-08-04 16:36:27:187] <24350> END chkfake  Laptime:[0.001sec]
INFO	[2015-08-04 16:36:27:187] <24350> ===============================================================
